20:45:11   Extracting /om2/user/oqueen/DeepSurface/data/subcellular_localization_2.tar.gz to /om2/user/oqueen/DeepSurface/data
20:45:27   Downloading https://dl.fbaipublicfiles.com/fair-esm/models/esm2_t6_8M_UR50D.pt to /om2/user/oqueen/DeepSurface/esm/BinaryLocalization/esm2_t6_8M_UR50D.pt
20:45:28   Preprocess training set
20:45:29   {'batch_size': 32,
 'class': 'core.Engine',
 'gpus': [0],
 'gradient_interval': 1,
 'log_interval': 100,
 'logger': 'logging',
 'num_worker': 0,
 'optimizer': {'amsgrad': False,
               'betas': (0.9, 0.999),
               'capturable': False,
               'class': 'optim.Adam',
               'differentiable': False,
               'eps': 1e-08,
               'foreach': None,
               'fused': None,
               'lr': 0.0002,
               'maximize': False,
               'weight_decay': 0},
 'scheduler': None,
 'task': {'class': 'tasks.PropertyPrediction',
          'criterion': 'bce',
          'graph_construction_model': None,
          'metric': ('auroc', 'auprc'),
          'mlp_batch_norm': False,
          'mlp_dropout': 0,
          'model': {'class': 'models.CustomModel',
                    'model': 'ESM-2-8m',
                    'path': '/om2/user/oqueen/DeepSurface/esm/BinaryLocalization/',
                    'readout': 'sum'},
          'normalization': False,
          'num_class': None,
          'num_mlp_layer': 2,
          'task': ['localization'],
          'verbose': 0},
 'test_set': {'class': 'dataset.Subset',
              'dataset': {'atom_feature': None,
                          'bond_feature': None,
                          'class': 'datasets.BinaryLocalization',
                          'path': '/om2/user/oqueen/DeepSurface/data/',
                          'residue_feature': 'default',
                          'transform': {'class': 'transforms.Compose',
                                        'transforms': [{'class': 'transforms.TruncateProtein',
                                                        'keys': 'graph',
                                                        'max_length': 1024,
                                                        'random': False},
                                                       {'class': 'transforms.ProteinView',
                                                        'keys': 'graph',
                                                        'view': 'residue'}]},
                          'verbose': 1},
              'indices': range(6913, 8662)},
 'train_set': {'class': 'dataset.Subset',
               'dataset': {'atom_feature': None,
                           'bond_feature': None,
                           'class': 'datasets.BinaryLocalization',
                           'path': '/om2/user/oqueen/DeepSurface/data/',
                           'residue_feature': 'default',
                           'transform': {'class': 'transforms.Compose',
                                         'transforms': [{'class': 'transforms.TruncateProtein',
                                                         'keys': 'graph',
                                                         'max_length': 1024,
                                                         'random': False},
                                                        {'class': 'transforms.ProteinView',
                                                         'keys': 'graph',
                                                         'view': 'residue'}]},
                           'verbose': 1},
               'indices': range(0, 5184)},
 'valid_set': {'class': 'dataset.Subset',
               'dataset': {'atom_feature': None,
                           'bond_feature': None,
                           'class': 'datasets.BinaryLocalization',
                           'path': '/om2/user/oqueen/DeepSurface/data/',
                           'residue_feature': 'default',
                           'transform': {'class': 'transforms.Compose',
                                         'transforms': [{'class': 'transforms.TruncateProtein',
                                                         'keys': 'graph',
                                                         'max_length': 1024,
                                                         'random': False},
                                                        {'class': 'transforms.ProteinView',
                                                         'keys': 'graph',
                                                         'view': 'residue'}]},
                           'verbose': 1},
               'indices': range(5184, 6913)}}
20:45:29   >>>>>>>>>>>>>>>>>>>>>>>>>>>>>>
20:45:29   Epoch 0 begin
20:45:30   >>>>>>>>>>>>>>>>>>>>>>>>>>>>>>
20:45:30   binary cross entropy: 0.691847
20:46:24   >>>>>>>>>>>>>>>>>>>>>>>>>>>>>>
20:46:24   binary cross entropy: 0.30595
20:46:57   >>>>>>>>>>>>>>>>>>>>>>>>>>>>>>
20:46:57   Epoch 0 end
20:46:57   duration: 1.47 mins
20:46:57   speed: 1.83 batch / sec
20:46:57   ETA: 13.25 mins
20:46:57   max GPU memory: 28438.7 MiB
20:46:57   ------------------------------
20:46:57   average binary cross entropy: 0.3147
20:46:57   >>>>>>>>>>>>>>>>>>>>>>>>>>>>>>
20:46:57   Epoch 1 begin
20:47:18   >>>>>>>>>>>>>>>>>>>>>>>>>>>>>>
20:47:18   binary cross entropy: 0.211361
20:48:13   >>>>>>>>>>>>>>>>>>>>>>>>>>>>>>
20:48:13   binary cross entropy: 0.095311
20:48:26   >>>>>>>>>>>>>>>>>>>>>>>>>>>>>>
20:48:26   Epoch 1 end
20:48:26   duration: 1.48 mins
20:48:26   speed: 1.83 batch / sec
20:48:26   ETA: 11.79 mins
20:48:26   max GPU memory: 28438.7 MiB
20:48:26   ------------------------------
20:48:26   average binary cross entropy: 0.214174
20:48:26   >>>>>>>>>>>>>>>>>>>>>>>>>>>>>>
20:48:26   Epoch 2 begin
20:49:08   >>>>>>>>>>>>>>>>>>>>>>>>>>>>>>
20:49:08   binary cross entropy: 0.359144
20:49:54   >>>>>>>>>>>>>>>>>>>>>>>>>>>>>>
20:49:54   Epoch 2 end
20:49:54   duration: 1.48 mins
20:49:54   speed: 1.83 batch / sec
20:49:54   ETA: 10.33 mins
20:49:54   max GPU memory: 28438.6 MiB
20:49:54   ------------------------------
20:49:54   average binary cross entropy: 0.167442
20:49:54   >>>>>>>>>>>>>>>>>>>>>>>>>>>>>>
20:49:54   Epoch 3 begin
20:50:03   >>>>>>>>>>>>>>>>>>>>>>>>>>>>>>
20:50:03   binary cross entropy: 0.0531471
20:50:57   >>>>>>>>>>>>>>>>>>>>>>>>>>>>>>
20:50:57   binary cross entropy: 0.0735441
20:51:23   >>>>>>>>>>>>>>>>>>>>>>>>>>>>>>
20:51:23   Epoch 3 end
20:51:23   duration: 1.48 mins
20:51:23   speed: 1.82 batch / sec
20:51:23   ETA: 8.86 mins
20:51:23   max GPU memory: 28438.9 MiB
20:51:23   ------------------------------
20:51:23   average binary cross entropy: 0.124113
20:51:23   >>>>>>>>>>>>>>>>>>>>>>>>>>>>>>
20:51:23   Epoch 4 begin
20:51:52   >>>>>>>>>>>>>>>>>>>>>>>>>>>>>>
20:51:52   binary cross entropy: 0.113276
20:52:47   >>>>>>>>>>>>>>>>>>>>>>>>>>>>>>
20:52:47   binary cross entropy: 0.0754849
20:52:52   >>>>>>>>>>>>>>>>>>>>>>>>>>>>>>
20:52:52   Epoch 4 end
20:52:52   duration: 1.48 mins
20:52:52   speed: 1.83 batch / sec
20:52:52   ETA: 7.38 mins
20:52:52   max GPU memory: 28438.7 MiB
20:52:52   ------------------------------
20:52:52   average binary cross entropy: 0.0830283
20:52:52   >>>>>>>>>>>>>>>>>>>>>>>>>>>>>>
20:52:52   Epoch 5 begin
20:53:41   >>>>>>>>>>>>>>>>>>>>>>>>>>>>>>
20:53:41   binary cross entropy: 0.086595
20:54:20   >>>>>>>>>>>>>>>>>>>>>>>>>>>>>>
20:54:20   Epoch 5 end
20:54:20   duration: 1.48 mins
20:54:20   speed: 1.83 batch / sec
20:54:20   ETA: 5.91 mins
20:54:20   max GPU memory: 28438.7 MiB
20:54:20   ------------------------------
20:54:20   average binary cross entropy: 0.081468
20:54:20   >>>>>>>>>>>>>>>>>>>>>>>>>>>>>>
20:54:20   Epoch 6 begin
20:54:36   >>>>>>>>>>>>>>>>>>>>>>>>>>>>>>
20:54:36   binary cross entropy: 0.0235993
20:55:31   >>>>>>>>>>>>>>>>>>>>>>>>>>>>>>
20:55:31   binary cross entropy: 0.167918
20:55:49   >>>>>>>>>>>>>>>>>>>>>>>>>>>>>>
20:55:49   Epoch 6 end
20:55:49   duration: 1.47 mins
20:55:49   speed: 1.83 batch / sec
20:55:49   ETA: 4.43 mins
20:55:49   max GPU memory: 28438.7 MiB
20:55:49   ------------------------------
20:55:49   average binary cross entropy: 0.0569108
20:55:49   >>>>>>>>>>>>>>>>>>>>>>>>>>>>>>
20:55:49   Epoch 7 begin
20:56:25   >>>>>>>>>>>>>>>>>>>>>>>>>>>>>>
20:56:25   binary cross entropy: 0.0176523
20:57:17   >>>>>>>>>>>>>>>>>>>>>>>>>>>>>>
20:57:17   Epoch 7 end
20:57:17   duration: 1.48 mins
20:57:17   speed: 1.82 batch / sec
20:57:17   ETA: 2.95 mins
20:57:17   max GPU memory: 28438.5 MiB
20:57:17   ------------------------------
20:57:17   average binary cross entropy: 0.0355013
20:57:17   >>>>>>>>>>>>>>>>>>>>>>>>>>>>>>
20:57:17   Epoch 8 begin
20:57:20   >>>>>>>>>>>>>>>>>>>>>>>>>>>>>>
20:57:20   binary cross entropy: 0.0336403
20:58:14   >>>>>>>>>>>>>>>>>>>>>>>>>>>>>>
20:58:14   binary cross entropy: 0.00321546
20:58:45   >>>>>>>>>>>>>>>>>>>>>>>>>>>>>>
20:58:45   Epoch 8 end
20:58:45   duration: 1.46 mins
20:58:45   speed: 1.85 batch / sec
20:58:45   ETA: 1.47 mins
20:58:45   max GPU memory: 28438.8 MiB
20:58:45   ------------------------------
20:58:45   average binary cross entropy: 0.0315624
20:58:45   >>>>>>>>>>>>>>>>>>>>>>>>>>>>>>
20:58:45   Epoch 9 begin
20:59:09   >>>>>>>>>>>>>>>>>>>>>>>>>>>>>>
20:59:09   binary cross entropy: 0.00679079
21:00:03   >>>>>>>>>>>>>>>>>>>>>>>>>>>>>>
21:00:03   binary cross entropy: 0.00921757
21:00:13   >>>>>>>>>>>>>>>>>>>>>>>>>>>>>>
21:00:13   Epoch 9 end
21:00:13   duration: 1.47 mins
21:00:13   speed: 1.84 batch / sec
21:00:13   ETA: 0.00 secs
21:00:13   max GPU memory: 28438.5 MiB
21:00:13   ------------------------------
21:00:13   average binary cross entropy: 0.0236248
21:00:13   Save checkpoint to /om2/user/oqueen/DeepSurface/esm/BinaryLocalization/models/BinaryLocalization/ESM-2-8m/epoch_10.pth
21:00:14   >>>>>>>>>>>>>>>>>>>>>>>>>>>>>>
21:00:14   Evaluate on valid
21:00:24   ------------------------------
21:00:24   auprc [localization]: 0.970266
21:00:24   auroc [localization]: 0.964989
21:00:24   >>>>>>>>>>>>>>>>>>>>>>>>>>>>>>
21:00:24   Epoch 10 begin
21:01:08   >>>>>>>>>>>>>>>>>>>>>>>>>>>>>>
21:01:08   binary cross entropy: 0.0237526
21:01:52   >>>>>>>>>>>>>>>>>>>>>>>>>>>>>>
21:01:52   Epoch 10 end
21:01:52   duration: 1.65 mins
21:01:52   speed: 1.64 batch / sec
21:01:52   ETA: 14.82 mins
21:01:52   max GPU memory: 28438.7 MiB
21:01:52   ------------------------------
21:01:52   average binary cross entropy: 0.0257441
21:01:52   >>>>>>>>>>>>>>>>>>>>>>>>>>>>>>
21:01:52   Epoch 11 begin
21:02:03   >>>>>>>>>>>>>>>>>>>>>>>>>>>>>>
21:02:03   binary cross entropy: 0.0159985
21:02:57   >>>>>>>>>>>>>>>>>>>>>>>>>>>>>>
21:02:57   binary cross entropy: 0.0152102
21:03:21   >>>>>>>>>>>>>>>>>>>>>>>>>>>>>>
21:03:21   Epoch 11 end
21:03:21   duration: 1.48 mins
21:03:21   speed: 1.83 batch / sec
21:03:21   ETA: 12.50 mins
21:03:21   max GPU memory: 28438.7 MiB
21:03:21   ------------------------------
21:03:21   average binary cross entropy: 0.0326224
21:03:21   >>>>>>>>>>>>>>>>>>>>>>>>>>>>>>
21:03:21   Epoch 12 begin
21:03:52   >>>>>>>>>>>>>>>>>>>>>>>>>>>>>>
21:03:52   binary cross entropy: 0.000657402
21:04:47   >>>>>>>>>>>>>>>>>>>>>>>>>>>>>>
21:04:47   binary cross entropy: 0.0679877
21:04:49   >>>>>>>>>>>>>>>>>>>>>>>>>>>>>>
21:04:49   Epoch 12 end
21:04:49   duration: 1.47 mins
21:04:49   speed: 1.83 batch / sec
21:04:49   ETA: 10.73 mins
21:04:49   max GPU memory: 28438.5 MiB
21:04:49   ------------------------------
21:04:49   average binary cross entropy: 0.0189247
21:04:49   >>>>>>>>>>>>>>>>>>>>>>>>>>>>>>
21:04:49   Epoch 13 begin
21:05:41   >>>>>>>>>>>>>>>>>>>>>>>>>>>>>>
21:05:41   binary cross entropy: 0.00497576
21:06:18   >>>>>>>>>>>>>>>>>>>>>>>>>>>>>>
21:06:18   Epoch 13 end
21:06:18   duration: 1.47 mins
21:06:18   speed: 1.83 batch / sec
21:06:18   ETA: 9.11 mins
21:06:18   max GPU memory: 28438.9 MiB
21:06:18   ------------------------------
21:06:18   average binary cross entropy: 0.0163092
21:06:18   >>>>>>>>>>>>>>>>>>>>>>>>>>>>>>
21:06:18   Epoch 14 begin
21:06:36   >>>>>>>>>>>>>>>>>>>>>>>>>>>>>>
21:06:36   binary cross entropy: 0.00285835
21:07:30   >>>>>>>>>>>>>>>>>>>>>>>>>>>>>>
21:07:30   binary cross entropy: 0.106673
21:07:46   >>>>>>>>>>>>>>>>>>>>>>>>>>>>>>
21:07:46   Epoch 14 end
21:07:46   duration: 1.48 mins
21:07:46   speed: 1.83 batch / sec
21:07:46   ETA: 7.55 mins
21:07:46   max GPU memory: 28438.8 MiB
21:07:46   ------------------------------
21:07:46   average binary cross entropy: 0.0325462
21:07:46   >>>>>>>>>>>>>>>>>>>>>>>>>>>>>>
21:07:46   Epoch 15 begin
21:08:25   >>>>>>>>>>>>>>>>>>>>>>>>>>>>>>
21:08:25   binary cross entropy: 0.0221701
21:09:15   >>>>>>>>>>>>>>>>>>>>>>>>>>>>>>
21:09:15   Epoch 15 end
21:09:15   duration: 1.47 mins
21:09:15   speed: 1.84 batch / sec
21:09:15   ETA: 6.01 mins
21:09:15   max GPU memory: 28438.6 MiB
21:09:15   ------------------------------
21:09:15   average binary cross entropy: 0.0142338
21:09:15   >>>>>>>>>>>>>>>>>>>>>>>>>>>>>>
21:09:15   Epoch 16 begin
21:09:19   >>>>>>>>>>>>>>>>>>>>>>>>>>>>>>
21:09:19   binary cross entropy: 0.0319568
21:10:14   >>>>>>>>>>>>>>>>>>>>>>>>>>>>>>
21:10:14   binary cross entropy: 0.00557274
21:10:43   >>>>>>>>>>>>>>>>>>>>>>>>>>>>>>
21:10:43   Epoch 16 end
21:10:43   duration: 1.47 mins
21:10:43   speed: 1.83 batch / sec
21:10:43   ETA: 4.50 mins
21:10:43   max GPU memory: 28438.6 MiB
21:10:43   ------------------------------
21:10:43   average binary cross entropy: 0.0188141
21:10:43   >>>>>>>>>>>>>>>>>>>>>>>>>>>>>>
21:10:43   Epoch 17 begin
21:11:09   >>>>>>>>>>>>>>>>>>>>>>>>>>>>>>
21:11:09   binary cross entropy: 0.0511833
21:12:03   >>>>>>>>>>>>>>>>>>>>>>>>>>>>>>
21:12:03   binary cross entropy: 7.10763e-05
21:12:12   >>>>>>>>>>>>>>>>>>>>>>>>>>>>>>
21:12:12   Epoch 17 end
21:12:12   duration: 1.47 mins
21:12:12   speed: 1.83 batch / sec
21:12:12   ETA: 2.99 mins
21:12:12   max GPU memory: 28438.8 MiB
21:12:12   ------------------------------
21:12:12   average binary cross entropy: 0.017165
21:12:12   >>>>>>>>>>>>>>>>>>>>>>>>>>>>>>
21:12:12   Epoch 18 begin
21:12:58   >>>>>>>>>>>>>>>>>>>>>>>>>>>>>>
21:12:58   binary cross entropy: 0.00495735
21:13:40   >>>>>>>>>>>>>>>>>>>>>>>>>>>>>>
21:13:40   Epoch 18 end
21:13:40   duration: 1.48 mins
21:13:40   speed: 1.83 batch / sec
21:13:40   ETA: 1.49 mins
21:13:40   max GPU memory: 28438.7 MiB
21:13:40   ------------------------------
21:13:40   average binary cross entropy: 0.0123802
21:13:40   >>>>>>>>>>>>>>>>>>>>>>>>>>>>>>
21:13:40   Epoch 19 begin
21:13:53   >>>>>>>>>>>>>>>>>>>>>>>>>>>>>>
21:13:53   binary cross entropy: 0.00281099
21:14:47   >>>>>>>>>>>>>>>>>>>>>>>>>>>>>>
21:14:47   binary cross entropy: 0.000165916
21:15:08   >>>>>>>>>>>>>>>>>>>>>>>>>>>>>>
21:15:08   Epoch 19 end
21:15:08   duration: 1.47 mins
21:15:08   speed: 1.84 batch / sec
21:15:08   ETA: 0.00 secs
21:15:08   max GPU memory: 28438.6 MiB
21:15:08   ------------------------------
21:15:08   average binary cross entropy: 0.00588492
21:15:08   Save checkpoint to /om2/user/oqueen/DeepSurface/esm/BinaryLocalization/models/BinaryLocalization/ESM-2-8m/epoch_40.pth
21:15:09   >>>>>>>>>>>>>>>>>>>>>>>>>>>>>>
21:15:09   Evaluate on valid
21:15:19   ------------------------------
21:15:19   auprc [localization]: 0.968759
21:15:19   auroc [localization]: 0.962783
21:15:19   >>>>>>>>>>>>>>>>>>>>>>>>>>>>>>
21:15:19   Epoch 20 begin
21:15:52   >>>>>>>>>>>>>>>>>>>>>>>>>>>>>>
21:15:52   binary cross entropy: 0.0225104
21:16:47   >>>>>>>>>>>>>>>>>>>>>>>>>>>>>>
21:16:47   binary cross entropy: 0.0494952
21:16:47   >>>>>>>>>>>>>>>>>>>>>>>>>>>>>>
21:16:47   Epoch 20 end
21:16:47   duration: 1.65 mins
21:16:47   speed: 1.64 batch / sec
21:16:47   ETA: 14.86 mins
21:16:47   max GPU memory: 28438.9 MiB
21:16:47   ------------------------------
21:16:47   average binary cross entropy: 0.0164542
21:16:47   >>>>>>>>>>>>>>>>>>>>>>>>>>>>>>
21:16:47   Epoch 21 begin
21:17:42   >>>>>>>>>>>>>>>>>>>>>>>>>>>>>>
21:17:42   binary cross entropy: 0.00254551
21:18:16   >>>>>>>>>>>>>>>>>>>>>>>>>>>>>>
21:18:16   Epoch 21 end
21:18:16   duration: 1.48 mins
21:18:16   speed: 1.82 batch / sec
21:18:16   ETA: 12.53 mins
21:18:16   max GPU memory: 28439.3 MiB
21:18:16   ------------------------------
21:18:16   average binary cross entropy: 0.0131417
21:18:16   >>>>>>>>>>>>>>>>>>>>>>>>>>>>>>
21:18:16   Epoch 22 begin
21:18:36   >>>>>>>>>>>>>>>>>>>>>>>>>>>>>>
21:18:36   binary cross entropy: 0.000115764
21:19:31   >>>>>>>>>>>>>>>>>>>>>>>>>>>>>>
21:19:31   binary cross entropy: 0.1485
21:19:45   >>>>>>>>>>>>>>>>>>>>>>>>>>>>>>
21:19:45   Epoch 22 end
21:19:45   duration: 1.47 mins
21:19:45   speed: 1.83 batch / sec
21:19:45   ETA: 10.75 mins
21:19:45   max GPU memory: 28438.5 MiB
21:19:45   ------------------------------
21:19:45   average binary cross entropy: 0.00705372
21:19:45   >>>>>>>>>>>>>>>>>>>>>>>>>>>>>>
21:19:45   Epoch 23 begin
21:20:25   >>>>>>>>>>>>>>>>>>>>>>>>>>>>>>
21:20:25   binary cross entropy: 0.00112681
21:21:13   >>>>>>>>>>>>>>>>>>>>>>>>>>>>>>
21:21:13   Epoch 23 end
21:21:13   duration: 1.47 mins
21:21:13   speed: 1.84 batch / sec
21:21:13   ETA: 9.12 mins
21:21:13   max GPU memory: 28438.7 MiB
21:21:13   ------------------------------
21:21:13   average binary cross entropy: 0.0208393
21:21:13   >>>>>>>>>>>>>>>>>>>>>>>>>>>>>>
21:21:13   Epoch 24 begin
21:21:20   >>>>>>>>>>>>>>>>>>>>>>>>>>>>>>
21:21:20   binary cross entropy: 0.000910564
21:22:14   >>>>>>>>>>>>>>>>>>>>>>>>>>>>>>
21:22:14   binary cross entropy: 0.110143
21:22:41   >>>>>>>>>>>>>>>>>>>>>>>>>>>>>>
21:22:41   Epoch 24 end
21:22:41   duration: 1.46 mins
21:22:41   speed: 1.84 batch / sec
21:22:41   ETA: 7.54 mins
21:22:41   max GPU memory: 28438.5 MiB
21:22:41   ------------------------------
21:22:41   average binary cross entropy: 0.00651546
21:22:41   >>>>>>>>>>>>>>>>>>>>>>>>>>>>>>
21:22:41   Epoch 25 begin
21:23:09   >>>>>>>>>>>>>>>>>>>>>>>>>>>>>>
21:23:09   binary cross entropy: 0.0319454
21:24:04   >>>>>>>>>>>>>>>>>>>>>>>>>>>>>>
21:24:04   binary cross entropy: 0.000885921
21:24:10   >>>>>>>>>>>>>>>>>>>>>>>>>>>>>>
21:24:10   Epoch 25 end
21:24:10   duration: 1.48 mins
21:24:10   speed: 1.82 batch / sec
21:24:10   ETA: 6.02 mins
21:24:10   max GPU memory: 28438.5 MiB
21:24:10   ------------------------------
21:24:10   average binary cross entropy: 0.0183343
21:24:10   >>>>>>>>>>>>>>>>>>>>>>>>>>>>>>
21:24:10   Epoch 26 begin
21:24:59   >>>>>>>>>>>>>>>>>>>>>>>>>>>>>>
21:24:59   binary cross entropy: 9.60424e-05
21:25:38   >>>>>>>>>>>>>>>>>>>>>>>>>>>>>>
21:25:38   Epoch 26 end
21:25:38   duration: 1.47 mins
21:25:38   speed: 1.83 batch / sec
21:25:38   ETA: 4.50 mins
21:25:38   max GPU memory: 28438.6 MiB
21:25:38   ------------------------------
21:25:38   average binary cross entropy: 0.00788417
21:25:38   >>>>>>>>>>>>>>>>>>>>>>>>>>>>>>
21:25:38   Epoch 27 begin
21:25:53   >>>>>>>>>>>>>>>>>>>>>>>>>>>>>>
21:25:53   binary cross entropy: 0.00050319
21:26:48   >>>>>>>>>>>>>>>>>>>>>>>>>>>>>>
21:26:48   binary cross entropy: 0.00263737
21:27:06   >>>>>>>>>>>>>>>>>>>>>>>>>>>>>>
21:27:06   Epoch 27 end
21:27:06   duration: 1.47 mins
21:27:06   speed: 1.83 batch / sec
21:27:06   ETA: 2.99 mins
21:27:06   max GPU memory: 28438.6 MiB
21:27:06   ------------------------------
21:27:06   average binary cross entropy: 0.00690392
21:27:06   >>>>>>>>>>>>>>>>>>>>>>>>>>>>>>
21:27:06   Epoch 28 begin
21:27:42   >>>>>>>>>>>>>>>>>>>>>>>>>>>>>>
21:27:42   binary cross entropy: 0.000625924
21:28:35   >>>>>>>>>>>>>>>>>>>>>>>>>>>>>>
21:28:35   Epoch 28 end
21:28:35   duration: 1.47 mins
21:28:35   speed: 1.83 batch / sec
21:28:35   ETA: 1.49 mins
21:28:35   max GPU memory: 28438.7 MiB
21:28:35   ------------------------------
21:28:35   average binary cross entropy: 0.0121511
21:28:35   >>>>>>>>>>>>>>>>>>>>>>>>>>>>>>
21:28:35   Epoch 29 begin
21:28:37   >>>>>>>>>>>>>>>>>>>>>>>>>>>>>>
21:28:37   binary cross entropy: 0.000349956
21:29:31   >>>>>>>>>>>>>>>>>>>>>>>>>>>>>>
21:29:31   binary cross entropy: 0.000199385
21:30:03   >>>>>>>>>>>>>>>>>>>>>>>>>>>>>>
21:30:03   Epoch 29 end
21:30:03   duration: 1.47 mins
21:30:03   speed: 1.84 batch / sec
21:30:03   ETA: 0.00 secs
21:30:03   max GPU memory: 28438.7 MiB
21:30:03   ------------------------------
21:30:03   average binary cross entropy: 0.0170115
21:30:03   Save checkpoint to /om2/user/oqueen/DeepSurface/esm/BinaryLocalization/models/BinaryLocalization/ESM-2-8m/epoch_90.pth
21:30:03   >>>>>>>>>>>>>>>>>>>>>>>>>>>>>>
21:30:03   Evaluate on valid
21:30:13   ------------------------------
21:30:13   auprc [localization]: 0.964742
21:30:13   auroc [localization]: 0.961303
21:30:13   >>>>>>>>>>>>>>>>>>>>>>>>>>>>>>
21:30:13   Epoch 30 begin
21:30:36   >>>>>>>>>>>>>>>>>>>>>>>>>>>>>>
21:30:36   binary cross entropy: 0.000958527
21:31:31   >>>>>>>>>>>>>>>>>>>>>>>>>>>>>>
21:31:31   binary cross entropy: 0.0190407
21:31:42   >>>>>>>>>>>>>>>>>>>>>>>>>>>>>>
21:31:42   Epoch 30 end
21:31:42   duration: 1.65 mins
21:31:42   speed: 1.64 batch / sec
21:31:42   ETA: 14.81 mins
21:31:42   max GPU memory: 28438.7 MiB
21:31:42   ------------------------------
21:31:42   average binary cross entropy: 0.0292403
21:31:42   >>>>>>>>>>>>>>>>>>>>>>>>>>>>>>
21:31:42   Epoch 31 begin
21:32:25   >>>>>>>>>>>>>>>>>>>>>>>>>>>>>>
21:32:25   binary cross entropy: 0.179218
21:33:10   >>>>>>>>>>>>>>>>>>>>>>>>>>>>>>
21:33:10   Epoch 31 end
21:33:10   duration: 1.47 mins
21:33:10   speed: 1.83 batch / sec
21:33:10   ETA: 12.47 mins
21:33:10   max GPU memory: 28438.7 MiB
21:33:10   ------------------------------
21:33:10   average binary cross entropy: 0.0151974
21:33:10   >>>>>>>>>>>>>>>>>>>>>>>>>>>>>>
21:33:10   Epoch 32 begin
21:33:19   >>>>>>>>>>>>>>>>>>>>>>>>>>>>>>
21:33:19   binary cross entropy: 0.00343299
21:34:14   >>>>>>>>>>>>>>>>>>>>>>>>>>>>>>
21:34:14   binary cross entropy: 0.0489115
21:34:39   >>>>>>>>>>>>>>>>>>>>>>>>>>>>>>
21:34:39   Epoch 32 end
21:34:39   duration: 1.48 mins
21:34:39   speed: 1.83 batch / sec
21:34:39   ETA: 10.72 mins
21:34:39   max GPU memory: 28438.6 MiB
21:34:39   ------------------------------
21:34:39   average binary cross entropy: 0.00312486
21:34:39   >>>>>>>>>>>>>>>>>>>>>>>>>>>>>>
21:34:39   Epoch 33 begin
21:35:09   >>>>>>>>>>>>>>>>>>>>>>>>>>>>>>
21:35:09   binary cross entropy: 6.19434e-05
21:36:03   >>>>>>>>>>>>>>>>>>>>>>>>>>>>>>
21:36:03   binary cross entropy: 0.000115322
21:36:07   >>>>>>>>>>>>>>>>>>>>>>>>>>>>>>
21:36:07   Epoch 33 end
21:36:07   duration: 1.47 mins
21:36:07   speed: 1.83 batch / sec
21:36:07   ETA: 9.10 mins
21:36:07   max GPU memory: 28438.6 MiB
21:36:07   ------------------------------
21:36:07   average binary cross entropy: 0.00121408
21:36:07   >>>>>>>>>>>>>>>>>>>>>>>>>>>>>>
21:36:07   Epoch 34 begin
21:36:58   >>>>>>>>>>>>>>>>>>>>>>>>>>>>>>
21:36:58   binary cross entropy: 0.00358461
21:37:36   >>>>>>>>>>>>>>>>>>>>>>>>>>>>>>
21:37:36   Epoch 34 end
21:37:36   duration: 1.48 mins
21:37:36   speed: 1.82 batch / sec
21:37:36   ETA: 7.55 mins
21:37:36   max GPU memory: 28438.6 MiB
21:37:36   ------------------------------
21:37:36   average binary cross entropy: 0.0180112
21:37:36   >>>>>>>>>>>>>>>>>>>>>>>>>>>>>>
21:37:36   Epoch 35 begin
21:37:53   >>>>>>>>>>>>>>>>>>>>>>>>>>>>>>
21:37:53   binary cross entropy: 0.000685254
21:38:47   >>>>>>>>>>>>>>>>>>>>>>>>>>>>>>
21:38:47   binary cross entropy: 0.000841132
21:39:04   >>>>>>>>>>>>>>>>>>>>>>>>>>>>>>
21:39:04   Epoch 35 end
21:39:04   duration: 1.47 mins
21:39:04   speed: 1.84 batch / sec
21:39:04   ETA: 6.01 mins
21:39:04   max GPU memory: 28438.7 MiB
21:39:04   ------------------------------
21:39:04   average binary cross entropy: 0.0028106
21:39:04   >>>>>>>>>>>>>>>>>>>>>>>>>>>>>>
21:39:04   Epoch 36 begin
21:39:41   >>>>>>>>>>>>>>>>>>>>>>>>>>>>>>
21:39:41   binary cross entropy: 0.00104484
21:40:32   >>>>>>>>>>>>>>>>>>>>>>>>>>>>>>
21:40:32   Epoch 36 end
21:40:32   duration: 1.47 mins
21:40:32   speed: 1.83 batch / sec
21:40:32   ETA: 4.50 mins
21:40:32   max GPU memory: 28438.7 MiB
21:40:32   ------------------------------
21:40:32   average binary cross entropy: 0.0188953
21:40:32   >>>>>>>>>>>>>>>>>>>>>>>>>>>>>>
21:40:32   Epoch 37 begin
21:40:36   >>>>>>>>>>>>>>>>>>>>>>>>>>>>>>
21:40:36   binary cross entropy: 0.0257542
21:41:31   >>>>>>>>>>>>>>>>>>>>>>>>>>>>>>
21:41:31   binary cross entropy: 0.00217725
21:42:01   >>>>>>>>>>>>>>>>>>>>>>>>>>>>>>
21:42:01   Epoch 37 end
21:42:01   duration: 1.47 mins
21:42:01   speed: 1.83 batch / sec
21:42:01   ETA: 2.99 mins
21:42:01   max GPU memory: 28438.6 MiB
21:42:01   ------------------------------
21:42:01   average binary cross entropy: 0.0134541
21:42:01   >>>>>>>>>>>>>>>>>>>>>>>>>>>>>>
21:42:01   Epoch 38 begin
21:42:26   >>>>>>>>>>>>>>>>>>>>>>>>>>>>>>
21:42:26   binary cross entropy: 9.19415e-05
21:43:20   >>>>>>>>>>>>>>>>>>>>>>>>>>>>>>
21:43:20   binary cross entropy: 0.0016329
21:43:29   >>>>>>>>>>>>>>>>>>>>>>>>>>>>>>
21:43:29   Epoch 38 end
21:43:29   duration: 1.48 mins
21:43:29   speed: 1.83 batch / sec
21:43:29   ETA: 1.49 mins
21:43:29   max GPU memory: 28438.8 MiB
21:43:29   ------------------------------
21:43:29   average binary cross entropy: 0.013064
21:43:29   >>>>>>>>>>>>>>>>>>>>>>>>>>>>>>
21:43:29   Epoch 39 begin
21:44:15   >>>>>>>>>>>>>>>>>>>>>>>>>>>>>>
21:44:15   binary cross entropy: 0.000295753
21:44:58   >>>>>>>>>>>>>>>>>>>>>>>>>>>>>>
21:44:58   Epoch 39 end
21:44:58   duration: 1.47 mins
21:44:58   speed: 1.83 batch / sec
21:44:58   ETA: 0.00 secs
21:44:58   max GPU memory: 28438.9 MiB
21:44:58   ------------------------------
21:44:58   average binary cross entropy: 0.0116967
21:44:58   Save checkpoint to /om2/user/oqueen/DeepSurface/esm/BinaryLocalization/models/BinaryLocalization/ESM-2-8m/epoch_160.pth
21:44:58   >>>>>>>>>>>>>>>>>>>>>>>>>>>>>>
21:44:58   Evaluate on valid
21:45:08   ------------------------------
21:45:08   auprc [localization]: 0.968725
21:45:08   auroc [localization]: 0.964568
21:45:08   >>>>>>>>>>>>>>>>>>>>>>>>>>>>>>
21:45:08   Epoch 40 begin
21:45:20   >>>>>>>>>>>>>>>>>>>>>>>>>>>>>>
21:45:20   binary cross entropy: 0.000469974
21:46:15   >>>>>>>>>>>>>>>>>>>>>>>>>>>>>>
21:46:15   binary cross entropy: 3.33508e-05
21:46:37   >>>>>>>>>>>>>>>>>>>>>>>>>>>>>>
21:46:37   Epoch 40 end
21:46:37   duration: 1.65 mins
21:46:37   speed: 1.63 batch / sec
21:46:37   ETA: 14.88 mins
21:46:37   max GPU memory: 28438.7 MiB
21:46:37   ------------------------------
21:46:37   average binary cross entropy: 0.000837491
21:46:37   >>>>>>>>>>>>>>>>>>>>>>>>>>>>>>
21:46:37   Epoch 41 begin
21:47:09   >>>>>>>>>>>>>>>>>>>>>>>>>>>>>>
21:47:09   binary cross entropy: 2.51824e-05
21:48:04   >>>>>>>>>>>>>>>>>>>>>>>>>>>>>>
21:48:04   binary cross entropy: 2.28392e-05
21:48:06   >>>>>>>>>>>>>>>>>>>>>>>>>>>>>>
21:48:06   Epoch 41 end
21:48:06   duration: 1.48 mins
21:48:06   speed: 1.83 batch / sec
21:48:06   ETA: 12.51 mins
21:48:06   max GPU memory: 28438.6 MiB
21:48:06   ------------------------------
21:48:06   average binary cross entropy: 4.64597e-05
21:48:06   >>>>>>>>>>>>>>>>>>>>>>>>>>>>>>
21:48:06   Epoch 42 begin
21:48:58   >>>>>>>>>>>>>>>>>>>>>>>>>>>>>>
21:48:58   binary cross entropy: 2.79942e-05
21:49:34   >>>>>>>>>>>>>>>>>>>>>>>>>>>>>>
21:49:34   Epoch 42 end
21:49:34   duration: 1.47 mins
21:49:34   speed: 1.84 batch / sec
21:49:34   ETA: 10.73 mins
21:49:34   max GPU memory: 28438.4 MiB
21:49:34   ------------------------------
21:49:34   average binary cross entropy: 2.7042e-05
21:49:34   >>>>>>>>>>>>>>>>>>>>>>>>>>>>>>
21:49:34   Epoch 43 begin
21:49:53   >>>>>>>>>>>>>>>>>>>>>>>>>>>>>>
21:49:53   binary cross entropy: 2.00306e-05
21:50:47   >>>>>>>>>>>>>>>>>>>>>>>>>>>>>>
21:50:47   binary cross entropy: 1.692e-05
21:51:02   >>>>>>>>>>>>>>>>>>>>>>>>>>>>>>
21:51:02   Epoch 43 end
21:51:02   duration: 1.48 mins
21:51:02   speed: 1.83 batch / sec
21:51:02   ETA: 9.11 mins
21:51:02   max GPU memory: 28438.6 MiB
21:51:02   ------------------------------
21:51:02   average binary cross entropy: 2.16117e-05
21:51:02   >>>>>>>>>>>>>>>>>>>>>>>>>>>>>>
21:51:02   Epoch 44 begin
21:51:42   >>>>>>>>>>>>>>>>>>>>>>>>>>>>>>
21:51:42   binary cross entropy: 1.33438e-05
21:52:31   >>>>>>>>>>>>>>>>>>>>>>>>>>>>>>
21:52:31   Epoch 44 end
21:52:31   duration: 1.47 mins
21:52:31   speed: 1.83 batch / sec
21:52:31   ETA: 7.55 mins
21:52:31   max GPU memory: 28438.8 MiB
21:52:31   ------------------------------
21:52:31   average binary cross entropy: 1.78166e-05
21:52:31   >>>>>>>>>>>>>>>>>>>>>>>>>>>>>>
21:52:31   Epoch 45 begin
21:52:37   >>>>>>>>>>>>>>>>>>>>>>>>>>>>>>
21:52:37   binary cross entropy: 1.28148e-05
21:53:31   >>>>>>>>>>>>>>>>>>>>>>>>>>>>>>
21:53:31   binary cross entropy: 1.28149e-05
21:53:59   >>>>>>>>>>>>>>>>>>>>>>>>>>>>>>
21:53:59   Epoch 45 end
21:53:59   duration: 1.47 mins
21:53:59   speed: 1.84 batch / sec
21:53:59   ETA: 6.01 mins
21:53:59   max GPU memory: 28438.9 MiB
21:53:59   ------------------------------
21:53:59   average binary cross entropy: 1.49924e-05
21:53:59   >>>>>>>>>>>>>>>>>>>>>>>>>>>>>>
21:53:59   Epoch 46 begin
21:54:26   >>>>>>>>>>>>>>>>>>>>>>>>>>>>>>
21:54:26   binary cross entropy: 1.4193e-05
21:55:20   >>>>>>>>>>>>>>>>>>>>>>>>>>>>>>
21:55:20   binary cross entropy: 2.09985e-05
21:55:28   >>>>>>>>>>>>>>>>>>>>>>>>>>>>>>
21:55:28   Epoch 46 end
21:55:28   duration: 1.48 mins
21:55:28   speed: 1.83 batch / sec
21:55:28   ETA: 4.50 mins
21:55:28   max GPU memory: 28438.7 MiB
21:55:28   ------------------------------
21:55:28   average binary cross entropy: 1.2793e-05
21:55:28   >>>>>>>>>>>>>>>>>>>>>>>>>>>>>>
21:55:28   Epoch 47 begin
21:56:15   >>>>>>>>>>>>>>>>>>>>>>>>>>>>>>
21:56:15   binary cross entropy: 1.28297e-05
21:56:56   >>>>>>>>>>>>>>>>>>>>>>>>>>>>>>
21:56:56   Epoch 47 end
21:56:56   duration: 1.47 mins
21:56:56   speed: 1.84 batch / sec
21:56:56   ETA: 2.99 mins
21:56:56   max GPU memory: 28439.0 MiB
21:56:56   ------------------------------
21:56:56   average binary cross entropy: 1.1034e-05
21:56:56   >>>>>>>>>>>>>>>>>>>>>>>>>>>>>>
21:56:56   Epoch 48 begin
21:57:09   >>>>>>>>>>>>>>>>>>>>>>>>>>>>>>
21:57:09   binary cross entropy: 9.28708e-06
21:58:04   >>>>>>>>>>>>>>>>>>>>>>>>>>>>>>
21:58:04   binary cross entropy: 9.49941e-06
21:58:24   >>>>>>>>>>>>>>>>>>>>>>>>>>>>>>
21:58:24   Epoch 48 end
21:58:24   duration: 1.47 mins
21:58:24   speed: 1.84 batch / sec
21:58:24   ETA: 1.49 mins
21:58:24   max GPU memory: 28438.7 MiB
21:58:24   ------------------------------
21:58:24   average binary cross entropy: 9.59701e-06
21:58:24   >>>>>>>>>>>>>>>>>>>>>>>>>>>>>>
21:58:24   Epoch 49 begin
21:58:58   >>>>>>>>>>>>>>>>>>>>>>>>>>>>>>
21:58:58   binary cross entropy: 9.87563e-06
21:59:52   >>>>>>>>>>>>>>>>>>>>>>>>>>>>>>
21:59:52   Epoch 49 end
21:59:52   duration: 1.47 mins
21:59:52   speed: 1.83 batch / sec
21:59:52   ETA: 0.00 secs
21:59:52   max GPU memory: 28438.6 MiB
21:59:52   ------------------------------
21:59:52   average binary cross entropy: 8.40662e-06
21:59:52   Save checkpoint to /om2/user/oqueen/DeepSurface/esm/BinaryLocalization/models/BinaryLocalization/ESM-2-8m/epoch_250.pth
21:59:53   >>>>>>>>>>>>>>>>>>>>>>>>>>>>>>
21:59:53   Evaluate on valid
22:00:03   ------------------------------
22:00:03   auprc [localization]: 0.953841
22:00:03   auroc [localization]: 0.959502
22:00:03   >>>>>>>>>>>>>>>>>>>>>>>>>>>>>>
22:00:03   Epoch 50 begin
22:00:03   >>>>>>>>>>>>>>>>>>>>>>>>>>>>>>
22:00:03   binary cross entropy: 9.52915e-06
22:00:58   >>>>>>>>>>>>>>>>>>>>>>>>>>>>>>
22:00:58   binary cross entropy: 7.98323e-06
22:01:31   >>>>>>>>>>>>>>>>>>>>>>>>>>>>>>
22:01:31   Epoch 50 end
22:01:31   duration: 1.65 mins
22:01:31   speed: 1.64 batch / sec
22:01:31   ETA: 14.84 mins
22:01:31   max GPU memory: 28438.5 MiB
22:01:31   ------------------------------
22:01:31   average binary cross entropy: 7.40325e-06
22:01:31   >>>>>>>>>>>>>>>>>>>>>>>>>>>>>>
22:01:31   Epoch 51 begin
22:01:53   >>>>>>>>>>>>>>>>>>>>>>>>>>>>>>
22:01:53   binary cross entropy: 1.13543e-05
22:02:47   >>>>>>>>>>>>>>>>>>>>>>>>>>>>>>
22:02:47   binary cross entropy: 4.64915e-06
22:03:00   >>>>>>>>>>>>>>>>>>>>>>>>>>>>>>
22:03:00   Epoch 51 end
22:03:00   duration: 1.48 mins
22:03:00   speed: 1.83 batch / sec
22:03:00   ETA: 12.50 mins
22:03:00   max GPU memory: 28438.6 MiB
22:03:00   ------------------------------
22:03:00   average binary cross entropy: 6.54875e-06
22:03:00   >>>>>>>>>>>>>>>>>>>>>>>>>>>>>>
22:03:00   Epoch 52 begin
22:03:42   >>>>>>>>>>>>>>>>>>>>>>>>>>>>>>
22:03:42   binary cross entropy: 5.37929e-06
22:04:28   >>>>>>>>>>>>>>>>>>>>>>>>>>>>>>
22:04:28   Epoch 52 end
22:04:28   duration: 1.47 mins
22:04:28   speed: 1.84 batch / sec
22:04:28   ETA: 10.72 mins
22:04:28   max GPU memory: 28438.7 MiB
22:04:28   ------------------------------
22:04:28   average binary cross entropy: 5.81749e-06
22:04:28   >>>>>>>>>>>>>>>>>>>>>>>>>>>>>>
22:04:28   Epoch 53 begin
22:04:36   >>>>>>>>>>>>>>>>>>>>>>>>>>>>>>
22:04:36   binary cross entropy: 5.31223e-06
22:05:31   >>>>>>>>>>>>>>>>>>>>>>>>>>>>>>
22:05:31   binary cross entropy: 7.23813e-06
22:05:56   >>>>>>>>>>>>>>>>>>>>>>>>>>>>>>
22:05:56   Epoch 53 end
22:05:56   duration: 1.47 mins
22:05:56   speed: 1.84 batch / sec
22:05:56   ETA: 9.10 mins
22:05:56   max GPU memory: 28438.4 MiB
22:05:56   ------------------------------
22:05:56   average binary cross entropy: 5.18322e-06
22:05:56   >>>>>>>>>>>>>>>>>>>>>>>>>>>>>>
22:05:56   Epoch 54 begin
22:06:25   >>>>>>>>>>>>>>>>>>>>>>>>>>>>>>
22:06:25   binary cross entropy: 6.5899e-06
22:07:20   >>>>>>>>>>>>>>>>>>>>>>>>>>>>>>
22:07:20   binary cross entropy: 3.30432e-06
22:07:25   >>>>>>>>>>>>>>>>>>>>>>>>>>>>>>
22:07:25   Epoch 54 end
22:07:25   duration: 1.47 mins
22:07:25   speed: 1.83 batch / sec
22:07:25   ETA: 7.54 mins
22:07:25   max GPU memory: 28438.6 MiB
22:07:25   ------------------------------
22:07:25   average binary cross entropy: 4.63106e-06
22:07:25   >>>>>>>>>>>>>>>>>>>>>>>>>>>>>>
22:07:25   Epoch 55 begin
22:08:14   >>>>>>>>>>>>>>>>>>>>>>>>>>>>>>
22:08:14   binary cross entropy: 4.16858e-06
22:08:53   >>>>>>>>>>>>>>>>>>>>>>>>>>>>>>
22:08:53   Epoch 55 end
22:08:53   duration: 1.47 mins
22:08:53   speed: 1.84 batch / sec
22:08:53   ETA: 6.01 mins
22:08:53   max GPU memory: 28438.8 MiB
22:08:53   ------------------------------
22:08:53   average binary cross entropy: 4.14787e-06
22:08:53   >>>>>>>>>>>>>>>>>>>>>>>>>>>>>>
22:08:53   Epoch 56 begin
22:09:09   >>>>>>>>>>>>>>>>>>>>>>>>>>>>>>
22:09:09   binary cross entropy: 2.98768e-06
22:10:03   >>>>>>>>>>>>>>>>>>>>>>>>>>>>>>
22:10:03   binary cross entropy: 3.58372e-06
22:10:21   >>>>>>>>>>>>>>>>>>>>>>>>>>>>>>
22:10:21   Epoch 56 end
22:10:21   duration: 1.47 mins
22:10:21   speed: 1.83 batch / sec
22:10:21   ETA: 4.49 mins
22:10:21   max GPU memory: 28438.6 MiB
22:10:21   ------------------------------
22:10:21   average binary cross entropy: 3.72278e-06
22:10:21   >>>>>>>>>>>>>>>>>>>>>>>>>>>>>>
22:10:21   Epoch 57 begin
22:10:58   >>>>>>>>>>>>>>>>>>>>>>>>>>>>>>
22:10:58   binary cross entropy: 2.84984e-06
22:11:50   >>>>>>>>>>>>>>>>>>>>>>>>>>>>>>
22:11:50   Epoch 57 end
22:11:50   duration: 1.48 mins
22:11:50   speed: 1.83 batch / sec
22:11:50   ETA: 2.99 mins
22:11:50   max GPU memory: 28438.6 MiB
22:11:50   ------------------------------
22:11:50   average binary cross entropy: 3.34777e-06
22:11:50   >>>>>>>>>>>>>>>>>>>>>>>>>>>>>>
22:11:50   Epoch 58 begin
22:11:52   >>>>>>>>>>>>>>>>>>>>>>>>>>>>>>
22:11:52   binary cross entropy: 2.76044e-06
22:12:46   >>>>>>>>>>>>>>>>>>>>>>>>>>>>>>
22:12:46   binary cross entropy: 2.15322e-06
22:13:17   >>>>>>>>>>>>>>>>>>>>>>>>>>>>>>
22:13:17   Epoch 58 end
22:13:17   duration: 1.46 mins
22:13:17   speed: 1.84 batch / sec
22:13:17   ETA: 1.49 mins
22:13:17   max GPU memory: 28438.7 MiB
22:13:17   ------------------------------
22:13:17   average binary cross entropy: 3.01443e-06
22:13:17   >>>>>>>>>>>>>>>>>>>>>>>>>>>>>>
22:13:17   Epoch 59 begin
22:13:41   >>>>>>>>>>>>>>>>>>>>>>>>>>>>>>
22:13:41   binary cross entropy: 2.20164e-06
22:14:35   >>>>>>>>>>>>>>>>>>>>>>>>>>>>>>
22:14:35   binary cross entropy: 3.05845e-06
22:14:46   >>>>>>>>>>>>>>>>>>>>>>>>>>>>>>
22:14:46   Epoch 59 end
22:14:46   duration: 1.47 mins
22:14:46   speed: 1.84 batch / sec
22:14:46   ETA: 0.00 secs
22:14:46   max GPU memory: 28438.7 MiB
22:14:46   ------------------------------
22:14:46   average binary cross entropy: 2.71903e-06
22:14:46   Save checkpoint to /om2/user/oqueen/DeepSurface/esm/BinaryLocalization/models/BinaryLocalization/ESM-2-8m/epoch_360.pth
22:14:46   >>>>>>>>>>>>>>>>>>>>>>>>>>>>>>
22:14:46   Evaluate on valid
22:14:56   ------------------------------
22:14:56   auprc [localization]: 0.953352
22:14:56   auroc [localization]: 0.959432
22:14:56   >>>>>>>>>>>>>>>>>>>>>>>>>>>>>>
22:14:56   Epoch 60 begin
22:15:41   >>>>>>>>>>>>>>>>>>>>>>>>>>>>>>
22:15:41   binary cross entropy: 2.60397e-06
22:16:25   >>>>>>>>>>>>>>>>>>>>>>>>>>>>>>
22:16:25   Epoch 60 end
22:16:25   duration: 1.65 mins
22:16:25   speed: 1.63 batch / sec
22:16:25   ETA: 14.88 mins
22:16:25   max GPU memory: 28438.8 MiB
22:16:25   ------------------------------
22:16:25   average binary cross entropy: 2.45429e-06
22:16:25   >>>>>>>>>>>>>>>>>>>>>>>>>>>>>>
22:16:25   Epoch 61 begin
22:16:35   >>>>>>>>>>>>>>>>>>>>>>>>>>>>>>
22:16:35   binary cross entropy: 1.81794e-06
22:17:30   >>>>>>>>>>>>>>>>>>>>>>>>>>>>>>
22:17:30   binary cross entropy: 4.29149e-06
22:17:53   >>>>>>>>>>>>>>>>>>>>>>>>>>>>>>
22:17:53   Epoch 61 end
22:17:53   duration: 1.47 mins
22:17:53   speed: 1.83 batch / sec
22:17:53   ETA: 12.50 mins
22:17:53   max GPU memory: 28438.6 MiB
22:17:53   ------------------------------
22:17:53   average binary cross entropy: 2.21877e-06
22:17:53   >>>>>>>>>>>>>>>>>>>>>>>>>>>>>>
22:17:53   Epoch 62 begin
22:18:24   >>>>>>>>>>>>>>>>>>>>>>>>>>>>>>
22:18:24   binary cross entropy: 2.12341e-06
22:19:19   >>>>>>>>>>>>>>>>>>>>>>>>>>>>>>
22:19:19   binary cross entropy: 1.78069e-06
22:19:21   >>>>>>>>>>>>>>>>>>>>>>>>>>>>>>
22:19:21   Epoch 62 end
22:19:21   duration: 1.47 mins
22:19:21   speed: 1.84 batch / sec
22:19:21   ETA: 10.72 mins
22:19:21   max GPU memory: 28438.5 MiB
22:19:21   ------------------------------
22:19:21   average binary cross entropy: 2.00696e-06
22:19:21   >>>>>>>>>>>>>>>>>>>>>>>>>>>>>>
22:19:21   Epoch 63 begin
22:20:13   >>>>>>>>>>>>>>>>>>>>>>>>>>>>>>
22:20:13   binary cross entropy: 1.88499e-06
22:20:49   >>>>>>>>>>>>>>>>>>>>>>>>>>>>>>
22:20:49   Epoch 63 end
22:20:49   duration: 1.47 mins
22:20:49   speed: 1.84 batch / sec
22:20:49   ETA: 9.09 mins
22:20:49   max GPU memory: 28438.5 MiB
22:20:49   ------------------------------
22:20:49   average binary cross entropy: 1.81715e-06
22:20:49   >>>>>>>>>>>>>>>>>>>>>>>>>>>>>>
22:20:49   Epoch 64 begin
22:21:07   >>>>>>>>>>>>>>>>>>>>>>>>>>>>>>
22:21:07   binary cross entropy: 1.33365e-06
22:22:01   >>>>>>>>>>>>>>>>>>>>>>>>>>>>>>
22:22:01   binary cross entropy: 1.52364e-06
22:22:17   >>>>>>>>>>>>>>>>>>>>>>>>>>>>>>
22:22:17   Epoch 64 end
22:22:17   duration: 1.46 mins
22:22:17   speed: 1.85 batch / sec
22:22:17   ETA: 7.52 mins
22:22:17   max GPU memory: 28438.7 MiB
22:22:17   ------------------------------
22:22:17   average binary cross entropy: 1.64561e-06
22:22:17   >>>>>>>>>>>>>>>>>>>>>>>>>>>>>>
22:22:17   Epoch 65 begin
22:22:56   >>>>>>>>>>>>>>>>>>>>>>>>>>>>>>
22:22:56   binary cross entropy: 1.38953e-06
22:23:45   >>>>>>>>>>>>>>>>>>>>>>>>>>>>>>
22:23:45   Epoch 65 end
22:23:45   duration: 1.46 mins
22:23:45   speed: 1.85 batch / sec
22:23:45   ETA: 5.99 mins
22:23:45   max GPU memory: 28438.8 MiB
22:23:45   ------------------------------
22:23:45   average binary cross entropy: 1.49246e-06
22:23:45   >>>>>>>>>>>>>>>>>>>>>>>>>>>>>>
22:23:45   Epoch 66 begin
22:23:50   >>>>>>>>>>>>>>>>>>>>>>>>>>>>>>
22:23:50   binary cross entropy: 1.11759e-06
22:24:44   >>>>>>>>>>>>>>>>>>>>>>>>>>>>>>
22:24:44   binary cross entropy: 1.33365e-06
22:25:13   >>>>>>>>>>>>>>>>>>>>>>>>>>>>>>
22:25:13   Epoch 66 end
22:25:13   duration: 1.47 mins
22:25:13   speed: 1.84 batch / sec
22:25:13   ETA: 4.48 mins
22:25:13   max GPU memory: 28438.6 MiB
22:25:13   ------------------------------
22:25:13   average binary cross entropy: 1.35198e-06
22:25:13   >>>>>>>>>>>>>>>>>>>>>>>>>>>>>>
22:25:13   Epoch 67 begin
22:25:38   >>>>>>>>>>>>>>>>>>>>>>>>>>>>>>
22:25:38   binary cross entropy: 2.89823e-06
22:26:33   >>>>>>>>>>>>>>>>>>>>>>>>>>>>>>
22:26:33   binary cross entropy: 1.08778e-06
22:26:41   >>>>>>>>>>>>>>>>>>>>>>>>>>>>>>
22:26:41   Epoch 67 end
22:26:41   duration: 1.47 mins
22:26:41   speed: 1.84 batch / sec
22:26:41   ETA: 2.98 mins
22:26:41   max GPU memory: 28438.8 MiB
22:26:41   ------------------------------
22:26:41   average binary cross entropy: 1.22799e-06
22:26:41   >>>>>>>>>>>>>>>>>>>>>>>>>>>>>>
22:26:41   Epoch 68 begin
22:27:27   >>>>>>>>>>>>>>>>>>>>>>>>>>>>>>
22:27:27   binary cross entropy: 6.70552e-07
22:28:09   >>>>>>>>>>>>>>>>>>>>>>>>>>>>>>
22:28:09   Epoch 68 end
22:28:09   duration: 1.47 mins
22:28:09   speed: 1.84 batch / sec
22:28:09   ETA: 1.49 mins
22:28:09   max GPU memory: 28439.0 MiB
22:28:09   ------------------------------
22:28:09   average binary cross entropy: 1.11361e-06
22:28:09   >>>>>>>>>>>>>>>>>>>>>>>>>>>>>>
22:28:09   Epoch 69 begin
22:28:22   >>>>>>>>>>>>>>>>>>>>>>>>>>>>>>
22:28:22   binary cross entropy: 8.64267e-07
22:29:16   >>>>>>>>>>>>>>>>>>>>>>>>>>>>>>
22:29:16   binary cross entropy: 7.33882e-07
22:29:37   >>>>>>>>>>>>>>>>>>>>>>>>>>>>>>
22:29:37   Epoch 69 end
22:29:37   duration: 1.46 mins
22:29:37   speed: 1.84 batch / sec
22:29:37   ETA: 0.00 secs
22:29:37   max GPU memory: 28438.7 MiB
22:29:37   ------------------------------
22:29:37   average binary cross entropy: 1.01139e-06
22:29:37   Save checkpoint to /om2/user/oqueen/DeepSurface/esm/BinaryLocalization/models/BinaryLocalization/ESM-2-8m/epoch_490.pth
22:29:37   >>>>>>>>>>>>>>>>>>>>>>>>>>>>>>
22:29:37   Evaluate on valid
22:29:48   ------------------------------
22:29:48   auprc [localization]: 0.953174
22:29:48   auroc [localization]: 0.959425
22:29:48   >>>>>>>>>>>>>>>>>>>>>>>>>>>>>>
22:29:48   Epoch 70 begin
22:30:21   >>>>>>>>>>>>>>>>>>>>>>>>>>>>>>
22:30:21   binary cross entropy: 7.26431e-07
22:31:15   >>>>>>>>>>>>>>>>>>>>>>>>>>>>>>
22:31:15   binary cross entropy: 6.482e-07
22:31:16   >>>>>>>>>>>>>>>>>>>>>>>>>>>>>>
22:31:16   Epoch 70 end
22:31:16   duration: 1.64 mins
22:31:16   speed: 1.64 batch / sec
22:31:16   ETA: 14.79 mins
22:31:16   max GPU memory: 28438.5 MiB
22:31:16   ------------------------------
22:31:16   average binary cross entropy: 9.18719e-07
22:31:16   >>>>>>>>>>>>>>>>>>>>>>>>>>>>>>
22:31:16   Epoch 71 begin
22:32:10   >>>>>>>>>>>>>>>>>>>>>>>>>>>>>>
22:32:10   binary cross entropy: 8.34464e-07
22:32:44   >>>>>>>>>>>>>>>>>>>>>>>>>>>>>>
22:32:44   Epoch 71 end
22:32:44   duration: 1.47 mins
22:32:44   speed: 1.83 batch / sec
22:32:44   ETA: 12.46 mins
22:32:44   max GPU memory: 28438.6 MiB
22:32:44   ------------------------------
22:32:44   average binary cross entropy: 8.329e-07
22:32:44   >>>>>>>>>>>>>>>>>>>>>>>>>>>>>>
22:32:44   Epoch 72 begin
22:33:04   >>>>>>>>>>>>>>>>>>>>>>>>>>>>>>
22:33:04   binary cross entropy: 1.02073e-06
22:33:59   >>>>>>>>>>>>>>>>>>>>>>>>>>>>>>
22:33:59   binary cross entropy: 7.07805e-07
22:34:13   >>>>>>>>>>>>>>>>>>>>>>>>>>>>>>
22:34:13   Epoch 72 end
22:34:13   duration: 1.48 mins
22:34:13   speed: 1.82 batch / sec
22:34:13   ETA: 10.72 mins
22:34:13   max GPU memory: 28438.7 MiB
22:34:13   ------------------------------
22:34:13   average binary cross entropy: 7.57268e-07
22:34:13   >>>>>>>>>>>>>>>>>>>>>>>>>>>>>>
22:34:13   Epoch 73 begin
22:34:54   >>>>>>>>>>>>>>>>>>>>>>>>>>>>>>
22:34:54   binary cross entropy: 7.15255e-07
22:35:41   >>>>>>>>>>>>>>>>>>>>>>>>>>>>>>
22:35:41   Epoch 73 end
22:35:41   duration: 1.47 mins
22:35:41   speed: 1.83 batch / sec
22:35:41   ETA: 9.10 mins
22:35:41   max GPU memory: 28438.5 MiB
22:35:41   ------------------------------
22:35:41   average binary cross entropy: 6.87913e-07
22:35:41   >>>>>>>>>>>>>>>>>>>>>>>>>>>>>>
22:35:41   Epoch 74 begin
22:35:48   >>>>>>>>>>>>>>>>>>>>>>>>>>>>>>
22:35:48   binary cross entropy: 5.8487e-07
22:36:43   >>>>>>>>>>>>>>>>>>>>>>>>>>>>>>
22:36:43   binary cross entropy: 5.88596e-07
22:37:10   >>>>>>>>>>>>>>>>>>>>>>>>>>>>>>
22:37:10   Epoch 74 end
22:37:10   duration: 1.47 mins
22:37:10   speed: 1.83 batch / sec
22:37:10   ETA: 7.54 mins
22:37:10   max GPU memory: 28438.6 MiB
22:37:10   ------------------------------
22:37:10   average binary cross entropy: 6.25342e-07
22:37:10   >>>>>>>>>>>>>>>>>>>>>>>>>>>>>>
22:37:10   Epoch 75 begin
22:37:37   >>>>>>>>>>>>>>>>>>>>>>>>>>>>>>
22:37:37   binary cross entropy: 6.25848e-07
22:38:32   >>>>>>>>>>>>>>>>>>>>>>>>>>>>>>
22:38:32   binary cross entropy: 3.7998e-07
22:38:38   >>>>>>>>>>>>>>>>>>>>>>>>>>>>>>
22:38:38   Epoch 75 end
22:38:38   duration: 1.47 mins
22:38:38   speed: 1.83 batch / sec
22:38:38   ETA: 6.01 mins
22:38:38   max GPU memory: 28438.6 MiB
22:38:38   ------------------------------
22:38:38   average binary cross entropy: 5.67922e-07
22:38:38   >>>>>>>>>>>>>>>>>>>>>>>>>>>>>>
22:38:38   Epoch 76 begin
22:39:26   >>>>>>>>>>>>>>>>>>>>>>>>>>>>>>
22:39:26   binary cross entropy: 5.06639e-07
22:40:06   >>>>>>>>>>>>>>>>>>>>>>>>>>>>>>
22:40:06   Epoch 76 end
22:40:06   duration: 1.47 mins
22:40:06   speed: 1.84 batch / sec
22:40:06   ETA: 4.49 mins
22:40:06   max GPU memory: 28438.7 MiB
22:40:06   ------------------------------
22:40:06   average binary cross entropy: 5.14573e-07
22:40:06   >>>>>>>>>>>>>>>>>>>>>>>>>>>>>>
22:40:06   Epoch 77 begin
22:40:21   >>>>>>>>>>>>>>>>>>>>>>>>>>>>>>
22:40:21   binary cross entropy: 4.5821e-07
22:41:15   >>>>>>>>>>>>>>>>>>>>>>>>>>>>>>
22:41:15   binary cross entropy: 4.99188e-07
22:41:34   >>>>>>>>>>>>>>>>>>>>>>>>>>>>>>
22:41:34   Epoch 77 end
22:41:34   duration: 1.46 mins
22:41:34   speed: 1.84 batch / sec
22:41:34   ETA: 2.99 mins
22:41:34   max GPU memory: 28438.5 MiB
22:41:34   ------------------------------
22:41:34   average binary cross entropy: 4.65546e-07
22:41:34   >>>>>>>>>>>>>>>>>>>>>>>>>>>>>>
22:41:34   Epoch 78 begin
22:42:10   >>>>>>>>>>>>>>>>>>>>>>>>>>>>>>
22:42:10   binary cross entropy: 3.72529e-07
22:43:02   >>>>>>>>>>>>>>>>>>>>>>>>>>>>>>
22:43:02   Epoch 78 end
22:43:02   duration: 1.47 mins
22:43:02   speed: 1.84 batch / sec
22:43:02   ETA: 1.49 mins
22:43:02   max GPU memory: 28439.0 MiB
22:43:02   ------------------------------
22:43:02   average binary cross entropy: 4.21532e-07
22:43:02   >>>>>>>>>>>>>>>>>>>>>>>>>>>>>>
22:43:02   Epoch 79 begin
22:43:04   >>>>>>>>>>>>>>>>>>>>>>>>>>>>>>
22:43:04   binary cross entropy: 3.83705e-07
22:43:58   >>>>>>>>>>>>>>>>>>>>>>>>>>>>>>
22:43:58   binary cross entropy: 3.94881e-07
22:44:30   >>>>>>>>>>>>>>>>>>>>>>>>>>>>>>
22:44:30   Epoch 79 end
22:44:30   duration: 1.47 mins
22:44:30   speed: 1.84 batch / sec
22:44:30   ETA: 0.00 secs
22:44:30   max GPU memory: 28438.7 MiB
22:44:30   ------------------------------
22:44:30   average binary cross entropy: 3.86602e-07
22:44:30   Save checkpoint to /om2/user/oqueen/DeepSurface/esm/BinaryLocalization/models/BinaryLocalization/ESM-2-8m/epoch_640.pth
22:44:30   >>>>>>>>>>>>>>>>>>>>>>>>>>>>>>
22:44:30   Evaluate on valid
22:44:41   ------------------------------
22:44:41   auprc [localization]: 0.953109
22:44:41   auroc [localization]: 0.959433
22:44:41   >>>>>>>>>>>>>>>>>>>>>>>>>>>>>>
22:44:41   Epoch 80 begin
22:45:03   >>>>>>>>>>>>>>>>>>>>>>>>>>>>>>
22:45:03   binary cross entropy: 4.02331e-07
22:45:58   >>>>>>>>>>>>>>>>>>>>>>>>>>>>>>
22:45:58   binary cross entropy: 3.27825e-07
22:46:09   >>>>>>>>>>>>>>>>>>>>>>>>>>>>>>
22:46:09   Epoch 80 end
22:46:09   duration: 1.65 mins
22:46:09   speed: 1.64 batch / sec
22:46:09   ETA: 14.82 mins
22:46:09   max GPU memory: 28438.8 MiB
22:46:09   ------------------------------
22:46:09   average binary cross entropy: 3.56915e-07
22:46:09   >>>>>>>>>>>>>>>>>>>>>>>>>>>>>>
22:46:09   Epoch 81 begin
22:46:52   >>>>>>>>>>>>>>>>>>>>>>>>>>>>>>
22:46:52   binary cross entropy: 3.42727e-07
22:47:37   >>>>>>>>>>>>>>>>>>>>>>>>>>>>>>
22:47:37   Epoch 81 end
22:47:37   duration: 1.47 mins
22:47:37   speed: 1.83 batch / sec
22:47:37   ETA: 12.48 mins
22:47:37   max GPU memory: 28439.0 MiB
22:47:37   ------------------------------
22:47:37   average binary cross entropy: 3.24629e-07
22:47:37   >>>>>>>>>>>>>>>>>>>>>>>>>>>>>>
22:47:37   Epoch 82 begin
22:47:47   >>>>>>>>>>>>>>>>>>>>>>>>>>>>>>
22:47:47   binary cross entropy: 2.6077e-07
22:48:41   >>>>>>>>>>>>>>>>>>>>>>>>>>>>>>
22:48:41   binary cross entropy: 2.57045e-07
22:49:06   >>>>>>>>>>>>>>>>>>>>>>>>>>>>>>
22:49:06   Epoch 82 end
22:49:06   duration: 1.47 mins
22:49:06   speed: 1.83 batch / sec
22:49:06   ETA: 10.71 mins
22:49:06   max GPU memory: 28438.5 MiB
22:49:06   ------------------------------
22:49:06   average binary cross entropy: 2.88733e-07
22:49:06   >>>>>>>>>>>>>>>>>>>>>>>>>>>>>>
22:49:06   Epoch 83 begin
22:49:36   >>>>>>>>>>>>>>>>>>>>>>>>>>>>>>
22:49:36   binary cross entropy: 2.16067e-07
22:50:30   >>>>>>>>>>>>>>>>>>>>>>>>>>>>>>
22:50:30   binary cross entropy: 2.68221e-07
22:50:34   >>>>>>>>>>>>>>>>>>>>>>>>>>>>>>
22:50:34   Epoch 83 end
22:50:34   duration: 1.47 mins
22:50:34   speed: 1.84 batch / sec
22:50:34   ETA: 9.08 mins
22:50:34   max GPU memory: 28438.6 MiB
22:50:34   ------------------------------
22:50:34   average binary cross entropy: 2.54676e-07
22:50:34   >>>>>>>>>>>>>>>>>>>>>>>>>>>>>>
22:50:34   Epoch 84 begin
22:51:24   >>>>>>>>>>>>>>>>>>>>>>>>>>>>>>
22:51:24   binary cross entropy: 1.93715e-07
22:52:02   >>>>>>>>>>>>>>>>>>>>>>>>>>>>>>
22:52:02   Epoch 84 end
22:52:02   duration: 1.47 mins
22:52:02   speed: 1.83 batch / sec
22:52:02   ETA: 7.53 mins
22:52:02   max GPU memory: 28438.7 MiB
22:52:02   ------------------------------
22:52:02   average binary cross entropy: 2.27312e-07
22:52:02   >>>>>>>>>>>>>>>>>>>>>>>>>>>>>>
22:52:02   Epoch 85 begin
22:52:19   >>>>>>>>>>>>>>>>>>>>>>>>>>>>>>
22:52:19   binary cross entropy: 2.34693e-07
22:53:13   >>>>>>>>>>>>>>>>>>>>>>>>>>>>>>
22:53:13   binary cross entropy: 2.6077e-07
22:53:30   >>>>>>>>>>>>>>>>>>>>>>>>>>>>>>
22:53:30   Epoch 85 end
22:53:30   duration: 1.47 mins
22:53:30   speed: 1.84 batch / sec
22:53:30   ETA: 6.00 mins
22:53:30   max GPU memory: 28438.7 MiB
22:53:30   ------------------------------
22:53:30   average binary cross entropy: 2.06179e-07
22:53:30   >>>>>>>>>>>>>>>>>>>>>>>>>>>>>>
22:53:30   Epoch 86 begin
22:54:07   >>>>>>>>>>>>>>>>>>>>>>>>>>>>>>
22:54:07   binary cross entropy: 1.30385e-07
22:54:58   >>>>>>>>>>>>>>>>>>>>>>>>>>>>>>
22:54:58   Epoch 86 end
22:54:58   duration: 1.47 mins
22:54:58   speed: 1.84 batch / sec
22:54:58   ETA: 4.48 mins
22:54:58   max GPU memory: 28438.7 MiB
22:54:58   ------------------------------
22:54:58   average binary cross entropy: 1.91323e-07
22:54:58   >>>>>>>>>>>>>>>>>>>>>>>>>>>>>>
22:54:58   Epoch 87 begin
22:55:02   >>>>>>>>>>>>>>>>>>>>>>>>>>>>>>
22:55:02   binary cross entropy: 1.8999e-07
22:55:56   >>>>>>>>>>>>>>>>>>>>>>>>>>>>>>
22:55:56   binary cross entropy: 1.52737e-07
22:56:26   >>>>>>>>>>>>>>>>>>>>>>>>>>>>>>
22:56:26   Epoch 87 end
22:56:26   duration: 1.47 mins
22:56:26   speed: 1.84 batch / sec
22:56:26   ETA: 2.98 mins
22:56:26   max GPU memory: 28438.8 MiB
22:56:26   ------------------------------
22:56:26   average binary cross entropy: 1.78975e-07
22:56:26   >>>>>>>>>>>>>>>>>>>>>>>>>>>>>>
22:56:26   Epoch 88 begin
22:56:51   >>>>>>>>>>>>>>>>>>>>>>>>>>>>>>
22:56:51   binary cross entropy: 1.45286e-07
22:57:45   >>>>>>>>>>>>>>>>>>>>>>>>>>>>>>
22:57:45   binary cross entropy: 1.3411e-07
22:57:55   >>>>>>>>>>>>>>>>>>>>>>>>>>>>>>
22:57:55   Epoch 88 end
22:57:55   duration: 1.48 mins
22:57:55   speed: 1.83 batch / sec
22:57:55   ETA: 1.49 mins
22:57:55   max GPU memory: 28438.7 MiB
22:57:55   ------------------------------
22:57:55   average binary cross entropy: 1.69547e-07
22:57:55   >>>>>>>>>>>>>>>>>>>>>>>>>>>>>>
22:57:55   Epoch 89 begin
22:58:40   >>>>>>>>>>>>>>>>>>>>>>>>>>>>>>
22:58:40   binary cross entropy: 1.2666e-07
22:59:23   >>>>>>>>>>>>>>>>>>>>>>>>>>>>>>
22:59:23   Epoch 89 end
22:59:23   duration: 1.47 mins
22:59:23   speed: 1.84 batch / sec
22:59:23   ETA: 0.00 secs
22:59:23   max GPU memory: 28438.5 MiB
22:59:23   ------------------------------
22:59:23   average binary cross entropy: 1.61337e-07
22:59:23   Save checkpoint to /om2/user/oqueen/DeepSurface/esm/BinaryLocalization/models/BinaryLocalization/ESM-2-8m/epoch_810.pth
22:59:23   >>>>>>>>>>>>>>>>>>>>>>>>>>>>>>
22:59:23   Evaluate on valid
22:59:33   ------------------------------
22:59:33   auprc [localization]: 0.952857
22:59:33   auroc [localization]: 0.959343
22:59:33   >>>>>>>>>>>>>>>>>>>>>>>>>>>>>>
22:59:33   Epoch 90 begin
22:59:45   >>>>>>>>>>>>>>>>>>>>>>>>>>>>>>
22:59:45   binary cross entropy: 1.41561e-07
23:00:40   >>>>>>>>>>>>>>>>>>>>>>>>>>>>>>
23:00:40   binary cross entropy: 1.2666e-07
23:01:02   >>>>>>>>>>>>>>>>>>>>>>>>>>>>>>
23:01:02   Epoch 90 end
23:01:02   duration: 1.65 mins
23:01:02   speed: 1.63 batch / sec
23:01:02   ETA: 14.89 mins
23:01:02   max GPU memory: 28438.7 MiB
23:01:02   ------------------------------
23:01:02   average binary cross entropy: 1.54048e-07
23:01:02   >>>>>>>>>>>>>>>>>>>>>>>>>>>>>>
23:01:02   Epoch 91 begin
23:01:34   >>>>>>>>>>>>>>>>>>>>>>>>>>>>>>
23:01:34   binary cross entropy: 1.49012e-07
23:02:29   >>>>>>>>>>>>>>>>>>>>>>>>>>>>>>
23:02:29   binary cross entropy: 1.3411e-07
23:02:31   >>>>>>>>>>>>>>>>>>>>>>>>>>>>>>
23:02:31   Epoch 91 end
23:02:31   duration: 1.48 mins
23:02:31   speed: 1.83 batch / sec
23:02:31   ETA: 12.53 mins
23:02:31   max GPU memory: 28438.8 MiB
23:02:31   ------------------------------
23:02:31   average binary cross entropy: 1.44734e-07
23:02:31   >>>>>>>>>>>>>>>>>>>>>>>>>>>>>>
23:02:31   Epoch 92 begin
23:03:24   >>>>>>>>>>>>>>>>>>>>>>>>>>>>>>
23:03:24   binary cross entropy: 1.45286e-07
23:03:59   >>>>>>>>>>>>>>>>>>>>>>>>>>>>>>
23:03:59   Epoch 92 end
23:03:59   duration: 1.47 mins
23:03:59   speed: 1.84 batch / sec
23:03:59   ETA: 10.73 mins
23:03:59   max GPU memory: 28438.7 MiB
23:03:59   ------------------------------
23:03:59   average binary cross entropy: 1.24889e-07
23:03:59   >>>>>>>>>>>>>>>>>>>>>>>>>>>>>>
23:03:59   Epoch 93 begin
23:04:18   >>>>>>>>>>>>>>>>>>>>>>>>>>>>>>
23:04:18   binary cross entropy: 1.00583e-07
23:05:13   >>>>>>>>>>>>>>>>>>>>>>>>>>>>>>
23:05:13   binary cross entropy: 1.04308e-07
23:05:27   >>>>>>>>>>>>>>>>>>>>>>>>>>>>>>
23:05:27   Epoch 93 end
23:05:27   duration: 1.48 mins
23:05:27   speed: 1.83 batch / sec
23:05:27   ETA: 9.11 mins
23:05:27   max GPU memory: 28438.8 MiB
23:05:27   ------------------------------
23:05:27   average binary cross entropy: 1.02813e-07
23:05:27   >>>>>>>>>>>>>>>>>>>>>>>>>>>>>>
23:05:27   Epoch 94 begin
23:06:07   >>>>>>>>>>>>>>>>>>>>>>>>>>>>>>
23:06:07   binary cross entropy: 5.96046e-08
23:06:56   >>>>>>>>>>>>>>>>>>>>>>>>>>>>>>
23:06:56   Epoch 94 end
23:06:56   duration: 1.47 mins
23:06:56   speed: 1.84 batch / sec
23:06:56   ETA: 7.55 mins
23:06:56   max GPU memory: 28438.7 MiB
23:06:56   ------------------------------
23:06:56   average binary cross entropy: 8.31291e-08
23:06:56   >>>>>>>>>>>>>>>>>>>>>>>>>>>>>>
23:06:56   Epoch 95 begin
23:07:02   >>>>>>>>>>>>>>>>>>>>>>>>>>>>>>
23:07:02   binary cross entropy: 8.56817e-08
23:07:56   >>>>>>>>>>>>>>>>>>>>>>>>>>>>>>
23:07:56   binary cross entropy: 5.96046e-08
23:08:24   >>>>>>>>>>>>>>>>>>>>>>>>>>>>>>
23:08:24   Epoch 95 end
23:08:24   duration: 1.47 mins
23:08:24   speed: 1.83 batch / sec
23:08:24   ETA: 6.01 mins
23:08:24   max GPU memory: 28438.5 MiB
23:08:24   ------------------------------
23:08:24   average binary cross entropy: 6.67333e-08
23:08:24   >>>>>>>>>>>>>>>>>>>>>>>>>>>>>>
23:08:24   Epoch 96 begin
23:08:51   >>>>>>>>>>>>>>>>>>>>>>>>>>>>>>
23:08:51   binary cross entropy: 8.19564e-08
23:09:45   >>>>>>>>>>>>>>>>>>>>>>>>>>>>>>
23:09:45   binary cross entropy: 5.21541e-08
23:09:52   >>>>>>>>>>>>>>>>>>>>>>>>>>>>>>
23:09:52   Epoch 96 end
23:09:52   duration: 1.47 mins
23:09:52   speed: 1.84 batch / sec
23:09:52   ETA: 4.49 mins
23:09:52   max GPU memory: 28438.8 MiB
23:09:52   ------------------------------
23:09:52   average binary cross entropy: 5.41777e-08
23:09:52   >>>>>>>>>>>>>>>>>>>>>>>>>>>>>>
23:09:52   Epoch 97 begin
23:10:39   >>>>>>>>>>>>>>>>>>>>>>>>>>>>>>
23:10:39   binary cross entropy: 4.84288e-08
23:11:20   >>>>>>>>>>>>>>>>>>>>>>>>>>>>>>
23:11:20   Epoch 97 end
23:11:20   duration: 1.47 mins
23:11:20   speed: 1.83 batch / sec
23:11:20   ETA: 2.99 mins
23:11:20   max GPU memory: 28438.7 MiB
23:11:20   ------------------------------
23:11:20   average binary cross entropy: 4.49794e-08
23:11:20   >>>>>>>>>>>>>>>>>>>>>>>>>>>>>>
23:11:20   Epoch 98 begin
23:11:34   >>>>>>>>>>>>>>>>>>>>>>>>>>>>>>
23:11:34   binary cross entropy: 4.47035e-08
23:12:29   >>>>>>>>>>>>>>>>>>>>>>>>>>>>>>
23:12:29   binary cross entropy: 1.49012e-08
23:12:49   >>>>>>>>>>>>>>>>>>>>>>>>>>>>>>
23:12:49   Epoch 98 end
23:12:49   duration: 1.48 mins
23:12:49   speed: 1.83 batch / sec
23:12:49   ETA: 1.49 mins
23:12:49   max GPU memory: 28438.8 MiB
23:12:49   ------------------------------
23:12:49   average binary cross entropy: 3.76668e-08
23:12:49   >>>>>>>>>>>>>>>>>>>>>>>>>>>>>>
23:12:49   Epoch 99 begin
23:13:23   >>>>>>>>>>>>>>>>>>>>>>>>>>>>>>
23:13:23   binary cross entropy: 4.84288e-08
23:14:17   >>>>>>>>>>>>>>>>>>>>>>>>>>>>>>
23:14:17   Epoch 99 end
23:14:17   duration: 1.47 mins
23:14:17   speed: 1.83 batch / sec
23:14:17   ETA: 0.00 secs
23:14:17   max GPU memory: 28438.6 MiB
23:14:17   ------------------------------
23:14:17   average binary cross entropy: 3.23548e-08
23:14:17   Save checkpoint to /om2/user/oqueen/DeepSurface/esm/BinaryLocalization/models/BinaryLocalization/ESM-2-8m/epoch_1000.pth
23:14:18   >>>>>>>>>>>>>>>>>>>>>>>>>>>>>>
23:14:18   Evaluate on valid
23:14:28   ------------------------------
23:14:28   auprc [localization]: 0.952677
23:14:28   auroc [localization]: 0.959121
23:14:28   Load checkpoint from /om2/user/oqueen/DeepSurface/esm/BinaryLocalization/models/BinaryLocalization/ESM-2-8m/epoch_10.pth
23:14:28   Save checkpoint to /om2/user/oqueen/DeepSurface/esm/BinaryLocalization/models/BinaryLocalization/ESM-2-8m/best.pth
23:14:28   >>>>>>>>>>>>>>>>>>>>>>>>>>>>>>
23:14:28   Evaluate on valid
23:14:38   ------------------------------
23:14:38   auprc [localization]: 0.970266
23:14:38   auroc [localization]: 0.964989
23:14:38   >>>>>>>>>>>>>>>>>>>>>>>>>>>>>>
23:14:38   Evaluate on test
23:14:49   ------------------------------
23:14:49   auprc [localization]: 0.958326
23:14:49   auroc [localization]: 0.952622
