20:44:31   Extracting /om2/user/oqueen/DeepSurface/data/subcellular_localization_2.tar.gz to /om2/user/oqueen/DeepSurface/data
20:44:46   Downloading https://dl.fbaipublicfiles.com/fair-esm/models/esm2_t6_8M_UR50D.pt to /om2/user/oqueen/DeepSurface/esm/BinaryLocalization/esm2_t6_8M_UR50D.pt
20:44:46   Preprocess training set
20:44:48   {'batch_size': 32,
 'class': 'core.Engine',
 'gpus': [0],
 'gradient_interval': 1,
 'log_interval': 100,
 'logger': 'logging',
 'num_worker': 0,
 'optimizer': {'amsgrad': False,
               'betas': (0.9, 0.999),
               'capturable': False,
               'class': 'optim.Adam',
               'differentiable': False,
               'eps': 1e-08,
               'foreach': None,
               'fused': None,
               'lr': 0.0002,
               'maximize': False,
               'weight_decay': 0},
 'scheduler': None,
 'task': {'class': 'tasks.PropertyPrediction',
          'criterion': 'bce',
          'graph_construction_model': None,
          'metric': ('auroc', 'auprc'),
          'mlp_batch_norm': False,
          'mlp_dropout': 0,
          'model': {'class': 'models.CustomModel',
                    'model': 'ESM-2-8m',
                    'path': '/om2/user/oqueen/DeepSurface/esm/BinaryLocalization/',
                    'readout': 'sum'},
          'normalization': False,
          'num_class': None,
          'num_mlp_layer': 2,
          'task': ['localization'],
          'verbose': 0},
 'test_set': {'class': 'dataset.Subset',
              'dataset': {'atom_feature': None,
                          'bond_feature': None,
                          'class': 'datasets.BinaryLocalization',
                          'path': '/om2/user/oqueen/DeepSurface/data/',
                          'residue_feature': 'default',
                          'transform': {'class': 'transforms.Compose',
                                        'transforms': [{'class': 'transforms.TruncateProtein',
                                                        'keys': 'graph',
                                                        'max_length': 1024,
                                                        'random': False},
                                                       {'class': 'transforms.ProteinView',
                                                        'keys': 'graph',
                                                        'view': 'residue'}]},
                          'verbose': 1},
              'indices': range(6913, 8662)},
 'train_set': {'class': 'dataset.Subset',
               'dataset': {'atom_feature': None,
                           'bond_feature': None,
                           'class': 'datasets.BinaryLocalization',
                           'path': '/om2/user/oqueen/DeepSurface/data/',
                           'residue_feature': 'default',
                           'transform': {'class': 'transforms.Compose',
                                         'transforms': [{'class': 'transforms.TruncateProtein',
                                                         'keys': 'graph',
                                                         'max_length': 1024,
                                                         'random': False},
                                                        {'class': 'transforms.ProteinView',
                                                         'keys': 'graph',
                                                         'view': 'residue'}]},
                           'verbose': 1},
               'indices': range(0, 5184)},
 'valid_set': {'class': 'dataset.Subset',
               'dataset': {'atom_feature': None,
                           'bond_feature': None,
                           'class': 'datasets.BinaryLocalization',
                           'path': '/om2/user/oqueen/DeepSurface/data/',
                           'residue_feature': 'default',
                           'transform': {'class': 'transforms.Compose',
                                         'transforms': [{'class': 'transforms.TruncateProtein',
                                                         'keys': 'graph',
                                                         'max_length': 1024,
                                                         'random': False},
                                                        {'class': 'transforms.ProteinView',
                                                         'keys': 'graph',
                                                         'view': 'residue'}]},
                           'verbose': 1},
               'indices': range(5184, 6913)}}
20:44:48   >>>>>>>>>>>>>>>>>>>>>>>>>>>>>>
20:44:48   Epoch 0 begin
20:44:49   >>>>>>>>>>>>>>>>>>>>>>>>>>>>>>
20:44:49   binary cross entropy: 0.700559
20:45:08   >>>>>>>>>>>>>>>>>>>>>>>>>>>>>>
20:45:08   binary cross entropy: 0.625464
20:45:20   >>>>>>>>>>>>>>>>>>>>>>>>>>>>>>
20:45:20   Epoch 0 end
20:45:20   duration: 31.48 secs
20:45:20   speed: 5.15 batch / sec
20:45:20   ETA: 4.72 mins
20:45:20   max GPU memory: 5535.3 MiB
20:45:20   ------------------------------
20:45:20   average binary cross entropy: 0.624649
20:45:20   >>>>>>>>>>>>>>>>>>>>>>>>>>>>>>
20:45:20   Epoch 1 begin
20:45:27   >>>>>>>>>>>>>>>>>>>>>>>>>>>>>>
20:45:27   binary cross entropy: 0.573035
20:45:46   >>>>>>>>>>>>>>>>>>>>>>>>>>>>>>
20:45:46   binary cross entropy: 0.467235
20:45:51   >>>>>>>>>>>>>>>>>>>>>>>>>>>>>>
20:45:51   Epoch 1 end
20:45:51   duration: 30.91 secs
20:45:51   speed: 5.24 batch / sec
20:45:51   ETA: 4.16 mins
20:45:51   max GPU memory: 5535.3 MiB
20:45:51   ------------------------------
20:45:51   average binary cross entropy: 0.513503
20:45:51   >>>>>>>>>>>>>>>>>>>>>>>>>>>>>>
20:45:51   Epoch 2 begin
20:46:05   >>>>>>>>>>>>>>>>>>>>>>>>>>>>>>
20:46:05   binary cross entropy: 0.557142
20:46:22   >>>>>>>>>>>>>>>>>>>>>>>>>>>>>>
20:46:22   Epoch 2 end
20:46:22   duration: 31.01 secs
20:46:22   speed: 5.22 batch / sec
20:46:22   ETA: 3.63 mins
20:46:22   max GPU memory: 5535.2 MiB
20:46:22   ------------------------------
20:46:22   average binary cross entropy: 0.439203
20:46:22   >>>>>>>>>>>>>>>>>>>>>>>>>>>>>>
20:46:22   Epoch 3 begin
20:46:24   >>>>>>>>>>>>>>>>>>>>>>>>>>>>>>
20:46:24   binary cross entropy: 0.429648
20:46:44   >>>>>>>>>>>>>>>>>>>>>>>>>>>>>>
20:46:44   binary cross entropy: 0.309454
20:46:53   >>>>>>>>>>>>>>>>>>>>>>>>>>>>>>
20:46:53   Epoch 3 end
20:46:53   duration: 31.05 secs
20:46:53   speed: 5.22 batch / sec
20:46:53   ETA: 3.11 mins
20:46:53   max GPU memory: 5535.5 MiB
20:46:53   ------------------------------
20:46:53   average binary cross entropy: 0.402638
20:46:53   >>>>>>>>>>>>>>>>>>>>>>>>>>>>>>
20:46:53   Epoch 4 begin
20:47:03   >>>>>>>>>>>>>>>>>>>>>>>>>>>>>>
20:47:03   binary cross entropy: 0.286781
20:47:22   >>>>>>>>>>>>>>>>>>>>>>>>>>>>>>
20:47:22   binary cross entropy: 0.480961
20:47:24   >>>>>>>>>>>>>>>>>>>>>>>>>>>>>>
20:47:24   Epoch 4 end
20:47:24   duration: 31.00 secs
20:47:24   speed: 5.23 batch / sec
20:47:24   ETA: 2.59 mins
20:47:24   max GPU memory: 5535.3 MiB
20:47:24   ------------------------------
20:47:24   average binary cross entropy: 0.38249
20:47:24   >>>>>>>>>>>>>>>>>>>>>>>>>>>>>>
20:47:24   Epoch 5 begin
20:47:41   >>>>>>>>>>>>>>>>>>>>>>>>>>>>>>
20:47:41   binary cross entropy: 0.267949
20:47:55   >>>>>>>>>>>>>>>>>>>>>>>>>>>>>>
20:47:55   Epoch 5 end
20:47:55   duration: 30.96 secs
20:47:55   speed: 5.23 batch / sec
20:47:55   ETA: 2.07 mins
20:47:55   max GPU memory: 5535.3 MiB
20:47:55   ------------------------------
20:47:55   average binary cross entropy: 0.36822
20:47:55   >>>>>>>>>>>>>>>>>>>>>>>>>>>>>>
20:47:55   Epoch 6 begin
20:48:00   >>>>>>>>>>>>>>>>>>>>>>>>>>>>>>
20:48:00   binary cross entropy: 0.385373
20:48:19   >>>>>>>>>>>>>>>>>>>>>>>>>>>>>>
20:48:19   binary cross entropy: 0.380696
20:48:26   >>>>>>>>>>>>>>>>>>>>>>>>>>>>>>
20:48:26   Epoch 6 end
20:48:26   duration: 30.97 secs
20:48:26   speed: 5.23 batch / sec
20:48:26   ETA: 1.55 mins
20:48:26   max GPU memory: 5535.3 MiB
20:48:26   ------------------------------
20:48:26   average binary cross entropy: 0.361134
20:48:26   >>>>>>>>>>>>>>>>>>>>>>>>>>>>>>
20:48:26   Epoch 7 begin
20:48:38   >>>>>>>>>>>>>>>>>>>>>>>>>>>>>>
20:48:38   binary cross entropy: 0.517857
20:48:57   >>>>>>>>>>>>>>>>>>>>>>>>>>>>>>
20:48:57   Epoch 7 end
20:48:57   duration: 31.06 secs
20:48:57   speed: 5.22 batch / sec
20:48:57   ETA: 1.04 mins
20:48:57   max GPU memory: 5535.2 MiB
20:48:57   ------------------------------
20:48:57   average binary cross entropy: 0.351776
20:48:57   >>>>>>>>>>>>>>>>>>>>>>>>>>>>>>
20:48:57   Epoch 8 begin
20:48:58   >>>>>>>>>>>>>>>>>>>>>>>>>>>>>>
20:48:58   binary cross entropy: 0.377523
20:49:16   >>>>>>>>>>>>>>>>>>>>>>>>>>>>>>
20:49:16   binary cross entropy: 0.422657
20:49:27   >>>>>>>>>>>>>>>>>>>>>>>>>>>>>>
20:49:27   Epoch 8 end
20:49:27   duration: 30.69 secs
20:49:27   speed: 5.28 batch / sec
20:49:27   ETA: 31.02 secs
20:49:27   max GPU memory: 5535.4 MiB
20:49:27   ------------------------------
20:49:27   average binary cross entropy: 0.346957
20:49:27   >>>>>>>>>>>>>>>>>>>>>>>>>>>>>>
20:49:27   Epoch 9 begin
20:49:35   >>>>>>>>>>>>>>>>>>>>>>>>>>>>>>
20:49:35   binary cross entropy: 0.212052
20:49:55   >>>>>>>>>>>>>>>>>>>>>>>>>>>>>>
20:49:55   binary cross entropy: 0.202334
20:49:58   >>>>>>>>>>>>>>>>>>>>>>>>>>>>>>
20:49:58   Epoch 9 end
20:49:58   duration: 30.88 secs
20:49:58   speed: 5.25 batch / sec
20:49:58   ETA: 0.00 secs
20:49:58   max GPU memory: 5535.1 MiB
20:49:58   ------------------------------
20:49:58   average binary cross entropy: 0.347133
20:49:58   Save checkpoint to /om2/user/oqueen/DeepSurface/esm/BinaryLocalization/models/BinaryLocalization/ESM-2-8m/epoch_10.pth
20:49:58   >>>>>>>>>>>>>>>>>>>>>>>>>>>>>>
20:49:58   Evaluate on valid
20:50:09   ------------------------------
20:50:09   auprc [localization]: 0.927747
20:50:09   auroc [localization]: 0.915408
20:50:09   >>>>>>>>>>>>>>>>>>>>>>>>>>>>>>
20:50:09   Epoch 10 begin
20:50:24   >>>>>>>>>>>>>>>>>>>>>>>>>>>>>>
20:50:24   binary cross entropy: 0.594342
20:50:39   >>>>>>>>>>>>>>>>>>>>>>>>>>>>>>
20:50:39   Epoch 10 end
20:50:39   duration: 41.31 secs
20:50:39   speed: 3.92 batch / sec
20:50:39   ETA: 6.20 mins
20:50:39   max GPU memory: 5535.5 MiB
20:50:39   ------------------------------
20:50:39   average binary cross entropy: 0.334557
20:50:39   >>>>>>>>>>>>>>>>>>>>>>>>>>>>>>
20:50:39   Epoch 11 begin
20:50:43   >>>>>>>>>>>>>>>>>>>>>>>>>>>>>>
20:50:43   binary cross entropy: 0.451723
20:51:02   >>>>>>>>>>>>>>>>>>>>>>>>>>>>>>
20:51:02   binary cross entropy: 0.358911
20:51:11   >>>>>>>>>>>>>>>>>>>>>>>>>>>>>>
20:51:11   Epoch 11 end
20:51:11   duration: 31.10 secs
20:51:11   speed: 5.21 batch / sec
20:51:11   ETA: 4.83 mins
20:51:11   max GPU memory: 5535.3 MiB
20:51:11   ------------------------------
20:51:11   average binary cross entropy: 0.335882
20:51:11   >>>>>>>>>>>>>>>>>>>>>>>>>>>>>>
20:51:11   Epoch 12 begin
20:51:21   >>>>>>>>>>>>>>>>>>>>>>>>>>>>>>
20:51:21   binary cross entropy: 0.328074
20:51:41   >>>>>>>>>>>>>>>>>>>>>>>>>>>>>>
20:51:41   binary cross entropy: 0.470776
20:51:42   >>>>>>>>>>>>>>>>>>>>>>>>>>>>>>
20:51:42   Epoch 12 end
20:51:42   duration: 30.97 secs
20:51:42   speed: 5.23 batch / sec
20:51:42   ETA: 4.02 mins
20:51:42   max GPU memory: 5535.2 MiB
20:51:42   ------------------------------
20:51:42   average binary cross entropy: 0.326983
20:51:42   >>>>>>>>>>>>>>>>>>>>>>>>>>>>>>
20:51:42   Epoch 13 begin
20:52:00   >>>>>>>>>>>>>>>>>>>>>>>>>>>>>>
20:52:00   binary cross entropy: 0.288119
20:52:13   >>>>>>>>>>>>>>>>>>>>>>>>>>>>>>
20:52:13   Epoch 13 end
20:52:13   duration: 30.96 secs
20:52:13   speed: 5.23 batch / sec
20:52:13   ETA: 3.36 mins
20:52:13   max GPU memory: 5535.5 MiB
20:52:13   ------------------------------
20:52:13   average binary cross entropy: 0.32568
20:52:13   >>>>>>>>>>>>>>>>>>>>>>>>>>>>>>
20:52:13   Epoch 14 begin
20:52:19   >>>>>>>>>>>>>>>>>>>>>>>>>>>>>>
20:52:19   binary cross entropy: 0.291595
20:52:38   >>>>>>>>>>>>>>>>>>>>>>>>>>>>>>
20:52:38   binary cross entropy: 0.22575
20:52:44   >>>>>>>>>>>>>>>>>>>>>>>>>>>>>>
20:52:44   Epoch 14 end
20:52:44   duration: 31.02 secs
20:52:44   speed: 5.22 batch / sec
20:52:44   ETA: 2.76 mins
20:52:44   max GPU memory: 5535.5 MiB
20:52:44   ------------------------------
20:52:44   average binary cross entropy: 0.323635
20:52:44   >>>>>>>>>>>>>>>>>>>>>>>>>>>>>>
20:52:44   Epoch 15 begin
20:52:57   >>>>>>>>>>>>>>>>>>>>>>>>>>>>>>
20:52:57   binary cross entropy: 0.368909
20:53:14   >>>>>>>>>>>>>>>>>>>>>>>>>>>>>>
20:53:14   Epoch 15 end
20:53:14   duration: 30.88 secs
20:53:14   speed: 5.25 batch / sec
20:53:14   ETA: 2.18 mins
20:53:14   max GPU memory: 5535.2 MiB
20:53:14   ------------------------------
20:53:14   average binary cross entropy: 0.319684
20:53:14   >>>>>>>>>>>>>>>>>>>>>>>>>>>>>>
20:53:14   Epoch 16 begin
20:53:16   >>>>>>>>>>>>>>>>>>>>>>>>>>>>>>
20:53:16   binary cross entropy: 0.262779
20:53:35   >>>>>>>>>>>>>>>>>>>>>>>>>>>>>>
20:53:35   binary cross entropy: 0.446385
20:53:45   >>>>>>>>>>>>>>>>>>>>>>>>>>>>>>
20:53:45   Epoch 16 end
20:53:45   duration: 30.98 secs
20:53:45   speed: 5.23 batch / sec
20:53:45   ETA: 1.62 mins
20:53:45   max GPU memory: 5535.2 MiB
20:53:45   ------------------------------
20:53:45   average binary cross entropy: 0.317082
20:53:45   >>>>>>>>>>>>>>>>>>>>>>>>>>>>>>
20:53:45   Epoch 17 begin
20:53:54   >>>>>>>>>>>>>>>>>>>>>>>>>>>>>>
20:53:54   binary cross entropy: 0.352935
20:54:13   >>>>>>>>>>>>>>>>>>>>>>>>>>>>>>
20:54:13   binary cross entropy: 0.209735
20:54:16   >>>>>>>>>>>>>>>>>>>>>>>>>>>>>>
20:54:16   Epoch 17 end
20:54:16   duration: 30.97 secs
20:54:16   speed: 5.23 batch / sec
20:54:16   ETA: 1.08 mins
20:54:16   max GPU memory: 5535.4 MiB
20:54:16   ------------------------------
20:54:16   average binary cross entropy: 0.313274
20:54:16   >>>>>>>>>>>>>>>>>>>>>>>>>>>>>>
20:54:16   Epoch 18 begin
20:54:33   >>>>>>>>>>>>>>>>>>>>>>>>>>>>>>
20:54:33   binary cross entropy: 0.182504
20:54:47   >>>>>>>>>>>>>>>>>>>>>>>>>>>>>>
20:54:47   Epoch 18 end
20:54:47   duration: 31.04 secs
20:54:47   speed: 5.22 batch / sec
20:54:47   ETA: 32.14 secs
20:54:47   max GPU memory: 5535.4 MiB
20:54:47   ------------------------------
20:54:47   average binary cross entropy: 0.312583
20:54:47   >>>>>>>>>>>>>>>>>>>>>>>>>>>>>>
20:54:47   Epoch 19 begin
20:54:52   >>>>>>>>>>>>>>>>>>>>>>>>>>>>>>
20:54:52   binary cross entropy: 0.330957
20:55:11   >>>>>>>>>>>>>>>>>>>>>>>>>>>>>>
20:55:11   binary cross entropy: 0.314296
20:55:18   >>>>>>>>>>>>>>>>>>>>>>>>>>>>>>
20:55:18   Epoch 19 end
20:55:18   duration: 30.92 secs
20:55:18   speed: 5.24 batch / sec
20:55:18   ETA: 0.00 secs
20:55:18   max GPU memory: 5535.3 MiB
20:55:18   ------------------------------
20:55:18   average binary cross entropy: 0.310686
20:55:18   Save checkpoint to /om2/user/oqueen/DeepSurface/esm/BinaryLocalization/models/BinaryLocalization/ESM-2-8m/epoch_40.pth
20:55:18   >>>>>>>>>>>>>>>>>>>>>>>>>>>>>>
20:55:18   Evaluate on valid
20:55:29   ------------------------------
20:55:29   auprc [localization]: 0.937052
20:55:29   auroc [localization]: 0.925901
20:55:29   >>>>>>>>>>>>>>>>>>>>>>>>>>>>>>
20:55:29   Epoch 20 begin
20:55:40   >>>>>>>>>>>>>>>>>>>>>>>>>>>>>>
20:55:40   binary cross entropy: 0.214341
20:56:00   >>>>>>>>>>>>>>>>>>>>>>>>>>>>>>
20:56:00   binary cross entropy: 0.51806
20:56:00   >>>>>>>>>>>>>>>>>>>>>>>>>>>>>>
20:56:00   Epoch 20 end
20:56:00   duration: 41.43 secs
20:56:00   speed: 3.91 batch / sec
20:56:00   ETA: 6.21 mins
20:56:00   max GPU memory: 5535.6 MiB
20:56:00   ------------------------------
20:56:00   average binary cross entropy: 0.307083
20:56:00   >>>>>>>>>>>>>>>>>>>>>>>>>>>>>>
20:56:00   Epoch 21 begin
20:56:19   >>>>>>>>>>>>>>>>>>>>>>>>>>>>>>
20:56:19   binary cross entropy: 0.483133
20:56:31   >>>>>>>>>>>>>>>>>>>>>>>>>>>>>>
20:56:31   Epoch 21 end
20:56:31   duration: 31.08 secs
20:56:31   speed: 5.21 batch / sec
20:56:31   ETA: 4.83 mins
20:56:31   max GPU memory: 5536.4 MiB
20:56:31   ------------------------------
20:56:31   average binary cross entropy: 0.30744
20:56:31   >>>>>>>>>>>>>>>>>>>>>>>>>>>>>>
20:56:31   Epoch 22 begin
20:56:38   >>>>>>>>>>>>>>>>>>>>>>>>>>>>>>
20:56:38   binary cross entropy: 0.303518
20:56:57   >>>>>>>>>>>>>>>>>>>>>>>>>>>>>>
20:56:57   binary cross entropy: 0.287286
20:57:02   >>>>>>>>>>>>>>>>>>>>>>>>>>>>>>
20:57:02   Epoch 22 end
20:57:02   duration: 30.93 secs
20:57:02   speed: 5.24 batch / sec
20:57:02   ETA: 4.02 mins
20:57:02   max GPU memory: 5535.2 MiB
20:57:02   ------------------------------
20:57:02   average binary cross entropy: 0.30368
20:57:02   >>>>>>>>>>>>>>>>>>>>>>>>>>>>>>
20:57:02   Epoch 23 begin
20:57:16   >>>>>>>>>>>>>>>>>>>>>>>>>>>>>>
20:57:16   binary cross entropy: 0.278431
20:57:33   >>>>>>>>>>>>>>>>>>>>>>>>>>>>>>
20:57:33   Epoch 23 end
20:57:33   duration: 30.87 secs
20:57:33   speed: 5.25 batch / sec
20:57:33   ETA: 3.36 mins
20:57:33   max GPU memory: 5535.4 MiB
20:57:33   ------------------------------
20:57:33   average binary cross entropy: 0.301211
20:57:33   >>>>>>>>>>>>>>>>>>>>>>>>>>>>>>
20:57:33   Epoch 24 begin
20:57:35   >>>>>>>>>>>>>>>>>>>>>>>>>>>>>>
20:57:35   binary cross entropy: 0.373795
20:57:54   >>>>>>>>>>>>>>>>>>>>>>>>>>>>>>
20:57:54   binary cross entropy: 0.336721
20:58:03   >>>>>>>>>>>>>>>>>>>>>>>>>>>>>>
20:58:03   Epoch 24 end
20:58:03   duration: 30.82 secs
20:58:03   speed: 5.26 batch / sec
20:58:03   ETA: 2.75 mins
20:58:03   max GPU memory: 5535.2 MiB
20:58:03   ------------------------------
20:58:03   average binary cross entropy: 0.29721
20:58:03   >>>>>>>>>>>>>>>>>>>>>>>>>>>>>>
20:58:03   Epoch 25 begin
20:58:13   >>>>>>>>>>>>>>>>>>>>>>>>>>>>>>
20:58:13   binary cross entropy: 0.316481
20:58:33   >>>>>>>>>>>>>>>>>>>>>>>>>>>>>>
20:58:33   binary cross entropy: 0.27899
20:58:35   >>>>>>>>>>>>>>>>>>>>>>>>>>>>>>
20:58:35   Epoch 25 end
20:58:35   duration: 31.18 secs
20:58:35   speed: 5.20 batch / sec
20:58:35   ETA: 2.18 mins
20:58:35   max GPU memory: 5535.2 MiB
20:58:35   ------------------------------
20:58:35   average binary cross entropy: 0.296317
20:58:35   >>>>>>>>>>>>>>>>>>>>>>>>>>>>>>
20:58:35   Epoch 26 begin
20:58:52   >>>>>>>>>>>>>>>>>>>>>>>>>>>>>>
20:58:52   binary cross entropy: 0.273108
20:59:06   >>>>>>>>>>>>>>>>>>>>>>>>>>>>>>
20:59:06   Epoch 26 end
20:59:06   duration: 31.03 secs
20:59:06   speed: 5.22 batch / sec
20:59:06   ETA: 1.62 mins
20:59:06   max GPU memory: 5535.3 MiB
20:59:06   ------------------------------
20:59:06   average binary cross entropy: 0.294732
20:59:06   >>>>>>>>>>>>>>>>>>>>>>>>>>>>>>
20:59:06   Epoch 27 begin
20:59:11   >>>>>>>>>>>>>>>>>>>>>>>>>>>>>>
20:59:11   binary cross entropy: 0.199231
20:59:30   >>>>>>>>>>>>>>>>>>>>>>>>>>>>>>
20:59:30   binary cross entropy: 0.208746
20:59:37   >>>>>>>>>>>>>>>>>>>>>>>>>>>>>>
20:59:37   Epoch 27 end
20:59:37   duration: 31.09 secs
20:59:37   speed: 5.21 batch / sec
20:59:37   ETA: 1.08 mins
20:59:37   max GPU memory: 5535.3 MiB
20:59:37   ------------------------------
20:59:37   average binary cross entropy: 0.290656
20:59:37   >>>>>>>>>>>>>>>>>>>>>>>>>>>>>>
20:59:37   Epoch 28 begin
20:59:49   >>>>>>>>>>>>>>>>>>>>>>>>>>>>>>
20:59:49   binary cross entropy: 0.201767
21:00:08   >>>>>>>>>>>>>>>>>>>>>>>>>>>>>>
21:00:08   Epoch 28 end
21:00:08   duration: 31.02 secs
21:00:08   speed: 5.22 batch / sec
21:00:08   ETA: 32.16 secs
21:00:08   max GPU memory: 5535.3 MiB
21:00:08   ------------------------------
21:00:08   average binary cross entropy: 0.288235
21:00:08   >>>>>>>>>>>>>>>>>>>>>>>>>>>>>>
21:00:08   Epoch 29 begin
21:00:08   >>>>>>>>>>>>>>>>>>>>>>>>>>>>>>
21:00:08   binary cross entropy: 0.225028
21:00:28   >>>>>>>>>>>>>>>>>>>>>>>>>>>>>>
21:00:28   binary cross entropy: 0.124097
21:00:39   >>>>>>>>>>>>>>>>>>>>>>>>>>>>>>
21:00:39   Epoch 29 end
21:00:39   duration: 30.89 secs
21:00:39   speed: 5.24 batch / sec
21:00:39   ETA: 0.00 secs
21:00:39   max GPU memory: 5535.3 MiB
21:00:39   ------------------------------
21:00:39   average binary cross entropy: 0.288759
21:00:39   Save checkpoint to /om2/user/oqueen/DeepSurface/esm/BinaryLocalization/models/BinaryLocalization/ESM-2-8m/epoch_90.pth
21:00:39   >>>>>>>>>>>>>>>>>>>>>>>>>>>>>>
21:00:39   Evaluate on valid
21:00:49   ------------------------------
21:00:49   auprc [localization]: 0.941872
21:00:49   auroc [localization]: 0.931168
21:00:49   >>>>>>>>>>>>>>>>>>>>>>>>>>>>>>
21:00:49   Epoch 30 begin
21:00:57   >>>>>>>>>>>>>>>>>>>>>>>>>>>>>>
21:00:57   binary cross entropy: 0.175986
21:01:16   >>>>>>>>>>>>>>>>>>>>>>>>>>>>>>
21:01:16   binary cross entropy: 0.469298
21:01:20   >>>>>>>>>>>>>>>>>>>>>>>>>>>>>>
21:01:20   Epoch 30 end
21:01:20   duration: 41.42 secs
21:01:20   speed: 3.91 batch / sec
21:01:20   ETA: 6.21 mins
21:01:20   max GPU memory: 5535.5 MiB
21:01:20   ------------------------------
21:01:20   average binary cross entropy: 0.287357
21:01:20   >>>>>>>>>>>>>>>>>>>>>>>>>>>>>>
21:01:20   Epoch 31 begin
21:01:35   >>>>>>>>>>>>>>>>>>>>>>>>>>>>>>
21:01:35   binary cross entropy: 0.338862
21:01:51   >>>>>>>>>>>>>>>>>>>>>>>>>>>>>>
21:01:51   Epoch 31 end
21:01:51   duration: 30.90 secs
21:01:51   speed: 5.24 batch / sec
21:01:51   ETA: 4.82 mins
21:01:51   max GPU memory: 5535.3 MiB
21:01:51   ------------------------------
21:01:51   average binary cross entropy: 0.282797
21:01:51   >>>>>>>>>>>>>>>>>>>>>>>>>>>>>>
21:01:51   Epoch 32 begin
21:01:54   >>>>>>>>>>>>>>>>>>>>>>>>>>>>>>
21:01:54   binary cross entropy: 0.264279
21:02:13   >>>>>>>>>>>>>>>>>>>>>>>>>>>>>>
21:02:13   binary cross entropy: 0.401236
21:02:22   >>>>>>>>>>>>>>>>>>>>>>>>>>>>>>
21:02:22   Epoch 32 end
21:02:22   duration: 31.02 secs
21:02:22   speed: 5.22 batch / sec
21:02:22   ETA: 4.02 mins
21:02:22   max GPU memory: 5535.2 MiB
21:02:22   ------------------------------
21:02:22   average binary cross entropy: 0.285454
21:02:22   >>>>>>>>>>>>>>>>>>>>>>>>>>>>>>
21:02:22   Epoch 33 begin
21:02:33   >>>>>>>>>>>>>>>>>>>>>>>>>>>>>>
21:02:33   binary cross entropy: 0.288409
21:02:52   >>>>>>>>>>>>>>>>>>>>>>>>>>>>>>
21:02:52   binary cross entropy: 0.234345
21:02:53   >>>>>>>>>>>>>>>>>>>>>>>>>>>>>>
21:02:53   Epoch 33 end
21:02:53   duration: 31.04 secs
21:02:53   speed: 5.22 batch / sec
21:02:53   ETA: 3.36 mins
21:02:53   max GPU memory: 5535.2 MiB
21:02:53   ------------------------------
21:02:53   average binary cross entropy: 0.284194
21:02:53   >>>>>>>>>>>>>>>>>>>>>>>>>>>>>>
21:02:53   Epoch 34 begin
21:03:11   >>>>>>>>>>>>>>>>>>>>>>>>>>>>>>
21:03:11   binary cross entropy: 0.209451
21:03:24   >>>>>>>>>>>>>>>>>>>>>>>>>>>>>>
21:03:24   Epoch 34 end
21:03:24   duration: 31.16 secs
21:03:24   speed: 5.20 batch / sec
21:03:24   ETA: 2.76 mins
21:03:24   max GPU memory: 5535.2 MiB
21:03:24   ------------------------------
21:03:24   average binary cross entropy: 0.279238
21:03:24   >>>>>>>>>>>>>>>>>>>>>>>>>>>>>>
21:03:24   Epoch 35 begin
21:03:30   >>>>>>>>>>>>>>>>>>>>>>>>>>>>>>
21:03:30   binary cross entropy: 0.221249
21:03:49   >>>>>>>>>>>>>>>>>>>>>>>>>>>>>>
21:03:49   binary cross entropy: 0.314927
21:03:55   >>>>>>>>>>>>>>>>>>>>>>>>>>>>>>
21:03:55   Epoch 35 end
21:03:55   duration: 30.83 secs
21:03:55   speed: 5.25 batch / sec
21:03:55   ETA: 2.18 mins
21:03:55   max GPU memory: 5535.4 MiB
21:03:55   ------------------------------
21:03:55   average binary cross entropy: 0.277351
21:03:55   >>>>>>>>>>>>>>>>>>>>>>>>>>>>>>
21:03:55   Epoch 36 begin
21:04:08   >>>>>>>>>>>>>>>>>>>>>>>>>>>>>>
21:04:08   binary cross entropy: 0.402349
21:04:26   >>>>>>>>>>>>>>>>>>>>>>>>>>>>>>
21:04:26   Epoch 36 end
21:04:26   duration: 30.89 secs
21:04:26   speed: 5.24 batch / sec
21:04:26   ETA: 1.62 mins
21:04:26   max GPU memory: 5535.3 MiB
21:04:26   ------------------------------
21:04:26   average binary cross entropy: 0.278071
21:04:26   >>>>>>>>>>>>>>>>>>>>>>>>>>>>>>
21:04:26   Epoch 37 begin
21:04:27   >>>>>>>>>>>>>>>>>>>>>>>>>>>>>>
21:04:27   binary cross entropy: 0.432419
21:04:46   >>>>>>>>>>>>>>>>>>>>>>>>>>>>>>
21:04:46   binary cross entropy: 0.415954
21:04:57   >>>>>>>>>>>>>>>>>>>>>>>>>>>>>>
21:04:57   Epoch 37 end
21:04:57   duration: 30.93 secs
21:04:57   speed: 5.24 batch / sec
21:04:57   ETA: 1.08 mins
21:04:57   max GPU memory: 5535.2 MiB
21:04:57   ------------------------------
21:04:57   average binary cross entropy: 0.274712
21:04:57   >>>>>>>>>>>>>>>>>>>>>>>>>>>>>>
21:04:57   Epoch 38 begin
21:05:05   >>>>>>>>>>>>>>>>>>>>>>>>>>>>>>
21:05:05   binary cross entropy: 0.262112
21:05:25   >>>>>>>>>>>>>>>>>>>>>>>>>>>>>>
21:05:25   binary cross entropy: 0.371279
21:05:28   >>>>>>>>>>>>>>>>>>>>>>>>>>>>>>
21:05:28   Epoch 38 end
21:05:28   duration: 30.99 secs
21:05:28   speed: 5.23 batch / sec
21:05:28   ETA: 32.13 secs
21:05:28   max GPU memory: 5535.4 MiB
21:05:28   ------------------------------
21:05:28   average binary cross entropy: 0.271357
21:05:28   >>>>>>>>>>>>>>>>>>>>>>>>>>>>>>
21:05:28   Epoch 39 begin
21:05:44   >>>>>>>>>>>>>>>>>>>>>>>>>>>>>>
21:05:44   binary cross entropy: 0.167414
21:05:59   >>>>>>>>>>>>>>>>>>>>>>>>>>>>>>
21:05:59   Epoch 39 end
21:05:59   duration: 30.93 secs
21:05:59   speed: 5.24 batch / sec
21:05:59   ETA: 0.00 secs
21:05:59   max GPU memory: 5535.5 MiB
21:05:59   ------------------------------
21:05:59   average binary cross entropy: 0.267237
21:05:59   Save checkpoint to /om2/user/oqueen/DeepSurface/esm/BinaryLocalization/models/BinaryLocalization/ESM-2-8m/epoch_160.pth
21:05:59   >>>>>>>>>>>>>>>>>>>>>>>>>>>>>>
21:05:59   Evaluate on valid
21:06:09   ------------------------------
21:06:09   auprc [localization]: 0.946296
21:06:09   auroc [localization]: 0.935613
21:06:09   >>>>>>>>>>>>>>>>>>>>>>>>>>>>>>
21:06:09   Epoch 40 begin
21:06:13   >>>>>>>>>>>>>>>>>>>>>>>>>>>>>>
21:06:13   binary cross entropy: 0.229514
21:06:32   >>>>>>>>>>>>>>>>>>>>>>>>>>>>>>
21:06:32   binary cross entropy: 0.367203
21:06:40   >>>>>>>>>>>>>>>>>>>>>>>>>>>>>>
21:06:40   Epoch 40 end
21:06:40   duration: 41.44 secs
21:06:40   speed: 3.91 batch / sec
21:06:40   ETA: 6.22 mins
21:06:40   max GPU memory: 5535.5 MiB
21:06:40   ------------------------------
21:06:40   average binary cross entropy: 0.270403
21:06:40   >>>>>>>>>>>>>>>>>>>>>>>>>>>>>>
21:06:40   Epoch 41 begin
21:06:52   >>>>>>>>>>>>>>>>>>>>>>>>>>>>>>
21:06:52   binary cross entropy: 0.257341
21:07:11   >>>>>>>>>>>>>>>>>>>>>>>>>>>>>>
21:07:11   binary cross entropy: 0.207429
21:07:11   >>>>>>>>>>>>>>>>>>>>>>>>>>>>>>
21:07:11   Epoch 41 end
21:07:11   duration: 30.98 secs
21:07:11   speed: 5.23 batch / sec
21:07:11   ETA: 4.83 mins
21:07:11   max GPU memory: 5535.3 MiB
21:07:11   ------------------------------
21:07:11   average binary cross entropy: 0.26569
21:07:11   >>>>>>>>>>>>>>>>>>>>>>>>>>>>>>
21:07:11   Epoch 42 begin
21:07:30   >>>>>>>>>>>>>>>>>>>>>>>>>>>>>>
21:07:30   binary cross entropy: 0.189404
21:07:42   >>>>>>>>>>>>>>>>>>>>>>>>>>>>>>
21:07:42   Epoch 42 end
21:07:42   duration: 30.83 secs
21:07:42   speed: 5.25 batch / sec
21:07:42   ETA: 4.02 mins
21:07:42   max GPU memory: 5535.1 MiB
21:07:42   ------------------------------
21:07:42   average binary cross entropy: 0.264926
21:07:42   >>>>>>>>>>>>>>>>>>>>>>>>>>>>>>
21:07:42   Epoch 43 begin
21:07:49   >>>>>>>>>>>>>>>>>>>>>>>>>>>>>>
21:07:49   binary cross entropy: 0.183841
21:08:08   >>>>>>>>>>>>>>>>>>>>>>>>>>>>>>
21:08:08   binary cross entropy: 0.297053
21:08:13   >>>>>>>>>>>>>>>>>>>>>>>>>>>>>>
21:08:13   Epoch 43 end
21:08:13   duration: 30.99 secs
21:08:13   speed: 5.23 batch / sec
21:08:13   ETA: 3.36 mins
21:08:13   max GPU memory: 5535.3 MiB
21:08:13   ------------------------------
21:08:13   average binary cross entropy: 0.267237
21:08:13   >>>>>>>>>>>>>>>>>>>>>>>>>>>>>>
21:08:13   Epoch 44 begin
21:08:27   >>>>>>>>>>>>>>>>>>>>>>>>>>>>>>
21:08:27   binary cross entropy: 0.274121
21:08:44   >>>>>>>>>>>>>>>>>>>>>>>>>>>>>>
21:08:44   Epoch 44 end
21:08:44   duration: 30.93 secs
21:08:44   speed: 5.24 batch / sec
21:08:44   ETA: 2.75 mins
21:08:44   max GPU memory: 5535.4 MiB
21:08:44   ------------------------------
21:08:44   average binary cross entropy: 0.26194
21:08:44   >>>>>>>>>>>>>>>>>>>>>>>>>>>>>>
21:08:44   Epoch 45 begin
21:08:46   >>>>>>>>>>>>>>>>>>>>>>>>>>>>>>
21:08:46   binary cross entropy: 0.0999993
21:09:05   >>>>>>>>>>>>>>>>>>>>>>>>>>>>>>
21:09:05   binary cross entropy: 0.263295
21:09:15   >>>>>>>>>>>>>>>>>>>>>>>>>>>>>>
21:09:15   Epoch 45 end
21:09:15   duration: 30.88 secs
21:09:15   speed: 5.25 batch / sec
21:09:15   ETA: 2.18 mins
21:09:15   max GPU memory: 5535.5 MiB
21:09:15   ------------------------------
21:09:15   average binary cross entropy: 0.260295
21:09:15   >>>>>>>>>>>>>>>>>>>>>>>>>>>>>>
21:09:15   Epoch 46 begin
21:09:24   >>>>>>>>>>>>>>>>>>>>>>>>>>>>>>
21:09:24   binary cross entropy: 0.311864
21:09:43   >>>>>>>>>>>>>>>>>>>>>>>>>>>>>>
21:09:43   binary cross entropy: 0.18194
21:09:46   >>>>>>>>>>>>>>>>>>>>>>>>>>>>>>
21:09:46   Epoch 46 end
21:09:46   duration: 31.00 secs
21:09:46   speed: 5.23 batch / sec
21:09:46   ETA: 1.62 mins
21:09:46   max GPU memory: 5535.3 MiB
21:09:46   ------------------------------
21:09:46   average binary cross entropy: 0.26159
21:09:46   >>>>>>>>>>>>>>>>>>>>>>>>>>>>>>
21:09:46   Epoch 47 begin
21:10:02   >>>>>>>>>>>>>>>>>>>>>>>>>>>>>>
21:10:02   binary cross entropy: 0.306466
21:10:17   >>>>>>>>>>>>>>>>>>>>>>>>>>>>>>
21:10:17   Epoch 47 end
21:10:17   duration: 30.82 secs
21:10:17   speed: 5.26 batch / sec
21:10:17   ETA: 1.07 mins
21:10:17   max GPU memory: 5536.2 MiB
21:10:17   ------------------------------
21:10:17   average binary cross entropy: 0.257612
21:10:17   >>>>>>>>>>>>>>>>>>>>>>>>>>>>>>
21:10:17   Epoch 48 begin
21:10:21   >>>>>>>>>>>>>>>>>>>>>>>>>>>>>>
21:10:21   binary cross entropy: 0.247863
21:10:41   >>>>>>>>>>>>>>>>>>>>>>>>>>>>>>
21:10:41   binary cross entropy: 0.170784
21:10:48   >>>>>>>>>>>>>>>>>>>>>>>>>>>>>>
21:10:48   Epoch 48 end
21:10:48   duration: 30.91 secs
21:10:48   speed: 5.24 batch / sec
21:10:48   ETA: 32.09 secs
21:10:48   max GPU memory: 5535.3 MiB
21:10:48   ------------------------------
21:10:48   average binary cross entropy: 0.254528
21:10:48   >>>>>>>>>>>>>>>>>>>>>>>>>>>>>>
21:10:48   Epoch 49 begin
21:11:00   >>>>>>>>>>>>>>>>>>>>>>>>>>>>>>
21:11:00   binary cross entropy: 0.159859
21:11:19   >>>>>>>>>>>>>>>>>>>>>>>>>>>>>>
21:11:19   Epoch 49 end
21:11:19   duration: 30.97 secs
21:11:19   speed: 5.23 batch / sec
21:11:19   ETA: 0.00 secs
21:11:19   max GPU memory: 5535.2 MiB
21:11:19   ------------------------------
21:11:19   average binary cross entropy: 0.252119
21:11:19   Save checkpoint to /om2/user/oqueen/DeepSurface/esm/BinaryLocalization/models/BinaryLocalization/ESM-2-8m/epoch_250.pth
21:11:19   >>>>>>>>>>>>>>>>>>>>>>>>>>>>>>
21:11:19   Evaluate on valid
21:11:29   ------------------------------
21:11:29   auprc [localization]: 0.949406
21:11:29   auroc [localization]: 0.938456
21:11:29   >>>>>>>>>>>>>>>>>>>>>>>>>>>>>>
21:11:29   Epoch 50 begin
21:11:29   >>>>>>>>>>>>>>>>>>>>>>>>>>>>>>
21:11:29   binary cross entropy: 0.337791
21:11:48   >>>>>>>>>>>>>>>>>>>>>>>>>>>>>>
21:11:48   binary cross entropy: 0.20158
21:12:00   >>>>>>>>>>>>>>>>>>>>>>>>>>>>>>
21:12:00   Epoch 50 end
21:12:00   duration: 41.42 secs
21:12:00   speed: 3.91 batch / sec
21:12:00   ETA: 6.21 mins
21:12:00   max GPU memory: 5535.5 MiB
21:12:00   ------------------------------
21:12:00   average binary cross entropy: 0.251987
21:12:00   >>>>>>>>>>>>>>>>>>>>>>>>>>>>>>
21:12:00   Epoch 51 begin
21:12:07   >>>>>>>>>>>>>>>>>>>>>>>>>>>>>>
21:12:07   binary cross entropy: 0.33425
21:12:27   >>>>>>>>>>>>>>>>>>>>>>>>>>>>>>
21:12:27   binary cross entropy: 0.134487
21:12:31   >>>>>>>>>>>>>>>>>>>>>>>>>>>>>>
21:12:31   Epoch 51 end
21:12:31   duration: 31.03 secs
21:12:31   speed: 5.22 batch / sec
21:12:31   ETA: 4.83 mins
21:12:31   max GPU memory: 5535.3 MiB
21:12:31   ------------------------------
21:12:31   average binary cross entropy: 0.254528
21:12:31   >>>>>>>>>>>>>>>>>>>>>>>>>>>>>>
21:12:31   Epoch 52 begin
21:12:46   >>>>>>>>>>>>>>>>>>>>>>>>>>>>>>
21:12:46   binary cross entropy: 0.244105
21:13:02   >>>>>>>>>>>>>>>>>>>>>>>>>>>>>>
21:13:02   Epoch 52 end
21:13:02   duration: 30.84 secs
21:13:02   speed: 5.25 batch / sec
21:13:02   ETA: 4.02 mins
21:13:02   max GPU memory: 5535.3 MiB
21:13:02   ------------------------------
21:13:02   average binary cross entropy: 0.252988
21:13:02   >>>>>>>>>>>>>>>>>>>>>>>>>>>>>>
21:13:02   Epoch 53 begin
21:13:05   >>>>>>>>>>>>>>>>>>>>>>>>>>>>>>
21:13:05   binary cross entropy: 0.206594
21:13:24   >>>>>>>>>>>>>>>>>>>>>>>>>>>>>>
21:13:24   binary cross entropy: 0.261253
21:13:33   >>>>>>>>>>>>>>>>>>>>>>>>>>>>>>
21:13:33   Epoch 53 end
21:13:33   duration: 30.91 secs
21:13:33   speed: 5.24 batch / sec
21:13:33   ETA: 3.36 mins
21:13:33   max GPU memory: 5535.0 MiB
21:13:33   ------------------------------
21:13:33   average binary cross entropy: 0.247659
21:13:33   >>>>>>>>>>>>>>>>>>>>>>>>>>>>>>
21:13:33   Epoch 54 begin
21:13:43   >>>>>>>>>>>>>>>>>>>>>>>>>>>>>>
21:13:43   binary cross entropy: 0.246158
21:14:02   >>>>>>>>>>>>>>>>>>>>>>>>>>>>>>
21:14:02   binary cross entropy: 0.16911
21:14:04   >>>>>>>>>>>>>>>>>>>>>>>>>>>>>>
21:14:04   Epoch 54 end
21:14:04   duration: 30.95 secs
21:14:04   speed: 5.23 batch / sec
21:14:04   ETA: 2.75 mins
21:14:04   max GPU memory: 5535.2 MiB
21:14:04   ------------------------------
21:14:04   average binary cross entropy: 0.248523
21:14:04   >>>>>>>>>>>>>>>>>>>>>>>>>>>>>>
21:14:04   Epoch 55 begin
21:14:21   >>>>>>>>>>>>>>>>>>>>>>>>>>>>>>
21:14:21   binary cross entropy: 0.240416
21:14:35   >>>>>>>>>>>>>>>>>>>>>>>>>>>>>>
21:14:35   Epoch 55 end
21:14:35   duration: 30.91 secs
21:14:35   speed: 5.24 batch / sec
21:14:35   ETA: 2.18 mins
21:14:35   max GPU memory: 5535.5 MiB
21:14:35   ------------------------------
21:14:35   average binary cross entropy: 0.250548
21:14:35   >>>>>>>>>>>>>>>>>>>>>>>>>>>>>>
21:14:35   Epoch 56 begin
21:14:40   >>>>>>>>>>>>>>>>>>>>>>>>>>>>>>
21:14:40   binary cross entropy: 0.172991
21:14:59   >>>>>>>>>>>>>>>>>>>>>>>>>>>>>>
21:14:59   binary cross entropy: 0.280942
21:15:06   >>>>>>>>>>>>>>>>>>>>>>>>>>>>>>
21:15:06   Epoch 56 end
21:15:06   duration: 30.94 secs
21:15:06   speed: 5.24 batch / sec
21:15:06   ETA: 1.62 mins
21:15:06   max GPU memory: 5535.3 MiB
21:15:06   ------------------------------
21:15:06   average binary cross entropy: 0.244285
21:15:06   >>>>>>>>>>>>>>>>>>>>>>>>>>>>>>
21:15:06   Epoch 57 begin
21:15:18   >>>>>>>>>>>>>>>>>>>>>>>>>>>>>>
21:15:18   binary cross entropy: 0.265412
21:15:37   >>>>>>>>>>>>>>>>>>>>>>>>>>>>>>
21:15:37   Epoch 57 end
21:15:37   duration: 31.03 secs
21:15:37   speed: 5.22 batch / sec
21:15:37   ETA: 1.08 mins
21:15:37   max GPU memory: 5535.3 MiB
21:15:37   ------------------------------
21:15:37   average binary cross entropy: 0.241633
21:15:37   >>>>>>>>>>>>>>>>>>>>>>>>>>>>>>
21:15:37   Epoch 58 begin
21:15:37   >>>>>>>>>>>>>>>>>>>>>>>>>>>>>>
21:15:37   binary cross entropy: 0.208642
21:15:56   >>>>>>>>>>>>>>>>>>>>>>>>>>>>>>
21:15:56   binary cross entropy: 0.253934
21:16:07   >>>>>>>>>>>>>>>>>>>>>>>>>>>>>>
21:16:07   Epoch 58 end
21:16:07   duration: 30.79 secs
21:16:07   speed: 5.26 batch / sec
21:16:07   ETA: 32.09 secs
21:16:07   max GPU memory: 5535.3 MiB
21:16:07   ------------------------------
21:16:07   average binary cross entropy: 0.241079
21:16:07   >>>>>>>>>>>>>>>>>>>>>>>>>>>>>>
21:16:07   Epoch 59 begin
21:16:16   >>>>>>>>>>>>>>>>>>>>>>>>>>>>>>
21:16:16   binary cross entropy: 0.260614
21:16:35   >>>>>>>>>>>>>>>>>>>>>>>>>>>>>>
21:16:35   binary cross entropy: 0.362249
21:16:38   >>>>>>>>>>>>>>>>>>>>>>>>>>>>>>
21:16:38   Epoch 59 end
21:16:38   duration: 30.91 secs
21:16:38   speed: 5.24 batch / sec
21:16:38   ETA: 0.00 secs
21:16:38   max GPU memory: 5535.3 MiB
21:16:38   ------------------------------
21:16:38   average binary cross entropy: 0.238888
21:16:38   Save checkpoint to /om2/user/oqueen/DeepSurface/esm/BinaryLocalization/models/BinaryLocalization/ESM-2-8m/epoch_360.pth
21:16:38   >>>>>>>>>>>>>>>>>>>>>>>>>>>>>>
21:16:38   Evaluate on valid
21:16:49   ------------------------------
21:16:49   auprc [localization]: 0.949514
21:16:49   auroc [localization]: 0.939018
21:16:49   >>>>>>>>>>>>>>>>>>>>>>>>>>>>>>
21:16:49   Epoch 60 begin
21:17:04   >>>>>>>>>>>>>>>>>>>>>>>>>>>>>>
21:17:04   binary cross entropy: 0.323437
21:17:20   >>>>>>>>>>>>>>>>>>>>>>>>>>>>>>
21:17:20   Epoch 60 end
21:17:20   duration: 41.55 secs
21:17:20   speed: 3.90 batch / sec
21:17:20   ETA: 6.23 mins
21:17:20   max GPU memory: 5535.5 MiB
21:17:20   ------------------------------
21:17:20   average binary cross entropy: 0.23933
21:17:20   >>>>>>>>>>>>>>>>>>>>>>>>>>>>>>
21:17:20   Epoch 61 begin
21:17:23   >>>>>>>>>>>>>>>>>>>>>>>>>>>>>>
21:17:23   binary cross entropy: 0.200472
21:17:43   >>>>>>>>>>>>>>>>>>>>>>>>>>>>>>
21:17:43   binary cross entropy: 0.271603
21:17:51   >>>>>>>>>>>>>>>>>>>>>>>>>>>>>>
21:17:51   Epoch 61 end
21:17:51   duration: 30.97 secs
21:17:51   speed: 5.23 batch / sec
21:17:51   ETA: 4.83 mins
21:17:51   max GPU memory: 5535.3 MiB
21:17:51   ------------------------------
21:17:51   average binary cross entropy: 0.235604
21:17:51   >>>>>>>>>>>>>>>>>>>>>>>>>>>>>>
21:17:51   Epoch 62 begin
21:18:02   >>>>>>>>>>>>>>>>>>>>>>>>>>>>>>
21:18:02   binary cross entropy: 0.150203
21:18:21   >>>>>>>>>>>>>>>>>>>>>>>>>>>>>>
21:18:21   binary cross entropy: 0.273331
21:18:22   >>>>>>>>>>>>>>>>>>>>>>>>>>>>>>
21:18:22   Epoch 62 end
21:18:22   duration: 30.86 secs
21:18:22   speed: 5.25 batch / sec
21:18:22   ETA: 4.02 mins
21:18:22   max GPU memory: 5535.1 MiB
21:18:22   ------------------------------
21:18:22   average binary cross entropy: 0.236112
21:18:22   >>>>>>>>>>>>>>>>>>>>>>>>>>>>>>
21:18:22   Epoch 63 begin
21:18:40   >>>>>>>>>>>>>>>>>>>>>>>>>>>>>>
21:18:40   binary cross entropy: 0.261707
21:18:53   >>>>>>>>>>>>>>>>>>>>>>>>>>>>>>
21:18:53   Epoch 63 end
21:18:53   duration: 30.84 secs
21:18:53   speed: 5.25 batch / sec
21:18:53   ETA: 3.36 mins
21:18:53   max GPU memory: 5535.1 MiB
21:18:53   ------------------------------
21:18:53   average binary cross entropy: 0.237665
21:18:53   >>>>>>>>>>>>>>>>>>>>>>>>>>>>>>
21:18:53   Epoch 64 begin
21:18:59   >>>>>>>>>>>>>>>>>>>>>>>>>>>>>>
21:18:59   binary cross entropy: 0.141571
21:19:18   >>>>>>>>>>>>>>>>>>>>>>>>>>>>>>
21:19:18   binary cross entropy: 0.115924
21:19:23   >>>>>>>>>>>>>>>>>>>>>>>>>>>>>>
21:19:23   Epoch 64 end
21:19:23   duration: 30.70 secs
21:19:23   speed: 5.28 batch / sec
21:19:23   ETA: 2.75 mins
21:19:23   max GPU memory: 5535.3 MiB
21:19:23   ------------------------------
21:19:23   average binary cross entropy: 0.234331
21:19:23   >>>>>>>>>>>>>>>>>>>>>>>>>>>>>>
21:19:23   Epoch 65 begin
21:19:37   >>>>>>>>>>>>>>>>>>>>>>>>>>>>>>
21:19:37   binary cross entropy: 0.130815
21:19:54   >>>>>>>>>>>>>>>>>>>>>>>>>>>>>>
21:19:54   Epoch 65 end
21:19:54   duration: 30.70 secs
21:19:54   speed: 5.28 batch / sec
21:19:54   ETA: 2.17 mins
21:19:54   max GPU memory: 5535.4 MiB
21:19:54   ------------------------------
21:19:54   average binary cross entropy: 0.232262
21:19:54   >>>>>>>>>>>>>>>>>>>>>>>>>>>>>>
21:19:54   Epoch 66 begin
21:19:56   >>>>>>>>>>>>>>>>>>>>>>>>>>>>>>
21:19:56   binary cross entropy: 0.193214
21:20:15   >>>>>>>>>>>>>>>>>>>>>>>>>>>>>>
21:20:15   binary cross entropy: 0.292073
21:20:25   >>>>>>>>>>>>>>>>>>>>>>>>>>>>>>
21:20:25   Epoch 66 end
21:20:25   duration: 30.89 secs
21:20:25   speed: 5.24 batch / sec
21:20:25   ETA: 1.62 mins
21:20:25   max GPU memory: 5535.2 MiB
21:20:25   ------------------------------
21:20:25   average binary cross entropy: 0.230691
21:20:25   >>>>>>>>>>>>>>>>>>>>>>>>>>>>>>
21:20:25   Epoch 67 begin
21:20:34   >>>>>>>>>>>>>>>>>>>>>>>>>>>>>>
21:20:34   binary cross entropy: 0.42055
21:20:53   >>>>>>>>>>>>>>>>>>>>>>>>>>>>>>
21:20:53   binary cross entropy: 0.127929
21:20:56   >>>>>>>>>>>>>>>>>>>>>>>>>>>>>>
21:20:56   Epoch 67 end
21:20:56   duration: 30.93 secs
21:20:56   speed: 5.24 batch / sec
21:20:56   ETA: 1.07 mins
21:20:56   max GPU memory: 5535.4 MiB
21:20:56   ------------------------------
21:20:56   average binary cross entropy: 0.22719
21:20:56   >>>>>>>>>>>>>>>>>>>>>>>>>>>>>>
21:20:56   Epoch 68 begin
21:21:12   >>>>>>>>>>>>>>>>>>>>>>>>>>>>>>
21:21:12   binary cross entropy: 0.18991
21:21:27   >>>>>>>>>>>>>>>>>>>>>>>>>>>>>>
21:21:27   Epoch 68 end
21:21:27   duration: 30.95 secs
21:21:27   speed: 5.23 batch / sec
21:21:27   ETA: 32.04 secs
21:21:27   max GPU memory: 5535.6 MiB
21:21:27   ------------------------------
21:21:27   average binary cross entropy: 0.225877
21:21:27   >>>>>>>>>>>>>>>>>>>>>>>>>>>>>>
21:21:27   Epoch 69 begin
21:21:31   >>>>>>>>>>>>>>>>>>>>>>>>>>>>>>
21:21:31   binary cross entropy: 0.160379
21:21:50   >>>>>>>>>>>>>>>>>>>>>>>>>>>>>>
21:21:50   binary cross entropy: 0.186542
21:21:58   >>>>>>>>>>>>>>>>>>>>>>>>>>>>>>
21:21:58   Epoch 69 end
21:21:58   duration: 30.84 secs
21:21:58   speed: 5.25 batch / sec
21:21:58   ETA: 0.00 secs
21:21:58   max GPU memory: 5535.4 MiB
21:21:58   ------------------------------
21:21:58   average binary cross entropy: 0.225114
21:21:58   Save checkpoint to /om2/user/oqueen/DeepSurface/esm/BinaryLocalization/models/BinaryLocalization/ESM-2-8m/epoch_490.pth
21:21:58   >>>>>>>>>>>>>>>>>>>>>>>>>>>>>>
21:21:58   Evaluate on valid
21:22:08   ------------------------------
21:22:08   auprc [localization]: 0.952523
21:22:08   auroc [localization]: 0.941824
21:22:08   >>>>>>>>>>>>>>>>>>>>>>>>>>>>>>
21:22:08   Epoch 70 begin
21:22:20   >>>>>>>>>>>>>>>>>>>>>>>>>>>>>>
21:22:20   binary cross entropy: 0.248487
21:22:39   >>>>>>>>>>>>>>>>>>>>>>>>>>>>>>
21:22:39   binary cross entropy: 0.226607
21:22:39   >>>>>>>>>>>>>>>>>>>>>>>>>>>>>>
21:22:39   Epoch 70 end
21:22:39   duration: 41.39 secs
21:22:39   speed: 3.91 batch / sec
21:22:39   ETA: 6.21 mins
21:22:39   max GPU memory: 5535.5 MiB
21:22:39   ------------------------------
21:22:39   average binary cross entropy: 0.223389
21:22:39   >>>>>>>>>>>>>>>>>>>>>>>>>>>>>>
21:22:39   Epoch 71 begin
21:22:58   >>>>>>>>>>>>>>>>>>>>>>>>>>>>>>
21:22:58   binary cross entropy: 0.336553
21:23:10   >>>>>>>>>>>>>>>>>>>>>>>>>>>>>>
21:23:10   Epoch 71 end
21:23:10   duration: 31.08 secs
21:23:10   speed: 5.21 batch / sec
21:23:10   ETA: 4.83 mins
21:23:10   max GPU memory: 5535.2 MiB
21:23:10   ------------------------------
21:23:10   average binary cross entropy: 0.226342
21:23:10   >>>>>>>>>>>>>>>>>>>>>>>>>>>>>>
21:23:10   Epoch 72 begin
21:23:17   >>>>>>>>>>>>>>>>>>>>>>>>>>>>>>
21:23:17   binary cross entropy: 0.18668
21:23:37   >>>>>>>>>>>>>>>>>>>>>>>>>>>>>>
21:23:37   binary cross entropy: 0.191204
21:23:41   >>>>>>>>>>>>>>>>>>>>>>>>>>>>>>
21:23:41   Epoch 72 end
21:23:41   duration: 31.38 secs
21:23:41   speed: 5.16 batch / sec
21:23:41   ETA: 4.04 mins
21:23:41   max GPU memory: 5535.3 MiB
21:23:41   ------------------------------
21:23:41   average binary cross entropy: 0.221877
21:23:41   >>>>>>>>>>>>>>>>>>>>>>>>>>>>>>
21:23:41   Epoch 73 begin
21:23:56   >>>>>>>>>>>>>>>>>>>>>>>>>>>>>>
21:23:56   binary cross entropy: 0.555928
21:24:12   >>>>>>>>>>>>>>>>>>>>>>>>>>>>>>
21:24:12   Epoch 73 end
21:24:12   duration: 30.97 secs
21:24:12   speed: 5.23 batch / sec
21:24:12   ETA: 3.37 mins
21:24:12   max GPU memory: 5535.2 MiB
21:24:12   ------------------------------
21:24:12   average binary cross entropy: 0.221308
21:24:12   >>>>>>>>>>>>>>>>>>>>>>>>>>>>>>
21:24:12   Epoch 74 begin
21:24:15   >>>>>>>>>>>>>>>>>>>>>>>>>>>>>>
21:24:15   binary cross entropy: 0.184778
21:24:34   >>>>>>>>>>>>>>>>>>>>>>>>>>>>>>
21:24:34   binary cross entropy: 0.273515
21:24:43   >>>>>>>>>>>>>>>>>>>>>>>>>>>>>>
21:24:43   Epoch 74 end
21:24:43   duration: 30.94 secs
21:24:43   speed: 5.24 batch / sec
21:24:43   ETA: 2.76 mins
21:24:43   max GPU memory: 5535.2 MiB
21:24:43   ------------------------------
21:24:43   average binary cross entropy: 0.217605
21:24:43   >>>>>>>>>>>>>>>>>>>>>>>>>>>>>>
21:24:43   Epoch 75 begin
21:24:53   >>>>>>>>>>>>>>>>>>>>>>>>>>>>>>
21:24:53   binary cross entropy: 0.308796
21:25:12   >>>>>>>>>>>>>>>>>>>>>>>>>>>>>>
21:25:12   binary cross entropy: 0.257993
21:25:14   >>>>>>>>>>>>>>>>>>>>>>>>>>>>>>
21:25:14   Epoch 75 end
21:25:14   duration: 30.97 secs
21:25:14   speed: 5.23 batch / sec
21:25:14   ETA: 2.19 mins
21:25:14   max GPU memory: 5535.3 MiB
21:25:14   ------------------------------
21:25:14   average binary cross entropy: 0.221272
21:25:14   >>>>>>>>>>>>>>>>>>>>>>>>>>>>>>
21:25:14   Epoch 76 begin
21:25:31   >>>>>>>>>>>>>>>>>>>>>>>>>>>>>>
21:25:31   binary cross entropy: 0.133312
21:25:45   >>>>>>>>>>>>>>>>>>>>>>>>>>>>>>
21:25:45   Epoch 76 end
21:25:45   duration: 30.90 secs
21:25:45   speed: 5.24 batch / sec
21:25:45   ETA: 1.63 mins
21:25:45   max GPU memory: 5535.3 MiB
21:25:45   ------------------------------
21:25:45   average binary cross entropy: 0.217172
21:25:45   >>>>>>>>>>>>>>>>>>>>>>>>>>>>>>
21:25:45   Epoch 77 begin
21:25:50   >>>>>>>>>>>>>>>>>>>>>>>>>>>>>>
21:25:50   binary cross entropy: 0.235594
21:26:09   >>>>>>>>>>>>>>>>>>>>>>>>>>>>>>
21:26:09   binary cross entropy: 0.147187
21:26:16   >>>>>>>>>>>>>>>>>>>>>>>>>>>>>>
21:26:16   Epoch 77 end
21:26:16   duration: 30.77 secs
21:26:16   speed: 5.26 batch / sec
21:26:16   ETA: 1.08 mins
21:26:16   max GPU memory: 5535.2 MiB
21:26:16   ------------------------------
21:26:16   average binary cross entropy: 0.216084
21:26:16   >>>>>>>>>>>>>>>>>>>>>>>>>>>>>>
21:26:16   Epoch 78 begin
21:26:28   >>>>>>>>>>>>>>>>>>>>>>>>>>>>>>
21:26:28   binary cross entropy: 0.177971
21:26:47   >>>>>>>>>>>>>>>>>>>>>>>>>>>>>>
21:26:47   Epoch 78 end
21:26:47   duration: 30.82 secs
21:26:47   speed: 5.26 batch / sec
21:26:47   ETA: 32.13 secs
21:26:47   max GPU memory: 5535.6 MiB
21:26:47   ------------------------------
21:26:47   average binary cross entropy: 0.212669
21:26:47   >>>>>>>>>>>>>>>>>>>>>>>>>>>>>>
21:26:47   Epoch 79 begin
21:26:47   >>>>>>>>>>>>>>>>>>>>>>>>>>>>>>
21:26:47   binary cross entropy: 0.335583
21:27:06   >>>>>>>>>>>>>>>>>>>>>>>>>>>>>>
21:27:06   binary cross entropy: 0.157055
21:27:18   >>>>>>>>>>>>>>>>>>>>>>>>>>>>>>
21:27:18   Epoch 79 end
21:27:18   duration: 30.91 secs
21:27:18   speed: 5.24 batch / sec
21:27:18   ETA: 0.00 secs
21:27:18   max GPU memory: 5535.3 MiB
21:27:18   ------------------------------
21:27:18   average binary cross entropy: 0.212526
21:27:18   Save checkpoint to /om2/user/oqueen/DeepSurface/esm/BinaryLocalization/models/BinaryLocalization/ESM-2-8m/epoch_640.pth
21:27:18   >>>>>>>>>>>>>>>>>>>>>>>>>>>>>>
21:27:18   Evaluate on valid
21:27:28   ------------------------------
21:27:28   auprc [localization]: 0.952509
21:27:28   auroc [localization]: 0.94167
21:27:28   >>>>>>>>>>>>>>>>>>>>>>>>>>>>>>
21:27:28   Epoch 80 begin
21:27:36   >>>>>>>>>>>>>>>>>>>>>>>>>>>>>>
21:27:36   binary cross entropy: 0.220988
21:27:55   >>>>>>>>>>>>>>>>>>>>>>>>>>>>>>
21:27:55   binary cross entropy: 0.132755
21:27:59   >>>>>>>>>>>>>>>>>>>>>>>>>>>>>>
21:27:59   Epoch 80 end
21:27:59   duration: 41.44 secs
21:27:59   speed: 3.91 batch / sec
21:27:59   ETA: 6.22 mins
21:27:59   max GPU memory: 5535.5 MiB
21:27:59   ------------------------------
21:27:59   average binary cross entropy: 0.211673
21:27:59   >>>>>>>>>>>>>>>>>>>>>>>>>>>>>>
21:27:59   Epoch 81 begin
21:28:14   >>>>>>>>>>>>>>>>>>>>>>>>>>>>>>
21:28:14   binary cross entropy: 0.31506
21:28:30   >>>>>>>>>>>>>>>>>>>>>>>>>>>>>>
21:28:30   Epoch 81 end
21:28:30   duration: 30.93 secs
21:28:30   speed: 5.24 batch / sec
21:28:30   ETA: 4.82 mins
21:28:30   max GPU memory: 5535.6 MiB
21:28:30   ------------------------------
21:28:30   average binary cross entropy: 0.214315
21:28:30   >>>>>>>>>>>>>>>>>>>>>>>>>>>>>>
21:28:30   Epoch 82 begin
21:28:33   >>>>>>>>>>>>>>>>>>>>>>>>>>>>>>
21:28:33   binary cross entropy: 0.13315
21:28:52   >>>>>>>>>>>>>>>>>>>>>>>>>>>>>>
21:28:52   binary cross entropy: 0.399445
21:29:01   >>>>>>>>>>>>>>>>>>>>>>>>>>>>>>
21:29:01   Epoch 82 end
21:29:01   duration: 30.94 secs
21:29:01   speed: 5.24 batch / sec
21:29:01   ETA: 4.02 mins
21:29:01   max GPU memory: 5535.2 MiB
21:29:01   ------------------------------
21:29:01   average binary cross entropy: 0.209716
21:29:01   >>>>>>>>>>>>>>>>>>>>>>>>>>>>>>
21:29:01   Epoch 83 begin
21:29:12   >>>>>>>>>>>>>>>>>>>>>>>>>>>>>>
21:29:12   binary cross entropy: 0.128622
21:29:30   >>>>>>>>>>>>>>>>>>>>>>>>>>>>>>
21:29:30   binary cross entropy: 0.268809
21:29:32   >>>>>>>>>>>>>>>>>>>>>>>>>>>>>>
21:29:32   Epoch 83 end
21:29:32   duration: 30.83 secs
21:29:32   speed: 5.26 batch / sec
21:29:32   ETA: 3.35 mins
21:29:32   max GPU memory: 5535.2 MiB
21:29:32   ------------------------------
21:29:32   average binary cross entropy: 0.209491
21:29:32   >>>>>>>>>>>>>>>>>>>>>>>>>>>>>>
21:29:32   Epoch 84 begin
21:29:50   >>>>>>>>>>>>>>>>>>>>>>>>>>>>>>
21:29:50   binary cross entropy: 0.24282
21:30:03   >>>>>>>>>>>>>>>>>>>>>>>>>>>>>>
21:30:03   Epoch 84 end
21:30:03   duration: 30.99 secs
21:30:03   speed: 5.23 batch / sec
21:30:03   ETA: 2.75 mins
21:30:03   max GPU memory: 5535.3 MiB
21:30:03   ------------------------------
21:30:03   average binary cross entropy: 0.205491
21:30:03   >>>>>>>>>>>>>>>>>>>>>>>>>>>>>>
21:30:03   Epoch 85 begin
21:30:09   >>>>>>>>>>>>>>>>>>>>>>>>>>>>>>
21:30:09   binary cross entropy: 0.17146
21:30:28   >>>>>>>>>>>>>>>>>>>>>>>>>>>>>>
21:30:28   binary cross entropy: 0.281382
21:30:34   >>>>>>>>>>>>>>>>>>>>>>>>>>>>>>
21:30:34   Epoch 85 end
21:30:34   duration: 30.88 secs
21:30:34   speed: 5.25 batch / sec
21:30:34   ETA: 2.18 mins
21:30:34   max GPU memory: 5535.3 MiB
21:30:34   ------------------------------
21:30:34   average binary cross entropy: 0.204134
21:30:34   >>>>>>>>>>>>>>>>>>>>>>>>>>>>>>
21:30:34   Epoch 86 begin
21:30:47   >>>>>>>>>>>>>>>>>>>>>>>>>>>>>>
21:30:47   binary cross entropy: 0.165087
21:31:04   >>>>>>>>>>>>>>>>>>>>>>>>>>>>>>
21:31:04   Epoch 86 end
21:31:04   duration: 30.83 secs
21:31:04   speed: 5.26 batch / sec
21:31:04   ETA: 1.62 mins
21:31:04   max GPU memory: 5535.3 MiB
21:31:04   ------------------------------
21:31:04   average binary cross entropy: 0.202396
21:31:04   >>>>>>>>>>>>>>>>>>>>>>>>>>>>>>
21:31:04   Epoch 87 begin
21:31:06   >>>>>>>>>>>>>>>>>>>>>>>>>>>>>>
21:31:06   binary cross entropy: 0.199812
21:31:25   >>>>>>>>>>>>>>>>>>>>>>>>>>>>>>
21:31:25   binary cross entropy: 0.351322
21:31:35   >>>>>>>>>>>>>>>>>>>>>>>>>>>>>>
21:31:35   Epoch 87 end
21:31:35   duration: 30.88 secs
21:31:35   speed: 5.25 batch / sec
21:31:35   ETA: 1.07 mins
21:31:35   max GPU memory: 5535.5 MiB
21:31:35   ------------------------------
21:31:35   average binary cross entropy: 0.203616
21:31:35   >>>>>>>>>>>>>>>>>>>>>>>>>>>>>>
21:31:35   Epoch 88 begin
21:31:44   >>>>>>>>>>>>>>>>>>>>>>>>>>>>>>
21:31:44   binary cross entropy: 0.160053
21:32:03   >>>>>>>>>>>>>>>>>>>>>>>>>>>>>>
21:32:03   binary cross entropy: 0.219595
21:32:06   >>>>>>>>>>>>>>>>>>>>>>>>>>>>>>
21:32:06   Epoch 88 end
21:32:06   duration: 31.06 secs
21:32:06   speed: 5.22 batch / sec
21:32:06   ETA: 32.08 secs
21:32:06   max GPU memory: 5535.3 MiB
21:32:06   ------------------------------
21:32:06   average binary cross entropy: 0.200026
21:32:06   >>>>>>>>>>>>>>>>>>>>>>>>>>>>>>
21:32:06   Epoch 89 begin
21:32:22   >>>>>>>>>>>>>>>>>>>>>>>>>>>>>>
21:32:22   binary cross entropy: 0.206485
21:32:37   >>>>>>>>>>>>>>>>>>>>>>>>>>>>>>
21:32:37   Epoch 89 end
21:32:37   duration: 30.93 secs
21:32:37   speed: 5.24 batch / sec
21:32:37   ETA: 0.00 secs
21:32:37   max GPU memory: 5535.2 MiB
21:32:37   ------------------------------
21:32:37   average binary cross entropy: 0.200578
21:32:37   Save checkpoint to /om2/user/oqueen/DeepSurface/esm/BinaryLocalization/models/BinaryLocalization/ESM-2-8m/epoch_810.pth
21:32:37   >>>>>>>>>>>>>>>>>>>>>>>>>>>>>>
21:32:37   Evaluate on valid
21:32:48   ------------------------------
21:32:48   auprc [localization]: 0.954316
21:32:48   auroc [localization]: 0.943511
21:32:48   >>>>>>>>>>>>>>>>>>>>>>>>>>>>>>
21:32:48   Epoch 90 begin
21:32:52   >>>>>>>>>>>>>>>>>>>>>>>>>>>>>>
21:32:52   binary cross entropy: 0.215679
21:33:11   >>>>>>>>>>>>>>>>>>>>>>>>>>>>>>
21:33:11   binary cross entropy: 0.208656
21:33:19   >>>>>>>>>>>>>>>>>>>>>>>>>>>>>>
21:33:19   Epoch 90 end
21:33:19   duration: 41.56 secs
21:33:19   speed: 3.90 batch / sec
21:33:19   ETA: 6.23 mins
21:33:19   max GPU memory: 5535.5 MiB
21:33:19   ------------------------------
21:33:19   average binary cross entropy: 0.197798
21:33:19   >>>>>>>>>>>>>>>>>>>>>>>>>>>>>>
21:33:19   Epoch 91 begin
21:33:30   >>>>>>>>>>>>>>>>>>>>>>>>>>>>>>
21:33:30   binary cross entropy: 0.136712
21:33:49   >>>>>>>>>>>>>>>>>>>>>>>>>>>>>>
21:33:49   binary cross entropy: 0.265993
21:33:50   >>>>>>>>>>>>>>>>>>>>>>>>>>>>>>
21:33:50   Epoch 91 end
21:33:50   duration: 31.12 secs
21:33:50   speed: 5.21 batch / sec
21:33:50   ETA: 4.85 mins
21:33:50   max GPU memory: 5535.4 MiB
21:33:50   ------------------------------
21:33:50   average binary cross entropy: 0.198566
21:33:50   >>>>>>>>>>>>>>>>>>>>>>>>>>>>>>
21:33:50   Epoch 92 begin
21:34:09   >>>>>>>>>>>>>>>>>>>>>>>>>>>>>>
21:34:09   binary cross entropy: 0.177893
21:34:21   >>>>>>>>>>>>>>>>>>>>>>>>>>>>>>
21:34:21   Epoch 92 end
21:34:21   duration: 30.84 secs
21:34:21   speed: 5.25 batch / sec
21:34:21   ETA: 4.03 mins
21:34:21   max GPU memory: 5535.3 MiB
21:34:21   ------------------------------
21:34:21   average binary cross entropy: 0.196783
21:34:21   >>>>>>>>>>>>>>>>>>>>>>>>>>>>>>
21:34:21   Epoch 93 begin
21:34:28   >>>>>>>>>>>>>>>>>>>>>>>>>>>>>>
21:34:28   binary cross entropy: 0.114595
21:34:47   >>>>>>>>>>>>>>>>>>>>>>>>>>>>>>
21:34:47   binary cross entropy: 0.29004
21:34:52   >>>>>>>>>>>>>>>>>>>>>>>>>>>>>>
21:34:52   Epoch 93 end
21:34:52   duration: 31.06 secs
21:34:52   speed: 5.22 batch / sec
21:34:52   ETA: 3.36 mins
21:34:52   max GPU memory: 5535.4 MiB
21:34:52   ------------------------------
21:34:52   average binary cross entropy: 0.196514
21:34:52   >>>>>>>>>>>>>>>>>>>>>>>>>>>>>>
21:34:52   Epoch 94 begin
21:35:06   >>>>>>>>>>>>>>>>>>>>>>>>>>>>>>
21:35:06   binary cross entropy: 0.111079
21:35:23   >>>>>>>>>>>>>>>>>>>>>>>>>>>>>>
21:35:23   Epoch 94 end
21:35:23   duration: 30.93 secs
21:35:23   speed: 5.24 batch / sec
21:35:23   ETA: 2.76 mins
21:35:23   max GPU memory: 5535.3 MiB
21:35:23   ------------------------------
21:35:23   average binary cross entropy: 0.193142
21:35:23   >>>>>>>>>>>>>>>>>>>>>>>>>>>>>>
21:35:23   Epoch 95 begin
21:35:25   >>>>>>>>>>>>>>>>>>>>>>>>>>>>>>
21:35:25   binary cross entropy: 0.128864
21:35:44   >>>>>>>>>>>>>>>>>>>>>>>>>>>>>>
21:35:44   binary cross entropy: 0.293801
21:35:54   >>>>>>>>>>>>>>>>>>>>>>>>>>>>>>
21:35:54   Epoch 95 end
21:35:54   duration: 30.98 secs
21:35:54   speed: 5.23 batch / sec
21:35:54   ETA: 2.18 mins
21:35:54   max GPU memory: 5535.1 MiB
21:35:54   ------------------------------
21:35:54   average binary cross entropy: 0.19222
21:35:54   >>>>>>>>>>>>>>>>>>>>>>>>>>>>>>
21:35:54   Epoch 96 begin
21:36:03   >>>>>>>>>>>>>>>>>>>>>>>>>>>>>>
21:36:03   binary cross entropy: 0.243905
21:36:22   >>>>>>>>>>>>>>>>>>>>>>>>>>>>>>
21:36:22   binary cross entropy: 0.280603
21:36:25   >>>>>>>>>>>>>>>>>>>>>>>>>>>>>>
21:36:25   Epoch 96 end
21:36:25   duration: 30.81 secs
21:36:25   speed: 5.26 batch / sec
21:36:25   ETA: 1.62 mins
21:36:25   max GPU memory: 5535.5 MiB
21:36:25   ------------------------------
21:36:25   average binary cross entropy: 0.189197
21:36:25   >>>>>>>>>>>>>>>>>>>>>>>>>>>>>>
21:36:25   Epoch 97 begin
21:36:41   >>>>>>>>>>>>>>>>>>>>>>>>>>>>>>
21:36:41   binary cross entropy: 0.21089
21:36:56   >>>>>>>>>>>>>>>>>>>>>>>>>>>>>>
21:36:56   Epoch 97 end
21:36:56   duration: 31.01 secs
21:36:56   speed: 5.22 batch / sec
21:36:56   ETA: 1.08 mins
21:36:56   max GPU memory: 5535.3 MiB
21:36:56   ------------------------------
21:36:56   average binary cross entropy: 0.191727
21:36:56   >>>>>>>>>>>>>>>>>>>>>>>>>>>>>>
21:36:56   Epoch 98 begin
21:37:00   >>>>>>>>>>>>>>>>>>>>>>>>>>>>>>
21:37:00   binary cross entropy: 0.20657
21:37:20   >>>>>>>>>>>>>>>>>>>>>>>>>>>>>>
21:37:20   binary cross entropy: 0.189781
21:37:27   >>>>>>>>>>>>>>>>>>>>>>>>>>>>>>
21:37:27   Epoch 98 end
21:37:27   duration: 31.02 secs
21:37:27   speed: 5.22 batch / sec
21:37:27   ETA: 32.15 secs
21:37:27   max GPU memory: 5535.4 MiB
21:37:27   ------------------------------
21:37:27   average binary cross entropy: 0.190272
21:37:27   >>>>>>>>>>>>>>>>>>>>>>>>>>>>>>
21:37:27   Epoch 99 begin
21:37:39   >>>>>>>>>>>>>>>>>>>>>>>>>>>>>>
21:37:39   binary cross entropy: 0.205169
21:37:58   >>>>>>>>>>>>>>>>>>>>>>>>>>>>>>
21:37:58   Epoch 99 end
21:37:58   duration: 30.96 secs
21:37:58   speed: 5.23 batch / sec
21:37:58   ETA: 0.00 secs
21:37:58   max GPU memory: 5535.3 MiB
21:37:58   ------------------------------
21:37:58   average binary cross entropy: 0.189173
21:37:58   Save checkpoint to /om2/user/oqueen/DeepSurface/esm/BinaryLocalization/models/BinaryLocalization/ESM-2-8m/epoch_1000.pth
21:37:58   >>>>>>>>>>>>>>>>>>>>>>>>>>>>>>
21:37:58   Evaluate on valid
21:38:08   ------------------------------
21:38:08   auprc [localization]: 0.955604
21:38:08   auroc [localization]: 0.944967
21:38:08   Load checkpoint from /om2/user/oqueen/DeepSurface/esm/BinaryLocalization/models/BinaryLocalization/ESM-2-8m/epoch_1000.pth
21:38:08   Save checkpoint to /om2/user/oqueen/DeepSurface/esm/BinaryLocalization/models/BinaryLocalization/ESM-2-8m/best.pth
21:38:08   >>>>>>>>>>>>>>>>>>>>>>>>>>>>>>
21:38:08   Evaluate on valid
21:38:19   ------------------------------
21:38:19   auprc [localization]: 0.955604
21:38:19   auroc [localization]: 0.944967
21:38:19   >>>>>>>>>>>>>>>>>>>>>>>>>>>>>>
21:38:19   Evaluate on test
21:38:29   ------------------------------
21:38:29   auprc [localization]: 0.94296
21:38:29   auroc [localization]: 0.933389
