20:43:22   Preprocess training set
20:43:35   {'batch_size': 16,
 'class': 'core.Engine',
 'gpus': [0],
 'gradient_interval': 1,
 'log_interval': 100,
 'logger': 'logging',
 'num_worker': 0,
 'optimizer': {'amsgrad': False,
               'betas': (0.9, 0.999),
               'capturable': False,
               'class': 'optim.Adam',
               'differentiable': False,
               'eps': 1e-08,
               'foreach': None,
               'fused': None,
               'lr': 5e-05,
               'maximize': False,
               'weight_decay': 0},
 'scheduler': None,
 'task': {'class': 'tasks.PropertyPrediction',
          'criterion': 'bce',
          'graph_construction_model': None,
          'metric': ('auroc', 'auprc'),
          'mlp_batch_norm': False,
          'mlp_dropout': 0,
          'model': {'activation': 'gelu',
                    'attention_dropout': 0.1,
                    'class': 'models.ProteinBERT',
                    'hidden_dim': 768,
                    'hidden_dropout': 0.1,
                    'input_dim': 21,
                    'intermediate_dim': 3072,
                    'max_position': 8192,
                    'num_heads': 12,
                    'num_layers': 12},
          'normalization': False,
          'num_class': None,
          'num_mlp_layer': 2,
          'task': ['deep_surface'],
          'verbose': 0},
 'test_set': {'class': 'dataset.Subset',
              'dataset': {'atom_feature': None,
                          'bond_feature': None,
                          'class': 'datasets.DeepSurface',
                          'path': '/om2/user/oqueen/DeepSurface//data/',
                          'residue_feature': 'default',
                          'transform': {'class': 'transforms.Compose',
                                        'transforms': [{'class': 'transforms.TruncateProtein',
                                                        'keys': 'graph',
                                                        'max_length': 1024,
                                                        'random': False},
                                                       {'class': 'transforms.ProteinView',
                                                        'keys': 'graph',
                                                        'view': 'residue'}]},
                          'verbose': 1},
              'indices': [368728, 368729, 368730, ..., 460909, 460910,
                          460911]},
 'train_set': {'class': 'dataset.Subset',
               'dataset': {'atom_feature': None,
                           'bond_feature': None,
                           'class': 'datasets.DeepSurface',
                           'path': '/om2/user/oqueen/DeepSurface//data/',
                           'residue_feature': 'default',
                           'transform': {'class': 'transforms.Compose',
                                         'transforms': [{'class': 'transforms.TruncateProtein',
                                                         'keys': 'graph',
                                                         'max_length': 1024,
                                                         'random': False},
                                                        {'class': 'transforms.ProteinView',
                                                         'keys': 'graph',
                                                         'view': 'residue'}]},
                           'verbose': 1},
               'indices': [0, 1, 2, ..., 331851, 331852, 331853]},
 'valid_set': {'class': 'dataset.Subset',
               'dataset': {'atom_feature': None,
                           'bond_feature': None,
                           'class': 'datasets.DeepSurface',
                           'path': '/om2/user/oqueen/DeepSurface//data/',
                           'residue_feature': 'default',
                           'transform': {'class': 'transforms.Compose',
                                         'transforms': [{'class': 'transforms.TruncateProtein',
                                                         'keys': 'graph',
                                                         'max_length': 1024,
                                                         'random': False},
                                                        {'class': 'transforms.ProteinView',
                                                         'keys': 'graph',
                                                         'view': 'residue'}]},
                           'verbose': 1},
               'indices': [331854, 331855, 331856, ..., 368725, 368726,
                           368727]}}
20:43:35   Load checkpoint from /om2/user/oqueen/DeepSurface//models/DeepSurface/ProtBERT/run_0/epoch_36.pth
20:43:37   >>>>>>>>>>>>>>>>>>>>>>>>>>>>>>
20:43:37   Epoch 0 begin
20:43:41   >>>>>>>>>>>>>>>>>>>>>>>>>>>>>>
20:43:41   binary cross entropy: 0.693422
20:44:37   >>>>>>>>>>>>>>>>>>>>>>>>>>>>>>
20:44:37   binary cross entropy: 0.694342
20:45:34   >>>>>>>>>>>>>>>>>>>>>>>>>>>>>>
20:45:34   binary cross entropy: 0.693146
20:46:35   >>>>>>>>>>>>>>>>>>>>>>>>>>>>>>
20:46:35   binary cross entropy: 0.693218
20:47:33   >>>>>>>>>>>>>>>>>>>>>>>>>>>>>>
20:47:33   binary cross entropy: 0.693096
20:48:38   >>>>>>>>>>>>>>>>>>>>>>>>>>>>>>
20:48:38   binary cross entropy: 0.692775
20:49:36   >>>>>>>>>>>>>>>>>>>>>>>>>>>>>>
20:49:36   binary cross entropy: 0.693888
20:50:43   >>>>>>>>>>>>>>>>>>>>>>>>>>>>>>
20:50:43   binary cross entropy: 0.692297
20:51:44   >>>>>>>>>>>>>>>>>>>>>>>>>>>>>>
20:51:44   binary cross entropy: 0.692843
20:52:48   >>>>>>>>>>>>>>>>>>>>>>>>>>>>>>
20:52:48   binary cross entropy: 0.693364
20:53:52   >>>>>>>>>>>>>>>>>>>>>>>>>>>>>>
20:53:52   binary cross entropy: 0.693502
20:54:56   >>>>>>>>>>>>>>>>>>>>>>>>>>>>>>
20:54:56   binary cross entropy: 0.69495
20:56:05   >>>>>>>>>>>>>>>>>>>>>>>>>>>>>>
20:56:05   binary cross entropy: 0.693961
20:57:05   >>>>>>>>>>>>>>>>>>>>>>>>>>>>>>
20:57:05   binary cross entropy: 0.694158
20:58:12   >>>>>>>>>>>>>>>>>>>>>>>>>>>>>>
20:58:12   binary cross entropy: 0.693205
20:59:24   >>>>>>>>>>>>>>>>>>>>>>>>>>>>>>
20:59:24   binary cross entropy: 0.694019
21:00:26   >>>>>>>>>>>>>>>>>>>>>>>>>>>>>>
21:00:26   binary cross entropy: 0.69269
21:01:36   >>>>>>>>>>>>>>>>>>>>>>>>>>>>>>
21:01:36   binary cross entropy: 0.693251
21:02:44   >>>>>>>>>>>>>>>>>>>>>>>>>>>>>>
21:02:44   binary cross entropy: 0.692652
21:03:49   >>>>>>>>>>>>>>>>>>>>>>>>>>>>>>
21:03:49   binary cross entropy: 0.69265
21:04:53   >>>>>>>>>>>>>>>>>>>>>>>>>>>>>>
21:04:53   binary cross entropy: 0.693326
21:06:01   >>>>>>>>>>>>>>>>>>>>>>>>>>>>>>
21:06:01   binary cross entropy: 0.692604
21:07:04   >>>>>>>>>>>>>>>>>>>>>>>>>>>>>>
21:07:04   binary cross entropy: 0.691537
21:08:16   >>>>>>>>>>>>>>>>>>>>>>>>>>>>>>
21:08:16   binary cross entropy: 0.693607
21:09:29   >>>>>>>>>>>>>>>>>>>>>>>>>>>>>>
21:09:29   binary cross entropy: 0.691876
21:10:38   >>>>>>>>>>>>>>>>>>>>>>>>>>>>>>
21:10:38   binary cross entropy: 0.691319
21:11:41   >>>>>>>>>>>>>>>>>>>>>>>>>>>>>>
21:11:41   binary cross entropy: 0.692225
21:12:49   >>>>>>>>>>>>>>>>>>>>>>>>>>>>>>
21:12:49   binary cross entropy: 0.693059
21:13:52   >>>>>>>>>>>>>>>>>>>>>>>>>>>>>>
21:13:52   binary cross entropy: 0.691972
21:14:59   >>>>>>>>>>>>>>>>>>>>>>>>>>>>>>
21:14:59   binary cross entropy: 0.693703
21:16:05   >>>>>>>>>>>>>>>>>>>>>>>>>>>>>>
21:16:05   binary cross entropy: 0.693192
21:17:14   >>>>>>>>>>>>>>>>>>>>>>>>>>>>>>
21:17:14   binary cross entropy: 0.693143
21:18:15   >>>>>>>>>>>>>>>>>>>>>>>>>>>>>>
21:18:15   binary cross entropy: 0.692551
21:19:22   >>>>>>>>>>>>>>>>>>>>>>>>>>>>>>
21:19:22   binary cross entropy: 0.693117
21:20:28   >>>>>>>>>>>>>>>>>>>>>>>>>>>>>>
21:20:28   binary cross entropy: 0.695445
21:21:36   >>>>>>>>>>>>>>>>>>>>>>>>>>>>>>
21:21:36   binary cross entropy: 0.694868
21:22:39   >>>>>>>>>>>>>>>>>>>>>>>>>>>>>>
21:22:39   binary cross entropy: 0.693453
21:23:51   >>>>>>>>>>>>>>>>>>>>>>>>>>>>>>
21:23:51   binary cross entropy: 0.693291
21:24:56   >>>>>>>>>>>>>>>>>>>>>>>>>>>>>>
21:24:56   binary cross entropy: 0.692602
21:26:01   >>>>>>>>>>>>>>>>>>>>>>>>>>>>>>
21:26:01   binary cross entropy: 0.693087
21:27:09   >>>>>>>>>>>>>>>>>>>>>>>>>>>>>>
21:27:09   binary cross entropy: 0.693604
21:28:16   >>>>>>>>>>>>>>>>>>>>>>>>>>>>>>
21:28:16   binary cross entropy: 0.693068
21:29:26   >>>>>>>>>>>>>>>>>>>>>>>>>>>>>>
21:29:26   binary cross entropy: 0.693288
21:30:31   >>>>>>>>>>>>>>>>>>>>>>>>>>>>>>
21:30:31   binary cross entropy: 0.693611
21:31:39   >>>>>>>>>>>>>>>>>>>>>>>>>>>>>>
21:31:39   binary cross entropy: 0.692873
21:32:45   >>>>>>>>>>>>>>>>>>>>>>>>>>>>>>
21:32:45   binary cross entropy: 0.693082
21:33:52   >>>>>>>>>>>>>>>>>>>>>>>>>>>>>>
21:33:52   binary cross entropy: 0.693047
21:34:57   >>>>>>>>>>>>>>>>>>>>>>>>>>>>>>
21:34:57   binary cross entropy: 0.693145
21:36:02   >>>>>>>>>>>>>>>>>>>>>>>>>>>>>>
21:36:02   binary cross entropy: 0.694536
21:37:05   >>>>>>>>>>>>>>>>>>>>>>>>>>>>>>
21:37:05   binary cross entropy: 0.693169
21:38:12   >>>>>>>>>>>>>>>>>>>>>>>>>>>>>>
21:38:12   binary cross entropy: 0.692064
21:39:12   >>>>>>>>>>>>>>>>>>>>>>>>>>>>>>
21:39:12   binary cross entropy: 0.692697
21:40:17   >>>>>>>>>>>>>>>>>>>>>>>>>>>>>>
21:40:17   binary cross entropy: 0.693148
21:41:22   >>>>>>>>>>>>>>>>>>>>>>>>>>>>>>
21:41:22   binary cross entropy: 0.691239
21:42:27   >>>>>>>>>>>>>>>>>>>>>>>>>>>>>>
21:42:27   binary cross entropy: 0.694462
21:43:31   >>>>>>>>>>>>>>>>>>>>>>>>>>>>>>
21:43:31   binary cross entropy: 0.694321
21:44:37   >>>>>>>>>>>>>>>>>>>>>>>>>>>>>>
21:44:37   binary cross entropy: 0.691878
21:45:48   >>>>>>>>>>>>>>>>>>>>>>>>>>>>>>
21:45:48   binary cross entropy: 0.693128
21:46:52   >>>>>>>>>>>>>>>>>>>>>>>>>>>>>>
21:46:52   binary cross entropy: 0.692551
21:48:02   >>>>>>>>>>>>>>>>>>>>>>>>>>>>>>
21:48:02   binary cross entropy: 0.692581
21:49:00   >>>>>>>>>>>>>>>>>>>>>>>>>>>>>>
21:49:00   binary cross entropy: 0.69315
21:50:12   >>>>>>>>>>>>>>>>>>>>>>>>>>>>>>
21:50:12   binary cross entropy: 0.691996
21:51:17   >>>>>>>>>>>>>>>>>>>>>>>>>>>>>>
21:51:17   binary cross entropy: 0.693754
21:52:28   >>>>>>>>>>>>>>>>>>>>>>>>>>>>>>
21:52:28   binary cross entropy: 0.693692
21:53:31   >>>>>>>>>>>>>>>>>>>>>>>>>>>>>>
21:53:31   binary cross entropy: 0.692597
21:54:37   >>>>>>>>>>>>>>>>>>>>>>>>>>>>>>
21:54:37   binary cross entropy: 0.694322
21:55:37   >>>>>>>>>>>>>>>>>>>>>>>>>>>>>>
21:55:37   binary cross entropy: 0.691073
21:56:42   >>>>>>>>>>>>>>>>>>>>>>>>>>>>>>
21:56:42   binary cross entropy: 0.691977
21:57:46   >>>>>>>>>>>>>>>>>>>>>>>>>>>>>>
21:57:46   binary cross entropy: 0.693705
21:58:55   >>>>>>>>>>>>>>>>>>>>>>>>>>>>>>
21:58:55   binary cross entropy: 0.694387
22:00:04   >>>>>>>>>>>>>>>>>>>>>>>>>>>>>>
22:00:04   binary cross entropy: 0.691935
22:01:12   >>>>>>>>>>>>>>>>>>>>>>>>>>>>>>
22:01:12   binary cross entropy: 0.693173
22:02:15   >>>>>>>>>>>>>>>>>>>>>>>>>>>>>>
22:02:15   binary cross entropy: 0.693657
22:03:23   >>>>>>>>>>>>>>>>>>>>>>>>>>>>>>
22:03:23   binary cross entropy: 0.692693
22:04:28   >>>>>>>>>>>>>>>>>>>>>>>>>>>>>>
22:04:28   binary cross entropy: 0.692831
22:05:40   >>>>>>>>>>>>>>>>>>>>>>>>>>>>>>
22:05:40   binary cross entropy: 0.695284
22:06:47   >>>>>>>>>>>>>>>>>>>>>>>>>>>>>>
22:06:47   binary cross entropy: 0.693464
22:07:57   >>>>>>>>>>>>>>>>>>>>>>>>>>>>>>
22:07:57   binary cross entropy: 0.693275
22:09:04   >>>>>>>>>>>>>>>>>>>>>>>>>>>>>>
22:09:04   binary cross entropy: 0.693146
22:10:07   >>>>>>>>>>>>>>>>>>>>>>>>>>>>>>
22:10:07   binary cross entropy: 0.692841
22:11:09   >>>>>>>>>>>>>>>>>>>>>>>>>>>>>>
22:11:09   binary cross entropy: 0.694224
22:12:10   >>>>>>>>>>>>>>>>>>>>>>>>>>>>>>
22:12:10   binary cross entropy: 0.694427
22:13:11   >>>>>>>>>>>>>>>>>>>>>>>>>>>>>>
22:13:11   binary cross entropy: 0.69178
22:14:20   >>>>>>>>>>>>>>>>>>>>>>>>>>>>>>
22:14:20   binary cross entropy: 0.693734
22:15:26   >>>>>>>>>>>>>>>>>>>>>>>>>>>>>>
22:15:26   binary cross entropy: 0.693156
22:16:32   >>>>>>>>>>>>>>>>>>>>>>>>>>>>>>
22:16:32   binary cross entropy: 0.693155
22:17:37   >>>>>>>>>>>>>>>>>>>>>>>>>>>>>>
22:17:37   binary cross entropy: 0.692578
22:18:42   >>>>>>>>>>>>>>>>>>>>>>>>>>>>>>
22:18:42   binary cross entropy: 0.69375
22:19:48   >>>>>>>>>>>>>>>>>>>>>>>>>>>>>>
22:19:48   binary cross entropy: 0.693789
22:20:55   >>>>>>>>>>>>>>>>>>>>>>>>>>>>>>
22:20:55   binary cross entropy: 0.692504
22:22:02   >>>>>>>>>>>>>>>>>>>>>>>>>>>>>>
22:22:02   binary cross entropy: 0.692562
22:23:10   >>>>>>>>>>>>>>>>>>>>>>>>>>>>>>
22:23:10   binary cross entropy: 0.694854
22:24:15   >>>>>>>>>>>>>>>>>>>>>>>>>>>>>>
22:24:15   binary cross entropy: 0.694427
22:25:17   >>>>>>>>>>>>>>>>>>>>>>>>>>>>>>
22:25:17   binary cross entropy: 0.69316
22:26:28   >>>>>>>>>>>>>>>>>>>>>>>>>>>>>>
22:26:28   binary cross entropy: 0.692513
22:27:31   >>>>>>>>>>>>>>>>>>>>>>>>>>>>>>
22:27:31   binary cross entropy: 0.693829
22:28:38   >>>>>>>>>>>>>>>>>>>>>>>>>>>>>>
22:28:38   binary cross entropy: 0.695608
22:29:38   >>>>>>>>>>>>>>>>>>>>>>>>>>>>>>
22:29:38   binary cross entropy: 0.693757
22:30:40   >>>>>>>>>>>>>>>>>>>>>>>>>>>>>>
22:30:40   binary cross entropy: 0.692026
22:31:49   >>>>>>>>>>>>>>>>>>>>>>>>>>>>>>
22:31:49   binary cross entropy: 0.692084
22:32:56   >>>>>>>>>>>>>>>>>>>>>>>>>>>>>>
22:32:56   binary cross entropy: 0.693155
22:34:02   >>>>>>>>>>>>>>>>>>>>>>>>>>>>>>
22:34:02   binary cross entropy: 0.692297
22:35:07   >>>>>>>>>>>>>>>>>>>>>>>>>>>>>>
22:35:07   binary cross entropy: 0.693154
22:36:14   >>>>>>>>>>>>>>>>>>>>>>>>>>>>>>
22:36:14   binary cross entropy: 0.693154
22:37:18   >>>>>>>>>>>>>>>>>>>>>>>>>>>>>>
22:37:18   binary cross entropy: 0.69226
22:38:18   >>>>>>>>>>>>>>>>>>>>>>>>>>>>>>
22:38:18   binary cross entropy: 0.694577
22:39:27   >>>>>>>>>>>>>>>>>>>>>>>>>>>>>>
22:39:27   binary cross entropy: 0.693997
22:40:37   >>>>>>>>>>>>>>>>>>>>>>>>>>>>>>
22:40:37   binary cross entropy: 0.694513
22:41:42   >>>>>>>>>>>>>>>>>>>>>>>>>>>>>>
22:41:42   binary cross entropy: 0.692681
22:42:45   >>>>>>>>>>>>>>>>>>>>>>>>>>>>>>
22:42:45   binary cross entropy: 0.692211
22:43:50   >>>>>>>>>>>>>>>>>>>>>>>>>>>>>>
22:43:50   binary cross entropy: 0.693154
22:44:52   >>>>>>>>>>>>>>>>>>>>>>>>>>>>>>
22:44:52   binary cross entropy: 0.694071
22:45:57   >>>>>>>>>>>>>>>>>>>>>>>>>>>>>>
22:45:57   binary cross entropy: 0.693152
22:46:58   >>>>>>>>>>>>>>>>>>>>>>>>>>>>>>
22:46:58   binary cross entropy: 0.692731
22:48:03   >>>>>>>>>>>>>>>>>>>>>>>>>>>>>>
22:48:03   binary cross entropy: 0.692707
22:49:01   >>>>>>>>>>>>>>>>>>>>>>>>>>>>>>
22:49:01   binary cross entropy: 0.693154
22:50:07   >>>>>>>>>>>>>>>>>>>>>>>>>>>>>>
22:50:07   binary cross entropy: 0.694845
22:51:08   >>>>>>>>>>>>>>>>>>>>>>>>>>>>>>
22:51:08   binary cross entropy: 0.692735
22:52:11   >>>>>>>>>>>>>>>>>>>>>>>>>>>>>>
22:52:11   binary cross entropy: 0.693152
22:53:20   >>>>>>>>>>>>>>>>>>>>>>>>>>>>>>
22:53:20   binary cross entropy: 0.693151
22:54:22   >>>>>>>>>>>>>>>>>>>>>>>>>>>>>>
22:54:22   binary cross entropy: 0.693509
22:55:24   >>>>>>>>>>>>>>>>>>>>>>>>>>>>>>
22:55:24   binary cross entropy: 0.693151
22:56:35   >>>>>>>>>>>>>>>>>>>>>>>>>>>>>>
22:56:35   binary cross entropy: 0.693532
22:57:43   >>>>>>>>>>>>>>>>>>>>>>>>>>>>>>
22:57:43   binary cross entropy: 0.693152
22:58:51   >>>>>>>>>>>>>>>>>>>>>>>>>>>>>>
22:58:51   binary cross entropy: 0.692826
22:59:57   >>>>>>>>>>>>>>>>>>>>>>>>>>>>>>
22:59:57   binary cross entropy: 0.693483
23:00:58   >>>>>>>>>>>>>>>>>>>>>>>>>>>>>>
23:00:58   binary cross entropy: 0.692495
23:02:04   >>>>>>>>>>>>>>>>>>>>>>>>>>>>>>
23:02:04   binary cross entropy: 0.693155
23:03:08   >>>>>>>>>>>>>>>>>>>>>>>>>>>>>>
23:03:08   binary cross entropy: 0.69332
23:04:21   >>>>>>>>>>>>>>>>>>>>>>>>>>>>>>
23:04:21   binary cross entropy: 0.692983
23:05:27   >>>>>>>>>>>>>>>>>>>>>>>>>>>>>>
23:05:27   binary cross entropy: 0.692746
23:06:33   >>>>>>>>>>>>>>>>>>>>>>>>>>>>>>
23:06:33   binary cross entropy: 0.69296
23:07:39   >>>>>>>>>>>>>>>>>>>>>>>>>>>>>>
23:07:39   binary cross entropy: 0.693579
23:08:43   >>>>>>>>>>>>>>>>>>>>>>>>>>>>>>
23:08:43   binary cross entropy: 0.693718
23:09:46   >>>>>>>>>>>>>>>>>>>>>>>>>>>>>>
23:09:46   binary cross entropy: 0.693149
23:10:50   >>>>>>>>>>>>>>>>>>>>>>>>>>>>>>
23:10:50   binary cross entropy: 0.693528
23:11:58   >>>>>>>>>>>>>>>>>>>>>>>>>>>>>>
23:11:58   binary cross entropy: 0.693148
23:13:06   >>>>>>>>>>>>>>>>>>>>>>>>>>>>>>
23:13:06   binary cross entropy: 0.692728
23:14:14   >>>>>>>>>>>>>>>>>>>>>>>>>>>>>>
23:14:14   binary cross entropy: 0.692814
23:15:20   >>>>>>>>>>>>>>>>>>>>>>>>>>>>>>
23:15:20   binary cross entropy: 0.693146
23:16:22   >>>>>>>>>>>>>>>>>>>>>>>>>>>>>>
23:16:22   binary cross entropy: 0.693308
23:17:27   >>>>>>>>>>>>>>>>>>>>>>>>>>>>>>
23:17:27   binary cross entropy: 0.693551
23:18:32   >>>>>>>>>>>>>>>>>>>>>>>>>>>>>>
23:18:32   binary cross entropy: 0.692929
23:19:39   >>>>>>>>>>>>>>>>>>>>>>>>>>>>>>
23:19:39   binary cross entropy: 0.6929
23:20:48   >>>>>>>>>>>>>>>>>>>>>>>>>>>>>>
23:20:48   binary cross entropy: 0.693633
23:21:54   >>>>>>>>>>>>>>>>>>>>>>>>>>>>>>
23:21:54   binary cross entropy: 0.693579
23:23:03   >>>>>>>>>>>>>>>>>>>>>>>>>>>>>>
23:23:03   binary cross entropy: 0.693642
23:24:04   >>>>>>>>>>>>>>>>>>>>>>>>>>>>>>
23:24:04   binary cross entropy: 0.69273
23:25:13   >>>>>>>>>>>>>>>>>>>>>>>>>>>>>>
23:25:13   binary cross entropy: 0.692923
23:26:21   >>>>>>>>>>>>>>>>>>>>>>>>>>>>>>
23:26:21   binary cross entropy: 0.69339
23:27:30   >>>>>>>>>>>>>>>>>>>>>>>>>>>>>>
23:27:30   binary cross entropy: 0.693525
23:28:35   >>>>>>>>>>>>>>>>>>>>>>>>>>>>>>
23:28:35   binary cross entropy: 0.693287
23:29:41   >>>>>>>>>>>>>>>>>>>>>>>>>>>>>>
23:29:41   binary cross entropy: 0.69332
23:30:44   >>>>>>>>>>>>>>>>>>>>>>>>>>>>>>
23:30:44   binary cross entropy: 0.69297
23:31:51   >>>>>>>>>>>>>>>>>>>>>>>>>>>>>>
23:31:51   binary cross entropy: 0.693599
23:33:01   >>>>>>>>>>>>>>>>>>>>>>>>>>>>>>
23:33:01   binary cross entropy: 0.693547
23:34:13   >>>>>>>>>>>>>>>>>>>>>>>>>>>>>>
23:34:13   binary cross entropy: 0.693264
23:35:17   >>>>>>>>>>>>>>>>>>>>>>>>>>>>>>
23:35:17   binary cross entropy: 0.693147
23:36:19   >>>>>>>>>>>>>>>>>>>>>>>>>>>>>>
23:36:19   binary cross entropy: 0.693597
23:37:27   >>>>>>>>>>>>>>>>>>>>>>>>>>>>>>
23:37:27   binary cross entropy: 0.693024
23:38:29   >>>>>>>>>>>>>>>>>>>>>>>>>>>>>>
23:38:29   binary cross entropy: 0.69319
23:39:34   >>>>>>>>>>>>>>>>>>>>>>>>>>>>>>
23:39:34   binary cross entropy: 0.693454
23:40:43   >>>>>>>>>>>>>>>>>>>>>>>>>>>>>>
23:40:43   binary cross entropy: 0.692763
23:41:45   >>>>>>>>>>>>>>>>>>>>>>>>>>>>>>
23:41:45   binary cross entropy: 0.693148
23:42:51   >>>>>>>>>>>>>>>>>>>>>>>>>>>>>>
23:42:51   binary cross entropy: 0.69273
23:43:59   >>>>>>>>>>>>>>>>>>>>>>>>>>>>>>
23:43:59   binary cross entropy: 0.693293
23:45:09   >>>>>>>>>>>>>>>>>>>>>>>>>>>>>>
23:45:09   binary cross entropy: 0.692813
23:46:16   >>>>>>>>>>>>>>>>>>>>>>>>>>>>>>
23:46:16   binary cross entropy: 0.692687
23:47:22   >>>>>>>>>>>>>>>>>>>>>>>>>>>>>>
23:47:22   binary cross entropy: 0.693148
23:48:27   >>>>>>>>>>>>>>>>>>>>>>>>>>>>>>
23:48:27   binary cross entropy: 0.692788
23:49:40   >>>>>>>>>>>>>>>>>>>>>>>>>>>>>>
23:49:40   binary cross entropy: 0.69332
23:50:40   >>>>>>>>>>>>>>>>>>>>>>>>>>>>>>
23:50:40   binary cross entropy: 0.694164
23:51:44   >>>>>>>>>>>>>>>>>>>>>>>>>>>>>>
23:51:44   binary cross entropy: 0.69365
23:52:55   >>>>>>>>>>>>>>>>>>>>>>>>>>>>>>
23:52:55   binary cross entropy: 0.69366
23:54:01   >>>>>>>>>>>>>>>>>>>>>>>>>>>>>>
23:54:01   binary cross entropy: 0.693223
23:55:00   >>>>>>>>>>>>>>>>>>>>>>>>>>>>>>
23:55:00   binary cross entropy: 0.693097
23:56:04   >>>>>>>>>>>>>>>>>>>>>>>>>>>>>>
23:56:04   binary cross entropy: 0.692919
23:57:16   >>>>>>>>>>>>>>>>>>>>>>>>>>>>>>
23:57:16   binary cross entropy: 0.692919
23:58:18   >>>>>>>>>>>>>>>>>>>>>>>>>>>>>>
23:58:18   binary cross entropy: 0.693074
23:59:23   >>>>>>>>>>>>>>>>>>>>>>>>>>>>>>
23:59:23   binary cross entropy: 0.693147
00:00:26   >>>>>>>>>>>>>>>>>>>>>>>>>>>>>>
00:00:26   binary cross entropy: 0.693262
00:01:31   >>>>>>>>>>>>>>>>>>>>>>>>>>>>>>
00:01:31   binary cross entropy: 0.692718
00:02:30   >>>>>>>>>>>>>>>>>>>>>>>>>>>>>>
00:02:30   binary cross entropy: 0.693435
00:03:37   >>>>>>>>>>>>>>>>>>>>>>>>>>>>>>
00:03:37   binary cross entropy: 0.692999
00:04:45   >>>>>>>>>>>>>>>>>>>>>>>>>>>>>>
00:04:45   binary cross entropy: 0.693148
00:05:54   >>>>>>>>>>>>>>>>>>>>>>>>>>>>>>
00:05:54   binary cross entropy: 0.693307
00:07:01   >>>>>>>>>>>>>>>>>>>>>>>>>>>>>>
00:07:01   binary cross entropy: 0.693457
00:08:11   >>>>>>>>>>>>>>>>>>>>>>>>>>>>>>
00:08:11   binary cross entropy: 0.693499
00:09:16   >>>>>>>>>>>>>>>>>>>>>>>>>>>>>>
00:09:16   binary cross entropy: 0.692976
00:10:15   >>>>>>>>>>>>>>>>>>>>>>>>>>>>>>
00:10:15   binary cross entropy: 0.692783
00:11:18   >>>>>>>>>>>>>>>>>>>>>>>>>>>>>>
00:11:18   binary cross entropy: 0.692934
00:12:22   >>>>>>>>>>>>>>>>>>>>>>>>>>>>>>
00:12:22   binary cross entropy: 0.693314
00:13:30   >>>>>>>>>>>>>>>>>>>>>>>>>>>>>>
00:13:30   binary cross entropy: 0.692966
00:14:35   >>>>>>>>>>>>>>>>>>>>>>>>>>>>>>
00:14:35   binary cross entropy: 0.693148
00:15:43   >>>>>>>>>>>>>>>>>>>>>>>>>>>>>>
00:15:43   binary cross entropy: 0.69301
00:16:51   >>>>>>>>>>>>>>>>>>>>>>>>>>>>>>
00:16:51   binary cross entropy: 0.693902
00:18:03   >>>>>>>>>>>>>>>>>>>>>>>>>>>>>>
00:18:03   binary cross entropy: 0.692953
00:19:04   >>>>>>>>>>>>>>>>>>>>>>>>>>>>>>
00:19:04   binary cross entropy: 0.693979
00:20:10   >>>>>>>>>>>>>>>>>>>>>>>>>>>>>>
00:20:10   binary cross entropy: 0.693377
00:21:16   >>>>>>>>>>>>>>>>>>>>>>>>>>>>>>
00:21:16   binary cross entropy: 0.693365
00:22:18   >>>>>>>>>>>>>>>>>>>>>>>>>>>>>>
00:22:18   binary cross entropy: 0.692757
00:23:16   >>>>>>>>>>>>>>>>>>>>>>>>>>>>>>
00:23:16   binary cross entropy: 0.692655
00:24:29   >>>>>>>>>>>>>>>>>>>>>>>>>>>>>>
00:24:29   binary cross entropy: 0.693941
00:25:34   >>>>>>>>>>>>>>>>>>>>>>>>>>>>>>
00:25:34   binary cross entropy: 0.693149
00:26:44   >>>>>>>>>>>>>>>>>>>>>>>>>>>>>>
00:26:44   binary cross entropy: 0.693667
00:27:52   >>>>>>>>>>>>>>>>>>>>>>>>>>>>>>
00:27:52   binary cross entropy: 0.692405
00:28:57   >>>>>>>>>>>>>>>>>>>>>>>>>>>>>>
00:28:57   binary cross entropy: 0.693415
00:29:58   >>>>>>>>>>>>>>>>>>>>>>>>>>>>>>
00:29:58   binary cross entropy: 0.692371
00:30:22   >>>>>>>>>>>>>>>>>>>>>>>>>>>>>>
00:30:22   Epoch 0 end
00:30:22   duration: 3.78 hours
00:30:22   speed: 1.52 batch / sec
00:30:22   ETA: 0.00 secs
00:30:22   max GPU memory: 34748.4 MiB
00:30:22   ------------------------------
00:30:22   average binary cross entropy: 0.693162
00:30:22   Save checkpoint to /om2/user/oqueen/DeepSurface//models/DeepSurface/ProtBERT/run_0/epoch_6.pth
00:30:25   >>>>>>>>>>>>>>>>>>>>>>>>>>>>>>
00:30:25   Evaluate on valid
00:36:54   ------------------------------
00:36:54   auprc [deep_surface]: 0.498239
00:36:54   auroc [deep_surface]: 0.497052
00:36:54   >>>>>>>>>>>>>>>>>>>>>>>>>>>>>>
00:36:54   Epoch 1 begin
00:37:32   >>>>>>>>>>>>>>>>>>>>>>>>>>>>>>
00:37:32   binary cross entropy: 0.692203
00:38:42   >>>>>>>>>>>>>>>>>>>>>>>>>>>>>>
00:38:42   binary cross entropy: 0.693705
00:39:49   >>>>>>>>>>>>>>>>>>>>>>>>>>>>>>
00:39:49   binary cross entropy: 0.693525
00:40:50   >>>>>>>>>>>>>>>>>>>>>>>>>>>>>>
00:40:50   binary cross entropy: 0.692922
00:41:58   >>>>>>>>>>>>>>>>>>>>>>>>>>>>>>
00:41:58   binary cross entropy: 0.693337
00:43:01   >>>>>>>>>>>>>>>>>>>>>>>>>>>>>>
00:43:01   binary cross entropy: 0.692786
00:44:10   >>>>>>>>>>>>>>>>>>>>>>>>>>>>>>
00:44:10   binary cross entropy: 0.692775
00:45:13   >>>>>>>>>>>>>>>>>>>>>>>>>>>>>>
00:45:13   binary cross entropy: 0.693148
00:46:18   >>>>>>>>>>>>>>>>>>>>>>>>>>>>>>
00:46:18   binary cross entropy: 0.693148
00:47:22   >>>>>>>>>>>>>>>>>>>>>>>>>>>>>>
00:47:22   binary cross entropy: 0.69303
00:48:26   >>>>>>>>>>>>>>>>>>>>>>>>>>>>>>
00:48:26   binary cross entropy: 0.693001
00:49:32   >>>>>>>>>>>>>>>>>>>>>>>>>>>>>>
00:49:32   binary cross entropy: 0.693147
00:50:44   >>>>>>>>>>>>>>>>>>>>>>>>>>>>>>
00:50:44   binary cross entropy: 0.692883
00:51:44   >>>>>>>>>>>>>>>>>>>>>>>>>>>>>>
00:51:44   binary cross entropy: 0.693423
00:52:53   >>>>>>>>>>>>>>>>>>>>>>>>>>>>>>
00:52:53   binary cross entropy: 0.693209
00:53:58   >>>>>>>>>>>>>>>>>>>>>>>>>>>>>>
00:53:58   binary cross entropy: 0.693359
00:55:01   >>>>>>>>>>>>>>>>>>>>>>>>>>>>>>
00:55:01   binary cross entropy: 0.693147
00:56:09   >>>>>>>>>>>>>>>>>>>>>>>>>>>>>>
00:56:09   binary cross entropy: 0.693381
00:57:13   >>>>>>>>>>>>>>>>>>>>>>>>>>>>>>
00:57:13   binary cross entropy: 0.693017
00:58:19   >>>>>>>>>>>>>>>>>>>>>>>>>>>>>>
00:58:19   binary cross entropy: 0.693148
00:59:30   >>>>>>>>>>>>>>>>>>>>>>>>>>>>>>
00:59:30   binary cross entropy: 0.693259
01:00:36   >>>>>>>>>>>>>>>>>>>>>>>>>>>>>>
01:00:36   binary cross entropy: 0.693147
01:01:41   >>>>>>>>>>>>>>>>>>>>>>>>>>>>>>
01:01:41   binary cross entropy: 0.693147
01:02:49   >>>>>>>>>>>>>>>>>>>>>>>>>>>>>>
01:02:49   binary cross entropy: 0.693078
01:03:55   >>>>>>>>>>>>>>>>>>>>>>>>>>>>>>
01:03:55   binary cross entropy: 0.693218
01:05:00   >>>>>>>>>>>>>>>>>>>>>>>>>>>>>>
01:05:00   binary cross entropy: 0.693117
01:06:08   >>>>>>>>>>>>>>>>>>>>>>>>>>>>>>
01:06:08   binary cross entropy: 0.693181
01:07:15   >>>>>>>>>>>>>>>>>>>>>>>>>>>>>>
01:07:15   binary cross entropy: 0.693185
01:08:25   >>>>>>>>>>>>>>>>>>>>>>>>>>>>>>
01:08:25   binary cross entropy: 0.693147
01:09:30   >>>>>>>>>>>>>>>>>>>>>>>>>>>>>>
01:09:30   binary cross entropy: 0.693171
01:10:35   >>>>>>>>>>>>>>>>>>>>>>>>>>>>>>
01:10:35   binary cross entropy: 0.693151
01:11:35   >>>>>>>>>>>>>>>>>>>>>>>>>>>>>>
01:11:35   binary cross entropy: 0.693174
01:12:41   >>>>>>>>>>>>>>>>>>>>>>>>>>>>>>
01:12:41   binary cross entropy: 0.693147
01:13:46   >>>>>>>>>>>>>>>>>>>>>>>>>>>>>>
01:13:46   binary cross entropy: 0.693105
01:14:52   >>>>>>>>>>>>>>>>>>>>>>>>>>>>>>
01:14:52   binary cross entropy: 0.693147
01:15:54   >>>>>>>>>>>>>>>>>>>>>>>>>>>>>>
01:15:54   binary cross entropy: 0.693037
01:17:01   >>>>>>>>>>>>>>>>>>>>>>>>>>>>>>
01:17:01   binary cross entropy: 0.692924
01:18:04   >>>>>>>>>>>>>>>>>>>>>>>>>>>>>>
01:18:04   binary cross entropy: 0.693148
01:19:08   >>>>>>>>>>>>>>>>>>>>>>>>>>>>>>
01:19:08   binary cross entropy: 0.693148
01:20:14   >>>>>>>>>>>>>>>>>>>>>>>>>>>>>>
01:20:14   binary cross entropy: 0.694301
01:21:16   >>>>>>>>>>>>>>>>>>>>>>>>>>>>>>
01:21:16   binary cross entropy: 0.692667
01:22:21   >>>>>>>>>>>>>>>>>>>>>>>>>>>>>>
01:22:21   binary cross entropy: 0.692931
01:23:26   >>>>>>>>>>>>>>>>>>>>>>>>>>>>>>
01:23:26   binary cross entropy: 0.692857
01:24:31   >>>>>>>>>>>>>>>>>>>>>>>>>>>>>>
01:24:31   binary cross entropy: 0.693295
01:25:36   >>>>>>>>>>>>>>>>>>>>>>>>>>>>>>
01:25:36   binary cross entropy: 0.693697
01:26:38   >>>>>>>>>>>>>>>>>>>>>>>>>>>>>>
01:26:38   binary cross entropy: 0.693148
01:27:38   >>>>>>>>>>>>>>>>>>>>>>>>>>>>>>
01:27:38   binary cross entropy: 0.692933
01:28:46   >>>>>>>>>>>>>>>>>>>>>>>>>>>>>>
01:28:46   binary cross entropy: 0.693591
01:29:49   >>>>>>>>>>>>>>>>>>>>>>>>>>>>>>
01:29:49   binary cross entropy: 0.692472
01:30:52   >>>>>>>>>>>>>>>>>>>>>>>>>>>>>>
01:30:52   binary cross entropy: 0.693148
01:32:02   >>>>>>>>>>>>>>>>>>>>>>>>>>>>>>
01:32:02   binary cross entropy: 0.693372
01:33:11   >>>>>>>>>>>>>>>>>>>>>>>>>>>>>>
01:33:11   binary cross entropy: 0.692419
01:34:22   >>>>>>>>>>>>>>>>>>>>>>>>>>>>>>
01:34:22   binary cross entropy: 0.692572
01:35:28   >>>>>>>>>>>>>>>>>>>>>>>>>>>>>>
01:35:28   binary cross entropy: 0.692601
01:36:28   >>>>>>>>>>>>>>>>>>>>>>>>>>>>>>
01:36:28   binary cross entropy: 0.692809
01:37:30   >>>>>>>>>>>>>>>>>>>>>>>>>>>>>>
01:37:30   binary cross entropy: 0.693326
01:38:35   >>>>>>>>>>>>>>>>>>>>>>>>>>>>>>
01:38:35   binary cross entropy: 0.692817
01:39:46   >>>>>>>>>>>>>>>>>>>>>>>>>>>>>>
01:39:46   binary cross entropy: 0.69363
01:40:58   >>>>>>>>>>>>>>>>>>>>>>>>>>>>>>
01:40:58   binary cross entropy: 0.693018
01:42:05   >>>>>>>>>>>>>>>>>>>>>>>>>>>>>>
01:42:05   binary cross entropy: 0.693148
01:43:09   >>>>>>>>>>>>>>>>>>>>>>>>>>>>>>
01:43:09   binary cross entropy: 0.693148
01:44:12   >>>>>>>>>>>>>>>>>>>>>>>>>>>>>>
01:44:12   binary cross entropy: 0.692868
01:45:17   >>>>>>>>>>>>>>>>>>>>>>>>>>>>>>
01:45:17   binary cross entropy: 0.693356
01:46:21   >>>>>>>>>>>>>>>>>>>>>>>>>>>>>>
01:46:21   binary cross entropy: 0.693147
01:47:30   >>>>>>>>>>>>>>>>>>>>>>>>>>>>>>
01:47:30   binary cross entropy: 0.693105
01:48:35   >>>>>>>>>>>>>>>>>>>>>>>>>>>>>>
01:48:35   binary cross entropy: 0.69304
01:49:42   >>>>>>>>>>>>>>>>>>>>>>>>>>>>>>
01:49:42   binary cross entropy: 0.693319
01:50:48   >>>>>>>>>>>>>>>>>>>>>>>>>>>>>>
01:50:48   binary cross entropy: 0.693244
01:51:49   >>>>>>>>>>>>>>>>>>>>>>>>>>>>>>
01:51:49   binary cross entropy: 0.693083
01:52:54   >>>>>>>>>>>>>>>>>>>>>>>>>>>>>>
01:52:54   binary cross entropy: 0.693147
01:54:00   >>>>>>>>>>>>>>>>>>>>>>>>>>>>>>
01:54:00   binary cross entropy: 0.693173
01:55:11   >>>>>>>>>>>>>>>>>>>>>>>>>>>>>>
01:55:11   binary cross entropy: 0.693169
01:56:18   >>>>>>>>>>>>>>>>>>>>>>>>>>>>>>
01:56:18   binary cross entropy: 0.693056
01:57:25   >>>>>>>>>>>>>>>>>>>>>>>>>>>>>>
01:57:25   binary cross entropy: 0.69315
01:58:31   >>>>>>>>>>>>>>>>>>>>>>>>>>>>>>
01:58:31   binary cross entropy: 0.693124
01:59:36   >>>>>>>>>>>>>>>>>>>>>>>>>>>>>>
01:59:36   binary cross entropy: 0.693328
02:00:41   >>>>>>>>>>>>>>>>>>>>>>>>>>>>>>
02:00:41   binary cross entropy: 0.693192
02:01:49   >>>>>>>>>>>>>>>>>>>>>>>>>>>>>>
02:01:49   binary cross entropy: 0.693459
02:02:52   >>>>>>>>>>>>>>>>>>>>>>>>>>>>>>
02:02:52   binary cross entropy: 0.693302
02:03:58   >>>>>>>>>>>>>>>>>>>>>>>>>>>>>>
02:03:58   binary cross entropy: 0.69297
02:05:01   >>>>>>>>>>>>>>>>>>>>>>>>>>>>>>
02:05:01   binary cross entropy: 0.693043
02:06:07   >>>>>>>>>>>>>>>>>>>>>>>>>>>>>>
02:06:07   binary cross entropy: 0.693255
02:07:10   >>>>>>>>>>>>>>>>>>>>>>>>>>>>>>
02:07:10   binary cross entropy: 0.693147
02:08:15   >>>>>>>>>>>>>>>>>>>>>>>>>>>>>>
02:08:15   binary cross entropy: 0.693088
02:09:18   >>>>>>>>>>>>>>>>>>>>>>>>>>>>>>
02:09:18   binary cross entropy: 0.693202
02:10:18   >>>>>>>>>>>>>>>>>>>>>>>>>>>>>>
02:10:18   binary cross entropy: 0.69322
02:11:24   >>>>>>>>>>>>>>>>>>>>>>>>>>>>>>
02:11:24   binary cross entropy: 0.693161
02:12:29   >>>>>>>>>>>>>>>>>>>>>>>>>>>>>>
02:12:29   binary cross entropy: 0.693092
02:13:38   >>>>>>>>>>>>>>>>>>>>>>>>>>>>>>
02:13:38   binary cross entropy: 0.693171
02:14:43   >>>>>>>>>>>>>>>>>>>>>>>>>>>>>>
02:14:43   binary cross entropy: 0.693188
02:15:49   >>>>>>>>>>>>>>>>>>>>>>>>>>>>>>
02:15:49   binary cross entropy: 0.693228
02:16:53   >>>>>>>>>>>>>>>>>>>>>>>>>>>>>>
02:16:53   binary cross entropy: 0.693147
02:17:59   >>>>>>>>>>>>>>>>>>>>>>>>>>>>>>
02:17:59   binary cross entropy: 0.693073
02:19:01   >>>>>>>>>>>>>>>>>>>>>>>>>>>>>>
02:19:01   binary cross entropy: 0.693166
02:20:04   >>>>>>>>>>>>>>>>>>>>>>>>>>>>>>
02:20:04   binary cross entropy: 0.693146
02:21:07   >>>>>>>>>>>>>>>>>>>>>>>>>>>>>>
02:21:07   binary cross entropy: 0.693159
02:22:07   >>>>>>>>>>>>>>>>>>>>>>>>>>>>>>
02:22:07   binary cross entropy: 0.69316
02:23:13   >>>>>>>>>>>>>>>>>>>>>>>>>>>>>>
02:23:13   binary cross entropy: 0.693147
02:24:23   >>>>>>>>>>>>>>>>>>>>>>>>>>>>>>
02:24:23   binary cross entropy: 0.693181
02:25:32   >>>>>>>>>>>>>>>>>>>>>>>>>>>>>>
02:25:32   binary cross entropy: 0.693082
02:26:42   >>>>>>>>>>>>>>>>>>>>>>>>>>>>>>
02:26:42   binary cross entropy: 0.693048
02:27:54   >>>>>>>>>>>>>>>>>>>>>>>>>>>>>>
02:27:54   binary cross entropy: 0.693148
02:29:01   >>>>>>>>>>>>>>>>>>>>>>>>>>>>>>
02:29:01   binary cross entropy: 0.693408
02:30:11   >>>>>>>>>>>>>>>>>>>>>>>>>>>>>>
02:30:11   binary cross entropy: 0.692912
02:31:15   >>>>>>>>>>>>>>>>>>>>>>>>>>>>>>
02:31:15   binary cross entropy: 0.692991
02:32:27   >>>>>>>>>>>>>>>>>>>>>>>>>>>>>>
02:32:27   binary cross entropy: 0.692412
02:33:36   >>>>>>>>>>>>>>>>>>>>>>>>>>>>>>
02:33:36   binary cross entropy: 0.693053
02:34:38   >>>>>>>>>>>>>>>>>>>>>>>>>>>>>>
02:34:38   binary cross entropy: 0.693431
02:35:43   >>>>>>>>>>>>>>>>>>>>>>>>>>>>>>
02:35:43   binary cross entropy: 0.693147
02:36:49   >>>>>>>>>>>>>>>>>>>>>>>>>>>>>>
02:36:49   binary cross entropy: 0.693366
02:37:56   >>>>>>>>>>>>>>>>>>>>>>>>>>>>>>
02:37:56   binary cross entropy: 0.693287
02:39:06   >>>>>>>>>>>>>>>>>>>>>>>>>>>>>>
02:39:06   binary cross entropy: 0.692867
02:40:12   >>>>>>>>>>>>>>>>>>>>>>>>>>>>>>
02:40:12   binary cross entropy: 0.693148
02:41:18   >>>>>>>>>>>>>>>>>>>>>>>>>>>>>>
02:41:18   binary cross entropy: 0.692663
02:42:25   >>>>>>>>>>>>>>>>>>>>>>>>>>>>>>
02:42:25   binary cross entropy: 0.693498
02:43:31   >>>>>>>>>>>>>>>>>>>>>>>>>>>>>>
02:43:31   binary cross entropy: 0.693282
02:44:37   >>>>>>>>>>>>>>>>>>>>>>>>>>>>>>
02:44:37   binary cross entropy: 0.693304
02:45:47   >>>>>>>>>>>>>>>>>>>>>>>>>>>>>>
02:45:47   binary cross entropy: 0.693148
02:46:54   >>>>>>>>>>>>>>>>>>>>>>>>>>>>>>
02:46:54   binary cross entropy: 0.692737
02:47:55   >>>>>>>>>>>>>>>>>>>>>>>>>>>>>>
02:47:55   binary cross entropy: 0.693291
02:49:01   >>>>>>>>>>>>>>>>>>>>>>>>>>>>>>
02:49:01   binary cross entropy: 0.693148
02:50:05   >>>>>>>>>>>>>>>>>>>>>>>>>>>>>>
02:50:05   binary cross entropy: 0.693641
02:51:11   >>>>>>>>>>>>>>>>>>>>>>>>>>>>>>
02:51:11   binary cross entropy: 0.693028
02:52:21   >>>>>>>>>>>>>>>>>>>>>>>>>>>>>>
02:52:21   binary cross entropy: 0.692799
02:53:26   >>>>>>>>>>>>>>>>>>>>>>>>>>>>>>
02:53:26   binary cross entropy: 0.693223
02:54:31   >>>>>>>>>>>>>>>>>>>>>>>>>>>>>>
02:54:31   binary cross entropy: 0.693147
02:55:34   >>>>>>>>>>>>>>>>>>>>>>>>>>>>>>
02:55:34   binary cross entropy: 0.693118
02:56:44   >>>>>>>>>>>>>>>>>>>>>>>>>>>>>>
02:56:44   binary cross entropy: 0.693151
02:57:48   >>>>>>>>>>>>>>>>>>>>>>>>>>>>>>
02:57:48   binary cross entropy: 0.693163
02:58:58   >>>>>>>>>>>>>>>>>>>>>>>>>>>>>>
02:58:58   binary cross entropy: 0.693164
03:00:09   >>>>>>>>>>>>>>>>>>>>>>>>>>>>>>
03:00:09   binary cross entropy: 0.692844
03:01:11   >>>>>>>>>>>>>>>>>>>>>>>>>>>>>>
03:01:11   binary cross entropy: 0.693258
03:02:19   >>>>>>>>>>>>>>>>>>>>>>>>>>>>>>
03:02:19   binary cross entropy: 0.693045
03:03:23   >>>>>>>>>>>>>>>>>>>>>>>>>>>>>>
03:03:23   binary cross entropy: 0.693147
03:04:31   >>>>>>>>>>>>>>>>>>>>>>>>>>>>>>
03:04:31   binary cross entropy: 0.693147
03:05:36   >>>>>>>>>>>>>>>>>>>>>>>>>>>>>>
03:05:36   binary cross entropy: 0.693133
03:06:39   >>>>>>>>>>>>>>>>>>>>>>>>>>>>>>
03:06:39   binary cross entropy: 0.693147
03:07:49   >>>>>>>>>>>>>>>>>>>>>>>>>>>>>>
03:07:49   binary cross entropy: 0.693113
03:08:49   >>>>>>>>>>>>>>>>>>>>>>>>>>>>>>
03:08:49   binary cross entropy: 0.693109
03:09:57   >>>>>>>>>>>>>>>>>>>>>>>>>>>>>>
03:09:57   binary cross entropy: 0.693226
03:11:02   >>>>>>>>>>>>>>>>>>>>>>>>>>>>>>
03:11:02   binary cross entropy: 0.693101
03:12:05   >>>>>>>>>>>>>>>>>>>>>>>>>>>>>>
03:12:05   binary cross entropy: 0.69314
03:13:08   >>>>>>>>>>>>>>>>>>>>>>>>>>>>>>
03:13:08   binary cross entropy: 0.693147
03:14:15   >>>>>>>>>>>>>>>>>>>>>>>>>>>>>>
03:14:15   binary cross entropy: 0.693287
03:15:22   >>>>>>>>>>>>>>>>>>>>>>>>>>>>>>
03:15:22   binary cross entropy: 0.693147
03:16:30   >>>>>>>>>>>>>>>>>>>>>>>>>>>>>>
03:16:30   binary cross entropy: 0.693351
03:17:36   >>>>>>>>>>>>>>>>>>>>>>>>>>>>>>
03:17:36   binary cross entropy: 0.693147
03:18:44   >>>>>>>>>>>>>>>>>>>>>>>>>>>>>>
03:18:44   binary cross entropy: 0.693234
03:19:48   >>>>>>>>>>>>>>>>>>>>>>>>>>>>>>
03:19:48   binary cross entropy: 0.693022
03:20:59   >>>>>>>>>>>>>>>>>>>>>>>>>>>>>>
03:20:59   binary cross entropy: 0.693147
03:22:09   >>>>>>>>>>>>>>>>>>>>>>>>>>>>>>
03:22:09   binary cross entropy: 0.693223
03:23:13   >>>>>>>>>>>>>>>>>>>>>>>>>>>>>>
03:23:13   binary cross entropy: 0.693064
03:24:17   >>>>>>>>>>>>>>>>>>>>>>>>>>>>>>
03:24:17   binary cross entropy: 0.693318
03:25:25   >>>>>>>>>>>>>>>>>>>>>>>>>>>>>>
03:25:25   binary cross entropy: 0.693339
03:26:30   >>>>>>>>>>>>>>>>>>>>>>>>>>>>>>
03:26:30   binary cross entropy: 0.693647
03:27:35   >>>>>>>>>>>>>>>>>>>>>>>>>>>>>>
03:27:35   binary cross entropy: 0.693148
03:28:40   >>>>>>>>>>>>>>>>>>>>>>>>>>>>>>
03:28:40   binary cross entropy: 0.6934
03:29:49   >>>>>>>>>>>>>>>>>>>>>>>>>>>>>>
03:29:49   binary cross entropy: 0.693347
03:30:53   >>>>>>>>>>>>>>>>>>>>>>>>>>>>>>
03:30:53   binary cross entropy: 0.693285
03:31:54   >>>>>>>>>>>>>>>>>>>>>>>>>>>>>>
03:31:54   binary cross entropy: 0.693365
03:33:01   >>>>>>>>>>>>>>>>>>>>>>>>>>>>>>
03:33:01   binary cross entropy: 0.693452
03:34:03   >>>>>>>>>>>>>>>>>>>>>>>>>>>>>>
03:34:03   binary cross entropy: 0.69353
03:35:09   >>>>>>>>>>>>>>>>>>>>>>>>>>>>>>
03:35:09   binary cross entropy: 0.693148
03:36:21   >>>>>>>>>>>>>>>>>>>>>>>>>>>>>>
03:36:21   binary cross entropy: 0.692519
03:37:30   >>>>>>>>>>>>>>>>>>>>>>>>>>>>>>
03:37:30   binary cross entropy: 0.692696
03:38:35   >>>>>>>>>>>>>>>>>>>>>>>>>>>>>>
03:38:35   binary cross entropy: 0.693149
03:39:43   >>>>>>>>>>>>>>>>>>>>>>>>>>>>>>
03:39:43   binary cross entropy: 0.693148
03:40:49   >>>>>>>>>>>>>>>>>>>>>>>>>>>>>>
03:40:49   binary cross entropy: 0.692974
03:41:58   >>>>>>>>>>>>>>>>>>>>>>>>>>>>>>
03:41:58   binary cross entropy: 0.692921
03:43:02   >>>>>>>>>>>>>>>>>>>>>>>>>>>>>>
03:43:02   binary cross entropy: 0.693627
03:44:06   >>>>>>>>>>>>>>>>>>>>>>>>>>>>>>
03:44:06   binary cross entropy: 0.693397
03:45:11   >>>>>>>>>>>>>>>>>>>>>>>>>>>>>>
03:45:11   binary cross entropy: 0.692355
03:46:16   >>>>>>>>>>>>>>>>>>>>>>>>>>>>>>
03:46:16   binary cross entropy: 0.692852
03:47:18   >>>>>>>>>>>>>>>>>>>>>>>>>>>>>>
03:47:18   binary cross entropy: 0.694486
03:48:22   >>>>>>>>>>>>>>>>>>>>>>>>>>>>>>
03:48:22   binary cross entropy: 0.693151
03:49:27   >>>>>>>>>>>>>>>>>>>>>>>>>>>>>>
03:49:27   binary cross entropy: 0.692755
03:50:30   >>>>>>>>>>>>>>>>>>>>>>>>>>>>>>
03:50:30   binary cross entropy: 0.694471
03:51:39   >>>>>>>>>>>>>>>>>>>>>>>>>>>>>>
03:51:39   binary cross entropy: 0.693963
03:52:51   >>>>>>>>>>>>>>>>>>>>>>>>>>>>>>
03:52:51   binary cross entropy: 0.694772
03:53:53   >>>>>>>>>>>>>>>>>>>>>>>>>>>>>>
03:53:53   binary cross entropy: 0.692574
03:54:56   >>>>>>>>>>>>>>>>>>>>>>>>>>>>>>
03:54:56   binary cross entropy: 0.693509
03:56:01   >>>>>>>>>>>>>>>>>>>>>>>>>>>>>>
03:56:01   binary cross entropy: 0.693409
03:57:14   >>>>>>>>>>>>>>>>>>>>>>>>>>>>>>
03:57:14   binary cross entropy: 0.693191
03:58:17   >>>>>>>>>>>>>>>>>>>>>>>>>>>>>>
03:58:17   binary cross entropy: 0.694605
03:59:25   >>>>>>>>>>>>>>>>>>>>>>>>>>>>>>
03:59:25   binary cross entropy: 0.693125
04:00:30   >>>>>>>>>>>>>>>>>>>>>>>>>>>>>>
04:00:30   binary cross entropy: 0.691409
04:01:35   >>>>>>>>>>>>>>>>>>>>>>>>>>>>>>
04:01:35   binary cross entropy: 0.693186
04:02:41   >>>>>>>>>>>>>>>>>>>>>>>>>>>>>>
04:02:41   binary cross entropy: 0.697982
04:03:43   >>>>>>>>>>>>>>>>>>>>>>>>>>>>>>
04:03:43   binary cross entropy: 0.696701
04:04:51   >>>>>>>>>>>>>>>>>>>>>>>>>>>>>>
04:04:51   binary cross entropy: 0.688946
04:05:55   >>>>>>>>>>>>>>>>>>>>>>>>>>>>>>
04:05:55   binary cross entropy: 0.69325
04:07:02   >>>>>>>>>>>>>>>>>>>>>>>>>>>>>>
04:07:02   binary cross entropy: 0.693391
04:08:06   >>>>>>>>>>>>>>>>>>>>>>>>>>>>>>
04:08:06   binary cross entropy: 0.693225
04:09:17   >>>>>>>>>>>>>>>>>>>>>>>>>>>>>>
04:09:17   binary cross entropy: 0.693314
04:10:28   >>>>>>>>>>>>>>>>>>>>>>>>>>>>>>
04:10:28   binary cross entropy: 0.693196
04:11:37   >>>>>>>>>>>>>>>>>>>>>>>>>>>>>>
04:11:37   binary cross entropy: 0.693548
04:12:39   >>>>>>>>>>>>>>>>>>>>>>>>>>>>>>
04:12:39   binary cross entropy: 0.693184
04:13:45   >>>>>>>>>>>>>>>>>>>>>>>>>>>>>>
04:13:45   binary cross entropy: 0.693285
04:14:53   >>>>>>>>>>>>>>>>>>>>>>>>>>>>>>
04:14:53   binary cross entropy: 0.693303
04:16:00   >>>>>>>>>>>>>>>>>>>>>>>>>>>>>>
04:16:00   binary cross entropy: 0.69294
04:17:07   >>>>>>>>>>>>>>>>>>>>>>>>>>>>>>
04:17:07   binary cross entropy: 0.693445
04:18:16   >>>>>>>>>>>>>>>>>>>>>>>>>>>>>>
04:18:16   binary cross entropy: 0.693148
04:19:23   >>>>>>>>>>>>>>>>>>>>>>>>>>>>>>
04:19:23   binary cross entropy: 0.69221
04:20:32   >>>>>>>>>>>>>>>>>>>>>>>>>>>>>>
04:20:32   binary cross entropy: 0.693489
04:21:38   >>>>>>>>>>>>>>>>>>>>>>>>>>>>>>
04:21:38   binary cross entropy: 0.693233
04:22:48   >>>>>>>>>>>>>>>>>>>>>>>>>>>>>>
04:22:48   binary cross entropy: 0.698433
04:23:50   >>>>>>>>>>>>>>>>>>>>>>>>>>>>>>
04:23:50   binary cross entropy: 0.691632
04:24:44   >>>>>>>>>>>>>>>>>>>>>>>>>>>>>>
04:24:44   Epoch 1 end
04:24:44   duration: 3.91 hours
04:24:44   speed: 1.48 batch / sec
04:24:44   ETA: 0.00 secs
04:24:44   max GPU memory: 34765.3 MiB
04:24:44   ------------------------------
04:24:44   average binary cross entropy: 0.693152
04:24:44   Save checkpoint to /om2/user/oqueen/DeepSurface//models/DeepSurface/ProtBERT/run_0/epoch_14.pth
04:24:46   >>>>>>>>>>>>>>>>>>>>>>>>>>>>>>
04:24:46   Evaluate on valid
04:31:20   ------------------------------
04:31:20   auprc [deep_surface]: 0.501533
04:31:20   auroc [deep_surface]: 0.499912
04:31:20   >>>>>>>>>>>>>>>>>>>>>>>>>>>>>>
04:31:20   Epoch 2 begin
04:31:33   >>>>>>>>>>>>>>>>>>>>>>>>>>>>>>
04:31:33   binary cross entropy: 0.689913
04:32:44   >>>>>>>>>>>>>>>>>>>>>>>>>>>>>>
04:32:44   binary cross entropy: 0.696693
04:33:46   >>>>>>>>>>>>>>>>>>>>>>>>>>>>>>
04:33:46   binary cross entropy: 0.696098
04:34:52   >>>>>>>>>>>>>>>>>>>>>>>>>>>>>>
04:34:52   binary cross entropy: 0.689898
04:36:02   >>>>>>>>>>>>>>>>>>>>>>>>>>>>>>
04:36:02   binary cross entropy: 0.693271
04:37:06   >>>>>>>>>>>>>>>>>>>>>>>>>>>>>>
04:37:06   binary cross entropy: 0.696637
04:38:14   >>>>>>>>>>>>>>>>>>>>>>>>>>>>>>
04:38:14   binary cross entropy: 0.693131
04:39:19   >>>>>>>>>>>>>>>>>>>>>>>>>>>>>>
04:39:19   binary cross entropy: 0.693564
04:40:29   >>>>>>>>>>>>>>>>>>>>>>>>>>>>>>
04:40:29   binary cross entropy: 0.694089
04:41:36   >>>>>>>>>>>>>>>>>>>>>>>>>>>>>>
04:41:36   binary cross entropy: 0.694511
04:42:39   >>>>>>>>>>>>>>>>>>>>>>>>>>>>>>
04:42:39   binary cross entropy: 0.691688
04:43:40   >>>>>>>>>>>>>>>>>>>>>>>>>>>>>>
04:43:40   binary cross entropy: 0.692689
04:44:46   >>>>>>>>>>>>>>>>>>>>>>>>>>>>>>
04:44:46   binary cross entropy: 0.693158
04:45:58   >>>>>>>>>>>>>>>>>>>>>>>>>>>>>>
04:45:58   binary cross entropy: 0.692238
04:47:05   >>>>>>>>>>>>>>>>>>>>>>>>>>>>>>
04:47:05   binary cross entropy: 0.693631
04:48:11   >>>>>>>>>>>>>>>>>>>>>>>>>>>>>>
04:48:11   binary cross entropy: 0.692241
04:49:16   >>>>>>>>>>>>>>>>>>>>>>>>>>>>>>
04:49:16   binary cross entropy: 0.693159
04:50:28   >>>>>>>>>>>>>>>>>>>>>>>>>>>>>>
04:50:28   binary cross entropy: 0.694173
04:51:29   >>>>>>>>>>>>>>>>>>>>>>>>>>>>>>
04:51:29   binary cross entropy: 0.694077
04:52:34   >>>>>>>>>>>>>>>>>>>>>>>>>>>>>>
04:52:34   binary cross entropy: 0.694066
04:53:32   >>>>>>>>>>>>>>>>>>>>>>>>>>>>>>
04:53:32   binary cross entropy: 0.693554
04:54:35   >>>>>>>>>>>>>>>>>>>>>>>>>>>>>>
04:54:35   binary cross entropy: 0.693158
04:55:42   >>>>>>>>>>>>>>>>>>>>>>>>>>>>>>
04:55:42   binary cross entropy: 0.692723
04:56:46   >>>>>>>>>>>>>>>>>>>>>>>>>>>>>>
04:56:46   binary cross entropy: 0.694421
04:57:54   >>>>>>>>>>>>>>>>>>>>>>>>>>>>>>
04:57:54   binary cross entropy: 0.693609
04:58:58   >>>>>>>>>>>>>>>>>>>>>>>>>>>>>>
04:58:58   binary cross entropy: 0.691289
05:00:04   >>>>>>>>>>>>>>>>>>>>>>>>>>>>>>
05:00:04   binary cross entropy: 0.692647
05:01:11   >>>>>>>>>>>>>>>>>>>>>>>>>>>>>>
05:01:11   binary cross entropy: 0.692595
05:02:12   >>>>>>>>>>>>>>>>>>>>>>>>>>>>>>
05:02:12   binary cross entropy: 0.690578
05:03:19   >>>>>>>>>>>>>>>>>>>>>>>>>>>>>>
05:03:19   binary cross entropy: 0.693156
05:04:23   >>>>>>>>>>>>>>>>>>>>>>>>>>>>>>
05:04:23   binary cross entropy: 0.693156
05:05:32   >>>>>>>>>>>>>>>>>>>>>>>>>>>>>>
05:05:32   binary cross entropy: 0.692645
05:06:37   >>>>>>>>>>>>>>>>>>>>>>>>>>>>>>
05:06:37   binary cross entropy: 0.692667
05:07:40   >>>>>>>>>>>>>>>>>>>>>>>>>>>>>>
05:07:40   binary cross entropy: 0.695135
05:08:45   >>>>>>>>>>>>>>>>>>>>>>>>>>>>>>
05:08:45   binary cross entropy: 0.693612
05:09:48   >>>>>>>>>>>>>>>>>>>>>>>>>>>>>>
05:09:48   binary cross entropy: 0.693155
05:10:56   >>>>>>>>>>>>>>>>>>>>>>>>>>>>>>
05:10:56   binary cross entropy: 0.694586
05:12:01   >>>>>>>>>>>>>>>>>>>>>>>>>>>>>>
05:12:01   binary cross entropy: 0.693988
05:13:06   >>>>>>>>>>>>>>>>>>>>>>>>>>>>>>
05:13:06   binary cross entropy: 0.694941
05:14:10   >>>>>>>>>>>>>>>>>>>>>>>>>>>>>>
05:14:10   binary cross entropy: 0.692717
05:15:15   >>>>>>>>>>>>>>>>>>>>>>>>>>>>>>
05:15:15   binary cross entropy: 0.692365
05:16:23   >>>>>>>>>>>>>>>>>>>>>>>>>>>>>>
05:16:23   binary cross entropy: 0.693555
05:17:30   >>>>>>>>>>>>>>>>>>>>>>>>>>>>>>
05:17:30   binary cross entropy: 0.693153
05:18:30   >>>>>>>>>>>>>>>>>>>>>>>>>>>>>>
05:18:30   binary cross entropy: 0.693561
05:19:30   >>>>>>>>>>>>>>>>>>>>>>>>>>>>>>
05:19:30   binary cross entropy: 0.692766
05:20:37   >>>>>>>>>>>>>>>>>>>>>>>>>>>>>>
05:20:37   binary cross entropy: 0.691918
05:21:42   >>>>>>>>>>>>>>>>>>>>>>>>>>>>>>
05:21:42   binary cross entropy: 0.692773
05:22:59   >>>>>>>>>>>>>>>>>>>>>>>>>>>>>>
05:22:59   binary cross entropy: 0.693463
05:24:01   >>>>>>>>>>>>>>>>>>>>>>>>>>>>>>
05:24:01   binary cross entropy: 0.693824
05:25:05   >>>>>>>>>>>>>>>>>>>>>>>>>>>>>>
05:25:05   binary cross entropy: 0.69315
05:26:10   >>>>>>>>>>>>>>>>>>>>>>>>>>>>>>
05:26:10   binary cross entropy: 0.69285
05:27:17   >>>>>>>>>>>>>>>>>>>>>>>>>>>>>>
05:27:17   binary cross entropy: 0.693707
05:28:26   >>>>>>>>>>>>>>>>>>>>>>>>>>>>>>
05:28:26   binary cross entropy: 0.692351
05:29:32   >>>>>>>>>>>>>>>>>>>>>>>>>>>>>>
05:29:32   binary cross entropy: 0.693149
05:30:39   >>>>>>>>>>>>>>>>>>>>>>>>>>>>>>
05:30:39   binary cross entropy: 0.692578
05:31:43   >>>>>>>>>>>>>>>>>>>>>>>>>>>>>>
05:31:43   binary cross entropy: 0.693702
05:32:42   >>>>>>>>>>>>>>>>>>>>>>>>>>>>>>
05:32:42   binary cross entropy: 0.692859
05:33:49   >>>>>>>>>>>>>>>>>>>>>>>>>>>>>>
05:33:49   binary cross entropy: 0.693428
05:34:59   >>>>>>>>>>>>>>>>>>>>>>>>>>>>>>
05:34:59   binary cross entropy: 0.692888
05:36:03   >>>>>>>>>>>>>>>>>>>>>>>>>>>>>>
05:36:03   binary cross entropy: 0.69187
05:37:14   >>>>>>>>>>>>>>>>>>>>>>>>>>>>>>
05:37:14   binary cross entropy: 0.693688
05:38:25   >>>>>>>>>>>>>>>>>>>>>>>>>>>>>>
05:38:25   binary cross entropy: 0.693414
05:39:32   >>>>>>>>>>>>>>>>>>>>>>>>>>>>>>
05:39:32   binary cross entropy: 0.693394
05:40:37   >>>>>>>>>>>>>>>>>>>>>>>>>>>>>>
05:40:37   binary cross entropy: 0.692676
05:41:40   >>>>>>>>>>>>>>>>>>>>>>>>>>>>>>
05:41:40   binary cross entropy: 0.693888
05:42:45   >>>>>>>>>>>>>>>>>>>>>>>>>>>>>>
05:42:45   binary cross entropy: 0.693389
05:43:49   >>>>>>>>>>>>>>>>>>>>>>>>>>>>>>
05:43:49   binary cross entropy: 0.69315
05:44:54   >>>>>>>>>>>>>>>>>>>>>>>>>>>>>>
05:44:54   binary cross entropy: 0.693658
05:45:56   >>>>>>>>>>>>>>>>>>>>>>>>>>>>>>
05:45:56   binary cross entropy: 0.69294
05:46:58   >>>>>>>>>>>>>>>>>>>>>>>>>>>>>>
05:46:58   binary cross entropy: 0.693286
05:48:05   >>>>>>>>>>>>>>>>>>>>>>>>>>>>>>
05:48:05   binary cross entropy: 0.692971
05:49:11   >>>>>>>>>>>>>>>>>>>>>>>>>>>>>>
05:49:11   binary cross entropy: 0.692524
05:50:18   >>>>>>>>>>>>>>>>>>>>>>>>>>>>>>
05:50:18   binary cross entropy: 0.693029
05:51:20   >>>>>>>>>>>>>>>>>>>>>>>>>>>>>>
05:51:20   binary cross entropy: 0.69324
05:52:24   >>>>>>>>>>>>>>>>>>>>>>>>>>>>>>
05:52:24   binary cross entropy: 0.693148
05:53:29   >>>>>>>>>>>>>>>>>>>>>>>>>>>>>>
05:53:29   binary cross entropy: 0.692899
05:54:30   >>>>>>>>>>>>>>>>>>>>>>>>>>>>>>
05:54:30   binary cross entropy: 0.693341
05:55:37   >>>>>>>>>>>>>>>>>>>>>>>>>>>>>>
05:55:37   binary cross entropy: 0.693047
05:56:41   >>>>>>>>>>>>>>>>>>>>>>>>>>>>>>
05:56:41   binary cross entropy: 0.693
05:57:49   >>>>>>>>>>>>>>>>>>>>>>>>>>>>>>
05:57:49   binary cross entropy: 0.693102
05:58:53   >>>>>>>>>>>>>>>>>>>>>>>>>>>>>>
05:58:53   binary cross entropy: 0.693187
05:59:57   >>>>>>>>>>>>>>>>>>>>>>>>>>>>>>
05:59:57   binary cross entropy: 0.692942
06:01:06   >>>>>>>>>>>>>>>>>>>>>>>>>>>>>>
06:01:06   binary cross entropy: 0.693328
06:02:13   >>>>>>>>>>>>>>>>>>>>>>>>>>>>>>
06:02:13   binary cross entropy: 0.693092
06:03:21   >>>>>>>>>>>>>>>>>>>>>>>>>>>>>>
06:03:21   binary cross entropy: 0.69334
06:04:27   >>>>>>>>>>>>>>>>>>>>>>>>>>>>>>
06:04:27   binary cross entropy: 0.693229
06:05:33   >>>>>>>>>>>>>>>>>>>>>>>>>>>>>>
06:05:33   binary cross entropy: 0.693147
06:06:41   >>>>>>>>>>>>>>>>>>>>>>>>>>>>>>
06:06:41   binary cross entropy: 0.693045
06:07:53   >>>>>>>>>>>>>>>>>>>>>>>>>>>>>>
06:07:53   binary cross entropy: 0.693147
06:08:58   >>>>>>>>>>>>>>>>>>>>>>>>>>>>>>
06:08:58   binary cross entropy: 0.693264
06:10:05   >>>>>>>>>>>>>>>>>>>>>>>>>>>>>>
06:10:05   binary cross entropy: 0.693148
06:11:13   >>>>>>>>>>>>>>>>>>>>>>>>>>>>>>
06:11:13   binary cross entropy: 0.692594
06:12:18   >>>>>>>>>>>>>>>>>>>>>>>>>>>>>>
06:12:18   binary cross entropy: 0.692956
06:13:18   >>>>>>>>>>>>>>>>>>>>>>>>>>>>>>
06:13:18   binary cross entropy: 0.692996
06:14:24   >>>>>>>>>>>>>>>>>>>>>>>>>>>>>>
06:14:24   binary cross entropy: 0.692911
06:15:24   >>>>>>>>>>>>>>>>>>>>>>>>>>>>>>
06:15:24   binary cross entropy: 0.693224
06:16:26   >>>>>>>>>>>>>>>>>>>>>>>>>>>>>>
06:16:26   binary cross entropy: 0.693248
06:17:37   >>>>>>>>>>>>>>>>>>>>>>>>>>>>>>
06:17:37   binary cross entropy: 0.69299
06:18:44   >>>>>>>>>>>>>>>>>>>>>>>>>>>>>>
06:18:44   binary cross entropy: 0.693147
06:19:51   >>>>>>>>>>>>>>>>>>>>>>>>>>>>>>
06:19:51   binary cross entropy: 0.692862
06:20:54   >>>>>>>>>>>>>>>>>>>>>>>>>>>>>>
06:20:54   binary cross entropy: 0.693148
06:22:01   >>>>>>>>>>>>>>>>>>>>>>>>>>>>>>
06:22:01   binary cross entropy: 0.692927
06:23:11   >>>>>>>>>>>>>>>>>>>>>>>>>>>>>>
06:23:11   binary cross entropy: 0.692438
06:24:17   >>>>>>>>>>>>>>>>>>>>>>>>>>>>>>
06:24:17   binary cross entropy: 0.693303
06:25:26   >>>>>>>>>>>>>>>>>>>>>>>>>>>>>>
06:25:26   binary cross entropy: 0.693251
06:26:34   >>>>>>>>>>>>>>>>>>>>>>>>>>>>>>
06:26:34   binary cross entropy: 0.693249
06:27:44   >>>>>>>>>>>>>>>>>>>>>>>>>>>>>>
06:27:44   binary cross entropy: 0.692724
06:28:46   >>>>>>>>>>>>>>>>>>>>>>>>>>>>>>
06:28:46   binary cross entropy: 0.693148
06:29:54   >>>>>>>>>>>>>>>>>>>>>>>>>>>>>>
06:29:54   binary cross entropy: 0.693148
06:30:57   >>>>>>>>>>>>>>>>>>>>>>>>>>>>>>
06:30:57   binary cross entropy: 0.693482
06:32:04   >>>>>>>>>>>>>>>>>>>>>>>>>>>>>>
06:32:04   binary cross entropy: 0.693497
06:33:13   >>>>>>>>>>>>>>>>>>>>>>>>>>>>>>
06:33:13   binary cross entropy: 0.692784
06:34:18   >>>>>>>>>>>>>>>>>>>>>>>>>>>>>>
06:34:18   binary cross entropy: 0.69286
06:35:23   >>>>>>>>>>>>>>>>>>>>>>>>>>>>>>
06:35:23   binary cross entropy: 0.693296
06:36:27   >>>>>>>>>>>>>>>>>>>>>>>>>>>>>>
06:36:27   binary cross entropy: 0.693148
06:37:35   >>>>>>>>>>>>>>>>>>>>>>>>>>>>>>
06:37:35   binary cross entropy: 0.693709
06:38:44   >>>>>>>>>>>>>>>>>>>>>>>>>>>>>>
06:38:44   binary cross entropy: 0.693348
06:39:50   >>>>>>>>>>>>>>>>>>>>>>>>>>>>>>
06:39:50   binary cross entropy: 0.693149
06:40:59   >>>>>>>>>>>>>>>>>>>>>>>>>>>>>>
06:40:59   binary cross entropy: 0.692472
06:42:07   >>>>>>>>>>>>>>>>>>>>>>>>>>>>>>
06:42:07   binary cross entropy: 0.692512
06:43:10   >>>>>>>>>>>>>>>>>>>>>>>>>>>>>>
06:43:10   binary cross entropy: 0.693149
06:44:15   >>>>>>>>>>>>>>>>>>>>>>>>>>>>>>
06:44:15   binary cross entropy: 0.693149
06:45:19   >>>>>>>>>>>>>>>>>>>>>>>>>>>>>>
06:45:19   binary cross entropy: 0.692825
06:46:26   >>>>>>>>>>>>>>>>>>>>>>>>>>>>>>
06:46:26   binary cross entropy: 0.693018
06:47:38   >>>>>>>>>>>>>>>>>>>>>>>>>>>>>>
06:47:38   binary cross entropy: 0.693148
06:48:50   >>>>>>>>>>>>>>>>>>>>>>>>>>>>>>
06:48:50   binary cross entropy: 0.693148
06:49:58   >>>>>>>>>>>>>>>>>>>>>>>>>>>>>>
06:49:58   binary cross entropy: 0.693311
06:51:04   >>>>>>>>>>>>>>>>>>>>>>>>>>>>>>
06:51:04   binary cross entropy: 0.692616
06:52:08   >>>>>>>>>>>>>>>>>>>>>>>>>>>>>>
06:52:08   binary cross entropy: 0.693148
06:53:18   >>>>>>>>>>>>>>>>>>>>>>>>>>>>>>
06:53:18   binary cross entropy: 0.693404
06:54:22   >>>>>>>>>>>>>>>>>>>>>>>>>>>>>>
06:54:22   binary cross entropy: 0.693641
06:55:28   >>>>>>>>>>>>>>>>>>>>>>>>>>>>>>
06:55:28   binary cross entropy: 0.693353
06:56:40   >>>>>>>>>>>>>>>>>>>>>>>>>>>>>>
06:56:40   binary cross entropy: 0.693149
06:57:45   >>>>>>>>>>>>>>>>>>>>>>>>>>>>>>
06:57:45   binary cross entropy: 0.692573
06:58:52   >>>>>>>>>>>>>>>>>>>>>>>>>>>>>>
06:58:52   binary cross entropy: 0.693346
07:00:02   >>>>>>>>>>>>>>>>>>>>>>>>>>>>>>
07:00:02   binary cross entropy: 0.693315
07:01:09   >>>>>>>>>>>>>>>>>>>>>>>>>>>>>>
07:01:09   binary cross entropy: 0.69274
07:02:15   >>>>>>>>>>>>>>>>>>>>>>>>>>>>>>
07:02:15   binary cross entropy: 0.693379
07:03:18   >>>>>>>>>>>>>>>>>>>>>>>>>>>>>>
07:03:18   binary cross entropy: 0.693372
07:04:20   >>>>>>>>>>>>>>>>>>>>>>>>>>>>>>
07:04:20   binary cross entropy: 0.693397
07:05:28   >>>>>>>>>>>>>>>>>>>>>>>>>>>>>>
07:05:28   binary cross entropy: 0.694023
07:06:34   >>>>>>>>>>>>>>>>>>>>>>>>>>>>>>
07:06:34   binary cross entropy: 0.692555
07:07:35   >>>>>>>>>>>>>>>>>>>>>>>>>>>>>>
07:07:35   binary cross entropy: 0.693409
07:08:37   >>>>>>>>>>>>>>>>>>>>>>>>>>>>>>
07:08:37   binary cross entropy: 0.69257
07:09:45   >>>>>>>>>>>>>>>>>>>>>>>>>>>>>>
07:09:45   binary cross entropy: 0.693751
07:10:44   >>>>>>>>>>>>>>>>>>>>>>>>>>>>>>
07:10:44   binary cross entropy: 0.693538
07:11:50   >>>>>>>>>>>>>>>>>>>>>>>>>>>>>>
07:11:50   binary cross entropy: 0.69386
07:12:59   >>>>>>>>>>>>>>>>>>>>>>>>>>>>>>
07:12:59   binary cross entropy: 0.69438
07:14:05   >>>>>>>>>>>>>>>>>>>>>>>>>>>>>>
07:14:05   binary cross entropy: 0.692763
07:15:16   >>>>>>>>>>>>>>>>>>>>>>>>>>>>>>
07:15:16   binary cross entropy: 0.693152
07:16:23   >>>>>>>>>>>>>>>>>>>>>>>>>>>>>>
07:16:23   binary cross entropy: 0.692849
07:17:36   >>>>>>>>>>>>>>>>>>>>>>>>>>>>>>
07:17:36   binary cross entropy: 0.692867
07:18:40   >>>>>>>>>>>>>>>>>>>>>>>>>>>>>>
07:18:40   binary cross entropy: 0.69315
07:19:47   >>>>>>>>>>>>>>>>>>>>>>>>>>>>>>
07:19:47   binary cross entropy: 0.693454
07:20:54   >>>>>>>>>>>>>>>>>>>>>>>>>>>>>>
07:20:54   binary cross entropy: 0.69417
07:21:59   >>>>>>>>>>>>>>>>>>>>>>>>>>>>>>
07:21:59   binary cross entropy: 0.692355
07:23:09   >>>>>>>>>>>>>>>>>>>>>>>>>>>>>>
07:23:09   binary cross entropy: 0.692846
07:24:19   >>>>>>>>>>>>>>>>>>>>>>>>>>>>>>
07:24:19   binary cross entropy: 0.693975
07:25:19   >>>>>>>>>>>>>>>>>>>>>>>>>>>>>>
07:25:19   binary cross entropy: 0.692038
07:26:23   >>>>>>>>>>>>>>>>>>>>>>>>>>>>>>
07:26:23   binary cross entropy: 0.693149
07:27:29   >>>>>>>>>>>>>>>>>>>>>>>>>>>>>>
07:27:29   binary cross entropy: 0.693405
07:28:35   >>>>>>>>>>>>>>>>>>>>>>>>>>>>>>
07:28:35   binary cross entropy: 0.692616
07:29:40   >>>>>>>>>>>>>>>>>>>>>>>>>>>>>>
07:29:40   binary cross entropy: 0.693668
07:30:48   >>>>>>>>>>>>>>>>>>>>>>>>>>>>>>
07:30:48   binary cross entropy: 0.691986
07:31:51   >>>>>>>>>>>>>>>>>>>>>>>>>>>>>>
07:31:51   binary cross entropy: 0.693602
07:32:57   >>>>>>>>>>>>>>>>>>>>>>>>>>>>>>
07:32:57   binary cross entropy: 0.693364
07:34:08   >>>>>>>>>>>>>>>>>>>>>>>>>>>>>>
07:34:08   binary cross entropy: 0.692955
07:35:09   >>>>>>>>>>>>>>>>>>>>>>>>>>>>>>
07:35:09   binary cross entropy: 0.693311
07:36:17   >>>>>>>>>>>>>>>>>>>>>>>>>>>>>>
07:36:17   binary cross entropy: 0.692997
07:37:26   >>>>>>>>>>>>>>>>>>>>>>>>>>>>>>
07:37:26   binary cross entropy: 0.693007
07:38:33   >>>>>>>>>>>>>>>>>>>>>>>>>>>>>>
07:38:33   binary cross entropy: 0.692863
07:39:38   >>>>>>>>>>>>>>>>>>>>>>>>>>>>>>
07:39:38   binary cross entropy: 0.693295
07:40:40   >>>>>>>>>>>>>>>>>>>>>>>>>>>>>>
07:40:40   binary cross entropy: 0.693427
07:41:43   >>>>>>>>>>>>>>>>>>>>>>>>>>>>>>
07:41:43   binary cross entropy: 0.693148
07:42:48   >>>>>>>>>>>>>>>>>>>>>>>>>>>>>>
07:42:48   binary cross entropy: 0.693323
07:43:55   >>>>>>>>>>>>>>>>>>>>>>>>>>>>>>
07:43:55   binary cross entropy: 0.693001
07:45:01   >>>>>>>>>>>>>>>>>>>>>>>>>>>>>>
07:45:01   binary cross entropy: 0.692995
07:46:07   >>>>>>>>>>>>>>>>>>>>>>>>>>>>>>
07:46:07   binary cross entropy: 0.693074
07:47:15   >>>>>>>>>>>>>>>>>>>>>>>>>>>>>>
07:47:15   binary cross entropy: 0.693021
07:48:22   >>>>>>>>>>>>>>>>>>>>>>>>>>>>>>
07:48:22   binary cross entropy: 0.693147
07:49:23   >>>>>>>>>>>>>>>>>>>>>>>>>>>>>>
07:49:23   binary cross entropy: 0.693133
07:50:26   >>>>>>>>>>>>>>>>>>>>>>>>>>>>>>
07:50:26   binary cross entropy: 0.693129
07:51:33   >>>>>>>>>>>>>>>>>>>>>>>>>>>>>>
07:51:33   binary cross entropy: 0.693134
07:52:40   >>>>>>>>>>>>>>>>>>>>>>>>>>>>>>
07:52:40   binary cross entropy: 0.693142
07:53:47   >>>>>>>>>>>>>>>>>>>>>>>>>>>>>>
07:53:47   binary cross entropy: 0.693171
07:54:48   >>>>>>>>>>>>>>>>>>>>>>>>>>>>>>
07:54:48   binary cross entropy: 0.693254
07:55:58   >>>>>>>>>>>>>>>>>>>>>>>>>>>>>>
07:55:58   binary cross entropy: 0.693124
07:57:07   >>>>>>>>>>>>>>>>>>>>>>>>>>>>>>
07:57:07   binary cross entropy: 0.693093
07:58:13   >>>>>>>>>>>>>>>>>>>>>>>>>>>>>>
07:58:13   binary cross entropy: 0.693133
07:59:20   >>>>>>>>>>>>>>>>>>>>>>>>>>>>>>
07:59:20   binary cross entropy: 0.693112
08:00:27   >>>>>>>>>>>>>>>>>>>>>>>>>>>>>>
08:00:27   binary cross entropy: 0.693163
08:01:39   >>>>>>>>>>>>>>>>>>>>>>>>>>>>>>
08:01:39   binary cross entropy: 0.693086
08:02:45   >>>>>>>>>>>>>>>>>>>>>>>>>>>>>>
08:02:45   binary cross entropy: 0.693088
08:03:51   >>>>>>>>>>>>>>>>>>>>>>>>>>>>>>
08:03:51   binary cross entropy: 0.693122
08:04:58   >>>>>>>>>>>>>>>>>>>>>>>>>>>>>>
08:04:58   binary cross entropy: 0.693206
08:06:06   >>>>>>>>>>>>>>>>>>>>>>>>>>>>>>
08:06:06   binary cross entropy: 0.692732
08:07:09   >>>>>>>>>>>>>>>>>>>>>>>>>>>>>>
08:07:09   binary cross entropy: 0.693196
08:08:15   >>>>>>>>>>>>>>>>>>>>>>>>>>>>>>
08:08:15   binary cross entropy: 0.693171
08:09:20   >>>>>>>>>>>>>>>>>>>>>>>>>>>>>>
08:09:20   binary cross entropy: 0.693131
08:10:27   >>>>>>>>>>>>>>>>>>>>>>>>>>>>>>
08:10:27   binary cross entropy: 0.693176
08:11:34   >>>>>>>>>>>>>>>>>>>>>>>>>>>>>>
08:11:34   binary cross entropy: 0.693147
08:12:43   >>>>>>>>>>>>>>>>>>>>>>>>>>>>>>
08:12:43   binary cross entropy: 0.69311
08:13:46   >>>>>>>>>>>>>>>>>>>>>>>>>>>>>>
08:13:46   binary cross entropy: 0.693171
08:14:54   >>>>>>>>>>>>>>>>>>>>>>>>>>>>>>
08:14:54   binary cross entropy: 0.693202
08:15:55   >>>>>>>>>>>>>>>>>>>>>>>>>>>>>>
08:15:55   binary cross entropy: 0.693187
08:17:00   >>>>>>>>>>>>>>>>>>>>>>>>>>>>>>
08:17:00   binary cross entropy: 0.69325
08:18:08   >>>>>>>>>>>>>>>>>>>>>>>>>>>>>>
08:18:08   binary cross entropy: 0.693132
08:19:12   >>>>>>>>>>>>>>>>>>>>>>>>>>>>>>
08:19:12   binary cross entropy: 0.693154
08:19:25   >>>>>>>>>>>>>>>>>>>>>>>>>>>>>>
08:19:25   Epoch 2 end
08:19:25   duration: 3.91 hours
08:19:25   speed: 1.47 batch / sec
08:19:25   ETA: 0.00 secs
08:19:25   max GPU memory: 34752.5 MiB
08:19:25   ------------------------------
08:19:25   average binary cross entropy: 0.693152
08:19:25   Save checkpoint to /om2/user/oqueen/DeepSurface//models/DeepSurface/ProtBERT/run_0/epoch_24.pth
08:19:28   >>>>>>>>>>>>>>>>>>>>>>>>>>>>>>
08:19:28   Evaluate on valid
08:26:04   ------------------------------
08:26:04   auprc [deep_surface]: 0.498239
08:26:04   auroc [deep_surface]: 0.497052
08:26:04   >>>>>>>>>>>>>>>>>>>>>>>>>>>>>>
08:26:04   Epoch 3 begin
08:26:53   >>>>>>>>>>>>>>>>>>>>>>>>>>>>>>
08:26:53   binary cross entropy: 0.693105
08:27:58   >>>>>>>>>>>>>>>>>>>>>>>>>>>>>>
08:27:58   binary cross entropy: 0.693156
08:29:04   >>>>>>>>>>>>>>>>>>>>>>>>>>>>>>
08:29:04   binary cross entropy: 0.693147
08:30:08   >>>>>>>>>>>>>>>>>>>>>>>>>>>>>>
08:30:08   binary cross entropy: 0.693048
08:31:15   >>>>>>>>>>>>>>>>>>>>>>>>>>>>>>
08:31:15   binary cross entropy: 0.693091
08:32:15   >>>>>>>>>>>>>>>>>>>>>>>>>>>>>>
08:32:15   binary cross entropy: 0.693147
08:33:20   >>>>>>>>>>>>>>>>>>>>>>>>>>>>>>
08:33:20   binary cross entropy: 0.693197
08:34:25   >>>>>>>>>>>>>>>>>>>>>>>>>>>>>>
08:34:25   binary cross entropy: 0.693147
08:35:28   >>>>>>>>>>>>>>>>>>>>>>>>>>>>>>
08:35:28   binary cross entropy: 0.693147
08:36:36   >>>>>>>>>>>>>>>>>>>>>>>>>>>>>>
08:36:36   binary cross entropy: 0.6931
08:37:44   >>>>>>>>>>>>>>>>>>>>>>>>>>>>>>
08:37:44   binary cross entropy: 0.693139
08:38:54   >>>>>>>>>>>>>>>>>>>>>>>>>>>>>>
08:38:54   binary cross entropy: 0.693066
08:40:05   >>>>>>>>>>>>>>>>>>>>>>>>>>>>>>
08:40:05   binary cross entropy: 0.692978
08:41:07   >>>>>>>>>>>>>>>>>>>>>>>>>>>>>>
08:41:07   binary cross entropy: 0.693254
08:42:07   >>>>>>>>>>>>>>>>>>>>>>>>>>>>>>
08:42:07   binary cross entropy: 0.693148
08:43:13   >>>>>>>>>>>>>>>>>>>>>>>>>>>>>>
08:43:13   binary cross entropy: 0.692649
08:44:18   >>>>>>>>>>>>>>>>>>>>>>>>>>>>>>
08:44:18   binary cross entropy: 0.69255
08:45:20   >>>>>>>>>>>>>>>>>>>>>>>>>>>>>>
08:45:20   binary cross entropy: 0.693148
08:46:25   >>>>>>>>>>>>>>>>>>>>>>>>>>>>>>
08:46:25   binary cross entropy: 0.693466
08:47:28   >>>>>>>>>>>>>>>>>>>>>>>>>>>>>>
08:47:28   binary cross entropy: 0.693147
08:48:28   >>>>>>>>>>>>>>>>>>>>>>>>>>>>>>
08:48:28   binary cross entropy: 0.693085
08:49:36   >>>>>>>>>>>>>>>>>>>>>>>>>>>>>>
08:49:36   binary cross entropy: 0.693147
08:50:43   >>>>>>>>>>>>>>>>>>>>>>>>>>>>>>
08:50:43   binary cross entropy: 0.693164
08:51:50   >>>>>>>>>>>>>>>>>>>>>>>>>>>>>>
08:51:50   binary cross entropy: 0.693072
08:52:56   >>>>>>>>>>>>>>>>>>>>>>>>>>>>>>
08:52:56   binary cross entropy: 0.693232
08:54:05   >>>>>>>>>>>>>>>>>>>>>>>>>>>>>>
08:54:05   binary cross entropy: 0.693199
08:55:16   >>>>>>>>>>>>>>>>>>>>>>>>>>>>>>
08:55:16   binary cross entropy: 0.693059
08:56:20   >>>>>>>>>>>>>>>>>>>>>>>>>>>>>>
08:56:20   binary cross entropy: 0.693168
08:57:23   >>>>>>>>>>>>>>>>>>>>>>>>>>>>>>
08:57:23   binary cross entropy: 0.693162
08:58:26   >>>>>>>>>>>>>>>>>>>>>>>>>>>>>>
08:58:26   binary cross entropy: 0.693147
08:59:32   >>>>>>>>>>>>>>>>>>>>>>>>>>>>>>
08:59:32   binary cross entropy: 0.693138
09:00:39   >>>>>>>>>>>>>>>>>>>>>>>>>>>>>>
09:00:39   binary cross entropy: 0.693178
09:01:40   >>>>>>>>>>>>>>>>>>>>>>>>>>>>>>
09:01:40   binary cross entropy: 0.693127
09:02:45   >>>>>>>>>>>>>>>>>>>>>>>>>>>>>>
09:02:45   binary cross entropy: 0.692893
09:03:55   >>>>>>>>>>>>>>>>>>>>>>>>>>>>>>
09:03:55   binary cross entropy: 0.693146
09:04:59   >>>>>>>>>>>>>>>>>>>>>>>>>>>>>>
09:04:59   binary cross entropy: 0.693111
09:06:08   >>>>>>>>>>>>>>>>>>>>>>>>>>>>>>
09:06:08   binary cross entropy: 0.69322
09:07:14   >>>>>>>>>>>>>>>>>>>>>>>>>>>>>>
09:07:14   binary cross entropy: 0.693196
09:08:15   >>>>>>>>>>>>>>>>>>>>>>>>>>>>>>
09:08:15   binary cross entropy: 0.693181
09:09:23   >>>>>>>>>>>>>>>>>>>>>>>>>>>>>>
09:09:23   binary cross entropy: 0.693101
09:10:31   >>>>>>>>>>>>>>>>>>>>>>>>>>>>>>
09:10:31   binary cross entropy: 0.693275
09:11:31   >>>>>>>>>>>>>>>>>>>>>>>>>>>>>>
09:11:31   binary cross entropy: 0.692891
09:12:41   >>>>>>>>>>>>>>>>>>>>>>>>>>>>>>
09:12:41   binary cross entropy: 0.693538
09:13:50   >>>>>>>>>>>>>>>>>>>>>>>>>>>>>>
09:13:50   binary cross entropy: 0.693028
09:14:57   >>>>>>>>>>>>>>>>>>>>>>>>>>>>>>
09:14:57   binary cross entropy: 0.693252
09:16:04   >>>>>>>>>>>>>>>>>>>>>>>>>>>>>>
09:16:04   binary cross entropy: 0.693244
09:17:11   >>>>>>>>>>>>>>>>>>>>>>>>>>>>>>
09:17:11   binary cross entropy: 0.693214
09:18:13   >>>>>>>>>>>>>>>>>>>>>>>>>>>>>>
09:18:13   binary cross entropy: 0.693267
09:19:18   >>>>>>>>>>>>>>>>>>>>>>>>>>>>>>
09:19:18   binary cross entropy: 0.693234
09:20:25   >>>>>>>>>>>>>>>>>>>>>>>>>>>>>>
09:20:25   binary cross entropy: 0.693147
09:21:32   >>>>>>>>>>>>>>>>>>>>>>>>>>>>>>
09:21:32   binary cross entropy: 0.692917
09:22:40   >>>>>>>>>>>>>>>>>>>>>>>>>>>>>>
09:22:40   binary cross entropy: 0.692861
09:23:48   >>>>>>>>>>>>>>>>>>>>>>>>>>>>>>
09:23:48   binary cross entropy: 0.693252
09:24:50   >>>>>>>>>>>>>>>>>>>>>>>>>>>>>>
09:24:50   binary cross entropy: 0.693148
09:25:53   >>>>>>>>>>>>>>>>>>>>>>>>>>>>>>
09:25:53   binary cross entropy: 0.693148
09:27:01   >>>>>>>>>>>>>>>>>>>>>>>>>>>>>>
09:27:01   binary cross entropy: 0.693148
09:28:07   >>>>>>>>>>>>>>>>>>>>>>>>>>>>>>
09:28:07   binary cross entropy: 0.693314
09:29:15   >>>>>>>>>>>>>>>>>>>>>>>>>>>>>>
09:29:15   binary cross entropy: 0.693149
09:30:19   >>>>>>>>>>>>>>>>>>>>>>>>>>>>>>
09:30:19   binary cross entropy: 0.693923
09:31:24   >>>>>>>>>>>>>>>>>>>>>>>>>>>>>>
09:31:24   binary cross entropy: 0.693624
09:32:31   >>>>>>>>>>>>>>>>>>>>>>>>>>>>>>
09:32:31   binary cross entropy: 0.693149
09:33:39   >>>>>>>>>>>>>>>>>>>>>>>>>>>>>>
09:33:39   binary cross entropy: 0.693358
09:34:46   >>>>>>>>>>>>>>>>>>>>>>>>>>>>>>
09:34:46   binary cross entropy: 0.692756
09:35:52   >>>>>>>>>>>>>>>>>>>>>>>>>>>>>>
09:35:52   binary cross entropy: 0.692858
09:37:07   >>>>>>>>>>>>>>>>>>>>>>>>>>>>>>
09:37:07   binary cross entropy: 0.692776
09:38:12   >>>>>>>>>>>>>>>>>>>>>>>>>>>>>>
09:38:12   binary cross entropy: 0.693479
09:39:20   >>>>>>>>>>>>>>>>>>>>>>>>>>>>>>
09:39:20   binary cross entropy: 0.693275
09:40:24   >>>>>>>>>>>>>>>>>>>>>>>>>>>>>>
09:40:24   binary cross entropy: 0.693468
09:41:38   >>>>>>>>>>>>>>>>>>>>>>>>>>>>>>
09:41:38   binary cross entropy: 0.693148
09:42:42   >>>>>>>>>>>>>>>>>>>>>>>>>>>>>>
09:42:42   binary cross entropy: 0.693409
09:43:43   >>>>>>>>>>>>>>>>>>>>>>>>>>>>>>
09:43:43   binary cross entropy: 0.693048
09:44:49   >>>>>>>>>>>>>>>>>>>>>>>>>>>>>>
09:44:49   binary cross entropy: 0.693509
09:45:49   >>>>>>>>>>>>>>>>>>>>>>>>>>>>>>
09:45:49   binary cross entropy: 0.693254
09:46:50   >>>>>>>>>>>>>>>>>>>>>>>>>>>>>>
09:46:50   binary cross entropy: 0.692831
09:47:54   >>>>>>>>>>>>>>>>>>>>>>>>>>>>>>
09:47:54   binary cross entropy: 0.693398
09:49:04   >>>>>>>>>>>>>>>>>>>>>>>>>>>>>>
09:49:04   binary cross entropy: 0.693388
09:50:09   >>>>>>>>>>>>>>>>>>>>>>>>>>>>>>
09:50:09   binary cross entropy: 0.693147
09:51:17   >>>>>>>>>>>>>>>>>>>>>>>>>>>>>>
09:51:17   binary cross entropy: 0.693267
09:52:17   >>>>>>>>>>>>>>>>>>>>>>>>>>>>>>
09:52:17   binary cross entropy: 0.693147
09:53:25   >>>>>>>>>>>>>>>>>>>>>>>>>>>>>>
09:53:25   binary cross entropy: 0.693433
09:54:30   >>>>>>>>>>>>>>>>>>>>>>>>>>>>>>
09:54:30   binary cross entropy: 0.693225
09:55:38   >>>>>>>>>>>>>>>>>>>>>>>>>>>>>>
09:55:38   binary cross entropy: 0.693148
09:56:43   >>>>>>>>>>>>>>>>>>>>>>>>>>>>>>
09:56:43   binary cross entropy: 0.693147
09:57:47   >>>>>>>>>>>>>>>>>>>>>>>>>>>>>>
09:57:47   binary cross entropy: 0.6932
09:58:49   >>>>>>>>>>>>>>>>>>>>>>>>>>>>>>
09:58:49   binary cross entropy: 0.693339
09:59:53   >>>>>>>>>>>>>>>>>>>>>>>>>>>>>>
09:59:53   binary cross entropy: 0.693199
10:00:59   >>>>>>>>>>>>>>>>>>>>>>>>>>>>>>
10:00:59   binary cross entropy: 0.692971
10:02:07   >>>>>>>>>>>>>>>>>>>>>>>>>>>>>>
10:02:07   binary cross entropy: 0.693147
10:03:13   >>>>>>>>>>>>>>>>>>>>>>>>>>>>>>
10:03:13   binary cross entropy: 0.693147
10:04:20   >>>>>>>>>>>>>>>>>>>>>>>>>>>>>>
10:04:20   binary cross entropy: 0.693076
10:05:28   >>>>>>>>>>>>>>>>>>>>>>>>>>>>>>
10:05:28   binary cross entropy: 0.693102
10:06:32   >>>>>>>>>>>>>>>>>>>>>>>>>>>>>>
10:06:32   binary cross entropy: 0.693184
10:07:37   >>>>>>>>>>>>>>>>>>>>>>>>>>>>>>
10:07:37   binary cross entropy: 0.692963
10:08:46   >>>>>>>>>>>>>>>>>>>>>>>>>>>>>>
10:08:46   binary cross entropy: 0.693147
10:09:55   >>>>>>>>>>>>>>>>>>>>>>>>>>>>>>
10:09:55   binary cross entropy: 0.693191
10:11:03   >>>>>>>>>>>>>>>>>>>>>>>>>>>>>>
10:11:03   binary cross entropy: 0.693211
10:12:14   >>>>>>>>>>>>>>>>>>>>>>>>>>>>>>
10:12:14   binary cross entropy: 0.693147
10:13:24   >>>>>>>>>>>>>>>>>>>>>>>>>>>>>>
10:13:24   binary cross entropy: 0.693257
10:14:25   >>>>>>>>>>>>>>>>>>>>>>>>>>>>>>
10:14:25   binary cross entropy: 0.693014
10:15:31   >>>>>>>>>>>>>>>>>>>>>>>>>>>>>>
10:15:31   binary cross entropy: 0.693025
10:16:37   >>>>>>>>>>>>>>>>>>>>>>>>>>>>>>
10:16:37   binary cross entropy: 0.693307
10:17:50   >>>>>>>>>>>>>>>>>>>>>>>>>>>>>>
10:17:50   binary cross entropy: 0.693271
10:18:57   >>>>>>>>>>>>>>>>>>>>>>>>>>>>>>
10:18:57   binary cross entropy: 0.693463
10:20:01   >>>>>>>>>>>>>>>>>>>>>>>>>>>>>>
10:20:01   binary cross entropy: 0.693147
10:21:09   >>>>>>>>>>>>>>>>>>>>>>>>>>>>>>
10:21:09   binary cross entropy: 0.693343
10:22:15   >>>>>>>>>>>>>>>>>>>>>>>>>>>>>>
10:22:15   binary cross entropy: 0.693022
10:23:18   >>>>>>>>>>>>>>>>>>>>>>>>>>>>>>
10:23:18   binary cross entropy: 0.692991
10:24:23   >>>>>>>>>>>>>>>>>>>>>>>>>>>>>>
10:24:23   binary cross entropy: 0.693147
10:25:33   >>>>>>>>>>>>>>>>>>>>>>>>>>>>>>
10:25:33   binary cross entropy: 0.693216
10:26:43   >>>>>>>>>>>>>>>>>>>>>>>>>>>>>>
10:26:43   binary cross entropy: 0.692946
10:27:45   >>>>>>>>>>>>>>>>>>>>>>>>>>>>>>
10:27:45   binary cross entropy: 0.693222
10:28:51   >>>>>>>>>>>>>>>>>>>>>>>>>>>>>>
10:28:51   binary cross entropy: 0.693147
10:30:05   >>>>>>>>>>>>>>>>>>>>>>>>>>>>>>
10:30:05   binary cross entropy: 0.693205
10:31:14   >>>>>>>>>>>>>>>>>>>>>>>>>>>>>>
10:31:14   binary cross entropy: 0.69308
10:32:19   >>>>>>>>>>>>>>>>>>>>>>>>>>>>>>
10:32:19   binary cross entropy: 0.692983
10:33:34   >>>>>>>>>>>>>>>>>>>>>>>>>>>>>>
10:33:34   binary cross entropy: 0.693268
10:34:43   >>>>>>>>>>>>>>>>>>>>>>>>>>>>>>
10:34:43   binary cross entropy: 0.693148
10:35:49   >>>>>>>>>>>>>>>>>>>>>>>>>>>>>>
10:35:49   binary cross entropy: 0.692986
10:36:53   >>>>>>>>>>>>>>>>>>>>>>>>>>>>>>
10:36:53   binary cross entropy: 0.69225
10:37:54   >>>>>>>>>>>>>>>>>>>>>>>>>>>>>>
10:37:54   binary cross entropy: 0.693391
10:38:57   >>>>>>>>>>>>>>>>>>>>>>>>>>>>>>
10:38:57   binary cross entropy: 0.691509
10:40:08   >>>>>>>>>>>>>>>>>>>>>>>>>>>>>>
10:40:08   binary cross entropy: 0.693149
10:41:09   >>>>>>>>>>>>>>>>>>>>>>>>>>>>>>
10:41:09   binary cross entropy: 0.693149
10:42:12   >>>>>>>>>>>>>>>>>>>>>>>>>>>>>>
10:42:12   binary cross entropy: 0.692974
10:43:23   >>>>>>>>>>>>>>>>>>>>>>>>>>>>>>
10:43:23   binary cross entropy: 0.693148
10:44:28   >>>>>>>>>>>>>>>>>>>>>>>>>>>>>>
10:44:28   binary cross entropy: 0.693148
10:45:32   >>>>>>>>>>>>>>>>>>>>>>>>>>>>>>
10:45:32   binary cross entropy: 0.693308
10:46:39   >>>>>>>>>>>>>>>>>>>>>>>>>>>>>>
10:46:39   binary cross entropy: 0.693042
10:47:48   >>>>>>>>>>>>>>>>>>>>>>>>>>>>>>
10:47:48   binary cross entropy: 0.692738
10:48:53   >>>>>>>>>>>>>>>>>>>>>>>>>>>>>>
10:48:53   binary cross entropy: 0.692963
10:49:57   >>>>>>>>>>>>>>>>>>>>>>>>>>>>>>
10:49:57   binary cross entropy: 0.693147
10:51:08   >>>>>>>>>>>>>>>>>>>>>>>>>>>>>>
10:51:08   binary cross entropy: 0.693148
10:52:16   >>>>>>>>>>>>>>>>>>>>>>>>>>>>>>
10:52:16   binary cross entropy: 0.693109
10:53:19   >>>>>>>>>>>>>>>>>>>>>>>>>>>>>>
10:53:19   binary cross entropy: 0.693106
10:54:29   >>>>>>>>>>>>>>>>>>>>>>>>>>>>>>
10:54:29   binary cross entropy: 0.693147
10:55:38   >>>>>>>>>>>>>>>>>>>>>>>>>>>>>>
10:55:38   binary cross entropy: 0.693136
10:56:46   >>>>>>>>>>>>>>>>>>>>>>>>>>>>>>
10:56:46   binary cross entropy: 0.693151
10:57:52   >>>>>>>>>>>>>>>>>>>>>>>>>>>>>>
10:57:52   binary cross entropy: 0.693076
10:59:02   >>>>>>>>>>>>>>>>>>>>>>>>>>>>>>
10:59:02   binary cross entropy: 0.693061
11:00:09   >>>>>>>>>>>>>>>>>>>>>>>>>>>>>>
11:00:09   binary cross entropy: 0.693003
11:01:10   >>>>>>>>>>>>>>>>>>>>>>>>>>>>>>
11:01:10   binary cross entropy: 0.693147
11:02:12   >>>>>>>>>>>>>>>>>>>>>>>>>>>>>>
11:02:12   binary cross entropy: 0.693171
11:03:17   >>>>>>>>>>>>>>>>>>>>>>>>>>>>>>
11:03:17   binary cross entropy: 0.693141
11:04:25   >>>>>>>>>>>>>>>>>>>>>>>>>>>>>>
11:04:25   binary cross entropy: 0.693212
11:05:26   >>>>>>>>>>>>>>>>>>>>>>>>>>>>>>
11:05:26   binary cross entropy: 0.692855
11:06:34   >>>>>>>>>>>>>>>>>>>>>>>>>>>>>>
11:06:34   binary cross entropy: 0.693289
11:07:38   >>>>>>>>>>>>>>>>>>>>>>>>>>>>>>
11:07:38   binary cross entropy: 0.693063
11:08:47   >>>>>>>>>>>>>>>>>>>>>>>>>>>>>>
11:08:47   binary cross entropy: 0.692872
11:09:50   >>>>>>>>>>>>>>>>>>>>>>>>>>>>>>
11:09:50   binary cross entropy: 0.692858
11:10:57   >>>>>>>>>>>>>>>>>>>>>>>>>>>>>>
11:10:57   binary cross entropy: 0.69326
11:12:04   >>>>>>>>>>>>>>>>>>>>>>>>>>>>>>
11:12:04   binary cross entropy: 0.693279
11:13:06   >>>>>>>>>>>>>>>>>>>>>>>>>>>>>>
11:13:06   binary cross entropy: 0.69299
11:14:09   >>>>>>>>>>>>>>>>>>>>>>>>>>>>>>
11:14:09   binary cross entropy: 0.693086
11:15:08   >>>>>>>>>>>>>>>>>>>>>>>>>>>>>>
11:15:08   binary cross entropy: 0.693147
11:16:19   >>>>>>>>>>>>>>>>>>>>>>>>>>>>>>
11:16:19   binary cross entropy: 0.693084
11:17:28   >>>>>>>>>>>>>>>>>>>>>>>>>>>>>>
11:17:28   binary cross entropy: 0.693153
11:18:35   >>>>>>>>>>>>>>>>>>>>>>>>>>>>>>
11:18:35   binary cross entropy: 0.693183
11:19:46   >>>>>>>>>>>>>>>>>>>>>>>>>>>>>>
11:19:46   binary cross entropy: 0.693147
11:20:50   >>>>>>>>>>>>>>>>>>>>>>>>>>>>>>
11:20:50   binary cross entropy: 0.693147
11:21:53   >>>>>>>>>>>>>>>>>>>>>>>>>>>>>>
11:21:53   binary cross entropy: 0.69309
11:22:59   >>>>>>>>>>>>>>>>>>>>>>>>>>>>>>
11:22:59   binary cross entropy: 0.6932
11:24:07   >>>>>>>>>>>>>>>>>>>>>>>>>>>>>>
11:24:07   binary cross entropy: 0.693147
11:25:18   >>>>>>>>>>>>>>>>>>>>>>>>>>>>>>
11:25:18   binary cross entropy: 0.693207
11:26:23   >>>>>>>>>>>>>>>>>>>>>>>>>>>>>>
11:26:23   binary cross entropy: 0.693228
11:27:26   >>>>>>>>>>>>>>>>>>>>>>>>>>>>>>
11:27:26   binary cross entropy: 0.693147
11:28:32   >>>>>>>>>>>>>>>>>>>>>>>>>>>>>>
11:28:32   binary cross entropy: 0.693061
11:29:38   >>>>>>>>>>>>>>>>>>>>>>>>>>>>>>
11:29:38   binary cross entropy: 0.693001
11:30:39   >>>>>>>>>>>>>>>>>>>>>>>>>>>>>>
11:30:39   binary cross entropy: 0.693029
11:31:45   >>>>>>>>>>>>>>>>>>>>>>>>>>>>>>
11:31:45   binary cross entropy: 0.692984
11:32:43   >>>>>>>>>>>>>>>>>>>>>>>>>>>>>>
11:32:43   binary cross entropy: 0.693355
11:33:49   >>>>>>>>>>>>>>>>>>>>>>>>>>>>>>
11:33:49   binary cross entropy: 0.693225
11:34:58   >>>>>>>>>>>>>>>>>>>>>>>>>>>>>>
11:34:58   binary cross entropy: 0.692903
11:36:04   >>>>>>>>>>>>>>>>>>>>>>>>>>>>>>
11:36:04   binary cross entropy: 0.693077
11:37:10   >>>>>>>>>>>>>>>>>>>>>>>>>>>>>>
11:37:10   binary cross entropy: 0.693693
11:38:12   >>>>>>>>>>>>>>>>>>>>>>>>>>>>>>
11:38:12   binary cross entropy: 0.693286
11:39:14   >>>>>>>>>>>>>>>>>>>>>>>>>>>>>>
11:39:14   binary cross entropy: 0.693109
11:40:24   >>>>>>>>>>>>>>>>>>>>>>>>>>>>>>
11:40:24   binary cross entropy: 0.693024
11:41:31   >>>>>>>>>>>>>>>>>>>>>>>>>>>>>>
11:41:31   binary cross entropy: 0.693243
11:42:38   >>>>>>>>>>>>>>>>>>>>>>>>>>>>>>
11:42:38   binary cross entropy: 0.693147
11:43:41   >>>>>>>>>>>>>>>>>>>>>>>>>>>>>>
11:43:41   binary cross entropy: 0.693159
11:44:49   >>>>>>>>>>>>>>>>>>>>>>>>>>>>>>
11:44:49   binary cross entropy: 0.693147
11:45:54   >>>>>>>>>>>>>>>>>>>>>>>>>>>>>>
11:45:54   binary cross entropy: 0.693177
11:47:01   >>>>>>>>>>>>>>>>>>>>>>>>>>>>>>
11:47:01   binary cross entropy: 0.69323
11:48:05   >>>>>>>>>>>>>>>>>>>>>>>>>>>>>>
11:48:05   binary cross entropy: 0.693147
11:49:14   >>>>>>>>>>>>>>>>>>>>>>>>>>>>>>
11:49:14   binary cross entropy: 0.693327
11:50:21   >>>>>>>>>>>>>>>>>>>>>>>>>>>>>>
11:50:21   binary cross entropy: 0.69301
11:51:27   >>>>>>>>>>>>>>>>>>>>>>>>>>>>>>
11:51:27   binary cross entropy: 0.693147
11:52:37   >>>>>>>>>>>>>>>>>>>>>>>>>>>>>>
11:52:37   binary cross entropy: 0.693067
11:53:45   >>>>>>>>>>>>>>>>>>>>>>>>>>>>>>
11:53:45   binary cross entropy: 0.693091
11:54:51   >>>>>>>>>>>>>>>>>>>>>>>>>>>>>>
11:54:51   binary cross entropy: 0.69314
11:56:00   >>>>>>>>>>>>>>>>>>>>>>>>>>>>>>
11:56:00   binary cross entropy: 0.693094
11:57:07   >>>>>>>>>>>>>>>>>>>>>>>>>>>>>>
11:57:07   binary cross entropy: 0.693147
11:58:17   >>>>>>>>>>>>>>>>>>>>>>>>>>>>>>
11:58:17   binary cross entropy: 0.693166
11:59:24   >>>>>>>>>>>>>>>>>>>>>>>>>>>>>>
11:59:24   binary cross entropy: 0.693267
12:00:35   >>>>>>>>>>>>>>>>>>>>>>>>>>>>>>
12:00:35   binary cross entropy: 0.693151
12:01:40   >>>>>>>>>>>>>>>>>>>>>>>>>>>>>>
12:01:40   binary cross entropy: 0.693205
12:02:48   >>>>>>>>>>>>>>>>>>>>>>>>>>>>>>
12:02:48   binary cross entropy: 0.693034
12:03:57   >>>>>>>>>>>>>>>>>>>>>>>>>>>>>>
12:03:57   binary cross entropy: 0.693082
12:05:03   >>>>>>>>>>>>>>>>>>>>>>>>>>>>>>
12:05:03   binary cross entropy: 0.693109
12:06:15   >>>>>>>>>>>>>>>>>>>>>>>>>>>>>>
12:06:15   binary cross entropy: 0.69295
12:07:25   >>>>>>>>>>>>>>>>>>>>>>>>>>>>>>
12:07:25   binary cross entropy: 0.693372
12:08:40   >>>>>>>>>>>>>>>>>>>>>>>>>>>>>>
12:08:40   binary cross entropy: 0.693409
12:09:45   >>>>>>>>>>>>>>>>>>>>>>>>>>>>>>
12:09:45   binary cross entropy: 0.693148
12:10:51   >>>>>>>>>>>>>>>>>>>>>>>>>>>>>>
12:10:51   binary cross entropy: 0.692633
12:11:59   >>>>>>>>>>>>>>>>>>>>>>>>>>>>>>
12:11:59   binary cross entropy: 0.69303
12:13:09   >>>>>>>>>>>>>>>>>>>>>>>>>>>>>>
12:13:09   binary cross entropy: 0.693235
12:14:16   >>>>>>>>>>>>>>>>>>>>>>>>>>>>>>
12:14:16   binary cross entropy: 0.693147
12:14:57   >>>>>>>>>>>>>>>>>>>>>>>>>>>>>>
12:14:57   Epoch 3 end
12:14:57   duration: 3.93 hours
12:14:57   speed: 1.47 batch / sec
12:14:57   ETA: 0.00 secs
12:14:57   max GPU memory: 34727.7 MiB
12:14:57   ------------------------------
12:14:57   average binary cross entropy: 0.69315
12:14:57   Save checkpoint to /om2/user/oqueen/DeepSurface//models/DeepSurface/ProtBERT/run_0/epoch_36.pth
12:15:00   >>>>>>>>>>>>>>>>>>>>>>>>>>>>>>
12:15:00   Evaluate on valid
12:21:33   ------------------------------
12:21:33   auprc [deep_surface]: 0.498239
12:21:33   auroc [deep_surface]: 0.497052
12:21:33   >>>>>>>>>>>>>>>>>>>>>>>>>>>>>>
12:21:33   Epoch 4 begin
12:22:00   >>>>>>>>>>>>>>>>>>>>>>>>>>>>>>
12:22:00   binary cross entropy: 0.693564
12:23:10   >>>>>>>>>>>>>>>>>>>>>>>>>>>>>>
12:23:10   binary cross entropy: 0.692856
12:24:15   >>>>>>>>>>>>>>>>>>>>>>>>>>>>>>
12:24:15   binary cross entropy: 0.693487
12:25:17   >>>>>>>>>>>>>>>>>>>>>>>>>>>>>>
12:25:17   binary cross entropy: 0.693432
12:26:25   >>>>>>>>>>>>>>>>>>>>>>>>>>>>>>
12:26:25   binary cross entropy: 0.693307
12:27:31   >>>>>>>>>>>>>>>>>>>>>>>>>>>>>>
12:27:31   binary cross entropy: 0.693148
12:28:34   >>>>>>>>>>>>>>>>>>>>>>>>>>>>>>
12:28:34   binary cross entropy: 0.693457
12:29:45   >>>>>>>>>>>>>>>>>>>>>>>>>>>>>>
12:29:45   binary cross entropy: 0.693482
12:30:58   >>>>>>>>>>>>>>>>>>>>>>>>>>>>>>
12:30:58   binary cross entropy: 0.693148
12:32:07   >>>>>>>>>>>>>>>>>>>>>>>>>>>>>>
12:32:07   binary cross entropy: 0.693285
12:33:12   >>>>>>>>>>>>>>>>>>>>>>>>>>>>>>
12:33:12   binary cross entropy: 0.692998
12:34:13   >>>>>>>>>>>>>>>>>>>>>>>>>>>>>>
12:34:13   binary cross entropy: 0.692937
12:35:17   >>>>>>>>>>>>>>>>>>>>>>>>>>>>>>
12:35:17   binary cross entropy: 0.693148
12:36:27   >>>>>>>>>>>>>>>>>>>>>>>>>>>>>>
12:36:27   binary cross entropy: 0.692929
12:37:35   >>>>>>>>>>>>>>>>>>>>>>>>>>>>>>
12:37:35   binary cross entropy: 0.693149
12:38:40   >>>>>>>>>>>>>>>>>>>>>>>>>>>>>>
12:38:40   binary cross entropy: 0.693148
12:39:46   >>>>>>>>>>>>>>>>>>>>>>>>>>>>>>
12:39:46   binary cross entropy: 0.692911
12:40:54   >>>>>>>>>>>>>>>>>>>>>>>>>>>>>>
12:40:54   binary cross entropy: 0.693435
12:42:01   >>>>>>>>>>>>>>>>>>>>>>>>>>>>>>
12:42:01   binary cross entropy: 0.692842
12:43:12   >>>>>>>>>>>>>>>>>>>>>>>>>>>>>>
12:43:12   binary cross entropy: 0.693468
12:44:20   >>>>>>>>>>>>>>>>>>>>>>>>>>>>>>
12:44:20   binary cross entropy: 0.692811
12:45:24   >>>>>>>>>>>>>>>>>>>>>>>>>>>>>>
12:45:24   binary cross entropy: 0.693496
12:46:31   >>>>>>>>>>>>>>>>>>>>>>>>>>>>>>
12:46:31   binary cross entropy: 0.693151
12:47:37   >>>>>>>>>>>>>>>>>>>>>>>>>>>>>>
12:47:37   binary cross entropy: 0.693834
12:48:45   >>>>>>>>>>>>>>>>>>>>>>>>>>>>>>
12:48:45   binary cross entropy: 0.692394
12:49:54   >>>>>>>>>>>>>>>>>>>>>>>>>>>>>>
12:49:54   binary cross entropy: 0.692736
12:50:59   >>>>>>>>>>>>>>>>>>>>>>>>>>>>>>
12:50:59   binary cross entropy: 0.692776
12:52:03   >>>>>>>>>>>>>>>>>>>>>>>>>>>>>>
12:52:03   binary cross entropy: 0.694147
12:53:14   >>>>>>>>>>>>>>>>>>>>>>>>>>>>>>
12:53:14   binary cross entropy: 0.694227
12:54:21   >>>>>>>>>>>>>>>>>>>>>>>>>>>>>>
12:54:21   binary cross entropy: 0.693151
12:55:22   >>>>>>>>>>>>>>>>>>>>>>>>>>>>>>
12:55:22   binary cross entropy: 0.692545
12:56:22   >>>>>>>>>>>>>>>>>>>>>>>>>>>>>>
12:56:22   binary cross entropy: 0.692513
12:57:25   >>>>>>>>>>>>>>>>>>>>>>>>>>>>>>
12:57:25   binary cross entropy: 0.693713
12:58:34   >>>>>>>>>>>>>>>>>>>>>>>>>>>>>>
12:58:34   binary cross entropy: 0.69261
12:59:41   >>>>>>>>>>>>>>>>>>>>>>>>>>>>>>
12:59:41   binary cross entropy: 0.69451
13:00:47   >>>>>>>>>>>>>>>>>>>>>>>>>>>>>>
13:00:47   binary cross entropy: 0.69335
13:01:50   >>>>>>>>>>>>>>>>>>>>>>>>>>>>>>
13:01:50   binary cross entropy: 0.693773
13:02:57   >>>>>>>>>>>>>>>>>>>>>>>>>>>>>>
13:02:57   binary cross entropy: 0.692995
13:04:01   >>>>>>>>>>>>>>>>>>>>>>>>>>>>>>
13:04:01   binary cross entropy: 0.693148
13:05:10   >>>>>>>>>>>>>>>>>>>>>>>>>>>>>>
13:05:10   binary cross entropy: 0.693729
13:06:20   >>>>>>>>>>>>>>>>>>>>>>>>>>>>>>
13:06:20   binary cross entropy: 0.692933
13:07:26   >>>>>>>>>>>>>>>>>>>>>>>>>>>>>>
13:07:26   binary cross entropy: 0.693362
13:08:38   >>>>>>>>>>>>>>>>>>>>>>>>>>>>>>
13:08:38   binary cross entropy: 0.692719
13:09:49   >>>>>>>>>>>>>>>>>>>>>>>>>>>>>>
13:09:49   binary cross entropy: 0.692781
13:10:52   >>>>>>>>>>>>>>>>>>>>>>>>>>>>>>
13:10:52   binary cross entropy: 0.692945
13:11:58   >>>>>>>>>>>>>>>>>>>>>>>>>>>>>>
13:11:58   binary cross entropy: 0.693362
13:13:06   >>>>>>>>>>>>>>>>>>>>>>>>>>>>>>
13:13:06   binary cross entropy: 0.693148
13:14:10   >>>>>>>>>>>>>>>>>>>>>>>>>>>>>>
13:14:10   binary cross entropy: 0.693149
13:15:17   >>>>>>>>>>>>>>>>>>>>>>>>>>>>>>
13:15:17   binary cross entropy: 0.693553
13:16:26   >>>>>>>>>>>>>>>>>>>>>>>>>>>>>>
13:16:26   binary cross entropy: 0.692946
13:17:28   >>>>>>>>>>>>>>>>>>>>>>>>>>>>>>
13:17:28   binary cross entropy: 0.693547
13:18:35   >>>>>>>>>>>>>>>>>>>>>>>>>>>>>>
13:18:35   binary cross entropy: 0.693148
13:19:44   >>>>>>>>>>>>>>>>>>>>>>>>>>>>>>
13:19:44   binary cross entropy: 0.69348
13:20:54   >>>>>>>>>>>>>>>>>>>>>>>>>>>>>>
13:20:54   binary cross entropy: 0.692502
13:22:04   >>>>>>>>>>>>>>>>>>>>>>>>>>>>>>
13:22:04   binary cross entropy: 0.693714
13:23:09   >>>>>>>>>>>>>>>>>>>>>>>>>>>>>>
13:23:09   binary cross entropy: 0.693338
13:24:21   >>>>>>>>>>>>>>>>>>>>>>>>>>>>>>
13:24:21   binary cross entropy: 0.693311
13:25:25   >>>>>>>>>>>>>>>>>>>>>>>>>>>>>>
13:25:25   binary cross entropy: 0.693779
13:26:28   >>>>>>>>>>>>>>>>>>>>>>>>>>>>>>
13:26:28   binary cross entropy: 0.693022
13:27:37   >>>>>>>>>>>>>>>>>>>>>>>>>>>>>>
13:27:37   binary cross entropy: 0.6925
13:28:42   >>>>>>>>>>>>>>>>>>>>>>>>>>>>>>
13:28:42   binary cross entropy: 0.692528
13:29:50   >>>>>>>>>>>>>>>>>>>>>>>>>>>>>>
13:29:50   binary cross entropy: 0.692778
13:30:56   >>>>>>>>>>>>>>>>>>>>>>>>>>>>>>
13:30:56   binary cross entropy: 0.69274
13:32:06   >>>>>>>>>>>>>>>>>>>>>>>>>>>>>>
13:32:06   binary cross entropy: 0.692981
13:33:10   >>>>>>>>>>>>>>>>>>>>>>>>>>>>>>
13:33:10   binary cross entropy: 0.693148
13:34:16   >>>>>>>>>>>>>>>>>>>>>>>>>>>>>>
13:34:16   binary cross entropy: 0.693147
13:35:24   >>>>>>>>>>>>>>>>>>>>>>>>>>>>>>
13:35:24   binary cross entropy: 0.693518
13:36:30   >>>>>>>>>>>>>>>>>>>>>>>>>>>>>>
13:36:30   binary cross entropy: 0.693074
13:37:36   >>>>>>>>>>>>>>>>>>>>>>>>>>>>>>
13:37:36   binary cross entropy: 0.693311
13:38:43   >>>>>>>>>>>>>>>>>>>>>>>>>>>>>>
13:38:43   binary cross entropy: 0.693317
13:39:53   >>>>>>>>>>>>>>>>>>>>>>>>>>>>>>
13:39:53   binary cross entropy: 0.693033
13:40:58   >>>>>>>>>>>>>>>>>>>>>>>>>>>>>>
13:40:58   binary cross entropy: 0.693148
13:42:04   >>>>>>>>>>>>>>>>>>>>>>>>>>>>>>
13:42:04   binary cross entropy: 0.693148
13:43:07   >>>>>>>>>>>>>>>>>>>>>>>>>>>>>>
13:43:07   binary cross entropy: 0.692746
13:44:16   >>>>>>>>>>>>>>>>>>>>>>>>>>>>>>
13:44:16   binary cross entropy: 0.69285
13:45:27   >>>>>>>>>>>>>>>>>>>>>>>>>>>>>>
13:45:27   binary cross entropy: 0.693008
13:46:37   >>>>>>>>>>>>>>>>>>>>>>>>>>>>>>
13:46:37   binary cross entropy: 0.693465
13:47:47   >>>>>>>>>>>>>>>>>>>>>>>>>>>>>>
13:47:47   binary cross entropy: 0.693481
13:48:55   >>>>>>>>>>>>>>>>>>>>>>>>>>>>>>
13:48:55   binary cross entropy: 0.693459
13:49:57   >>>>>>>>>>>>>>>>>>>>>>>>>>>>>>
13:49:57   binary cross entropy: 0.693317
13:51:06   >>>>>>>>>>>>>>>>>>>>>>>>>>>>>>
13:51:06   binary cross entropy: 0.693466
13:52:12   >>>>>>>>>>>>>>>>>>>>>>>>>>>>>>
13:52:12   binary cross entropy: 0.693147
13:53:14   >>>>>>>>>>>>>>>>>>>>>>>>>>>>>>
13:53:14   binary cross entropy: 0.693233
13:54:23   >>>>>>>>>>>>>>>>>>>>>>>>>>>>>>
13:54:23   binary cross entropy: 0.693114
13:55:31   >>>>>>>>>>>>>>>>>>>>>>>>>>>>>>
13:55:31   binary cross entropy: 0.693147
13:56:37   >>>>>>>>>>>>>>>>>>>>>>>>>>>>>>
13:56:37   binary cross entropy: 0.693191
13:57:40   >>>>>>>>>>>>>>>>>>>>>>>>>>>>>>
13:57:40   binary cross entropy: 0.693189
13:58:46   >>>>>>>>>>>>>>>>>>>>>>>>>>>>>>
13:58:46   binary cross entropy: 0.693215
13:59:52   >>>>>>>>>>>>>>>>>>>>>>>>>>>>>>
13:59:52   binary cross entropy: 0.693116
14:00:56   >>>>>>>>>>>>>>>>>>>>>>>>>>>>>>
14:00:56   binary cross entropy: 0.693089
14:02:02   >>>>>>>>>>>>>>>>>>>>>>>>>>>>>>
14:02:02   binary cross entropy: 0.693147
14:03:06   >>>>>>>>>>>>>>>>>>>>>>>>>>>>>>
14:03:06   binary cross entropy: 0.692924
14:04:12   >>>>>>>>>>>>>>>>>>>>>>>>>>>>>>
14:04:12   binary cross entropy: 0.693147
14:05:21   >>>>>>>>>>>>>>>>>>>>>>>>>>>>>>
14:05:21   binary cross entropy: 0.693155
14:06:28   >>>>>>>>>>>>>>>>>>>>>>>>>>>>>>
14:06:28   binary cross entropy: 0.693158
14:07:31   >>>>>>>>>>>>>>>>>>>>>>>>>>>>>>
14:07:31   binary cross entropy: 0.69266
14:08:39   >>>>>>>>>>>>>>>>>>>>>>>>>>>>>>
14:08:39   binary cross entropy: 0.693057
14:09:38   >>>>>>>>>>>>>>>>>>>>>>>>>>>>>>
14:09:38   binary cross entropy: 0.693148
14:10:46   >>>>>>>>>>>>>>>>>>>>>>>>>>>>>>
14:10:46   binary cross entropy: 0.693148
14:11:51   >>>>>>>>>>>>>>>>>>>>>>>>>>>>>>
14:11:51   binary cross entropy: 0.693251
14:13:01   >>>>>>>>>>>>>>>>>>>>>>>>>>>>>>
14:13:01   binary cross entropy: 0.693171
14:14:06   >>>>>>>>>>>>>>>>>>>>>>>>>>>>>>
14:14:06   binary cross entropy: 0.693147
14:15:18   >>>>>>>>>>>>>>>>>>>>>>>>>>>>>>
14:15:18   binary cross entropy: 0.693226
14:16:25   >>>>>>>>>>>>>>>>>>>>>>>>>>>>>>
14:16:25   binary cross entropy: 0.69311
14:17:34   >>>>>>>>>>>>>>>>>>>>>>>>>>>>>>
14:17:34   binary cross entropy: 0.693179
14:18:42   >>>>>>>>>>>>>>>>>>>>>>>>>>>>>>
14:18:42   binary cross entropy: 0.693145
14:19:52   >>>>>>>>>>>>>>>>>>>>>>>>>>>>>>
14:19:52   binary cross entropy: 0.693115
14:21:01   >>>>>>>>>>>>>>>>>>>>>>>>>>>>>>
14:21:01   binary cross entropy: 0.693109
14:22:04   >>>>>>>>>>>>>>>>>>>>>>>>>>>>>>
14:22:04   binary cross entropy: 0.693154
14:23:08   >>>>>>>>>>>>>>>>>>>>>>>>>>>>>>
14:23:08   binary cross entropy: 0.693213
14:24:16   >>>>>>>>>>>>>>>>>>>>>>>>>>>>>>
14:24:16   binary cross entropy: 0.693134
14:25:26   >>>>>>>>>>>>>>>>>>>>>>>>>>>>>>
14:25:26   binary cross entropy: 0.69303
14:26:36   >>>>>>>>>>>>>>>>>>>>>>>>>>>>>>
14:26:36   binary cross entropy: 0.693147
14:27:42   >>>>>>>>>>>>>>>>>>>>>>>>>>>>>>
14:27:42   binary cross entropy: 0.693085
14:28:50   >>>>>>>>>>>>>>>>>>>>>>>>>>>>>>
14:28:50   binary cross entropy: 0.693158
14:29:54   >>>>>>>>>>>>>>>>>>>>>>>>>>>>>>
14:29:54   binary cross entropy: 0.693147
14:31:06   >>>>>>>>>>>>>>>>>>>>>>>>>>>>>>
14:31:06   binary cross entropy: 0.693156
14:32:10   >>>>>>>>>>>>>>>>>>>>>>>>>>>>>>
14:32:10   binary cross entropy: 0.693144
14:33:17   >>>>>>>>>>>>>>>>>>>>>>>>>>>>>>
14:33:17   binary cross entropy: 0.69321
14:34:22   >>>>>>>>>>>>>>>>>>>>>>>>>>>>>>
14:34:22   binary cross entropy: 0.693207
14:35:24   >>>>>>>>>>>>>>>>>>>>>>>>>>>>>>
14:35:24   binary cross entropy: 0.693076
14:36:32   >>>>>>>>>>>>>>>>>>>>>>>>>>>>>>
14:36:32   binary cross entropy: 0.693147
14:37:35   >>>>>>>>>>>>>>>>>>>>>>>>>>>>>>
14:37:35   binary cross entropy: 0.693148
14:38:44   >>>>>>>>>>>>>>>>>>>>>>>>>>>>>>
14:38:44   binary cross entropy: 0.693588
14:39:50   >>>>>>>>>>>>>>>>>>>>>>>>>>>>>>
14:39:50   binary cross entropy: 0.693271
14:40:51   >>>>>>>>>>>>>>>>>>>>>>>>>>>>>>
14:40:51   binary cross entropy: 0.693136
14:41:52   >>>>>>>>>>>>>>>>>>>>>>>>>>>>>>
14:41:52   binary cross entropy: 0.693168
14:42:59   >>>>>>>>>>>>>>>>>>>>>>>>>>>>>>
14:42:59   binary cross entropy: 0.693171
14:44:07   >>>>>>>>>>>>>>>>>>>>>>>>>>>>>>
14:44:07   binary cross entropy: 0.693623
14:45:13   >>>>>>>>>>>>>>>>>>>>>>>>>>>>>>
14:45:13   binary cross entropy: 0.693032
14:46:22   >>>>>>>>>>>>>>>>>>>>>>>>>>>>>>
14:46:22   binary cross entropy: 0.693078
14:47:28   >>>>>>>>>>>>>>>>>>>>>>>>>>>>>>
14:47:28   binary cross entropy: 0.693218
14:48:29   >>>>>>>>>>>>>>>>>>>>>>>>>>>>>>
14:48:29   binary cross entropy: 0.693389
14:49:32   >>>>>>>>>>>>>>>>>>>>>>>>>>>>>>
14:49:32   binary cross entropy: 0.693253
14:50:38   >>>>>>>>>>>>>>>>>>>>>>>>>>>>>>
14:50:38   binary cross entropy: 0.692963
14:51:46   >>>>>>>>>>>>>>>>>>>>>>>>>>>>>>
14:51:46   binary cross entropy: 0.693357
14:52:50   >>>>>>>>>>>>>>>>>>>>>>>>>>>>>>
14:52:50   binary cross entropy: 0.693147
14:53:56   >>>>>>>>>>>>>>>>>>>>>>>>>>>>>>
14:53:56   binary cross entropy: 0.693223
14:55:04   >>>>>>>>>>>>>>>>>>>>>>>>>>>>>>
14:55:04   binary cross entropy: 0.693249
14:56:06   >>>>>>>>>>>>>>>>>>>>>>>>>>>>>>
14:56:06   binary cross entropy: 0.692976
14:57:18   >>>>>>>>>>>>>>>>>>>>>>>>>>>>>>
14:57:18   binary cross entropy: 0.693072
14:58:24   >>>>>>>>>>>>>>>>>>>>>>>>>>>>>>
14:58:24   binary cross entropy: 0.69304
14:59:26   >>>>>>>>>>>>>>>>>>>>>>>>>>>>>>
14:59:26   binary cross entropy: 0.692951
15:00:35   >>>>>>>>>>>>>>>>>>>>>>>>>>>>>>
15:00:35   binary cross entropy: 0.693016
15:01:42   >>>>>>>>>>>>>>>>>>>>>>>>>>>>>>
15:01:42   binary cross entropy: 0.692601
15:02:48   >>>>>>>>>>>>>>>>>>>>>>>>>>>>>>
15:02:48   binary cross entropy: 0.692992
15:03:50   >>>>>>>>>>>>>>>>>>>>>>>>>>>>>>
15:03:50   binary cross entropy: 0.693258
15:04:55   >>>>>>>>>>>>>>>>>>>>>>>>>>>>>>
15:04:55   binary cross entropy: 0.693306
15:06:05   >>>>>>>>>>>>>>>>>>>>>>>>>>>>>>
15:06:05   binary cross entropy: 0.693394
15:07:12   >>>>>>>>>>>>>>>>>>>>>>>>>>>>>>
15:07:12   binary cross entropy: 0.693056
15:08:20   >>>>>>>>>>>>>>>>>>>>>>>>>>>>>>
15:08:20   binary cross entropy: 0.693225
15:09:29   >>>>>>>>>>>>>>>>>>>>>>>>>>>>>>
15:09:29   binary cross entropy: 0.693147
15:10:36   >>>>>>>>>>>>>>>>>>>>>>>>>>>>>>
15:10:36   binary cross entropy: 0.693147
15:11:41   >>>>>>>>>>>>>>>>>>>>>>>>>>>>>>
15:11:41   binary cross entropy: 0.693147
15:12:51   >>>>>>>>>>>>>>>>>>>>>>>>>>>>>>
15:12:51   binary cross entropy: 0.693192
15:13:54   >>>>>>>>>>>>>>>>>>>>>>>>>>>>>>
15:13:54   binary cross entropy: 0.693043
15:15:03   >>>>>>>>>>>>>>>>>>>>>>>>>>>>>>
15:15:03   binary cross entropy: 0.693272
15:16:05   >>>>>>>>>>>>>>>>>>>>>>>>>>>>>>
15:16:05   binary cross entropy: 0.693224
15:17:09   >>>>>>>>>>>>>>>>>>>>>>>>>>>>>>
15:17:09   binary cross entropy: 0.693147
15:18:09   >>>>>>>>>>>>>>>>>>>>>>>>>>>>>>
15:18:09   binary cross entropy: 0.693054
15:19:17   >>>>>>>>>>>>>>>>>>>>>>>>>>>>>>
15:19:17   binary cross entropy: 0.693259
15:20:22   >>>>>>>>>>>>>>>>>>>>>>>>>>>>>>
15:20:22   binary cross entropy: 0.692999
15:21:36   >>>>>>>>>>>>>>>>>>>>>>>>>>>>>>
15:21:36   binary cross entropy: 0.69256
15:22:46   >>>>>>>>>>>>>>>>>>>>>>>>>>>>>>
15:22:46   binary cross entropy: 0.693148
15:23:52   >>>>>>>>>>>>>>>>>>>>>>>>>>>>>>
15:23:52   binary cross entropy: 0.692939
15:25:07   >>>>>>>>>>>>>>>>>>>>>>>>>>>>>>
15:25:07   binary cross entropy: 0.693339
15:26:09   >>>>>>>>>>>>>>>>>>>>>>>>>>>>>>
15:26:09   binary cross entropy: 0.692923
15:27:14   >>>>>>>>>>>>>>>>>>>>>>>>>>>>>>
15:27:14   binary cross entropy: 0.692336
15:28:18   >>>>>>>>>>>>>>>>>>>>>>>>>>>>>>
15:28:18   binary cross entropy: 0.693991
15:29:18   >>>>>>>>>>>>>>>>>>>>>>>>>>>>>>
15:29:18   binary cross entropy: 0.692941
15:30:24   >>>>>>>>>>>>>>>>>>>>>>>>>>>>>>
15:30:24   binary cross entropy: 0.693149
15:31:29   >>>>>>>>>>>>>>>>>>>>>>>>>>>>>>
15:31:29   binary cross entropy: 0.692784
15:32:39   >>>>>>>>>>>>>>>>>>>>>>>>>>>>>>
15:32:39   binary cross entropy: 0.693305
15:33:45   >>>>>>>>>>>>>>>>>>>>>>>>>>>>>>
15:33:45   binary cross entropy: 0.693521
15:34:49   >>>>>>>>>>>>>>>>>>>>>>>>>>>>>>
15:34:49   binary cross entropy: 0.692599
15:35:49   >>>>>>>>>>>>>>>>>>>>>>>>>>>>>>
15:35:49   binary cross entropy: 0.692709
15:36:56   >>>>>>>>>>>>>>>>>>>>>>>>>>>>>>
15:36:56   binary cross entropy: 0.693388
15:38:01   >>>>>>>>>>>>>>>>>>>>>>>>>>>>>>
15:38:01   binary cross entropy: 0.692173
15:39:16   >>>>>>>>>>>>>>>>>>>>>>>>>>>>>>
15:39:16   binary cross entropy: 0.693905
15:40:19   >>>>>>>>>>>>>>>>>>>>>>>>>>>>>>
15:40:19   binary cross entropy: 0.693413
15:41:24   >>>>>>>>>>>>>>>>>>>>>>>>>>>>>>
15:41:24   binary cross entropy: 0.693696
15:42:28   >>>>>>>>>>>>>>>>>>>>>>>>>>>>>>
15:42:28   binary cross entropy: 0.692644
15:43:38   >>>>>>>>>>>>>>>>>>>>>>>>>>>>>>
15:43:38   binary cross entropy: 0.693384
15:44:38   >>>>>>>>>>>>>>>>>>>>>>>>>>>>>>
15:44:38   binary cross entropy: 0.692451
15:45:49   >>>>>>>>>>>>>>>>>>>>>>>>>>>>>>
15:45:49   binary cross entropy: 0.693149
15:46:53   >>>>>>>>>>>>>>>>>>>>>>>>>>>>>>
15:46:53   binary cross entropy: 0.692745
15:48:03   >>>>>>>>>>>>>>>>>>>>>>>>>>>>>>
15:48:03   binary cross entropy: 0.693339
15:49:09   >>>>>>>>>>>>>>>>>>>>>>>>>>>>>>
15:49:09   binary cross entropy: 0.692794
15:50:14   >>>>>>>>>>>>>>>>>>>>>>>>>>>>>>
15:50:14   binary cross entropy: 0.692634
15:51:19   >>>>>>>>>>>>>>>>>>>>>>>>>>>>>>
15:51:19   binary cross entropy: 0.694097
15:52:28   >>>>>>>>>>>>>>>>>>>>>>>>>>>>>>
15:52:28   binary cross entropy: 0.693013
15:53:34   >>>>>>>>>>>>>>>>>>>>>>>>>>>>>>
15:53:34   binary cross entropy: 0.693148
15:54:38   >>>>>>>>>>>>>>>>>>>>>>>>>>>>>>
15:54:38   binary cross entropy: 0.693148
15:55:46   >>>>>>>>>>>>>>>>>>>>>>>>>>>>>>
15:55:46   binary cross entropy: 0.693272
15:56:53   >>>>>>>>>>>>>>>>>>>>>>>>>>>>>>
15:56:53   binary cross entropy: 0.693148
15:57:55   >>>>>>>>>>>>>>>>>>>>>>>>>>>>>>
15:57:55   binary cross entropy: 0.693192
15:59:04   >>>>>>>>>>>>>>>>>>>>>>>>>>>>>>
15:59:04   binary cross entropy: 0.693004
16:00:07   >>>>>>>>>>>>>>>>>>>>>>>>>>>>>>
16:00:07   binary cross entropy: 0.693147
16:01:12   >>>>>>>>>>>>>>>>>>>>>>>>>>>>>>
16:01:12   binary cross entropy: 0.693147
16:02:21   >>>>>>>>>>>>>>>>>>>>>>>>>>>>>>
16:02:21   binary cross entropy: 0.693142
16:03:31   >>>>>>>>>>>>>>>>>>>>>>>>>>>>>>
16:03:31   binary cross entropy: 0.69314
16:04:42   >>>>>>>>>>>>>>>>>>>>>>>>>>>>>>
16:04:42   binary cross entropy: 0.693085
16:05:46   >>>>>>>>>>>>>>>>>>>>>>>>>>>>>>
16:05:46   binary cross entropy: 0.693147
16:06:48   >>>>>>>>>>>>>>>>>>>>>>>>>>>>>>
16:06:48   binary cross entropy: 0.693007
16:07:54   >>>>>>>>>>>>>>>>>>>>>>>>>>>>>>
16:07:54   binary cross entropy: 0.693067
16:09:01   >>>>>>>>>>>>>>>>>>>>>>>>>>>>>>
16:09:01   binary cross entropy: 0.693147
16:10:03   >>>>>>>>>>>>>>>>>>>>>>>>>>>>>>
16:10:03   binary cross entropy: 0.693148
16:11:11   >>>>>>>>>>>>>>>>>>>>>>>>>>>>>>
16:11:11   binary cross entropy: 0.694131
16:11:14   >>>>>>>>>>>>>>>>>>>>>>>>>>>>>>
16:11:14   Epoch 4 end
16:11:14   duration: 3.94 hours
16:11:14   speed: 1.46 batch / sec
16:11:14   ETA: 0.00 secs
16:11:14   max GPU memory: 34727.5 MiB
16:11:14   ------------------------------
16:11:14   average binary cross entropy: 0.693149
16:11:14   Save checkpoint to /om2/user/oqueen/DeepSurface//models/DeepSurface/ProtBERT/run_0/epoch_50.pth
16:11:17   >>>>>>>>>>>>>>>>>>>>>>>>>>>>>>
16:11:17   Evaluate on valid
16:17:44   ------------------------------
16:17:44   auprc [deep_surface]: 0.498239
16:17:44   auroc [deep_surface]: 0.497052
16:17:44   Load checkpoint from /om2/user/oqueen/DeepSurface//models/DeepSurface/ProtBERT/run_0/epoch_14.pth
16:17:48   Save checkpoint to /om2/user/oqueen/DeepSurface//models/DeepSurface/ProtBERT/run_0/best.pth
16:17:50   >>>>>>>>>>>>>>>>>>>>>>>>>>>>>>
16:17:50   Evaluate on valid
16:24:29   ------------------------------
16:24:29   auprc [deep_surface]: 0.501533
16:24:29   auroc [deep_surface]: 0.499912
16:24:29   >>>>>>>>>>>>>>>>>>>>>>>>>>>>>>
16:24:29   Evaluate on test
16:41:23   ------------------------------
16:41:23   auprc [deep_surface]: 0.501931
16:41:23   auroc [deep_surface]: 0.503106
