22:14:25   Preprocess training set
22:14:39   {'batch_size': 16,
 'class': 'core.Engine',
 'gpus': [0],
 'gradient_interval': 1,
 'log_interval': 100,
 'logger': 'logging',
 'num_worker': 0,
 'optimizer': {'amsgrad': False,
               'betas': (0.9, 0.999),
               'capturable': False,
               'class': 'optim.Adam',
               'differentiable': False,
               'eps': 1e-08,
               'foreach': None,
               'fused': None,
               'lr': 5e-05,
               'maximize': False,
               'weight_decay': 0},
 'scheduler': None,
 'task': {'class': 'tasks.PropertyPrediction',
          'criterion': 'bce',
          'graph_construction_model': None,
          'metric': ('auroc', 'auprc'),
          'mlp_batch_norm': False,
          'mlp_dropout': 0,
          'model': {'activation': 'gelu',
                    'attention_dropout': 0.1,
                    'class': 'models.ProteinBERT',
                    'hidden_dim': 768,
                    'hidden_dropout': 0.1,
                    'input_dim': 21,
                    'intermediate_dim': 3072,
                    'max_position': 8192,
                    'num_heads': 12,
                    'num_layers': 12},
          'normalization': False,
          'num_class': None,
          'num_mlp_layer': 2,
          'task': ['deep_surface'],
          'verbose': 0},
 'test_set': {'class': 'dataset.Subset',
              'dataset': {'atom_feature': None,
                          'bond_feature': None,
                          'class': 'datasets.DeepSurface',
                          'path': '/om2/user/oqueen/DeepSurface//data/',
                          'residue_feature': 'default',
                          'transform': {'class': 'transforms.Compose',
                                        'transforms': [{'class': 'transforms.TruncateProtein',
                                                        'keys': 'graph',
                                                        'max_length': 1024,
                                                        'random': False},
                                                       {'class': 'transforms.ProteinView',
                                                        'keys': 'graph',
                                                        'view': 'residue'}]},
                          'verbose': 1},
              'indices': [368728, 368729, 368730, ..., 460909, 460910,
                          460911]},
 'train_set': {'class': 'dataset.Subset',
               'dataset': {'atom_feature': None,
                           'bond_feature': None,
                           'class': 'datasets.DeepSurface',
                           'path': '/om2/user/oqueen/DeepSurface//data/',
                           'residue_feature': 'default',
                           'transform': {'class': 'transforms.Compose',
                                         'transforms': [{'class': 'transforms.TruncateProtein',
                                                         'keys': 'graph',
                                                         'max_length': 1024,
                                                         'random': False},
                                                        {'class': 'transforms.ProteinView',
                                                         'keys': 'graph',
                                                         'view': 'residue'}]},
                           'verbose': 1},
               'indices': [0, 1, 2, ..., 331851, 331852, 331853]},
 'valid_set': {'class': 'dataset.Subset',
               'dataset': {'atom_feature': None,
                           'bond_feature': None,
                           'class': 'datasets.DeepSurface',
                           'path': '/om2/user/oqueen/DeepSurface//data/',
                           'residue_feature': 'default',
                           'transform': {'class': 'transforms.Compose',
                                         'transforms': [{'class': 'transforms.TruncateProtein',
                                                         'keys': 'graph',
                                                         'max_length': 1024,
                                                         'random': False},
                                                        {'class': 'transforms.ProteinView',
                                                         'keys': 'graph',
                                                         'view': 'residue'}]},
                           'verbose': 1},
               'indices': [331854, 331855, 331856, ..., 368725, 368726,
                           368727]}}
22:14:39   Load checkpoint from /om2/user/oqueen/DeepSurface//models/DeepSurface/ProtBERT/run_1/epoch_36.pth
22:14:46   >>>>>>>>>>>>>>>>>>>>>>>>>>>>>>
22:14:46   Epoch 0 begin
22:14:49   >>>>>>>>>>>>>>>>>>>>>>>>>>>>>>
22:14:49   binary cross entropy: 0.693071
22:15:47   >>>>>>>>>>>>>>>>>>>>>>>>>>>>>>
22:15:47   binary cross entropy: 0.693385
22:16:49   >>>>>>>>>>>>>>>>>>>>>>>>>>>>>>
22:16:49   binary cross entropy: 0.693147
22:17:53   >>>>>>>>>>>>>>>>>>>>>>>>>>>>>>
22:17:53   binary cross entropy: 0.693147
22:18:57   >>>>>>>>>>>>>>>>>>>>>>>>>>>>>>
22:18:57   binary cross entropy: 0.693147
22:20:04   >>>>>>>>>>>>>>>>>>>>>>>>>>>>>>
22:20:04   binary cross entropy: 0.693216
22:21:08   >>>>>>>>>>>>>>>>>>>>>>>>>>>>>>
22:21:08   binary cross entropy: 0.693161
22:22:05   >>>>>>>>>>>>>>>>>>>>>>>>>>>>>>
22:22:05   binary cross entropy: 0.693199
22:23:17   >>>>>>>>>>>>>>>>>>>>>>>>>>>>>>
22:23:17   binary cross entropy: 0.693162
22:24:19   >>>>>>>>>>>>>>>>>>>>>>>>>>>>>>
22:24:19   binary cross entropy: 0.69319
22:25:26   >>>>>>>>>>>>>>>>>>>>>>>>>>>>>>
22:25:26   binary cross entropy: 0.69333
22:26:29   >>>>>>>>>>>>>>>>>>>>>>>>>>>>>>
22:26:29   binary cross entropy: 0.693441
22:27:31   >>>>>>>>>>>>>>>>>>>>>>>>>>>>>>
22:27:31   binary cross entropy: 0.693296
22:28:31   >>>>>>>>>>>>>>>>>>>>>>>>>>>>>>
22:28:31   binary cross entropy: 0.693262
22:29:36   >>>>>>>>>>>>>>>>>>>>>>>>>>>>>>
22:29:36   binary cross entropy: 0.693147
22:30:44   >>>>>>>>>>>>>>>>>>>>>>>>>>>>>>
22:30:44   binary cross entropy: 0.693273
22:31:47   >>>>>>>>>>>>>>>>>>>>>>>>>>>>>>
22:31:47   binary cross entropy: 0.693026
22:32:48   >>>>>>>>>>>>>>>>>>>>>>>>>>>>>>
22:32:48   binary cross entropy: 0.693148
22:33:58   >>>>>>>>>>>>>>>>>>>>>>>>>>>>>>
22:33:58   binary cross entropy: 0.693017
22:35:06   >>>>>>>>>>>>>>>>>>>>>>>>>>>>>>
22:35:06   binary cross entropy: 0.693484
22:36:12   >>>>>>>>>>>>>>>>>>>>>>>>>>>>>>
22:36:12   binary cross entropy: 0.693147
22:37:15   >>>>>>>>>>>>>>>>>>>>>>>>>>>>>>
22:37:15   binary cross entropy: 0.693053
22:38:14   >>>>>>>>>>>>>>>>>>>>>>>>>>>>>>
22:38:14   binary cross entropy: 0.692866
22:39:16   >>>>>>>>>>>>>>>>>>>>>>>>>>>>>>
22:39:16   binary cross entropy: 0.693255
22:40:20   >>>>>>>>>>>>>>>>>>>>>>>>>>>>>>
22:40:20   binary cross entropy: 0.693005
22:41:28   >>>>>>>>>>>>>>>>>>>>>>>>>>>>>>
22:41:28   binary cross entropy: 0.69297
22:42:36   >>>>>>>>>>>>>>>>>>>>>>>>>>>>>>
22:42:36   binary cross entropy: 0.692988
22:43:39   >>>>>>>>>>>>>>>>>>>>>>>>>>>>>>
22:43:39   binary cross entropy: 0.693148
22:44:46   >>>>>>>>>>>>>>>>>>>>>>>>>>>>>>
22:44:46   binary cross entropy: 0.69272
22:45:56   >>>>>>>>>>>>>>>>>>>>>>>>>>>>>>
22:45:56   binary cross entropy: 0.693551
22:47:01   >>>>>>>>>>>>>>>>>>>>>>>>>>>>>>
22:47:01   binary cross entropy: 0.693277
22:48:07   >>>>>>>>>>>>>>>>>>>>>>>>>>>>>>
22:48:07   binary cross entropy: 0.693148
22:49:10   >>>>>>>>>>>>>>>>>>>>>>>>>>>>>>
22:49:10   binary cross entropy: 0.692837
22:50:14   >>>>>>>>>>>>>>>>>>>>>>>>>>>>>>
22:50:14   binary cross entropy: 0.693148
22:51:18   >>>>>>>>>>>>>>>>>>>>>>>>>>>>>>
22:51:18   binary cross entropy: 0.693546
22:52:25   >>>>>>>>>>>>>>>>>>>>>>>>>>>>>>
22:52:25   binary cross entropy: 0.69353
22:53:31   >>>>>>>>>>>>>>>>>>>>>>>>>>>>>>
22:53:31   binary cross entropy: 0.692886
22:54:35   >>>>>>>>>>>>>>>>>>>>>>>>>>>>>>
22:54:35   binary cross entropy: 0.693021
22:55:40   >>>>>>>>>>>>>>>>>>>>>>>>>>>>>>
22:55:40   binary cross entropy: 0.693368
22:56:45   >>>>>>>>>>>>>>>>>>>>>>>>>>>>>>
22:56:45   binary cross entropy: 0.693148
22:57:51   >>>>>>>>>>>>>>>>>>>>>>>>>>>>>>
22:57:51   binary cross entropy: 0.693456
22:59:03   >>>>>>>>>>>>>>>>>>>>>>>>>>>>>>
22:59:03   binary cross entropy: 0.693
23:00:06   >>>>>>>>>>>>>>>>>>>>>>>>>>>>>>
23:00:06   binary cross entropy: 0.693301
23:01:16   >>>>>>>>>>>>>>>>>>>>>>>>>>>>>>
23:01:16   binary cross entropy: 0.693325
23:02:21   >>>>>>>>>>>>>>>>>>>>>>>>>>>>>>
23:02:21   binary cross entropy: 0.692702
23:03:29   >>>>>>>>>>>>>>>>>>>>>>>>>>>>>>
23:03:29   binary cross entropy: 0.693148
23:04:31   >>>>>>>>>>>>>>>>>>>>>>>>>>>>>>
23:04:31   binary cross entropy: 0.693287
23:05:40   >>>>>>>>>>>>>>>>>>>>>>>>>>>>>>
23:05:40   binary cross entropy: 0.693148
23:06:47   >>>>>>>>>>>>>>>>>>>>>>>>>>>>>>
23:06:47   binary cross entropy: 0.692878
23:07:51   >>>>>>>>>>>>>>>>>>>>>>>>>>>>>>
23:07:51   binary cross entropy: 0.693147
23:08:54   >>>>>>>>>>>>>>>>>>>>>>>>>>>>>>
23:08:54   binary cross entropy: 0.693295
23:09:59   >>>>>>>>>>>>>>>>>>>>>>>>>>>>>>
23:09:59   binary cross entropy: 0.693219
23:11:06   >>>>>>>>>>>>>>>>>>>>>>>>>>>>>>
23:11:06   binary cross entropy: 0.693147
23:12:15   >>>>>>>>>>>>>>>>>>>>>>>>>>>>>>
23:12:15   binary cross entropy: 0.693249
23:13:23   >>>>>>>>>>>>>>>>>>>>>>>>>>>>>>
23:13:23   binary cross entropy: 0.693113
23:14:28   >>>>>>>>>>>>>>>>>>>>>>>>>>>>>>
23:14:28   binary cross entropy: 0.693081
23:15:37   >>>>>>>>>>>>>>>>>>>>>>>>>>>>>>
23:15:37   binary cross entropy: 0.693187
23:16:45   >>>>>>>>>>>>>>>>>>>>>>>>>>>>>>
23:16:45   binary cross entropy: 0.693147
23:17:50   >>>>>>>>>>>>>>>>>>>>>>>>>>>>>>
23:17:50   binary cross entropy: 0.693166
23:18:55   >>>>>>>>>>>>>>>>>>>>>>>>>>>>>>
23:18:55   binary cross entropy: 0.693182
23:20:06   >>>>>>>>>>>>>>>>>>>>>>>>>>>>>>
23:20:06   binary cross entropy: 0.693147
23:21:13   >>>>>>>>>>>>>>>>>>>>>>>>>>>>>>
23:21:13   binary cross entropy: 0.693197
23:22:21   >>>>>>>>>>>>>>>>>>>>>>>>>>>>>>
23:22:21   binary cross entropy: 0.693131
23:23:29   >>>>>>>>>>>>>>>>>>>>>>>>>>>>>>
23:23:29   binary cross entropy: 0.693103
23:24:36   >>>>>>>>>>>>>>>>>>>>>>>>>>>>>>
23:24:36   binary cross entropy: 0.693175
23:25:41   >>>>>>>>>>>>>>>>>>>>>>>>>>>>>>
23:25:41   binary cross entropy: 0.693103
23:26:56   >>>>>>>>>>>>>>>>>>>>>>>>>>>>>>
23:26:56   binary cross entropy: 0.693309
23:28:00   >>>>>>>>>>>>>>>>>>>>>>>>>>>>>>
23:28:00   binary cross entropy: 0.693168
23:29:09   >>>>>>>>>>>>>>>>>>>>>>>>>>>>>>
23:29:09   binary cross entropy: 0.693129
23:30:20   >>>>>>>>>>>>>>>>>>>>>>>>>>>>>>
23:30:20   binary cross entropy: 0.693168
23:31:30   >>>>>>>>>>>>>>>>>>>>>>>>>>>>>>
23:31:30   binary cross entropy: 0.693124
23:32:38   >>>>>>>>>>>>>>>>>>>>>>>>>>>>>>
23:32:38   binary cross entropy: 0.693147
23:33:44   >>>>>>>>>>>>>>>>>>>>>>>>>>>>>>
23:33:44   binary cross entropy: 0.693115
23:34:53   >>>>>>>>>>>>>>>>>>>>>>>>>>>>>>
23:34:53   binary cross entropy: 0.693196
23:35:56   >>>>>>>>>>>>>>>>>>>>>>>>>>>>>>
23:35:56   binary cross entropy: 0.693229
23:37:00   >>>>>>>>>>>>>>>>>>>>>>>>>>>>>>
23:37:00   binary cross entropy: 0.692691
23:38:08   >>>>>>>>>>>>>>>>>>>>>>>>>>>>>>
23:38:08   binary cross entropy: 0.693063
23:39:12   >>>>>>>>>>>>>>>>>>>>>>>>>>>>>>
23:39:12   binary cross entropy: 0.69293
23:40:14   >>>>>>>>>>>>>>>>>>>>>>>>>>>>>>
23:40:14   binary cross entropy: 0.693148
23:41:23   >>>>>>>>>>>>>>>>>>>>>>>>>>>>>>
23:41:23   binary cross entropy: 0.693233
23:42:28   >>>>>>>>>>>>>>>>>>>>>>>>>>>>>>
23:42:28   binary cross entropy: 0.693094
23:43:27   >>>>>>>>>>>>>>>>>>>>>>>>>>>>>>
23:43:27   binary cross entropy: 0.692948
23:44:29   >>>>>>>>>>>>>>>>>>>>>>>>>>>>>>
23:44:29   binary cross entropy: 0.69331
23:45:31   >>>>>>>>>>>>>>>>>>>>>>>>>>>>>>
23:45:31   binary cross entropy: 0.693171
23:46:36   >>>>>>>>>>>>>>>>>>>>>>>>>>>>>>
23:46:36   binary cross entropy: 0.693147
23:47:42   >>>>>>>>>>>>>>>>>>>>>>>>>>>>>>
23:47:42   binary cross entropy: 0.693147
23:48:48   >>>>>>>>>>>>>>>>>>>>>>>>>>>>>>
23:48:48   binary cross entropy: 0.693108
23:49:57   >>>>>>>>>>>>>>>>>>>>>>>>>>>>>>
23:49:57   binary cross entropy: 0.693203
23:51:02   >>>>>>>>>>>>>>>>>>>>>>>>>>>>>>
23:51:02   binary cross entropy: 0.693247
23:52:09   >>>>>>>>>>>>>>>>>>>>>>>>>>>>>>
23:52:09   binary cross entropy: 0.693016
23:53:10   >>>>>>>>>>>>>>>>>>>>>>>>>>>>>>
23:53:10   binary cross entropy: 0.693071
23:54:13   >>>>>>>>>>>>>>>>>>>>>>>>>>>>>>
23:54:13   binary cross entropy: 0.693313
23:55:22   >>>>>>>>>>>>>>>>>>>>>>>>>>>>>>
23:55:22   binary cross entropy: 0.693396
23:56:25   >>>>>>>>>>>>>>>>>>>>>>>>>>>>>>
23:56:25   binary cross entropy: 0.693148
23:57:32   >>>>>>>>>>>>>>>>>>>>>>>>>>>>>>
23:57:32   binary cross entropy: 0.693
23:58:35   >>>>>>>>>>>>>>>>>>>>>>>>>>>>>>
23:58:35   binary cross entropy: 0.693321
23:59:45   >>>>>>>>>>>>>>>>>>>>>>>>>>>>>>
23:59:45   binary cross entropy: 0.693638
00:00:48   >>>>>>>>>>>>>>>>>>>>>>>>>>>>>>
00:00:48   binary cross entropy: 0.693262
00:01:53   >>>>>>>>>>>>>>>>>>>>>>>>>>>>>>
00:01:53   binary cross entropy: 0.692976
00:02:59   >>>>>>>>>>>>>>>>>>>>>>>>>>>>>>
00:02:59   binary cross entropy: 0.693025
00:04:07   >>>>>>>>>>>>>>>>>>>>>>>>>>>>>>
00:04:07   binary cross entropy: 0.693147
00:05:14   >>>>>>>>>>>>>>>>>>>>>>>>>>>>>>
00:05:14   binary cross entropy: 0.693224
00:06:19   >>>>>>>>>>>>>>>>>>>>>>>>>>>>>>
00:06:19   binary cross entropy: 0.693147
00:07:19   >>>>>>>>>>>>>>>>>>>>>>>>>>>>>>
00:07:19   binary cross entropy: 0.693147
00:08:22   >>>>>>>>>>>>>>>>>>>>>>>>>>>>>>
00:08:22   binary cross entropy: 0.693158
00:09:31   >>>>>>>>>>>>>>>>>>>>>>>>>>>>>>
00:09:31   binary cross entropy: 0.693226
00:10:39   >>>>>>>>>>>>>>>>>>>>>>>>>>>>>>
00:10:39   binary cross entropy: 0.693104
00:11:39   >>>>>>>>>>>>>>>>>>>>>>>>>>>>>>
00:11:39   binary cross entropy: 0.693189
00:12:41   >>>>>>>>>>>>>>>>>>>>>>>>>>>>>>
00:12:41   binary cross entropy: 0.693108
00:13:47   >>>>>>>>>>>>>>>>>>>>>>>>>>>>>>
00:13:47   binary cross entropy: 0.693065
00:14:52   >>>>>>>>>>>>>>>>>>>>>>>>>>>>>>
00:14:52   binary cross entropy: 0.693147
00:15:57   >>>>>>>>>>>>>>>>>>>>>>>>>>>>>>
00:15:57   binary cross entropy: 0.69322
00:17:05   >>>>>>>>>>>>>>>>>>>>>>>>>>>>>>
00:17:05   binary cross entropy: 0.693147
00:18:10   >>>>>>>>>>>>>>>>>>>>>>>>>>>>>>
00:18:10   binary cross entropy: 0.69314
00:19:16   >>>>>>>>>>>>>>>>>>>>>>>>>>>>>>
00:19:16   binary cross entropy: 0.69311
00:20:24   >>>>>>>>>>>>>>>>>>>>>>>>>>>>>>
00:20:24   binary cross entropy: 0.693147
00:21:36   >>>>>>>>>>>>>>>>>>>>>>>>>>>>>>
00:21:36   binary cross entropy: 0.693234
00:22:42   >>>>>>>>>>>>>>>>>>>>>>>>>>>>>>
00:22:42   binary cross entropy: 0.693127
00:23:50   >>>>>>>>>>>>>>>>>>>>>>>>>>>>>>
00:23:50   binary cross entropy: 0.693147
00:24:55   >>>>>>>>>>>>>>>>>>>>>>>>>>>>>>
00:24:55   binary cross entropy: 0.693147
00:26:08   >>>>>>>>>>>>>>>>>>>>>>>>>>>>>>
00:26:08   binary cross entropy: 0.693119
00:27:20   >>>>>>>>>>>>>>>>>>>>>>>>>>>>>>
00:27:20   binary cross entropy: 0.693147
00:28:24   >>>>>>>>>>>>>>>>>>>>>>>>>>>>>>
00:28:24   binary cross entropy: 0.693149
00:29:33   >>>>>>>>>>>>>>>>>>>>>>>>>>>>>>
00:29:33   binary cross entropy: 0.693147
00:30:41   >>>>>>>>>>>>>>>>>>>>>>>>>>>>>>
00:30:41   binary cross entropy: 0.693192
00:31:53   >>>>>>>>>>>>>>>>>>>>>>>>>>>>>>
00:31:53   binary cross entropy: 0.693112
00:33:07   >>>>>>>>>>>>>>>>>>>>>>>>>>>>>>
00:33:07   binary cross entropy: 0.693218
00:34:06   >>>>>>>>>>>>>>>>>>>>>>>>>>>>>>
00:34:06   binary cross entropy: 0.693147
00:35:11   >>>>>>>>>>>>>>>>>>>>>>>>>>>>>>
00:35:11   binary cross entropy: 0.692875
00:36:17   >>>>>>>>>>>>>>>>>>>>>>>>>>>>>>
00:36:17   binary cross entropy: 0.693284
00:37:23   >>>>>>>>>>>>>>>>>>>>>>>>>>>>>>
00:37:23   binary cross entropy: 0.693425
00:38:30   >>>>>>>>>>>>>>>>>>>>>>>>>>>>>>
00:38:30   binary cross entropy: 0.693297
00:39:29   >>>>>>>>>>>>>>>>>>>>>>>>>>>>>>
00:39:29   binary cross entropy: 0.692891
00:40:43   >>>>>>>>>>>>>>>>>>>>>>>>>>>>>>
00:40:43   binary cross entropy: 0.692698
00:41:46   >>>>>>>>>>>>>>>>>>>>>>>>>>>>>>
00:41:46   binary cross entropy: 0.693148
00:42:48   >>>>>>>>>>>>>>>>>>>>>>>>>>>>>>
00:42:48   binary cross entropy: 0.692861
00:43:51   >>>>>>>>>>>>>>>>>>>>>>>>>>>>>>
00:43:51   binary cross entropy: 0.693148
00:44:56   >>>>>>>>>>>>>>>>>>>>>>>>>>>>>>
00:44:56   binary cross entropy: 0.69338
00:46:02   >>>>>>>>>>>>>>>>>>>>>>>>>>>>>>
00:46:02   binary cross entropy: 0.69346
00:47:09   >>>>>>>>>>>>>>>>>>>>>>>>>>>>>>
00:47:09   binary cross entropy: 0.693148
00:48:19   >>>>>>>>>>>>>>>>>>>>>>>>>>>>>>
00:48:19   binary cross entropy: 0.692993
00:49:28   >>>>>>>>>>>>>>>>>>>>>>>>>>>>>>
00:49:28   binary cross entropy: 0.692923
00:50:37   >>>>>>>>>>>>>>>>>>>>>>>>>>>>>>
00:50:37   binary cross entropy: 0.693238
00:51:42   >>>>>>>>>>>>>>>>>>>>>>>>>>>>>>
00:51:42   binary cross entropy: 0.693205
00:52:48   >>>>>>>>>>>>>>>>>>>>>>>>>>>>>>
00:52:48   binary cross entropy: 0.693023
00:53:55   >>>>>>>>>>>>>>>>>>>>>>>>>>>>>>
00:53:55   binary cross entropy: 0.692975
00:55:01   >>>>>>>>>>>>>>>>>>>>>>>>>>>>>>
00:55:01   binary cross entropy: 0.693044
00:56:03   >>>>>>>>>>>>>>>>>>>>>>>>>>>>>>
00:56:03   binary cross entropy: 0.69332
00:57:10   >>>>>>>>>>>>>>>>>>>>>>>>>>>>>>
00:57:10   binary cross entropy: 0.693214
00:58:12   >>>>>>>>>>>>>>>>>>>>>>>>>>>>>>
00:58:12   binary cross entropy: 0.693098
00:59:17   >>>>>>>>>>>>>>>>>>>>>>>>>>>>>>
00:59:17   binary cross entropy: 0.692952
01:00:22   >>>>>>>>>>>>>>>>>>>>>>>>>>>>>>
01:00:22   binary cross entropy: 0.693004
01:01:27   >>>>>>>>>>>>>>>>>>>>>>>>>>>>>>
01:01:27   binary cross entropy: 0.693038
01:02:34   >>>>>>>>>>>>>>>>>>>>>>>>>>>>>>
01:02:34   binary cross entropy: 0.693247
01:03:37   >>>>>>>>>>>>>>>>>>>>>>>>>>>>>>
01:03:37   binary cross entropy: 0.692774
01:04:43   >>>>>>>>>>>>>>>>>>>>>>>>>>>>>>
01:04:43   binary cross entropy: 0.692458
01:05:49   >>>>>>>>>>>>>>>>>>>>>>>>>>>>>>
01:05:49   binary cross entropy: 0.692457
01:06:54   >>>>>>>>>>>>>>>>>>>>>>>>>>>>>>
01:06:54   binary cross entropy: 0.693149
01:08:00   >>>>>>>>>>>>>>>>>>>>>>>>>>>>>>
01:08:00   binary cross entropy: 0.69242
01:09:03   >>>>>>>>>>>>>>>>>>>>>>>>>>>>>>
01:09:03   binary cross entropy: 0.693552
01:10:12   >>>>>>>>>>>>>>>>>>>>>>>>>>>>>>
01:10:12   binary cross entropy: 0.692932
01:11:19   >>>>>>>>>>>>>>>>>>>>>>>>>>>>>>
01:11:19   binary cross entropy: 0.69243
01:12:31   >>>>>>>>>>>>>>>>>>>>>>>>>>>>>>
01:12:31   binary cross entropy: 0.693523
01:13:39   >>>>>>>>>>>>>>>>>>>>>>>>>>>>>>
01:13:39   binary cross entropy: 0.693148
01:14:48   >>>>>>>>>>>>>>>>>>>>>>>>>>>>>>
01:14:48   binary cross entropy: 0.693475
01:15:58   >>>>>>>>>>>>>>>>>>>>>>>>>>>>>>
01:15:58   binary cross entropy: 0.693047
01:17:05   >>>>>>>>>>>>>>>>>>>>>>>>>>>>>>
01:17:05   binary cross entropy: 0.693299
01:18:15   >>>>>>>>>>>>>>>>>>>>>>>>>>>>>>
01:18:15   binary cross entropy: 0.69341
01:19:29   >>>>>>>>>>>>>>>>>>>>>>>>>>>>>>
01:19:29   binary cross entropy: 0.693147
01:20:33   >>>>>>>>>>>>>>>>>>>>>>>>>>>>>>
01:20:33   binary cross entropy: 0.693259
01:21:40   >>>>>>>>>>>>>>>>>>>>>>>>>>>>>>
01:21:40   binary cross entropy: 0.693086
01:22:45   >>>>>>>>>>>>>>>>>>>>>>>>>>>>>>
01:22:45   binary cross entropy: 0.693006
01:23:48   >>>>>>>>>>>>>>>>>>>>>>>>>>>>>>
01:23:48   binary cross entropy: 0.692962
01:25:00   >>>>>>>>>>>>>>>>>>>>>>>>>>>>>>
01:25:00   binary cross entropy: 0.692752
01:26:07   >>>>>>>>>>>>>>>>>>>>>>>>>>>>>>
01:26:07   binary cross entropy: 0.692999
01:27:11   >>>>>>>>>>>>>>>>>>>>>>>>>>>>>>
01:27:11   binary cross entropy: 0.693321
01:28:14   >>>>>>>>>>>>>>>>>>>>>>>>>>>>>>
01:28:14   binary cross entropy: 0.693801
01:29:25   >>>>>>>>>>>>>>>>>>>>>>>>>>>>>>
01:29:25   binary cross entropy: 0.693792
01:30:31   >>>>>>>>>>>>>>>>>>>>>>>>>>>>>>
01:30:31   binary cross entropy: 0.693291
01:31:38   >>>>>>>>>>>>>>>>>>>>>>>>>>>>>>
01:31:38   binary cross entropy: 0.693148
01:32:47   >>>>>>>>>>>>>>>>>>>>>>>>>>>>>>
01:32:47   binary cross entropy: 0.69305
01:33:51   >>>>>>>>>>>>>>>>>>>>>>>>>>>>>>
01:33:51   binary cross entropy: 0.693347
01:34:51   >>>>>>>>>>>>>>>>>>>>>>>>>>>>>>
01:34:51   binary cross entropy: 0.69302
01:35:57   >>>>>>>>>>>>>>>>>>>>>>>>>>>>>>
01:35:57   binary cross entropy: 0.693204
01:36:58   >>>>>>>>>>>>>>>>>>>>>>>>>>>>>>
01:36:58   binary cross entropy: 0.693147
01:38:02   >>>>>>>>>>>>>>>>>>>>>>>>>>>>>>
01:38:02   binary cross entropy: 0.693104
01:39:04   >>>>>>>>>>>>>>>>>>>>>>>>>>>>>>
01:39:04   binary cross entropy: 0.693058
01:40:07   >>>>>>>>>>>>>>>>>>>>>>>>>>>>>>
01:40:07   binary cross entropy: 0.693103
01:41:16   >>>>>>>>>>>>>>>>>>>>>>>>>>>>>>
01:41:16   binary cross entropy: 0.693171
01:42:20   >>>>>>>>>>>>>>>>>>>>>>>>>>>>>>
01:42:20   binary cross entropy: 0.693168
01:43:26   >>>>>>>>>>>>>>>>>>>>>>>>>>>>>>
01:43:26   binary cross entropy: 0.693124
01:44:31   >>>>>>>>>>>>>>>>>>>>>>>>>>>>>>
01:44:31   binary cross entropy: 0.693124
01:45:38   >>>>>>>>>>>>>>>>>>>>>>>>>>>>>>
01:45:38   binary cross entropy: 0.693152
01:46:46   >>>>>>>>>>>>>>>>>>>>>>>>>>>>>>
01:46:46   binary cross entropy: 0.693147
01:47:52   >>>>>>>>>>>>>>>>>>>>>>>>>>>>>>
01:47:52   binary cross entropy: 0.693193
01:49:00   >>>>>>>>>>>>>>>>>>>>>>>>>>>>>>
01:49:00   binary cross entropy: 0.693174
01:50:06   >>>>>>>>>>>>>>>>>>>>>>>>>>>>>>
01:50:06   binary cross entropy: 0.693132
01:51:10   >>>>>>>>>>>>>>>>>>>>>>>>>>>>>>
01:51:10   binary cross entropy: 0.693266
01:52:18   >>>>>>>>>>>>>>>>>>>>>>>>>>>>>>
01:52:18   binary cross entropy: 0.6932
01:53:25   >>>>>>>>>>>>>>>>>>>>>>>>>>>>>>
01:53:25   binary cross entropy: 0.693189
01:54:29   >>>>>>>>>>>>>>>>>>>>>>>>>>>>>>
01:54:29   binary cross entropy: 0.693101
01:55:41   >>>>>>>>>>>>>>>>>>>>>>>>>>>>>>
01:55:41   binary cross entropy: 0.692995
01:56:46   >>>>>>>>>>>>>>>>>>>>>>>>>>>>>>
01:56:46   binary cross entropy: 0.693431
01:57:54   >>>>>>>>>>>>>>>>>>>>>>>>>>>>>>
01:57:54   binary cross entropy: 0.693148
01:59:02   >>>>>>>>>>>>>>>>>>>>>>>>>>>>>>
01:59:02   binary cross entropy: 0.693333
02:00:15   >>>>>>>>>>>>>>>>>>>>>>>>>>>>>>
02:00:15   binary cross entropy: 0.692895
02:01:21   >>>>>>>>>>>>>>>>>>>>>>>>>>>>>>
02:01:21   binary cross entropy: 0.693251
02:02:27   >>>>>>>>>>>>>>>>>>>>>>>>>>>>>>
02:02:27   binary cross entropy: 0.692852
02:02:53   >>>>>>>>>>>>>>>>>>>>>>>>>>>>>>
02:02:53   Epoch 0 end
02:02:53   duration: 3.80 hours
02:02:53   speed: 1.51 batch / sec
02:02:53   ETA: 0.00 secs
02:02:53   max GPU memory: 34727.0 MiB
02:02:53   ------------------------------
02:02:53   average binary cross entropy: 0.693152
02:02:53   Save checkpoint to /om2/user/oqueen/DeepSurface//models/DeepSurface/ProtBERT/run_1/epoch_6.pth
02:02:56   >>>>>>>>>>>>>>>>>>>>>>>>>>>>>>
02:02:56   Evaluate on valid
02:09:23   ------------------------------
02:09:23   auprc [deep_surface]: 0.4982
02:09:23   auroc [deep_surface]: 0.496982
02:09:23   >>>>>>>>>>>>>>>>>>>>>>>>>>>>>>
02:09:23   Epoch 1 begin
02:10:03   >>>>>>>>>>>>>>>>>>>>>>>>>>>>>>
02:10:03   binary cross entropy: 0.692838
02:11:09   >>>>>>>>>>>>>>>>>>>>>>>>>>>>>>
02:11:09   binary cross entropy: 0.693231
02:12:14   >>>>>>>>>>>>>>>>>>>>>>>>>>>>>>
02:12:14   binary cross entropy: 0.693212
02:13:18   >>>>>>>>>>>>>>>>>>>>>>>>>>>>>>
02:13:18   binary cross entropy: 0.693075
02:14:26   >>>>>>>>>>>>>>>>>>>>>>>>>>>>>>
02:14:26   binary cross entropy: 0.693183
02:15:30   >>>>>>>>>>>>>>>>>>>>>>>>>>>>>>
02:15:30   binary cross entropy: 0.693088
02:16:36   >>>>>>>>>>>>>>>>>>>>>>>>>>>>>>
02:16:36   binary cross entropy: 0.693074
02:17:38   >>>>>>>>>>>>>>>>>>>>>>>>>>>>>>
02:17:38   binary cross entropy: 0.693147
02:18:46   >>>>>>>>>>>>>>>>>>>>>>>>>>>>>>
02:18:46   binary cross entropy: 0.693147
02:19:50   >>>>>>>>>>>>>>>>>>>>>>>>>>>>>>
02:19:50   binary cross entropy: 0.693173
02:21:00   >>>>>>>>>>>>>>>>>>>>>>>>>>>>>>
02:21:00   binary cross entropy: 0.693143
02:22:05   >>>>>>>>>>>>>>>>>>>>>>>>>>>>>>
02:22:05   binary cross entropy: 0.693147
02:23:10   >>>>>>>>>>>>>>>>>>>>>>>>>>>>>>
02:23:10   binary cross entropy: 0.693163
02:24:17   >>>>>>>>>>>>>>>>>>>>>>>>>>>>>>
02:24:17   binary cross entropy: 0.693007
02:25:21   >>>>>>>>>>>>>>>>>>>>>>>>>>>>>>
02:25:21   binary cross entropy: 0.693071
02:26:31   >>>>>>>>>>>>>>>>>>>>>>>>>>>>>>
02:26:31   binary cross entropy: 0.692952
02:27:35   >>>>>>>>>>>>>>>>>>>>>>>>>>>>>>
02:27:35   binary cross entropy: 0.693147
02:28:48   >>>>>>>>>>>>>>>>>>>>>>>>>>>>>>
02:28:48   binary cross entropy: 0.693115
02:29:56   >>>>>>>>>>>>>>>>>>>>>>>>>>>>>>
02:29:56   binary cross entropy: 0.693148
02:31:05   >>>>>>>>>>>>>>>>>>>>>>>>>>>>>>
02:31:05   binary cross entropy: 0.693147
02:32:09   >>>>>>>>>>>>>>>>>>>>>>>>>>>>>>
02:32:09   binary cross entropy: 0.693129
02:33:21   >>>>>>>>>>>>>>>>>>>>>>>>>>>>>>
02:33:21   binary cross entropy: 0.693147
02:34:23   >>>>>>>>>>>>>>>>>>>>>>>>>>>>>>
02:34:23   binary cross entropy: 0.693147
02:35:24   >>>>>>>>>>>>>>>>>>>>>>>>>>>>>>
02:35:24   binary cross entropy: 0.693203
02:36:26   >>>>>>>>>>>>>>>>>>>>>>>>>>>>>>
02:36:26   binary cross entropy: 0.693094
02:37:30   >>>>>>>>>>>>>>>>>>>>>>>>>>>>>>
02:37:30   binary cross entropy: 0.693241
02:38:38   >>>>>>>>>>>>>>>>>>>>>>>>>>>>>>
02:38:38   binary cross entropy: 0.693425
02:39:46   >>>>>>>>>>>>>>>>>>>>>>>>>>>>>>
02:39:46   binary cross entropy: 0.693307
02:40:55   >>>>>>>>>>>>>>>>>>>>>>>>>>>>>>
02:40:55   binary cross entropy: 0.693148
02:41:54   >>>>>>>>>>>>>>>>>>>>>>>>>>>>>>
02:41:54   binary cross entropy: 0.69329
02:42:57   >>>>>>>>>>>>>>>>>>>>>>>>>>>>>>
02:42:57   binary cross entropy: 0.693269
02:44:06   >>>>>>>>>>>>>>>>>>>>>>>>>>>>>>
02:44:06   binary cross entropy: 0.692827
02:45:13   >>>>>>>>>>>>>>>>>>>>>>>>>>>>>>
02:45:13   binary cross entropy: 0.693682
02:46:22   >>>>>>>>>>>>>>>>>>>>>>>>>>>>>>
02:46:22   binary cross entropy: 0.693629
02:47:27   >>>>>>>>>>>>>>>>>>>>>>>>>>>>>>
02:47:27   binary cross entropy: 0.693436
02:48:34   >>>>>>>>>>>>>>>>>>>>>>>>>>>>>>
02:48:34   binary cross entropy: 0.691015
02:49:41   >>>>>>>>>>>>>>>>>>>>>>>>>>>>>>
02:49:41   binary cross entropy: 0.690239
02:50:52   >>>>>>>>>>>>>>>>>>>>>>>>>>>>>>
02:50:52   binary cross entropy: 0.693162
02:51:58   >>>>>>>>>>>>>>>>>>>>>>>>>>>>>>
02:51:58   binary cross entropy: 0.693321
02:52:58   >>>>>>>>>>>>>>>>>>>>>>>>>>>>>>
02:52:58   binary cross entropy: 0.712312
02:54:01   >>>>>>>>>>>>>>>>>>>>>>>>>>>>>>
02:54:01   binary cross entropy: 0.687801
02:55:07   >>>>>>>>>>>>>>>>>>>>>>>>>>>>>>
02:55:07   binary cross entropy: 0.694431
02:56:12   >>>>>>>>>>>>>>>>>>>>>>>>>>>>>>
02:56:12   binary cross entropy: 0.669726
02:57:13   >>>>>>>>>>>>>>>>>>>>>>>>>>>>>>
02:57:13   binary cross entropy: 0.693156
02:58:21   >>>>>>>>>>>>>>>>>>>>>>>>>>>>>>
02:58:21   binary cross entropy: 0.700494
02:59:34   >>>>>>>>>>>>>>>>>>>>>>>>>>>>>>
02:59:34   binary cross entropy: 0.69318
03:00:32   >>>>>>>>>>>>>>>>>>>>>>>>>>>>>>
03:00:32   binary cross entropy: 0.691914
03:01:39   >>>>>>>>>>>>>>>>>>>>>>>>>>>>>>
03:01:39   binary cross entropy: 0.695341
03:02:42   >>>>>>>>>>>>>>>>>>>>>>>>>>>>>>
03:02:42   binary cross entropy: 0.689916
03:03:51   >>>>>>>>>>>>>>>>>>>>>>>>>>>>>>
03:03:51   binary cross entropy: 0.692381
03:04:58   >>>>>>>>>>>>>>>>>>>>>>>>>>>>>>
03:04:58   binary cross entropy: 0.694207
03:06:05   >>>>>>>>>>>>>>>>>>>>>>>>>>>>>>
03:06:05   binary cross entropy: 0.700599
03:07:09   >>>>>>>>>>>>>>>>>>>>>>>>>>>>>>
03:07:09   binary cross entropy: 0.69382
03:08:12   >>>>>>>>>>>>>>>>>>>>>>>>>>>>>>
03:08:12   binary cross entropy: 0.69438
03:09:17   >>>>>>>>>>>>>>>>>>>>>>>>>>>>>>
03:09:17   binary cross entropy: 0.694409
03:10:23   >>>>>>>>>>>>>>>>>>>>>>>>>>>>>>
03:10:23   binary cross entropy: 0.69438
03:11:26   >>>>>>>>>>>>>>>>>>>>>>>>>>>>>>
03:11:26   binary cross entropy: 0.693161
03:12:29   >>>>>>>>>>>>>>>>>>>>>>>>>>>>>>
03:12:29   binary cross entropy: 0.693779
03:13:28   >>>>>>>>>>>>>>>>>>>>>>>>>>>>>>
03:13:28   binary cross entropy: 0.694758
03:14:31   >>>>>>>>>>>>>>>>>>>>>>>>>>>>>>
03:14:31   binary cross entropy: 0.693504
03:15:34   >>>>>>>>>>>>>>>>>>>>>>>>>>>>>>
03:15:34   binary cross entropy: 0.693654
03:16:44   >>>>>>>>>>>>>>>>>>>>>>>>>>>>>>
03:16:44   binary cross entropy: 0.69761
03:17:49   >>>>>>>>>>>>>>>>>>>>>>>>>>>>>>
03:17:49   binary cross entropy: 0.69285
03:18:57   >>>>>>>>>>>>>>>>>>>>>>>>>>>>>>
03:18:57   binary cross entropy: 0.693166
03:20:06   >>>>>>>>>>>>>>>>>>>>>>>>>>>>>>
03:20:06   binary cross entropy: 0.694224
03:21:09   >>>>>>>>>>>>>>>>>>>>>>>>>>>>>>
03:21:09   binary cross entropy: 0.694701
03:22:14   >>>>>>>>>>>>>>>>>>>>>>>>>>>>>>
03:22:14   binary cross entropy: 0.693248
03:23:22   >>>>>>>>>>>>>>>>>>>>>>>>>>>>>>
03:23:22   binary cross entropy: 0.692513
03:24:32   >>>>>>>>>>>>>>>>>>>>>>>>>>>>>>
03:24:32   binary cross entropy: 0.696422
03:25:41   >>>>>>>>>>>>>>>>>>>>>>>>>>>>>>
03:25:41   binary cross entropy: 0.692896
03:26:51   >>>>>>>>>>>>>>>>>>>>>>>>>>>>>>
03:26:51   binary cross entropy: 0.691889
03:27:53   >>>>>>>>>>>>>>>>>>>>>>>>>>>>>>
03:27:53   binary cross entropy: 0.691718
03:28:55   >>>>>>>>>>>>>>>>>>>>>>>>>>>>>>
03:28:55   binary cross entropy: 0.693278
03:30:05   >>>>>>>>>>>>>>>>>>>>>>>>>>>>>>
03:30:05   binary cross entropy: 0.693767
03:31:11   >>>>>>>>>>>>>>>>>>>>>>>>>>>>>>
03:31:11   binary cross entropy: 0.693269
03:32:17   >>>>>>>>>>>>>>>>>>>>>>>>>>>>>>
03:32:17   binary cross entropy: 0.693572
03:33:24   >>>>>>>>>>>>>>>>>>>>>>>>>>>>>>
03:33:24   binary cross entropy: 0.693785
03:34:29   >>>>>>>>>>>>>>>>>>>>>>>>>>>>>>
03:34:29   binary cross entropy: 0.698961
03:35:33   >>>>>>>>>>>>>>>>>>>>>>>>>>>>>>
03:35:33   binary cross entropy: 0.695736
03:36:37   >>>>>>>>>>>>>>>>>>>>>>>>>>>>>>
03:36:37   binary cross entropy: 0.703181
03:37:43   >>>>>>>>>>>>>>>>>>>>>>>>>>>>>>
03:37:43   binary cross entropy: 0.696633
03:38:55   >>>>>>>>>>>>>>>>>>>>>>>>>>>>>>
03:38:55   binary cross entropy: 0.693431
03:39:59   >>>>>>>>>>>>>>>>>>>>>>>>>>>>>>
03:39:59   binary cross entropy: 0.693226
03:41:05   >>>>>>>>>>>>>>>>>>>>>>>>>>>>>>
03:41:05   binary cross entropy: 0.692816
03:42:11   >>>>>>>>>>>>>>>>>>>>>>>>>>>>>>
03:42:11   binary cross entropy: 0.693333
03:43:17   >>>>>>>>>>>>>>>>>>>>>>>>>>>>>>
03:43:17   binary cross entropy: 0.693228
03:44:27   >>>>>>>>>>>>>>>>>>>>>>>>>>>>>>
03:44:27   binary cross entropy: 0.69349
03:45:38   >>>>>>>>>>>>>>>>>>>>>>>>>>>>>>
03:45:38   binary cross entropy: 0.693091
03:46:48   >>>>>>>>>>>>>>>>>>>>>>>>>>>>>>
03:46:48   binary cross entropy: 0.693735
03:47:50   >>>>>>>>>>>>>>>>>>>>>>>>>>>>>>
03:47:50   binary cross entropy: 0.693437
03:48:52   >>>>>>>>>>>>>>>>>>>>>>>>>>>>>>
03:48:52   binary cross entropy: 0.69391
03:50:07   >>>>>>>>>>>>>>>>>>>>>>>>>>>>>>
03:50:07   binary cross entropy: 0.693181
03:51:15   >>>>>>>>>>>>>>>>>>>>>>>>>>>>>>
03:51:15   binary cross entropy: 0.692825
03:52:22   >>>>>>>>>>>>>>>>>>>>>>>>>>>>>>
03:52:22   binary cross entropy: 0.693381
03:53:28   >>>>>>>>>>>>>>>>>>>>>>>>>>>>>>
03:53:28   binary cross entropy: 0.693107
03:54:36   >>>>>>>>>>>>>>>>>>>>>>>>>>>>>>
03:54:36   binary cross entropy: 0.692977
03:55:42   >>>>>>>>>>>>>>>>>>>>>>>>>>>>>>
03:55:42   binary cross entropy: 0.693263
03:56:49   >>>>>>>>>>>>>>>>>>>>>>>>>>>>>>
03:56:49   binary cross entropy: 0.692954
03:57:59   >>>>>>>>>>>>>>>>>>>>>>>>>>>>>>
03:57:59   binary cross entropy: 0.693008
03:59:12   >>>>>>>>>>>>>>>>>>>>>>>>>>>>>>
03:59:12   binary cross entropy: 0.692635
04:00:23   >>>>>>>>>>>>>>>>>>>>>>>>>>>>>>
04:00:23   binary cross entropy: 0.692532
04:01:33   >>>>>>>>>>>>>>>>>>>>>>>>>>>>>>
04:01:33   binary cross entropy: 0.693195
04:02:37   >>>>>>>>>>>>>>>>>>>>>>>>>>>>>>
04:02:37   binary cross entropy: 0.694913
04:03:46   >>>>>>>>>>>>>>>>>>>>>>>>>>>>>>
04:03:46   binary cross entropy: 0.691981
04:04:57   >>>>>>>>>>>>>>>>>>>>>>>>>>>>>>
04:04:57   binary cross entropy: 0.692329
04:06:02   >>>>>>>>>>>>>>>>>>>>>>>>>>>>>>
04:06:02   binary cross entropy: 0.690211
04:07:06   >>>>>>>>>>>>>>>>>>>>>>>>>>>>>>
04:07:06   binary cross entropy: 0.693014
04:08:07   >>>>>>>>>>>>>>>>>>>>>>>>>>>>>>
04:08:07   binary cross entropy: 0.693001
04:09:12   >>>>>>>>>>>>>>>>>>>>>>>>>>>>>>
04:09:12   binary cross entropy: 0.693209
04:10:24   >>>>>>>>>>>>>>>>>>>>>>>>>>>>>>
04:10:24   binary cross entropy: 0.693548
04:11:25   >>>>>>>>>>>>>>>>>>>>>>>>>>>>>>
04:11:25   binary cross entropy: 0.693392
04:12:30   >>>>>>>>>>>>>>>>>>>>>>>>>>>>>>
04:12:30   binary cross entropy: 0.692402
04:13:37   >>>>>>>>>>>>>>>>>>>>>>>>>>>>>>
04:13:37   binary cross entropy: 0.693934
04:14:50   >>>>>>>>>>>>>>>>>>>>>>>>>>>>>>
04:14:50   binary cross entropy: 0.686764
04:15:55   >>>>>>>>>>>>>>>>>>>>>>>>>>>>>>
04:15:55   binary cross entropy: 0.69296
04:16:59   >>>>>>>>>>>>>>>>>>>>>>>>>>>>>>
04:16:59   binary cross entropy: 0.692477
04:18:04   >>>>>>>>>>>>>>>>>>>>>>>>>>>>>>
04:18:04   binary cross entropy: 0.696259
04:19:10   >>>>>>>>>>>>>>>>>>>>>>>>>>>>>>
04:19:10   binary cross entropy: 0.692354
04:20:15   >>>>>>>>>>>>>>>>>>>>>>>>>>>>>>
04:20:15   binary cross entropy: 0.694775
04:21:16   >>>>>>>>>>>>>>>>>>>>>>>>>>>>>>
04:21:16   binary cross entropy: 0.693884
04:22:25   >>>>>>>>>>>>>>>>>>>>>>>>>>>>>>
04:22:25   binary cross entropy: 0.692731
04:23:36   >>>>>>>>>>>>>>>>>>>>>>>>>>>>>>
04:23:36   binary cross entropy: 0.68553
04:24:40   >>>>>>>>>>>>>>>>>>>>>>>>>>>>>>
04:24:40   binary cross entropy: 0.691472
04:25:46   >>>>>>>>>>>>>>>>>>>>>>>>>>>>>>
04:25:46   binary cross entropy: 0.700289
04:26:51   >>>>>>>>>>>>>>>>>>>>>>>>>>>>>>
04:26:51   binary cross entropy: 0.691262
04:28:00   >>>>>>>>>>>>>>>>>>>>>>>>>>>>>>
04:28:00   binary cross entropy: 0.692677
04:29:11   >>>>>>>>>>>>>>>>>>>>>>>>>>>>>>
04:29:11   binary cross entropy: 0.693472
04:30:16   >>>>>>>>>>>>>>>>>>>>>>>>>>>>>>
04:30:16   binary cross entropy: 0.690608
04:31:20   >>>>>>>>>>>>>>>>>>>>>>>>>>>>>>
04:31:20   binary cross entropy: 0.695109
04:32:24   >>>>>>>>>>>>>>>>>>>>>>>>>>>>>>
04:32:24   binary cross entropy: 0.693841
04:33:29   >>>>>>>>>>>>>>>>>>>>>>>>>>>>>>
04:33:29   binary cross entropy: 0.677857
04:34:34   >>>>>>>>>>>>>>>>>>>>>>>>>>>>>>
04:34:34   binary cross entropy: 0.693702
04:35:41   >>>>>>>>>>>>>>>>>>>>>>>>>>>>>>
04:35:41   binary cross entropy: 0.69179
04:36:52   >>>>>>>>>>>>>>>>>>>>>>>>>>>>>>
04:36:52   binary cross entropy: 0.693378
04:37:54   >>>>>>>>>>>>>>>>>>>>>>>>>>>>>>
04:37:54   binary cross entropy: 0.693456
04:38:58   >>>>>>>>>>>>>>>>>>>>>>>>>>>>>>
04:38:58   binary cross entropy: 0.694204
04:40:09   >>>>>>>>>>>>>>>>>>>>>>>>>>>>>>
04:40:09   binary cross entropy: 0.692993
04:41:19   >>>>>>>>>>>>>>>>>>>>>>>>>>>>>>
04:41:19   binary cross entropy: 0.692518
04:42:28   >>>>>>>>>>>>>>>>>>>>>>>>>>>>>>
04:42:28   binary cross entropy: 0.691648
04:43:32   >>>>>>>>>>>>>>>>>>>>>>>>>>>>>>
04:43:32   binary cross entropy: 0.694842
04:44:44   >>>>>>>>>>>>>>>>>>>>>>>>>>>>>>
04:44:44   binary cross entropy: 0.692302
04:45:46   >>>>>>>>>>>>>>>>>>>>>>>>>>>>>>
04:45:46   binary cross entropy: 0.69321
04:46:45   >>>>>>>>>>>>>>>>>>>>>>>>>>>>>>
04:46:45   binary cross entropy: 0.693066
04:47:54   >>>>>>>>>>>>>>>>>>>>>>>>>>>>>>
04:47:54   binary cross entropy: 0.695588
04:49:00   >>>>>>>>>>>>>>>>>>>>>>>>>>>>>>
04:49:00   binary cross entropy: 0.693326
04:50:05   >>>>>>>>>>>>>>>>>>>>>>>>>>>>>>
04:50:05   binary cross entropy: 0.696114
04:51:09   >>>>>>>>>>>>>>>>>>>>>>>>>>>>>>
04:51:09   binary cross entropy: 0.693096
04:52:19   >>>>>>>>>>>>>>>>>>>>>>>>>>>>>>
04:52:19   binary cross entropy: 0.693998
04:53:27   >>>>>>>>>>>>>>>>>>>>>>>>>>>>>>
04:53:27   binary cross entropy: 0.692088
04:54:28   >>>>>>>>>>>>>>>>>>>>>>>>>>>>>>
04:54:28   binary cross entropy: 0.693293
04:55:35   >>>>>>>>>>>>>>>>>>>>>>>>>>>>>>
04:55:35   binary cross entropy: 0.693433
04:56:35   >>>>>>>>>>>>>>>>>>>>>>>>>>>>>>
04:56:35   binary cross entropy: 0.692869
04:57:40   >>>>>>>>>>>>>>>>>>>>>>>>>>>>>>
04:57:40   binary cross entropy: 0.693579
04:58:44   >>>>>>>>>>>>>>>>>>>>>>>>>>>>>>
04:58:44   binary cross entropy: 0.693837
04:59:57   >>>>>>>>>>>>>>>>>>>>>>>>>>>>>>
04:59:57   binary cross entropy: 0.695465
05:01:04   >>>>>>>>>>>>>>>>>>>>>>>>>>>>>>
05:01:04   binary cross entropy: 0.693235
05:02:08   >>>>>>>>>>>>>>>>>>>>>>>>>>>>>>
05:02:08   binary cross entropy: 0.694402
05:03:21   >>>>>>>>>>>>>>>>>>>>>>>>>>>>>>
05:03:21   binary cross entropy: 0.694089
05:04:30   >>>>>>>>>>>>>>>>>>>>>>>>>>>>>>
05:04:30   binary cross entropy: 0.690683
05:05:32   >>>>>>>>>>>>>>>>>>>>>>>>>>>>>>
05:05:32   binary cross entropy: 0.686598
05:06:38   >>>>>>>>>>>>>>>>>>>>>>>>>>>>>>
05:06:38   binary cross entropy: 0.705474
05:07:43   >>>>>>>>>>>>>>>>>>>>>>>>>>>>>>
05:07:43   binary cross entropy: 0.696973
05:08:52   >>>>>>>>>>>>>>>>>>>>>>>>>>>>>>
05:08:52   binary cross entropy: 0.694583
05:10:01   >>>>>>>>>>>>>>>>>>>>>>>>>>>>>>
05:10:01   binary cross entropy: 0.68506
05:11:05   >>>>>>>>>>>>>>>>>>>>>>>>>>>>>>
05:11:05   binary cross entropy: 0.688796
05:12:12   >>>>>>>>>>>>>>>>>>>>>>>>>>>>>>
05:12:12   binary cross entropy: 0.693817
05:13:17   >>>>>>>>>>>>>>>>>>>>>>>>>>>>>>
05:13:17   binary cross entropy: 0.695826
05:14:26   >>>>>>>>>>>>>>>>>>>>>>>>>>>>>>
05:14:26   binary cross entropy: 0.691035
05:15:34   >>>>>>>>>>>>>>>>>>>>>>>>>>>>>>
05:15:34   binary cross entropy: 0.6881
05:16:43   >>>>>>>>>>>>>>>>>>>>>>>>>>>>>>
05:16:43   binary cross entropy: 0.695855
05:17:47   >>>>>>>>>>>>>>>>>>>>>>>>>>>>>>
05:17:47   binary cross entropy: 0.695495
05:18:52   >>>>>>>>>>>>>>>>>>>>>>>>>>>>>>
05:18:52   binary cross entropy: 0.68704
05:19:54   >>>>>>>>>>>>>>>>>>>>>>>>>>>>>>
05:19:54   binary cross entropy: 0.692409
05:20:59   >>>>>>>>>>>>>>>>>>>>>>>>>>>>>>
05:20:59   binary cross entropy: 0.702616
05:22:06   >>>>>>>>>>>>>>>>>>>>>>>>>>>>>>
05:22:06   binary cross entropy: 0.693834
05:23:12   >>>>>>>>>>>>>>>>>>>>>>>>>>>>>>
05:23:12   binary cross entropy: 0.690604
05:24:20   >>>>>>>>>>>>>>>>>>>>>>>>>>>>>>
05:24:20   binary cross entropy: 0.704063
05:25:28   >>>>>>>>>>>>>>>>>>>>>>>>>>>>>>
05:25:28   binary cross entropy: 0.691148
05:26:36   >>>>>>>>>>>>>>>>>>>>>>>>>>>>>>
05:26:36   binary cross entropy: 0.695462
05:27:43   >>>>>>>>>>>>>>>>>>>>>>>>>>>>>>
05:27:43   binary cross entropy: 0.697113
05:28:48   >>>>>>>>>>>>>>>>>>>>>>>>>>>>>>
05:28:48   binary cross entropy: 0.701245
05:29:51   >>>>>>>>>>>>>>>>>>>>>>>>>>>>>>
05:29:51   binary cross entropy: 0.695336
05:30:55   >>>>>>>>>>>>>>>>>>>>>>>>>>>>>>
05:30:55   binary cross entropy: 0.692764
05:32:05   >>>>>>>>>>>>>>>>>>>>>>>>>>>>>>
05:32:05   binary cross entropy: 0.698055
05:33:14   >>>>>>>>>>>>>>>>>>>>>>>>>>>>>>
05:33:14   binary cross entropy: 0.692454
05:34:20   >>>>>>>>>>>>>>>>>>>>>>>>>>>>>>
05:34:20   binary cross entropy: 0.687492
05:35:25   >>>>>>>>>>>>>>>>>>>>>>>>>>>>>>
05:35:25   binary cross entropy: 0.693097
05:36:32   >>>>>>>>>>>>>>>>>>>>>>>>>>>>>>
05:36:32   binary cross entropy: 0.702062
05:37:33   >>>>>>>>>>>>>>>>>>>>>>>>>>>>>>
05:37:33   binary cross entropy: 0.695404
05:38:38   >>>>>>>>>>>>>>>>>>>>>>>>>>>>>>
05:38:38   binary cross entropy: 0.690489
05:39:48   >>>>>>>>>>>>>>>>>>>>>>>>>>>>>>
05:39:48   binary cross entropy: 0.693123
05:40:52   >>>>>>>>>>>>>>>>>>>>>>>>>>>>>>
05:40:52   binary cross entropy: 0.69298
05:42:04   >>>>>>>>>>>>>>>>>>>>>>>>>>>>>>
05:42:04   binary cross entropy: 0.693194
05:43:08   >>>>>>>>>>>>>>>>>>>>>>>>>>>>>>
05:43:08   binary cross entropy: 0.692109
05:44:14   >>>>>>>>>>>>>>>>>>>>>>>>>>>>>>
05:44:14   binary cross entropy: 0.692802
05:45:21   >>>>>>>>>>>>>>>>>>>>>>>>>>>>>>
05:45:21   binary cross entropy: 0.694294
05:46:27   >>>>>>>>>>>>>>>>>>>>>>>>>>>>>>
05:46:27   binary cross entropy: 0.69327
05:47:34   >>>>>>>>>>>>>>>>>>>>>>>>>>>>>>
05:47:34   binary cross entropy: 0.693506
05:48:36   >>>>>>>>>>>>>>>>>>>>>>>>>>>>>>
05:48:36   binary cross entropy: 0.693302
05:49:39   >>>>>>>>>>>>>>>>>>>>>>>>>>>>>>
05:49:39   binary cross entropy: 0.69284
05:50:47   >>>>>>>>>>>>>>>>>>>>>>>>>>>>>>
05:50:47   binary cross entropy: 0.693763
05:51:48   >>>>>>>>>>>>>>>>>>>>>>>>>>>>>>
05:51:48   binary cross entropy: 0.693127
05:52:54   >>>>>>>>>>>>>>>>>>>>>>>>>>>>>>
05:52:54   binary cross entropy: 0.693155
05:54:00   >>>>>>>>>>>>>>>>>>>>>>>>>>>>>>
05:54:00   binary cross entropy: 0.693891
05:55:01   >>>>>>>>>>>>>>>>>>>>>>>>>>>>>>
05:55:01   binary cross entropy: 0.693147
05:56:02   >>>>>>>>>>>>>>>>>>>>>>>>>>>>>>
05:56:02   binary cross entropy: 0.693007
05:57:07   >>>>>>>>>>>>>>>>>>>>>>>>>>>>>>
05:57:07   binary cross entropy: 0.693331
05:58:03   >>>>>>>>>>>>>>>>>>>>>>>>>>>>>>
05:58:03   Epoch 1 end
05:58:03   duration: 3.92 hours
05:58:03   speed: 1.47 batch / sec
05:58:03   ETA: 0.00 secs
05:58:03   max GPU memory: 34727.1 MiB
05:58:03   ------------------------------
05:58:03   average binary cross entropy: 0.69335
05:58:03   Save checkpoint to /om2/user/oqueen/DeepSurface//models/DeepSurface/ProtBERT/run_1/epoch_14.pth
05:58:05   >>>>>>>>>>>>>>>>>>>>>>>>>>>>>>
05:58:05   Evaluate on valid
06:04:32   ------------------------------
06:04:32   auprc [deep_surface]: 0.496852
06:04:32   auroc [deep_surface]: 0.494675
06:04:32   >>>>>>>>>>>>>>>>>>>>>>>>>>>>>>
06:04:32   Epoch 2 begin
06:04:45   >>>>>>>>>>>>>>>>>>>>>>>>>>>>>>
06:04:45   binary cross entropy: 0.693278
06:05:56   >>>>>>>>>>>>>>>>>>>>>>>>>>>>>>
06:05:56   binary cross entropy: 0.693133
06:07:05   >>>>>>>>>>>>>>>>>>>>>>>>>>>>>>
06:07:05   binary cross entropy: 0.693585
06:08:13   >>>>>>>>>>>>>>>>>>>>>>>>>>>>>>
06:08:13   binary cross entropy: 0.692918
06:09:22   >>>>>>>>>>>>>>>>>>>>>>>>>>>>>>
06:09:22   binary cross entropy: 0.693201
06:10:26   >>>>>>>>>>>>>>>>>>>>>>>>>>>>>>
06:10:26   binary cross entropy: 0.69332
06:11:33   >>>>>>>>>>>>>>>>>>>>>>>>>>>>>>
06:11:33   binary cross entropy: 0.693141
06:12:38   >>>>>>>>>>>>>>>>>>>>>>>>>>>>>>
06:12:38   binary cross entropy: 0.693207
06:13:42   >>>>>>>>>>>>>>>>>>>>>>>>>>>>>>
06:13:42   binary cross entropy: 0.693338
06:14:48   >>>>>>>>>>>>>>>>>>>>>>>>>>>>>>
06:14:48   binary cross entropy: 0.69346
06:15:52   >>>>>>>>>>>>>>>>>>>>>>>>>>>>>>
06:15:52   binary cross entropy: 0.692738
06:16:54   >>>>>>>>>>>>>>>>>>>>>>>>>>>>>>
06:16:54   binary cross entropy: 0.693044
06:18:04   >>>>>>>>>>>>>>>>>>>>>>>>>>>>>>
06:18:04   binary cross entropy: 0.693149
06:19:08   >>>>>>>>>>>>>>>>>>>>>>>>>>>>>>
06:19:08   binary cross entropy: 0.692953
06:20:12   >>>>>>>>>>>>>>>>>>>>>>>>>>>>>>
06:20:12   binary cross entropy: 0.693258
06:21:21   >>>>>>>>>>>>>>>>>>>>>>>>>>>>>>
06:21:21   binary cross entropy: 0.692964
06:22:29   >>>>>>>>>>>>>>>>>>>>>>>>>>>>>>
06:22:29   binary cross entropy: 0.693152
06:23:35   >>>>>>>>>>>>>>>>>>>>>>>>>>>>>>
06:23:35   binary cross entropy: 0.693444
06:24:38   >>>>>>>>>>>>>>>>>>>>>>>>>>>>>>
06:24:38   binary cross entropy: 0.693356
06:25:41   >>>>>>>>>>>>>>>>>>>>>>>>>>>>>>
06:25:41   binary cross entropy: 0.693348
06:26:45   >>>>>>>>>>>>>>>>>>>>>>>>>>>>>>
06:26:45   binary cross entropy: 0.693203
06:27:49   >>>>>>>>>>>>>>>>>>>>>>>>>>>>>>
06:27:49   binary cross entropy: 0.69315
06:28:59   >>>>>>>>>>>>>>>>>>>>>>>>>>>>>>
06:28:59   binary cross entropy: 0.693059
06:30:01   >>>>>>>>>>>>>>>>>>>>>>>>>>>>>>
06:30:01   binary cross entropy: 0.693396
06:31:04   >>>>>>>>>>>>>>>>>>>>>>>>>>>>>>
06:31:04   binary cross entropy: 0.693264
06:32:13   >>>>>>>>>>>>>>>>>>>>>>>>>>>>>>
06:32:13   binary cross entropy: 0.692616
06:33:23   >>>>>>>>>>>>>>>>>>>>>>>>>>>>>>
06:33:23   binary cross entropy: 0.692971
06:34:24   >>>>>>>>>>>>>>>>>>>>>>>>>>>>>>
06:34:24   binary cross entropy: 0.692912
06:35:31   >>>>>>>>>>>>>>>>>>>>>>>>>>>>>>
06:35:31   binary cross entropy: 0.692189
06:36:35   >>>>>>>>>>>>>>>>>>>>>>>>>>>>>>
06:36:35   binary cross entropy: 0.693148
06:37:42   >>>>>>>>>>>>>>>>>>>>>>>>>>>>>>
06:37:42   binary cross entropy: 0.69315
06:38:50   >>>>>>>>>>>>>>>>>>>>>>>>>>>>>>
06:38:50   binary cross entropy: 0.69295
06:39:55   >>>>>>>>>>>>>>>>>>>>>>>>>>>>>>
06:39:55   binary cross entropy: 0.69297
06:41:02   >>>>>>>>>>>>>>>>>>>>>>>>>>>>>>
06:41:02   binary cross entropy: 0.693896
06:42:06   >>>>>>>>>>>>>>>>>>>>>>>>>>>>>>
06:42:06   binary cross entropy: 0.693304
06:43:07   >>>>>>>>>>>>>>>>>>>>>>>>>>>>>>
06:43:07   binary cross entropy: 0.693148
06:44:19   >>>>>>>>>>>>>>>>>>>>>>>>>>>>>>
06:44:19   binary cross entropy: 0.693684
06:45:23   >>>>>>>>>>>>>>>>>>>>>>>>>>>>>>
06:45:23   binary cross entropy: 0.693392
06:46:29   >>>>>>>>>>>>>>>>>>>>>>>>>>>>>>
06:46:29   binary cross entropy: 0.693773
06:47:35   >>>>>>>>>>>>>>>>>>>>>>>>>>>>>>
06:47:35   binary cross entropy: 0.692974
06:48:44   >>>>>>>>>>>>>>>>>>>>>>>>>>>>>>
06:48:44   binary cross entropy: 0.692935
06:49:50   >>>>>>>>>>>>>>>>>>>>>>>>>>>>>>
06:49:50   binary cross entropy: 0.693267
06:50:59   >>>>>>>>>>>>>>>>>>>>>>>>>>>>>>
06:50:59   binary cross entropy: 0.693148
06:52:11   >>>>>>>>>>>>>>>>>>>>>>>>>>>>>>
06:52:11   binary cross entropy: 0.693276
06:53:14   >>>>>>>>>>>>>>>>>>>>>>>>>>>>>>
06:53:14   binary cross entropy: 0.693037
06:54:21   >>>>>>>>>>>>>>>>>>>>>>>>>>>>>>
06:54:21   binary cross entropy: 0.692731
06:55:25   >>>>>>>>>>>>>>>>>>>>>>>>>>>>>>
06:55:25   binary cross entropy: 0.69304
06:56:36   >>>>>>>>>>>>>>>>>>>>>>>>>>>>>>
06:56:36   binary cross entropy: 0.693192
06:57:44   >>>>>>>>>>>>>>>>>>>>>>>>>>>>>>
06:57:44   binary cross entropy: 0.693289
06:58:53   >>>>>>>>>>>>>>>>>>>>>>>>>>>>>>
06:58:53   binary cross entropy: 0.693141
06:59:57   >>>>>>>>>>>>>>>>>>>>>>>>>>>>>>
06:59:57   binary cross entropy: 0.693107
07:00:58   >>>>>>>>>>>>>>>>>>>>>>>>>>>>>>
07:00:58   binary cross entropy: 0.69319
07:01:59   >>>>>>>>>>>>>>>>>>>>>>>>>>>>>>
07:01:59   binary cross entropy: 0.693112
07:03:07   >>>>>>>>>>>>>>>>>>>>>>>>>>>>>>
07:03:07   binary cross entropy: 0.693147
07:04:09   >>>>>>>>>>>>>>>>>>>>>>>>>>>>>>
07:04:09   binary cross entropy: 0.693075
07:05:11   >>>>>>>>>>>>>>>>>>>>>>>>>>>>>>
07:05:11   binary cross entropy: 0.693205
07:06:22   >>>>>>>>>>>>>>>>>>>>>>>>>>>>>>
07:06:22   binary cross entropy: 0.693098
07:07:29   >>>>>>>>>>>>>>>>>>>>>>>>>>>>>>
07:07:29   binary cross entropy: 0.693183
07:08:42   >>>>>>>>>>>>>>>>>>>>>>>>>>>>>>
07:08:42   binary cross entropy: 0.693126
07:09:45   >>>>>>>>>>>>>>>>>>>>>>>>>>>>>>
07:09:45   binary cross entropy: 0.693056
07:10:48   >>>>>>>>>>>>>>>>>>>>>>>>>>>>>>
07:10:48   binary cross entropy: 0.693216
07:11:52   >>>>>>>>>>>>>>>>>>>>>>>>>>>>>>
07:11:52   binary cross entropy: 0.691348
07:12:54   >>>>>>>>>>>>>>>>>>>>>>>>>>>>>>
07:12:54   binary cross entropy: 0.691596
07:14:01   >>>>>>>>>>>>>>>>>>>>>>>>>>>>>>
07:14:01   binary cross entropy: 0.695528
07:15:07   >>>>>>>>>>>>>>>>>>>>>>>>>>>>>>
07:15:07   binary cross entropy: 0.691497
07:16:07   >>>>>>>>>>>>>>>>>>>>>>>>>>>>>>
07:16:07   binary cross entropy: 0.692857
07:17:10   >>>>>>>>>>>>>>>>>>>>>>>>>>>>>>
07:17:10   binary cross entropy: 0.693148
07:18:17   >>>>>>>>>>>>>>>>>>>>>>>>>>>>>>
07:18:17   binary cross entropy: 0.693333
07:19:16   >>>>>>>>>>>>>>>>>>>>>>>>>>>>>>
07:19:16   binary cross entropy: 0.693099
07:20:22   >>>>>>>>>>>>>>>>>>>>>>>>>>>>>>
07:20:22   binary cross entropy: 0.693127
07:21:26   >>>>>>>>>>>>>>>>>>>>>>>>>>>>>>
07:21:26   binary cross entropy: 0.693127
07:22:28   >>>>>>>>>>>>>>>>>>>>>>>>>>>>>>
07:22:28   binary cross entropy: 0.693143
07:23:41   >>>>>>>>>>>>>>>>>>>>>>>>>>>>>>
07:23:41   binary cross entropy: 0.693182
07:24:49   >>>>>>>>>>>>>>>>>>>>>>>>>>>>>>
07:24:49   binary cross entropy: 0.693087
07:25:56   >>>>>>>>>>>>>>>>>>>>>>>>>>>>>>
07:25:56   binary cross entropy: 0.693147
07:27:05   >>>>>>>>>>>>>>>>>>>>>>>>>>>>>>
07:27:05   binary cross entropy: 0.693345
07:28:22   >>>>>>>>>>>>>>>>>>>>>>>>>>>>>>
07:28:22   binary cross entropy: 0.693046
07:29:30   >>>>>>>>>>>>>>>>>>>>>>>>>>>>>>
07:29:30   binary cross entropy: 0.693193
07:30:37   >>>>>>>>>>>>>>>>>>>>>>>>>>>>>>
07:30:37   binary cross entropy: 0.693289
07:31:53   >>>>>>>>>>>>>>>>>>>>>>>>>>>>>>
07:31:53   binary cross entropy: 0.693245
07:33:02   >>>>>>>>>>>>>>>>>>>>>>>>>>>>>>
07:33:02   binary cross entropy: 0.692904
07:34:17   >>>>>>>>>>>>>>>>>>>>>>>>>>>>>>
07:34:17   binary cross entropy: 0.693362
07:35:17   >>>>>>>>>>>>>>>>>>>>>>>>>>>>>>
07:35:17   binary cross entropy: 0.692783
07:36:23   >>>>>>>>>>>>>>>>>>>>>>>>>>>>>>
07:36:23   binary cross entropy: 0.693229
07:37:38   >>>>>>>>>>>>>>>>>>>>>>>>>>>>>>
07:37:38   binary cross entropy: 0.692798
07:38:43   >>>>>>>>>>>>>>>>>>>>>>>>>>>>>>
07:38:43   binary cross entropy: 0.693098
07:39:58   >>>>>>>>>>>>>>>>>>>>>>>>>>>>>>
07:39:58   binary cross entropy: 0.693131
07:41:04   >>>>>>>>>>>>>>>>>>>>>>>>>>>>>>
07:41:04   binary cross entropy: 0.693307
07:42:20   >>>>>>>>>>>>>>>>>>>>>>>>>>>>>>
07:42:20   binary cross entropy: 0.693147
07:43:28   >>>>>>>>>>>>>>>>>>>>>>>>>>>>>>
07:43:28   binary cross entropy: 0.693135
07:44:37   >>>>>>>>>>>>>>>>>>>>>>>>>>>>>>
07:44:37   binary cross entropy: 0.693147
07:45:51   >>>>>>>>>>>>>>>>>>>>>>>>>>>>>>
07:45:51   binary cross entropy: 0.693097
07:47:01   >>>>>>>>>>>>>>>>>>>>>>>>>>>>>>
07:47:01   binary cross entropy: 0.69308
07:48:10   >>>>>>>>>>>>>>>>>>>>>>>>>>>>>>
07:48:10   binary cross entropy: 0.693119
07:49:20   >>>>>>>>>>>>>>>>>>>>>>>>>>>>>>
07:49:20   binary cross entropy: 0.693155
07:50:29   >>>>>>>>>>>>>>>>>>>>>>>>>>>>>>
07:50:29   binary cross entropy: 0.693103
07:51:42   >>>>>>>>>>>>>>>>>>>>>>>>>>>>>>
07:51:42   binary cross entropy: 0.693128
07:52:59   >>>>>>>>>>>>>>>>>>>>>>>>>>>>>>
07:52:59   binary cross entropy: 0.693227
07:54:07   >>>>>>>>>>>>>>>>>>>>>>>>>>>>>>
07:54:07   binary cross entropy: 0.693147
07:55:23   >>>>>>>>>>>>>>>>>>>>>>>>>>>>>>
07:55:23   binary cross entropy: 0.693094
07:56:31   >>>>>>>>>>>>>>>>>>>>>>>>>>>>>>
07:56:31   binary cross entropy: 0.693147
07:57:45   >>>>>>>>>>>>>>>>>>>>>>>>>>>>>>
07:57:45   binary cross entropy: 0.69304
07:58:55   >>>>>>>>>>>>>>>>>>>>>>>>>>>>>>
07:58:55   binary cross entropy: 0.692895
07:59:59   >>>>>>>>>>>>>>>>>>>>>>>>>>>>>>
07:59:59   binary cross entropy: 0.693191
08:01:08   >>>>>>>>>>>>>>>>>>>>>>>>>>>>>>
08:01:08   binary cross entropy: 0.69314
08:02:18   >>>>>>>>>>>>>>>>>>>>>>>>>>>>>>
08:02:18   binary cross entropy: 0.69314
08:03:24   >>>>>>>>>>>>>>>>>>>>>>>>>>>>>>
08:03:24   binary cross entropy: 0.693048
08:04:38   >>>>>>>>>>>>>>>>>>>>>>>>>>>>>>
08:04:38   binary cross entropy: 0.693147
08:05:52   >>>>>>>>>>>>>>>>>>>>>>>>>>>>>>
08:05:52   binary cross entropy: 0.693147
08:07:02   >>>>>>>>>>>>>>>>>>>>>>>>>>>>>>
08:07:02   binary cross entropy: 0.693271
08:08:17   >>>>>>>>>>>>>>>>>>>>>>>>>>>>>>
08:08:17   binary cross entropy: 0.693288
08:09:28   >>>>>>>>>>>>>>>>>>>>>>>>>>>>>>
08:09:28   binary cross entropy: 0.692989
08:10:38   >>>>>>>>>>>>>>>>>>>>>>>>>>>>>>
08:10:38   binary cross entropy: 0.693064
08:11:55   >>>>>>>>>>>>>>>>>>>>>>>>>>>>>>
08:11:55   binary cross entropy: 0.693194
08:13:01   >>>>>>>>>>>>>>>>>>>>>>>>>>>>>>
08:13:01   binary cross entropy: 0.693147
08:14:12   >>>>>>>>>>>>>>>>>>>>>>>>>>>>>>
08:14:12   binary cross entropy: 0.693313
08:15:20   >>>>>>>>>>>>>>>>>>>>>>>>>>>>>>
08:15:20   binary cross entropy: 0.693249
08:16:27   >>>>>>>>>>>>>>>>>>>>>>>>>>>>>>
08:16:27   binary cross entropy: 0.693148
08:17:37   >>>>>>>>>>>>>>>>>>>>>>>>>>>>>>
08:17:37   binary cross entropy: 0.692759
08:18:51   >>>>>>>>>>>>>>>>>>>>>>>>>>>>>>
08:18:51   binary cross entropy: 0.692796
08:20:02   >>>>>>>>>>>>>>>>>>>>>>>>>>>>>>
08:20:02   binary cross entropy: 0.693148
08:21:19   >>>>>>>>>>>>>>>>>>>>>>>>>>>>>>
08:21:19   binary cross entropy: 0.693148
08:22:28   >>>>>>>>>>>>>>>>>>>>>>>>>>>>>>
08:22:28   binary cross entropy: 0.693009
08:23:31   >>>>>>>>>>>>>>>>>>>>>>>>>>>>>>
08:23:31   binary cross entropy: 0.693109
08:24:35   >>>>>>>>>>>>>>>>>>>>>>>>>>>>>>
08:24:35   binary cross entropy: 0.693147
08:25:48   >>>>>>>>>>>>>>>>>>>>>>>>>>>>>>
08:25:48   binary cross entropy: 0.693147
08:26:56   >>>>>>>>>>>>>>>>>>>>>>>>>>>>>>
08:26:56   binary cross entropy: 0.693222
08:28:04   >>>>>>>>>>>>>>>>>>>>>>>>>>>>>>
08:28:04   binary cross entropy: 0.692878
08:29:04   >>>>>>>>>>>>>>>>>>>>>>>>>>>>>>
08:29:04   binary cross entropy: 0.693147
08:30:06   >>>>>>>>>>>>>>>>>>>>>>>>>>>>>>
08:30:06   binary cross entropy: 0.693232
08:31:06   >>>>>>>>>>>>>>>>>>>>>>>>>>>>>>
08:31:06   binary cross entropy: 0.693385
08:32:12   >>>>>>>>>>>>>>>>>>>>>>>>>>>>>>
08:32:12   binary cross entropy: 0.693267
08:33:19   >>>>>>>>>>>>>>>>>>>>>>>>>>>>>>
08:33:19   binary cross entropy: 0.693148
08:34:23   >>>>>>>>>>>>>>>>>>>>>>>>>>>>>>
08:34:23   binary cross entropy: 0.69282
08:35:29   >>>>>>>>>>>>>>>>>>>>>>>>>>>>>>
08:35:29   binary cross entropy: 0.693264
08:36:40   >>>>>>>>>>>>>>>>>>>>>>>>>>>>>>
08:36:40   binary cross entropy: 0.693234
08:37:45   >>>>>>>>>>>>>>>>>>>>>>>>>>>>>>
08:37:45   binary cross entropy: 0.6929
08:38:51   >>>>>>>>>>>>>>>>>>>>>>>>>>>>>>
08:38:51   binary cross entropy: 0.693298
08:39:53   >>>>>>>>>>>>>>>>>>>>>>>>>>>>>>
08:39:53   binary cross entropy: 0.693293
08:41:03   >>>>>>>>>>>>>>>>>>>>>>>>>>>>>>
08:41:03   binary cross entropy: 0.693318
08:42:05   >>>>>>>>>>>>>>>>>>>>>>>>>>>>>>
08:42:05   binary cross entropy: 0.693791
08:43:09   >>>>>>>>>>>>>>>>>>>>>>>>>>>>>>
08:43:09   binary cross entropy: 0.692706
08:44:17   >>>>>>>>>>>>>>>>>>>>>>>>>>>>>>
08:44:17   binary cross entropy: 0.693332
08:45:24   >>>>>>>>>>>>>>>>>>>>>>>>>>>>>>
08:45:24   binary cross entropy: 0.692718
08:46:26   >>>>>>>>>>>>>>>>>>>>>>>>>>>>>>
08:46:26   binary cross entropy: 0.693602
08:47:35   >>>>>>>>>>>>>>>>>>>>>>>>>>>>>>
08:47:35   binary cross entropy: 0.693464
08:48:39   >>>>>>>>>>>>>>>>>>>>>>>>>>>>>>
08:48:39   binary cross entropy: 0.693713
08:49:48   >>>>>>>>>>>>>>>>>>>>>>>>>>>>>>
08:49:48   binary cross entropy: 0.694162
08:50:54   >>>>>>>>>>>>>>>>>>>>>>>>>>>>>>
08:50:54   binary cross entropy: 0.692832
08:52:04   >>>>>>>>>>>>>>>>>>>>>>>>>>>>>>
08:52:04   binary cross entropy: 0.693151
08:53:09   >>>>>>>>>>>>>>>>>>>>>>>>>>>>>>
08:53:09   binary cross entropy: 0.692916
08:54:17   >>>>>>>>>>>>>>>>>>>>>>>>>>>>>>
08:54:17   binary cross entropy: 0.692934
08:55:25   >>>>>>>>>>>>>>>>>>>>>>>>>>>>>>
08:55:25   binary cross entropy: 0.693149
08:56:35   >>>>>>>>>>>>>>>>>>>>>>>>>>>>>>
08:56:35   binary cross entropy: 0.693387
08:57:43   >>>>>>>>>>>>>>>>>>>>>>>>>>>>>>
08:57:43   binary cross entropy: 0.693907
08:58:46   >>>>>>>>>>>>>>>>>>>>>>>>>>>>>>
08:58:46   binary cross entropy: 0.692548
08:59:49   >>>>>>>>>>>>>>>>>>>>>>>>>>>>>>
08:59:49   binary cross entropy: 0.692909
09:00:50   >>>>>>>>>>>>>>>>>>>>>>>>>>>>>>
09:00:50   binary cross entropy: 0.693783
09:01:52   >>>>>>>>>>>>>>>>>>>>>>>>>>>>>>
09:01:52   binary cross entropy: 0.692289
09:02:58   >>>>>>>>>>>>>>>>>>>>>>>>>>>>>>
09:02:58   binary cross entropy: 0.693148
09:04:03   >>>>>>>>>>>>>>>>>>>>>>>>>>>>>>
09:04:03   binary cross entropy: 0.693343
09:05:11   >>>>>>>>>>>>>>>>>>>>>>>>>>>>>>
09:05:11   binary cross entropy: 0.692737
09:06:14   >>>>>>>>>>>>>>>>>>>>>>>>>>>>>>
09:06:14   binary cross entropy: 0.693546
09:07:24   >>>>>>>>>>>>>>>>>>>>>>>>>>>>>>
09:07:24   binary cross entropy: 0.692285
09:08:30   >>>>>>>>>>>>>>>>>>>>>>>>>>>>>>
09:08:30   binary cross entropy: 0.693483
09:09:34   >>>>>>>>>>>>>>>>>>>>>>>>>>>>>>
09:09:34   binary cross entropy: 0.693305
09:10:44   >>>>>>>>>>>>>>>>>>>>>>>>>>>>>>
09:10:44   binary cross entropy: 0.693012
09:11:54   >>>>>>>>>>>>>>>>>>>>>>>>>>>>>>
09:11:54   binary cross entropy: 0.693254
09:13:04   >>>>>>>>>>>>>>>>>>>>>>>>>>>>>>
09:13:04   binary cross entropy: 0.693053
09:14:04   >>>>>>>>>>>>>>>>>>>>>>>>>>>>>>
09:14:04   binary cross entropy: 0.693063
09:15:12   >>>>>>>>>>>>>>>>>>>>>>>>>>>>>>
09:15:12   binary cross entropy: 0.692974
09:16:21   >>>>>>>>>>>>>>>>>>>>>>>>>>>>>>
09:16:21   binary cross entropy: 0.69324
09:17:25   >>>>>>>>>>>>>>>>>>>>>>>>>>>>>>
09:17:25   binary cross entropy: 0.693317
09:18:28   >>>>>>>>>>>>>>>>>>>>>>>>>>>>>>
09:18:28   binary cross entropy: 0.693148
09:19:34   >>>>>>>>>>>>>>>>>>>>>>>>>>>>>>
09:19:34   binary cross entropy: 0.693269
09:20:40   >>>>>>>>>>>>>>>>>>>>>>>>>>>>>>
09:20:40   binary cross entropy: 0.693054
09:21:43   >>>>>>>>>>>>>>>>>>>>>>>>>>>>>>
09:21:43   binary cross entropy: 0.693047
09:22:48   >>>>>>>>>>>>>>>>>>>>>>>>>>>>>>
09:22:48   binary cross entropy: 0.693125
09:23:56   >>>>>>>>>>>>>>>>>>>>>>>>>>>>>>
09:23:56   binary cross entropy: 0.693123
09:24:56   >>>>>>>>>>>>>>>>>>>>>>>>>>>>>>
09:24:56   binary cross entropy: 0.693147
09:26:04   >>>>>>>>>>>>>>>>>>>>>>>>>>>>>>
09:26:04   binary cross entropy: 0.693083
09:27:12   >>>>>>>>>>>>>>>>>>>>>>>>>>>>>>
09:27:12   binary cross entropy: 0.693079
09:28:20   >>>>>>>>>>>>>>>>>>>>>>>>>>>>>>
09:28:20   binary cross entropy: 0.693183
09:29:25   >>>>>>>>>>>>>>>>>>>>>>>>>>>>>>
09:29:25   binary cross entropy: 0.693191
09:30:31   >>>>>>>>>>>>>>>>>>>>>>>>>>>>>>
09:30:31   binary cross entropy: 0.693026
09:31:39   >>>>>>>>>>>>>>>>>>>>>>>>>>>>>>
09:31:39   binary cross entropy: 0.693063
09:32:43   >>>>>>>>>>>>>>>>>>>>>>>>>>>>>>
09:32:43   binary cross entropy: 0.693171
09:33:51   >>>>>>>>>>>>>>>>>>>>>>>>>>>>>>
09:33:51   binary cross entropy: 0.693187
09:35:01   >>>>>>>>>>>>>>>>>>>>>>>>>>>>>>
09:35:01   binary cross entropy: 0.693087
09:36:12   >>>>>>>>>>>>>>>>>>>>>>>>>>>>>>
09:36:12   binary cross entropy: 0.69325
09:37:19   >>>>>>>>>>>>>>>>>>>>>>>>>>>>>>
09:37:19   binary cross entropy: 0.693118
09:38:21   >>>>>>>>>>>>>>>>>>>>>>>>>>>>>>
09:38:21   binary cross entropy: 0.693176
09:39:29   >>>>>>>>>>>>>>>>>>>>>>>>>>>>>>
09:39:29   binary cross entropy: 0.693133
09:40:32   >>>>>>>>>>>>>>>>>>>>>>>>>>>>>>
09:40:32   binary cross entropy: 0.693166
09:41:36   >>>>>>>>>>>>>>>>>>>>>>>>>>>>>>
09:41:36   binary cross entropy: 0.693162
09:42:41   >>>>>>>>>>>>>>>>>>>>>>>>>>>>>>
09:42:41   binary cross entropy: 0.692948
09:43:47   >>>>>>>>>>>>>>>>>>>>>>>>>>>>>>
09:43:47   binary cross entropy: 0.693153
09:44:54   >>>>>>>>>>>>>>>>>>>>>>>>>>>>>>
09:44:54   binary cross entropy: 0.693129
09:46:02   >>>>>>>>>>>>>>>>>>>>>>>>>>>>>>
09:46:02   binary cross entropy: 0.693048
09:47:09   >>>>>>>>>>>>>>>>>>>>>>>>>>>>>>
09:47:09   binary cross entropy: 0.693217
09:48:16   >>>>>>>>>>>>>>>>>>>>>>>>>>>>>>
09:48:16   binary cross entropy: 0.693147
09:49:22   >>>>>>>>>>>>>>>>>>>>>>>>>>>>>>
09:49:22   binary cross entropy: 0.693069
09:50:25   >>>>>>>>>>>>>>>>>>>>>>>>>>>>>>
09:50:25   binary cross entropy: 0.69313
09:51:31   >>>>>>>>>>>>>>>>>>>>>>>>>>>>>>
09:51:31   binary cross entropy: 0.693163
09:52:43   >>>>>>>>>>>>>>>>>>>>>>>>>>>>>>
09:52:43   binary cross entropy: 0.693148
09:53:46   >>>>>>>>>>>>>>>>>>>>>>>>>>>>>>
09:53:46   binary cross entropy: 0.693172
09:54:51   >>>>>>>>>>>>>>>>>>>>>>>>>>>>>>
09:54:51   binary cross entropy: 0.693171
09:55:58   >>>>>>>>>>>>>>>>>>>>>>>>>>>>>>
09:55:58   binary cross entropy: 0.693077
09:56:12   >>>>>>>>>>>>>>>>>>>>>>>>>>>>>>
09:56:12   Epoch 2 end
09:56:12   duration: 3.97 hours
09:56:12   speed: 1.45 batch / sec
09:56:12   ETA: 0.00 secs
09:56:12   max GPU memory: 34764.6 MiB
09:56:12   ------------------------------
09:56:12   average binary cross entropy: 0.693154
09:56:12   Save checkpoint to /om2/user/oqueen/DeepSurface//models/DeepSurface/ProtBERT/run_1/epoch_24.pth
09:56:14   >>>>>>>>>>>>>>>>>>>>>>>>>>>>>>
09:56:14   Evaluate on valid
10:02:45   ------------------------------
10:02:45   auprc [deep_surface]: 0.4982
10:02:45   auroc [deep_surface]: 0.496982
10:02:45   >>>>>>>>>>>>>>>>>>>>>>>>>>>>>>
10:02:45   Epoch 3 begin
10:03:38   >>>>>>>>>>>>>>>>>>>>>>>>>>>>>>
10:03:38   binary cross entropy: 0.693142
10:04:41   >>>>>>>>>>>>>>>>>>>>>>>>>>>>>>
10:04:41   binary cross entropy: 0.693193
10:05:49   >>>>>>>>>>>>>>>>>>>>>>>>>>>>>>
10:05:49   binary cross entropy: 0.693147
10:06:56   >>>>>>>>>>>>>>>>>>>>>>>>>>>>>>
10:06:56   binary cross entropy: 0.693117
10:08:06   >>>>>>>>>>>>>>>>>>>>>>>>>>>>>>
10:08:06   binary cross entropy: 0.693126
10:09:15   >>>>>>>>>>>>>>>>>>>>>>>>>>>>>>
10:09:15   binary cross entropy: 0.693147
10:10:24   >>>>>>>>>>>>>>>>>>>>>>>>>>>>>>
10:10:24   binary cross entropy: 0.693163
10:11:29   >>>>>>>>>>>>>>>>>>>>>>>>>>>>>>
10:11:29   binary cross entropy: 0.693147
10:12:33   >>>>>>>>>>>>>>>>>>>>>>>>>>>>>>
10:12:33   binary cross entropy: 0.693147
10:13:40   >>>>>>>>>>>>>>>>>>>>>>>>>>>>>>
10:13:40   binary cross entropy: 0.693133
10:14:48   >>>>>>>>>>>>>>>>>>>>>>>>>>>>>>
10:14:48   binary cross entropy: 0.693171
10:15:50   >>>>>>>>>>>>>>>>>>>>>>>>>>>>>>
10:15:50   binary cross entropy: 0.69313
10:17:00   >>>>>>>>>>>>>>>>>>>>>>>>>>>>>>
10:17:00   binary cross entropy: 0.693073
10:18:10   >>>>>>>>>>>>>>>>>>>>>>>>>>>>>>
10:18:10   binary cross entropy: 0.693222
10:19:14   >>>>>>>>>>>>>>>>>>>>>>>>>>>>>>
10:19:14   binary cross entropy: 0.693148
10:20:16   >>>>>>>>>>>>>>>>>>>>>>>>>>>>>>
10:20:16   binary cross entropy: 0.692772
10:21:31   >>>>>>>>>>>>>>>>>>>>>>>>>>>>>>
10:21:31   binary cross entropy: 0.692673
10:22:45   >>>>>>>>>>>>>>>>>>>>>>>>>>>>>>
10:22:45   binary cross entropy: 0.693148
10:23:51   >>>>>>>>>>>>>>>>>>>>>>>>>>>>>>
10:23:51   binary cross entropy: 0.693376
10:25:04   >>>>>>>>>>>>>>>>>>>>>>>>>>>>>>
10:25:04   binary cross entropy: 0.693147
10:26:13   >>>>>>>>>>>>>>>>>>>>>>>>>>>>>>
10:26:13   binary cross entropy: 0.693115
10:27:22   >>>>>>>>>>>>>>>>>>>>>>>>>>>>>>
10:27:22   binary cross entropy: 0.693147
10:28:27   >>>>>>>>>>>>>>>>>>>>>>>>>>>>>>
10:28:27   binary cross entropy: 0.693193
10:29:35   >>>>>>>>>>>>>>>>>>>>>>>>>>>>>>
10:29:35   binary cross entropy: 0.693158
10:30:40   >>>>>>>>>>>>>>>>>>>>>>>>>>>>>>
10:30:40   binary cross entropy: 0.693119
10:31:49   >>>>>>>>>>>>>>>>>>>>>>>>>>>>>>
10:31:49   binary cross entropy: 0.693143
10:32:55   >>>>>>>>>>>>>>>>>>>>>>>>>>>>>>
10:32:55   binary cross entropy: 0.693143
10:34:03   >>>>>>>>>>>>>>>>>>>>>>>>>>>>>>
10:34:03   binary cross entropy: 0.693112
10:35:12   >>>>>>>>>>>>>>>>>>>>>>>>>>>>>>
10:35:12   binary cross entropy: 0.693135
10:36:18   >>>>>>>>>>>>>>>>>>>>>>>>>>>>>>
10:36:18   binary cross entropy: 0.693147
10:37:28   >>>>>>>>>>>>>>>>>>>>>>>>>>>>>>
10:37:28   binary cross entropy: 0.693192
10:38:37   >>>>>>>>>>>>>>>>>>>>>>>>>>>>>>
10:38:37   binary cross entropy: 0.693231
10:39:43   >>>>>>>>>>>>>>>>>>>>>>>>>>>>>>
10:39:43   binary cross entropy: 0.693154
10:40:51   >>>>>>>>>>>>>>>>>>>>>>>>>>>>>>
10:40:51   binary cross entropy: 0.693023
10:41:51   >>>>>>>>>>>>>>>>>>>>>>>>>>>>>>
10:41:51   binary cross entropy: 0.693171
10:43:01   >>>>>>>>>>>>>>>>>>>>>>>>>>>>>>
10:43:01   binary cross entropy: 0.693162
10:44:04   >>>>>>>>>>>>>>>>>>>>>>>>>>>>>>
10:44:04   binary cross entropy: 0.69317
10:45:16   >>>>>>>>>>>>>>>>>>>>>>>>>>>>>>
10:45:16   binary cross entropy: 0.693171
10:46:24   >>>>>>>>>>>>>>>>>>>>>>>>>>>>>>
10:46:24   binary cross entropy: 0.693156
10:47:28   >>>>>>>>>>>>>>>>>>>>>>>>>>>>>>
10:47:28   binary cross entropy: 0.693125
10:48:31   >>>>>>>>>>>>>>>>>>>>>>>>>>>>>>
10:48:31   binary cross entropy: 0.69325
10:49:42   >>>>>>>>>>>>>>>>>>>>>>>>>>>>>>
10:49:42   binary cross entropy: 0.692939
10:50:45   >>>>>>>>>>>>>>>>>>>>>>>>>>>>>>
10:50:45   binary cross entropy: 0.693467
10:51:51   >>>>>>>>>>>>>>>>>>>>>>>>>>>>>>
10:51:51   binary cross entropy: 0.693051
10:52:55   >>>>>>>>>>>>>>>>>>>>>>>>>>>>>>
10:52:55   binary cross entropy: 0.693229
10:54:02   >>>>>>>>>>>>>>>>>>>>>>>>>>>>>>
10:54:02   binary cross entropy: 0.693221
10:55:04   >>>>>>>>>>>>>>>>>>>>>>>>>>>>>>
10:55:04   binary cross entropy: 0.693192
10:56:06   >>>>>>>>>>>>>>>>>>>>>>>>>>>>>>
10:56:06   binary cross entropy: 0.693222
10:57:12   >>>>>>>>>>>>>>>>>>>>>>>>>>>>>>
10:57:12   binary cross entropy: 0.693211
10:58:15   >>>>>>>>>>>>>>>>>>>>>>>>>>>>>>
10:58:15   binary cross entropy: 0.693147
10:59:21   >>>>>>>>>>>>>>>>>>>>>>>>>>>>>>
10:59:21   binary cross entropy: 0.692982
11:00:24   >>>>>>>>>>>>>>>>>>>>>>>>>>>>>>
11:00:24   binary cross entropy: 0.692926
11:01:31   >>>>>>>>>>>>>>>>>>>>>>>>>>>>>>
11:01:31   binary cross entropy: 0.69323
11:02:34   >>>>>>>>>>>>>>>>>>>>>>>>>>>>>>
11:02:34   binary cross entropy: 0.693148
11:03:38   >>>>>>>>>>>>>>>>>>>>>>>>>>>>>>
11:03:38   binary cross entropy: 0.693148
11:04:46   >>>>>>>>>>>>>>>>>>>>>>>>>>>>>>
11:04:46   binary cross entropy: 0.693148
11:05:50   >>>>>>>>>>>>>>>>>>>>>>>>>>>>>>
11:05:50   binary cross entropy: 0.693293
11:06:54   >>>>>>>>>>>>>>>>>>>>>>>>>>>>>>
11:06:54   binary cross entropy: 0.693148
11:07:59   >>>>>>>>>>>>>>>>>>>>>>>>>>>>>>
11:07:59   binary cross entropy: 0.693862
11:09:06   >>>>>>>>>>>>>>>>>>>>>>>>>>>>>>
11:09:06   binary cross entropy: 0.693584
11:10:09   >>>>>>>>>>>>>>>>>>>>>>>>>>>>>>
11:10:09   binary cross entropy: 0.693148
11:11:16   >>>>>>>>>>>>>>>>>>>>>>>>>>>>>>
11:11:16   binary cross entropy: 0.693338
11:12:17   >>>>>>>>>>>>>>>>>>>>>>>>>>>>>>
11:12:17   binary cross entropy: 0.692795
11:13:22   >>>>>>>>>>>>>>>>>>>>>>>>>>>>>>
11:13:22   binary cross entropy: 0.692896
11:14:28   >>>>>>>>>>>>>>>>>>>>>>>>>>>>>>
11:14:28   binary cross entropy: 0.692814
11:15:31   >>>>>>>>>>>>>>>>>>>>>>>>>>>>>>
11:15:31   binary cross entropy: 0.693441
11:16:40   >>>>>>>>>>>>>>>>>>>>>>>>>>>>>>
11:16:40   binary cross entropy: 0.693256
11:17:53   >>>>>>>>>>>>>>>>>>>>>>>>>>>>>>
11:17:53   binary cross entropy: 0.693431
11:19:00   >>>>>>>>>>>>>>>>>>>>>>>>>>>>>>
11:19:00   binary cross entropy: 0.693148
11:20:09   >>>>>>>>>>>>>>>>>>>>>>>>>>>>>>
11:20:09   binary cross entropy: 0.693372
11:21:15   >>>>>>>>>>>>>>>>>>>>>>>>>>>>>>
11:21:15   binary cross entropy: 0.693065
11:22:22   >>>>>>>>>>>>>>>>>>>>>>>>>>>>>>
11:22:22   binary cross entropy: 0.693455
11:23:28   >>>>>>>>>>>>>>>>>>>>>>>>>>>>>>
11:23:28   binary cross entropy: 0.693237
11:24:37   >>>>>>>>>>>>>>>>>>>>>>>>>>>>>>
11:24:37   binary cross entropy: 0.692883
11:25:40   >>>>>>>>>>>>>>>>>>>>>>>>>>>>>>
11:25:40   binary cross entropy: 0.693364
11:26:48   >>>>>>>>>>>>>>>>>>>>>>>>>>>>>>
11:26:48   binary cross entropy: 0.693337
11:27:54   >>>>>>>>>>>>>>>>>>>>>>>>>>>>>>
11:27:54   binary cross entropy: 0.693147
11:28:58   >>>>>>>>>>>>>>>>>>>>>>>>>>>>>>
11:28:58   binary cross entropy: 0.693234
11:30:10   >>>>>>>>>>>>>>>>>>>>>>>>>>>>>>
11:30:10   binary cross entropy: 0.693147
11:31:16   >>>>>>>>>>>>>>>>>>>>>>>>>>>>>>
11:31:16   binary cross entropy: 0.693384
11:32:19   >>>>>>>>>>>>>>>>>>>>>>>>>>>>>>
11:32:19   binary cross entropy: 0.693208
11:33:23   >>>>>>>>>>>>>>>>>>>>>>>>>>>>>>
11:33:23   binary cross entropy: 0.693147
11:34:22   >>>>>>>>>>>>>>>>>>>>>>>>>>>>>>
11:34:22   binary cross entropy: 0.693147
11:35:31   >>>>>>>>>>>>>>>>>>>>>>>>>>>>>>
11:35:31   binary cross entropy: 0.693184
11:36:40   >>>>>>>>>>>>>>>>>>>>>>>>>>>>>>
11:36:40   binary cross entropy: 0.693292
11:37:47   >>>>>>>>>>>>>>>>>>>>>>>>>>>>>>
11:37:47   binary cross entropy: 0.693184
11:38:56   >>>>>>>>>>>>>>>>>>>>>>>>>>>>>>
11:38:56   binary cross entropy: 0.693031
11:40:00   >>>>>>>>>>>>>>>>>>>>>>>>>>>>>>
11:40:00   binary cross entropy: 0.693147
11:41:06   >>>>>>>>>>>>>>>>>>>>>>>>>>>>>>
11:41:06   binary cross entropy: 0.693147
11:42:11   >>>>>>>>>>>>>>>>>>>>>>>>>>>>>>
11:42:11   binary cross entropy: 0.693105
11:43:16   >>>>>>>>>>>>>>>>>>>>>>>>>>>>>>
11:43:16   binary cross entropy: 0.693073
11:44:26   >>>>>>>>>>>>>>>>>>>>>>>>>>>>>>
11:44:26   binary cross entropy: 0.693199
11:45:34   >>>>>>>>>>>>>>>>>>>>>>>>>>>>>>
11:45:34   binary cross entropy: 0.692921
11:46:43   >>>>>>>>>>>>>>>>>>>>>>>>>>>>>>
11:46:43   binary cross entropy: 0.693147
11:47:52   >>>>>>>>>>>>>>>>>>>>>>>>>>>>>>
11:47:52   binary cross entropy: 0.693219
11:48:57   >>>>>>>>>>>>>>>>>>>>>>>>>>>>>>
11:48:57   binary cross entropy: 0.69317
11:50:06   >>>>>>>>>>>>>>>>>>>>>>>>>>>>>>
11:50:06   binary cross entropy: 0.693147
11:51:15   >>>>>>>>>>>>>>>>>>>>>>>>>>>>>>
11:51:15   binary cross entropy: 0.69323
11:52:20   >>>>>>>>>>>>>>>>>>>>>>>>>>>>>>
11:52:20   binary cross entropy: 0.693068
11:53:28   >>>>>>>>>>>>>>>>>>>>>>>>>>>>>>
11:53:28   binary cross entropy: 0.693051
11:54:40   >>>>>>>>>>>>>>>>>>>>>>>>>>>>>>
11:54:40   binary cross entropy: 0.69328
11:55:49   >>>>>>>>>>>>>>>>>>>>>>>>>>>>>>
11:55:49   binary cross entropy: 0.693245
11:56:59   >>>>>>>>>>>>>>>>>>>>>>>>>>>>>>
11:56:59   binary cross entropy: 0.693411
11:58:04   >>>>>>>>>>>>>>>>>>>>>>>>>>>>>>
11:58:04   binary cross entropy: 0.693147
11:59:14   >>>>>>>>>>>>>>>>>>>>>>>>>>>>>>
11:59:14   binary cross entropy: 0.693305
12:00:21   >>>>>>>>>>>>>>>>>>>>>>>>>>>>>>
12:00:21   binary cross entropy: 0.693048
12:01:23   >>>>>>>>>>>>>>>>>>>>>>>>>>>>>>
12:01:23   binary cross entropy: 0.693016
12:02:29   >>>>>>>>>>>>>>>>>>>>>>>>>>>>>>
12:02:29   binary cross entropy: 0.693147
12:03:33   >>>>>>>>>>>>>>>>>>>>>>>>>>>>>>
12:03:33   binary cross entropy: 0.693204
12:04:40   >>>>>>>>>>>>>>>>>>>>>>>>>>>>>>
12:04:40   binary cross entropy: 0.69297
12:05:46   >>>>>>>>>>>>>>>>>>>>>>>>>>>>>>
12:05:46   binary cross entropy: 0.69321
12:06:51   >>>>>>>>>>>>>>>>>>>>>>>>>>>>>>
12:06:51   binary cross entropy: 0.693146
12:07:53   >>>>>>>>>>>>>>>>>>>>>>>>>>>>>>
12:07:53   binary cross entropy: 0.693109
12:08:57   >>>>>>>>>>>>>>>>>>>>>>>>>>>>>>
12:08:57   binary cross entropy: 0.693109
12:10:04   >>>>>>>>>>>>>>>>>>>>>>>>>>>>>>
12:10:04   binary cross entropy: 0.692992
12:11:10   >>>>>>>>>>>>>>>>>>>>>>>>>>>>>>
12:11:10   binary cross entropy: 0.693263
12:12:13   >>>>>>>>>>>>>>>>>>>>>>>>>>>>>>
12:12:13   binary cross entropy: 0.693148
12:13:17   >>>>>>>>>>>>>>>>>>>>>>>>>>>>>>
12:13:17   binary cross entropy: 0.692991
12:14:26   >>>>>>>>>>>>>>>>>>>>>>>>>>>>>>
12:14:26   binary cross entropy: 0.69227
12:15:34   >>>>>>>>>>>>>>>>>>>>>>>>>>>>>>
12:15:34   binary cross entropy: 0.693386
12:16:39   >>>>>>>>>>>>>>>>>>>>>>>>>>>>>>
12:16:39   binary cross entropy: 0.691538
12:17:46   >>>>>>>>>>>>>>>>>>>>>>>>>>>>>>
12:17:46   binary cross entropy: 0.693149
12:18:53   >>>>>>>>>>>>>>>>>>>>>>>>>>>>>>
12:18:53   binary cross entropy: 0.693149
12:19:58   >>>>>>>>>>>>>>>>>>>>>>>>>>>>>>
12:19:58   binary cross entropy: 0.692978
12:21:01   >>>>>>>>>>>>>>>>>>>>>>>>>>>>>>
12:21:01   binary cross entropy: 0.693148
12:22:11   >>>>>>>>>>>>>>>>>>>>>>>>>>>>>>
12:22:11   binary cross entropy: 0.693148
12:23:24   >>>>>>>>>>>>>>>>>>>>>>>>>>>>>>
12:23:24   binary cross entropy: 0.693303
12:24:29   >>>>>>>>>>>>>>>>>>>>>>>>>>>>>>
12:24:29   binary cross entropy: 0.693047
12:25:30   >>>>>>>>>>>>>>>>>>>>>>>>>>>>>>
12:25:30   binary cross entropy: 0.692756
12:26:38   >>>>>>>>>>>>>>>>>>>>>>>>>>>>>>
12:26:38   binary cross entropy: 0.692972
12:27:43   >>>>>>>>>>>>>>>>>>>>>>>>>>>>>>
12:27:43   binary cross entropy: 0.693147
12:28:52   >>>>>>>>>>>>>>>>>>>>>>>>>>>>>>
12:28:52   binary cross entropy: 0.693148
12:29:56   >>>>>>>>>>>>>>>>>>>>>>>>>>>>>>
12:29:56   binary cross entropy: 0.693117
12:31:05   >>>>>>>>>>>>>>>>>>>>>>>>>>>>>>
12:31:05   binary cross entropy: 0.693102
12:32:10   >>>>>>>>>>>>>>>>>>>>>>>>>>>>>>
12:32:10   binary cross entropy: 0.693147
12:33:15   >>>>>>>>>>>>>>>>>>>>>>>>>>>>>>
12:33:15   binary cross entropy: 0.69314
12:34:19   >>>>>>>>>>>>>>>>>>>>>>>>>>>>>>
12:34:19   binary cross entropy: 0.693155
12:35:28   >>>>>>>>>>>>>>>>>>>>>>>>>>>>>>
12:35:28   binary cross entropy: 0.69308
12:36:32   >>>>>>>>>>>>>>>>>>>>>>>>>>>>>>
12:36:32   binary cross entropy: 0.693065
12:37:41   >>>>>>>>>>>>>>>>>>>>>>>>>>>>>>
12:37:41   binary cross entropy: 0.693018
12:38:45   >>>>>>>>>>>>>>>>>>>>>>>>>>>>>>
12:38:45   binary cross entropy: 0.693147
12:39:50   >>>>>>>>>>>>>>>>>>>>>>>>>>>>>>
12:39:50   binary cross entropy: 0.693167
12:40:55   >>>>>>>>>>>>>>>>>>>>>>>>>>>>>>
12:40:55   binary cross entropy: 0.693137
12:42:03   >>>>>>>>>>>>>>>>>>>>>>>>>>>>>>
12:42:03   binary cross entropy: 0.693215
12:43:11   >>>>>>>>>>>>>>>>>>>>>>>>>>>>>>
12:43:11   binary cross entropy: 0.692844
12:44:09   >>>>>>>>>>>>>>>>>>>>>>>>>>>>>>
12:44:09   binary cross entropy: 0.693296
12:45:08   >>>>>>>>>>>>>>>>>>>>>>>>>>>>>>
12:45:08   binary cross entropy: 0.69306
12:46:17   >>>>>>>>>>>>>>>>>>>>>>>>>>>>>>
12:46:17   binary cross entropy: 0.692853
12:47:24   >>>>>>>>>>>>>>>>>>>>>>>>>>>>>>
12:47:24   binary cross entropy: 0.692844
12:48:31   >>>>>>>>>>>>>>>>>>>>>>>>>>>>>>
12:48:31   binary cross entropy: 0.693267
12:49:33   >>>>>>>>>>>>>>>>>>>>>>>>>>>>>>
12:49:33   binary cross entropy: 0.69329
12:50:39   >>>>>>>>>>>>>>>>>>>>>>>>>>>>>>
12:50:39   binary cross entropy: 0.69298
12:51:40   >>>>>>>>>>>>>>>>>>>>>>>>>>>>>>
12:51:40   binary cross entropy: 0.693082
12:52:45   >>>>>>>>>>>>>>>>>>>>>>>>>>>>>>
12:52:45   binary cross entropy: 0.693147
12:53:48   >>>>>>>>>>>>>>>>>>>>>>>>>>>>>>
12:53:48   binary cross entropy: 0.693078
12:54:54   >>>>>>>>>>>>>>>>>>>>>>>>>>>>>>
12:54:54   binary cross entropy: 0.693157
12:56:01   >>>>>>>>>>>>>>>>>>>>>>>>>>>>>>
12:56:01   binary cross entropy: 0.69317
12:57:04   >>>>>>>>>>>>>>>>>>>>>>>>>>>>>>
12:57:04   binary cross entropy: 0.693147
12:58:04   >>>>>>>>>>>>>>>>>>>>>>>>>>>>>>
12:58:04   binary cross entropy: 0.693147
12:59:07   >>>>>>>>>>>>>>>>>>>>>>>>>>>>>>
12:59:07   binary cross entropy: 0.693096
13:00:12   >>>>>>>>>>>>>>>>>>>>>>>>>>>>>>
13:00:12   binary cross entropy: 0.693194
13:01:09   >>>>>>>>>>>>>>>>>>>>>>>>>>>>>>
13:01:09   binary cross entropy: 0.693147
13:02:17   >>>>>>>>>>>>>>>>>>>>>>>>>>>>>>
13:02:17   binary cross entropy: 0.693204
13:03:26   >>>>>>>>>>>>>>>>>>>>>>>>>>>>>>
13:03:26   binary cross entropy: 0.693224
13:04:27   >>>>>>>>>>>>>>>>>>>>>>>>>>>>>>
13:04:27   binary cross entropy: 0.693147
13:05:32   >>>>>>>>>>>>>>>>>>>>>>>>>>>>>>
13:05:32   binary cross entropy: 0.693064
13:06:33   >>>>>>>>>>>>>>>>>>>>>>>>>>>>>>
13:06:33   binary cross entropy: 0.693007
13:07:42   >>>>>>>>>>>>>>>>>>>>>>>>>>>>>>
13:07:42   binary cross entropy: 0.693032
13:08:47   >>>>>>>>>>>>>>>>>>>>>>>>>>>>>>
13:08:47   binary cross entropy: 0.69299
13:09:47   >>>>>>>>>>>>>>>>>>>>>>>>>>>>>>
13:09:47   binary cross entropy: 0.693346
13:10:49   >>>>>>>>>>>>>>>>>>>>>>>>>>>>>>
13:10:49   binary cross entropy: 0.693222
13:11:50   >>>>>>>>>>>>>>>>>>>>>>>>>>>>>>
13:11:50   binary cross entropy: 0.692911
13:12:59   >>>>>>>>>>>>>>>>>>>>>>>>>>>>>>
13:12:59   binary cross entropy: 0.69308
13:14:02   >>>>>>>>>>>>>>>>>>>>>>>>>>>>>>
13:14:02   binary cross entropy: 0.693677
13:15:07   >>>>>>>>>>>>>>>>>>>>>>>>>>>>>>
13:15:07   binary cross entropy: 0.693278
13:16:07   >>>>>>>>>>>>>>>>>>>>>>>>>>>>>>
13:16:07   binary cross entropy: 0.693115
13:17:10   >>>>>>>>>>>>>>>>>>>>>>>>>>>>>>
13:17:10   binary cross entropy: 0.693032
13:18:12   >>>>>>>>>>>>>>>>>>>>>>>>>>>>>>
13:18:12   binary cross entropy: 0.693237
13:19:15   >>>>>>>>>>>>>>>>>>>>>>>>>>>>>>
13:19:15   binary cross entropy: 0.693147
13:20:22   >>>>>>>>>>>>>>>>>>>>>>>>>>>>>>
13:20:22   binary cross entropy: 0.693162
13:21:25   >>>>>>>>>>>>>>>>>>>>>>>>>>>>>>
13:21:25   binary cross entropy: 0.693147
13:22:28   >>>>>>>>>>>>>>>>>>>>>>>>>>>>>>
13:22:28   binary cross entropy: 0.693169
13:23:30   >>>>>>>>>>>>>>>>>>>>>>>>>>>>>>
13:23:30   binary cross entropy: 0.693225
13:24:36   >>>>>>>>>>>>>>>>>>>>>>>>>>>>>>
13:24:36   binary cross entropy: 0.693147
13:25:39   >>>>>>>>>>>>>>>>>>>>>>>>>>>>>>
13:25:39   binary cross entropy: 0.69332
13:26:41   >>>>>>>>>>>>>>>>>>>>>>>>>>>>>>
13:26:41   binary cross entropy: 0.69302
13:27:52   >>>>>>>>>>>>>>>>>>>>>>>>>>>>>>
13:27:52   binary cross entropy: 0.693147
13:28:51   >>>>>>>>>>>>>>>>>>>>>>>>>>>>>>
13:28:51   binary cross entropy: 0.693059
13:29:56   >>>>>>>>>>>>>>>>>>>>>>>>>>>>>>
13:29:56   binary cross entropy: 0.693086
13:31:03   >>>>>>>>>>>>>>>>>>>>>>>>>>>>>>
13:31:03   binary cross entropy: 0.693138
13:32:04   >>>>>>>>>>>>>>>>>>>>>>>>>>>>>>
13:32:04   binary cross entropy: 0.693092
13:33:04   >>>>>>>>>>>>>>>>>>>>>>>>>>>>>>
13:33:04   binary cross entropy: 0.693147
13:34:12   >>>>>>>>>>>>>>>>>>>>>>>>>>>>>>
13:34:12   binary cross entropy: 0.693168
13:35:17   >>>>>>>>>>>>>>>>>>>>>>>>>>>>>>
13:35:17   binary cross entropy: 0.693276
13:36:22   >>>>>>>>>>>>>>>>>>>>>>>>>>>>>>
13:36:22   binary cross entropy: 0.693149
13:37:33   >>>>>>>>>>>>>>>>>>>>>>>>>>>>>>
13:37:33   binary cross entropy: 0.693212
13:38:44   >>>>>>>>>>>>>>>>>>>>>>>>>>>>>>
13:38:44   binary cross entropy: 0.693029
13:39:51   >>>>>>>>>>>>>>>>>>>>>>>>>>>>>>
13:39:51   binary cross entropy: 0.69308
13:40:57   >>>>>>>>>>>>>>>>>>>>>>>>>>>>>>
13:40:57   binary cross entropy: 0.693107
13:42:06   >>>>>>>>>>>>>>>>>>>>>>>>>>>>>>
13:42:06   binary cross entropy: 0.692941
13:43:21   >>>>>>>>>>>>>>>>>>>>>>>>>>>>>>
13:43:21   binary cross entropy: 0.693377
13:44:24   >>>>>>>>>>>>>>>>>>>>>>>>>>>>>>
13:44:24   binary cross entropy: 0.693413
13:45:30   >>>>>>>>>>>>>>>>>>>>>>>>>>>>>>
13:45:30   binary cross entropy: 0.693148
13:46:31   >>>>>>>>>>>>>>>>>>>>>>>>>>>>>>
13:46:31   binary cross entropy: 0.692625
13:47:35   >>>>>>>>>>>>>>>>>>>>>>>>>>>>>>
13:47:35   binary cross entropy: 0.693027
13:48:47   >>>>>>>>>>>>>>>>>>>>>>>>>>>>>>
13:48:47   binary cross entropy: 0.693237
13:49:54   >>>>>>>>>>>>>>>>>>>>>>>>>>>>>>
13:49:54   binary cross entropy: 0.693148
13:50:34   >>>>>>>>>>>>>>>>>>>>>>>>>>>>>>
13:50:34   Epoch 3 end
13:50:34   duration: 3.91 hours
13:50:34   speed: 1.47 batch / sec
13:50:34   ETA: 0.00 secs
13:50:34   max GPU memory: 34726.9 MiB
13:50:34   ------------------------------
13:50:34   average binary cross entropy: 0.693151
13:50:34   Save checkpoint to /om2/user/oqueen/DeepSurface//models/DeepSurface/ProtBERT/run_1/epoch_36.pth
13:50:36   >>>>>>>>>>>>>>>>>>>>>>>>>>>>>>
13:50:36   Evaluate on valid
13:57:09   ------------------------------
13:57:09   auprc [deep_surface]: 0.4982
13:57:09   auroc [deep_surface]: 0.496982
13:57:09   >>>>>>>>>>>>>>>>>>>>>>>>>>>>>>
13:57:09   Epoch 4 begin
13:57:32   >>>>>>>>>>>>>>>>>>>>>>>>>>>>>>
13:57:32   binary cross entropy: 0.69357
13:58:40   >>>>>>>>>>>>>>>>>>>>>>>>>>>>>>
13:58:40   binary cross entropy: 0.692852
13:59:44   >>>>>>>>>>>>>>>>>>>>>>>>>>>>>>
13:59:44   binary cross entropy: 0.693491
14:00:56   >>>>>>>>>>>>>>>>>>>>>>>>>>>>>>
14:00:56   binary cross entropy: 0.693436
14:02:03   >>>>>>>>>>>>>>>>>>>>>>>>>>>>>>
14:02:03   binary cross entropy: 0.693309
14:03:11   >>>>>>>>>>>>>>>>>>>>>>>>>>>>>>
14:03:11   binary cross entropy: 0.693148
14:04:15   >>>>>>>>>>>>>>>>>>>>>>>>>>>>>>
14:04:15   binary cross entropy: 0.693461
14:05:20   >>>>>>>>>>>>>>>>>>>>>>>>>>>>>>
14:05:20   binary cross entropy: 0.693485
14:06:27   >>>>>>>>>>>>>>>>>>>>>>>>>>>>>>
14:06:27   binary cross entropy: 0.693148
14:07:37   >>>>>>>>>>>>>>>>>>>>>>>>>>>>>>
14:07:37   binary cross entropy: 0.693286
14:08:46   >>>>>>>>>>>>>>>>>>>>>>>>>>>>>>
14:08:46   binary cross entropy: 0.692996
14:09:56   >>>>>>>>>>>>>>>>>>>>>>>>>>>>>>
14:09:56   binary cross entropy: 0.692935
14:11:07   >>>>>>>>>>>>>>>>>>>>>>>>>>>>>>
14:11:07   binary cross entropy: 0.693148
14:12:12   >>>>>>>>>>>>>>>>>>>>>>>>>>>>>>
14:12:12   binary cross entropy: 0.692927
14:13:22   >>>>>>>>>>>>>>>>>>>>>>>>>>>>>>
14:13:22   binary cross entropy: 0.693149
14:14:25   >>>>>>>>>>>>>>>>>>>>>>>>>>>>>>
14:14:25   binary cross entropy: 0.693148
14:15:31   >>>>>>>>>>>>>>>>>>>>>>>>>>>>>>
14:15:31   binary cross entropy: 0.692909
14:16:35   >>>>>>>>>>>>>>>>>>>>>>>>>>>>>>
14:16:35   binary cross entropy: 0.693437
14:17:44   >>>>>>>>>>>>>>>>>>>>>>>>>>>>>>
14:17:44   binary cross entropy: 0.692841
14:18:53   >>>>>>>>>>>>>>>>>>>>>>>>>>>>>>
14:18:53   binary cross entropy: 0.69347
14:20:00   >>>>>>>>>>>>>>>>>>>>>>>>>>>>>>
14:20:00   binary cross entropy: 0.69281
14:21:06   >>>>>>>>>>>>>>>>>>>>>>>>>>>>>>
14:21:06   binary cross entropy: 0.693497
14:22:12   >>>>>>>>>>>>>>>>>>>>>>>>>>>>>>
14:22:12   binary cross entropy: 0.693151
14:23:22   >>>>>>>>>>>>>>>>>>>>>>>>>>>>>>
14:23:22   binary cross entropy: 0.693838
14:24:28   >>>>>>>>>>>>>>>>>>>>>>>>>>>>>>
14:24:28   binary cross entropy: 0.692391
14:25:34   >>>>>>>>>>>>>>>>>>>>>>>>>>>>>>
14:25:34   binary cross entropy: 0.692735
14:26:42   >>>>>>>>>>>>>>>>>>>>>>>>>>>>>>
14:26:42   binary cross entropy: 0.692775
14:27:50   >>>>>>>>>>>>>>>>>>>>>>>>>>>>>>
14:27:50   binary cross entropy: 0.694152
14:28:57   >>>>>>>>>>>>>>>>>>>>>>>>>>>>>>
14:28:57   binary cross entropy: 0.694231
14:30:09   >>>>>>>>>>>>>>>>>>>>>>>>>>>>>>
14:30:09   binary cross entropy: 0.693151
14:31:12   >>>>>>>>>>>>>>>>>>>>>>>>>>>>>>
14:31:12   binary cross entropy: 0.692542
14:32:14   >>>>>>>>>>>>>>>>>>>>>>>>>>>>>>
14:32:14   binary cross entropy: 0.69251
14:33:23   >>>>>>>>>>>>>>>>>>>>>>>>>>>>>>
14:33:23   binary cross entropy: 0.693716
14:34:30   >>>>>>>>>>>>>>>>>>>>>>>>>>>>>>
14:34:30   binary cross entropy: 0.692607
14:35:34   >>>>>>>>>>>>>>>>>>>>>>>>>>>>>>
14:35:34   binary cross entropy: 0.694517
14:36:43   >>>>>>>>>>>>>>>>>>>>>>>>>>>>>>
14:36:43   binary cross entropy: 0.693352
14:37:51   >>>>>>>>>>>>>>>>>>>>>>>>>>>>>>
14:37:51   binary cross entropy: 0.693779
14:38:57   >>>>>>>>>>>>>>>>>>>>>>>>>>>>>>
14:38:57   binary cross entropy: 0.692993
14:40:08   >>>>>>>>>>>>>>>>>>>>>>>>>>>>>>
14:40:08   binary cross entropy: 0.693148
14:41:16   >>>>>>>>>>>>>>>>>>>>>>>>>>>>>>
14:41:16   binary cross entropy: 0.693733
14:42:23   >>>>>>>>>>>>>>>>>>>>>>>>>>>>>>
14:42:23   binary cross entropy: 0.692931
14:43:31   >>>>>>>>>>>>>>>>>>>>>>>>>>>>>>
14:43:31   binary cross entropy: 0.693363
14:44:38   >>>>>>>>>>>>>>>>>>>>>>>>>>>>>>
14:44:38   binary cross entropy: 0.692716
14:45:42   >>>>>>>>>>>>>>>>>>>>>>>>>>>>>>
14:45:42   binary cross entropy: 0.692779
14:46:50   >>>>>>>>>>>>>>>>>>>>>>>>>>>>>>
14:46:50   binary cross entropy: 0.692944
14:47:58   >>>>>>>>>>>>>>>>>>>>>>>>>>>>>>
14:47:58   binary cross entropy: 0.693363
14:49:06   >>>>>>>>>>>>>>>>>>>>>>>>>>>>>>
14:49:06   binary cross entropy: 0.693148
14:50:09   >>>>>>>>>>>>>>>>>>>>>>>>>>>>>>
14:50:09   binary cross entropy: 0.693149
14:51:15   >>>>>>>>>>>>>>>>>>>>>>>>>>>>>>
14:51:15   binary cross entropy: 0.693556
14:52:21   >>>>>>>>>>>>>>>>>>>>>>>>>>>>>>
14:52:21   binary cross entropy: 0.692945
14:53:30   >>>>>>>>>>>>>>>>>>>>>>>>>>>>>>
14:53:30   binary cross entropy: 0.693549
14:54:38   >>>>>>>>>>>>>>>>>>>>>>>>>>>>>>
14:54:38   binary cross entropy: 0.693148
14:55:45   >>>>>>>>>>>>>>>>>>>>>>>>>>>>>>
14:55:45   binary cross entropy: 0.693483
14:56:53   >>>>>>>>>>>>>>>>>>>>>>>>>>>>>>
14:56:53   binary cross entropy: 0.692499
14:58:03   >>>>>>>>>>>>>>>>>>>>>>>>>>>>>>
14:58:03   binary cross entropy: 0.693717
14:59:11   >>>>>>>>>>>>>>>>>>>>>>>>>>>>>>
14:59:11   binary cross entropy: 0.693339
15:00:18   >>>>>>>>>>>>>>>>>>>>>>>>>>>>>>
15:00:18   binary cross entropy: 0.693312
15:01:27   >>>>>>>>>>>>>>>>>>>>>>>>>>>>>>
15:01:27   binary cross entropy: 0.693783
15:02:31   >>>>>>>>>>>>>>>>>>>>>>>>>>>>>>
15:02:31   binary cross entropy: 0.693021
15:03:35   >>>>>>>>>>>>>>>>>>>>>>>>>>>>>>
15:03:35   binary cross entropy: 0.692496
15:04:36   >>>>>>>>>>>>>>>>>>>>>>>>>>>>>>
15:04:36   binary cross entropy: 0.692525
15:05:40   >>>>>>>>>>>>>>>>>>>>>>>>>>>>>>
15:05:40   binary cross entropy: 0.692776
15:06:51   >>>>>>>>>>>>>>>>>>>>>>>>>>>>>>
15:06:51   binary cross entropy: 0.692737
15:07:55   >>>>>>>>>>>>>>>>>>>>>>>>>>>>>>
15:07:55   binary cross entropy: 0.69298
15:09:00   >>>>>>>>>>>>>>>>>>>>>>>>>>>>>>
15:09:00   binary cross entropy: 0.693148
15:10:05   >>>>>>>>>>>>>>>>>>>>>>>>>>>>>>
15:10:05   binary cross entropy: 0.693147
15:11:15   >>>>>>>>>>>>>>>>>>>>>>>>>>>>>>
15:11:15   binary cross entropy: 0.693522
15:12:20   >>>>>>>>>>>>>>>>>>>>>>>>>>>>>>
15:12:20   binary cross entropy: 0.693073
15:13:25   >>>>>>>>>>>>>>>>>>>>>>>>>>>>>>
15:13:25   binary cross entropy: 0.693313
15:14:37   >>>>>>>>>>>>>>>>>>>>>>>>>>>>>>
15:14:37   binary cross entropy: 0.693319
15:15:49   >>>>>>>>>>>>>>>>>>>>>>>>>>>>>>
15:15:49   binary cross entropy: 0.693032
15:16:58   >>>>>>>>>>>>>>>>>>>>>>>>>>>>>>
15:16:58   binary cross entropy: 0.693148
15:18:04   >>>>>>>>>>>>>>>>>>>>>>>>>>>>>>
15:18:04   binary cross entropy: 0.693148
15:19:13   >>>>>>>>>>>>>>>>>>>>>>>>>>>>>>
15:19:13   binary cross entropy: 0.692743
15:20:28   >>>>>>>>>>>>>>>>>>>>>>>>>>>>>>
15:20:28   binary cross entropy: 0.692848
15:21:36   >>>>>>>>>>>>>>>>>>>>>>>>>>>>>>
15:21:36   binary cross entropy: 0.693007
15:22:39   >>>>>>>>>>>>>>>>>>>>>>>>>>>>>>
15:22:39   binary cross entropy: 0.693466
15:23:42   >>>>>>>>>>>>>>>>>>>>>>>>>>>>>>
15:23:42   binary cross entropy: 0.693483
15:24:56   >>>>>>>>>>>>>>>>>>>>>>>>>>>>>>
15:24:56   binary cross entropy: 0.69346
15:26:02   >>>>>>>>>>>>>>>>>>>>>>>>>>>>>>
15:26:02   binary cross entropy: 0.693318
15:27:13   >>>>>>>>>>>>>>>>>>>>>>>>>>>>>>
15:27:13   binary cross entropy: 0.693471
15:28:15   >>>>>>>>>>>>>>>>>>>>>>>>>>>>>>
15:28:15   binary cross entropy: 0.693147
15:29:24   >>>>>>>>>>>>>>>>>>>>>>>>>>>>>>
15:29:24   binary cross entropy: 0.693235
15:30:33   >>>>>>>>>>>>>>>>>>>>>>>>>>>>>>
15:30:33   binary cross entropy: 0.693115
15:31:46   >>>>>>>>>>>>>>>>>>>>>>>>>>>>>>
15:31:46   binary cross entropy: 0.693147
15:32:56   >>>>>>>>>>>>>>>>>>>>>>>>>>>>>>
15:32:56   binary cross entropy: 0.693192
15:34:05   >>>>>>>>>>>>>>>>>>>>>>>>>>>>>>
15:34:05   binary cross entropy: 0.69319
15:35:19   >>>>>>>>>>>>>>>>>>>>>>>>>>>>>>
15:35:19   binary cross entropy: 0.693219
15:36:24   >>>>>>>>>>>>>>>>>>>>>>>>>>>>>>
15:36:24   binary cross entropy: 0.693117
15:37:33   >>>>>>>>>>>>>>>>>>>>>>>>>>>>>>
15:37:33   binary cross entropy: 0.69309
15:38:45   >>>>>>>>>>>>>>>>>>>>>>>>>>>>>>
15:38:45   binary cross entropy: 0.693147
15:39:49   >>>>>>>>>>>>>>>>>>>>>>>>>>>>>>
15:39:49   binary cross entropy: 0.692926
15:41:00   >>>>>>>>>>>>>>>>>>>>>>>>>>>>>>
15:41:00   binary cross entropy: 0.693147
15:42:06   >>>>>>>>>>>>>>>>>>>>>>>>>>>>>>
15:42:06   binary cross entropy: 0.693154
15:43:13   >>>>>>>>>>>>>>>>>>>>>>>>>>>>>>
15:43:13   binary cross entropy: 0.693157
15:44:17   >>>>>>>>>>>>>>>>>>>>>>>>>>>>>>
15:44:17   binary cross entropy: 0.692664
15:45:23   >>>>>>>>>>>>>>>>>>>>>>>>>>>>>>
15:45:24   binary cross entropy: 0.693058
15:46:34   >>>>>>>>>>>>>>>>>>>>>>>>>>>>>>
15:46:34   binary cross entropy: 0.693148
15:47:37   >>>>>>>>>>>>>>>>>>>>>>>>>>>>>>
15:47:37   binary cross entropy: 0.693148
15:48:52   >>>>>>>>>>>>>>>>>>>>>>>>>>>>>>
15:48:52   binary cross entropy: 0.69325
15:50:01   >>>>>>>>>>>>>>>>>>>>>>>>>>>>>>
15:50:01   binary cross entropy: 0.693171
15:51:05   >>>>>>>>>>>>>>>>>>>>>>>>>>>>>>
15:51:05   binary cross entropy: 0.693147
15:52:13   >>>>>>>>>>>>>>>>>>>>>>>>>>>>>>
15:52:13   binary cross entropy: 0.693225
15:53:15   >>>>>>>>>>>>>>>>>>>>>>>>>>>>>>
15:53:15   binary cross entropy: 0.69311
15:54:22   >>>>>>>>>>>>>>>>>>>>>>>>>>>>>>
15:54:22   binary cross entropy: 0.693178
15:55:28   >>>>>>>>>>>>>>>>>>>>>>>>>>>>>>
15:55:28   binary cross entropy: 0.693146
15:56:36   >>>>>>>>>>>>>>>>>>>>>>>>>>>>>>
15:56:36   binary cross entropy: 0.693115
15:57:46   >>>>>>>>>>>>>>>>>>>>>>>>>>>>>>
15:57:46   binary cross entropy: 0.693108
15:58:49   >>>>>>>>>>>>>>>>>>>>>>>>>>>>>>
15:58:49   binary cross entropy: 0.693155
15:59:57   >>>>>>>>>>>>>>>>>>>>>>>>>>>>>>
15:59:57   binary cross entropy: 0.693215
16:01:02   >>>>>>>>>>>>>>>>>>>>>>>>>>>>>>
16:01:02   binary cross entropy: 0.693135
16:02:10   >>>>>>>>>>>>>>>>>>>>>>>>>>>>>>
16:02:10   binary cross entropy: 0.693031
16:03:13   >>>>>>>>>>>>>>>>>>>>>>>>>>>>>>
16:03:13   binary cross entropy: 0.693147
16:04:20   >>>>>>>>>>>>>>>>>>>>>>>>>>>>>>
16:04:20   binary cross entropy: 0.693087
16:05:28   >>>>>>>>>>>>>>>>>>>>>>>>>>>>>>
16:05:28   binary cross entropy: 0.693157
16:06:39   >>>>>>>>>>>>>>>>>>>>>>>>>>>>>>
16:06:39   binary cross entropy: 0.693147
16:07:43   >>>>>>>>>>>>>>>>>>>>>>>>>>>>>>
16:07:43   binary cross entropy: 0.693157
16:08:48   >>>>>>>>>>>>>>>>>>>>>>>>>>>>>>
16:08:48   binary cross entropy: 0.693144
16:09:57   >>>>>>>>>>>>>>>>>>>>>>>>>>>>>>
16:09:57   binary cross entropy: 0.693208
16:11:06   >>>>>>>>>>>>>>>>>>>>>>>>>>>>>>
16:11:06   binary cross entropy: 0.693206
16:12:15   >>>>>>>>>>>>>>>>>>>>>>>>>>>>>>
16:12:15   binary cross entropy: 0.693076
16:13:21   >>>>>>>>>>>>>>>>>>>>>>>>>>>>>>
16:13:21   binary cross entropy: 0.693147
16:14:29   >>>>>>>>>>>>>>>>>>>>>>>>>>>>>>
16:14:29   binary cross entropy: 0.693148
16:15:34   >>>>>>>>>>>>>>>>>>>>>>>>>>>>>>
16:15:34   binary cross entropy: 0.693586
16:16:41   >>>>>>>>>>>>>>>>>>>>>>>>>>>>>>
16:16:41   binary cross entropy: 0.693269
16:17:47   >>>>>>>>>>>>>>>>>>>>>>>>>>>>>>
16:17:47   binary cross entropy: 0.693137
16:18:52   >>>>>>>>>>>>>>>>>>>>>>>>>>>>>>
16:18:52   binary cross entropy: 0.69317
16:20:00   >>>>>>>>>>>>>>>>>>>>>>>>>>>>>>
16:20:00   binary cross entropy: 0.693172
16:21:10   >>>>>>>>>>>>>>>>>>>>>>>>>>>>>>
16:21:10   binary cross entropy: 0.693627
16:22:19   >>>>>>>>>>>>>>>>>>>>>>>>>>>>>>
16:22:19   binary cross entropy: 0.693031
16:23:21   >>>>>>>>>>>>>>>>>>>>>>>>>>>>>>
16:23:21   binary cross entropy: 0.693077
16:24:29   >>>>>>>>>>>>>>>>>>>>>>>>>>>>>>
16:24:29   binary cross entropy: 0.693219
16:25:31   >>>>>>>>>>>>>>>>>>>>>>>>>>>>>>
16:25:31   binary cross entropy: 0.69339
16:26:34   >>>>>>>>>>>>>>>>>>>>>>>>>>>>>>
16:26:34   binary cross entropy: 0.693253
16:27:41   >>>>>>>>>>>>>>>>>>>>>>>>>>>>>>
16:27:41   binary cross entropy: 0.692962
16:28:45   >>>>>>>>>>>>>>>>>>>>>>>>>>>>>>
16:28:45   binary cross entropy: 0.693358
16:29:56   >>>>>>>>>>>>>>>>>>>>>>>>>>>>>>
16:29:56   binary cross entropy: 0.693147
16:31:07   >>>>>>>>>>>>>>>>>>>>>>>>>>>>>>
16:31:07   binary cross entropy: 0.693223
16:32:16   >>>>>>>>>>>>>>>>>>>>>>>>>>>>>>
16:32:16   binary cross entropy: 0.69325
16:33:24   >>>>>>>>>>>>>>>>>>>>>>>>>>>>>>
16:33:24   binary cross entropy: 0.692975
16:34:29   >>>>>>>>>>>>>>>>>>>>>>>>>>>>>>
16:34:29   binary cross entropy: 0.693072
16:35:37   >>>>>>>>>>>>>>>>>>>>>>>>>>>>>>
16:35:37   binary cross entropy: 0.693039
16:36:44   >>>>>>>>>>>>>>>>>>>>>>>>>>>>>>
16:36:44   binary cross entropy: 0.69295
16:37:52   >>>>>>>>>>>>>>>>>>>>>>>>>>>>>>
16:37:52   binary cross entropy: 0.693016
16:38:55   >>>>>>>>>>>>>>>>>>>>>>>>>>>>>>
16:38:55   binary cross entropy: 0.6926
16:40:05   >>>>>>>>>>>>>>>>>>>>>>>>>>>>>>
16:40:05   binary cross entropy: 0.692991
16:41:10   >>>>>>>>>>>>>>>>>>>>>>>>>>>>>>
16:41:10   binary cross entropy: 0.693258
16:42:18   >>>>>>>>>>>>>>>>>>>>>>>>>>>>>>
16:42:18   binary cross entropy: 0.693304
16:43:22   >>>>>>>>>>>>>>>>>>>>>>>>>>>>>>
16:43:22   binary cross entropy: 0.69339
16:44:24   >>>>>>>>>>>>>>>>>>>>>>>>>>>>>>
16:44:24   binary cross entropy: 0.693058
16:45:34   >>>>>>>>>>>>>>>>>>>>>>>>>>>>>>
16:45:34   binary cross entropy: 0.693222
16:46:39   >>>>>>>>>>>>>>>>>>>>>>>>>>>>>>
16:46:39   binary cross entropy: 0.693147
16:47:43   >>>>>>>>>>>>>>>>>>>>>>>>>>>>>>
16:47:43   binary cross entropy: 0.693147
16:48:50   >>>>>>>>>>>>>>>>>>>>>>>>>>>>>>
16:48:50   binary cross entropy: 0.693147
16:49:52   >>>>>>>>>>>>>>>>>>>>>>>>>>>>>>
16:49:52   binary cross entropy: 0.693195
16:51:00   >>>>>>>>>>>>>>>>>>>>>>>>>>>>>>
16:51:00   binary cross entropy: 0.693046
16:52:08   >>>>>>>>>>>>>>>>>>>>>>>>>>>>>>
16:52:08   binary cross entropy: 0.69327
16:53:15   >>>>>>>>>>>>>>>>>>>>>>>>>>>>>>
16:53:15   binary cross entropy: 0.693223
16:54:17   >>>>>>>>>>>>>>>>>>>>>>>>>>>>>>
16:54:17   binary cross entropy: 0.693147
16:55:26   >>>>>>>>>>>>>>>>>>>>>>>>>>>>>>
16:55:26   binary cross entropy: 0.693055
16:56:35   >>>>>>>>>>>>>>>>>>>>>>>>>>>>>>
16:56:35   binary cross entropy: 0.693258
16:57:45   >>>>>>>>>>>>>>>>>>>>>>>>>>>>>>
16:57:45   binary cross entropy: 0.692999
16:58:49   >>>>>>>>>>>>>>>>>>>>>>>>>>>>>>
16:58:49   binary cross entropy: 0.692564
16:59:59   >>>>>>>>>>>>>>>>>>>>>>>>>>>>>>
16:59:59   binary cross entropy: 0.693148
17:01:07   >>>>>>>>>>>>>>>>>>>>>>>>>>>>>>
17:01:07   binary cross entropy: 0.692939
17:02:15   >>>>>>>>>>>>>>>>>>>>>>>>>>>>>>
17:02:15   binary cross entropy: 0.693338
17:03:22   >>>>>>>>>>>>>>>>>>>>>>>>>>>>>>
17:03:22   binary cross entropy: 0.692924
17:04:32   >>>>>>>>>>>>>>>>>>>>>>>>>>>>>>
17:04:32   binary cross entropy: 0.692339
17:05:40   >>>>>>>>>>>>>>>>>>>>>>>>>>>>>>
17:05:40   binary cross entropy: 0.693989
17:06:39   >>>>>>>>>>>>>>>>>>>>>>>>>>>>>>
17:06:39   binary cross entropy: 0.692942
17:07:48   >>>>>>>>>>>>>>>>>>>>>>>>>>>>>>
17:07:48   binary cross entropy: 0.693149
17:08:53   >>>>>>>>>>>>>>>>>>>>>>>>>>>>>>
17:08:53   binary cross entropy: 0.692786
17:10:01   >>>>>>>>>>>>>>>>>>>>>>>>>>>>>>
17:10:01   binary cross entropy: 0.693304
17:11:07   >>>>>>>>>>>>>>>>>>>>>>>>>>>>>>
17:11:07   binary cross entropy: 0.693519
17:12:19   >>>>>>>>>>>>>>>>>>>>>>>>>>>>>>
17:12:19   binary cross entropy: 0.692601
17:13:28   >>>>>>>>>>>>>>>>>>>>>>>>>>>>>>
17:13:28   binary cross entropy: 0.692711
17:14:31   >>>>>>>>>>>>>>>>>>>>>>>>>>>>>>
17:14:31   binary cross entropy: 0.693387
17:15:35   >>>>>>>>>>>>>>>>>>>>>>>>>>>>>>
17:15:35   binary cross entropy: 0.692176
17:16:45   >>>>>>>>>>>>>>>>>>>>>>>>>>>>>>
17:16:45   binary cross entropy: 0.693902
17:17:54   >>>>>>>>>>>>>>>>>>>>>>>>>>>>>>
17:17:54   binary cross entropy: 0.693412
17:18:58   >>>>>>>>>>>>>>>>>>>>>>>>>>>>>>
17:18:58   binary cross entropy: 0.693695
17:20:03   >>>>>>>>>>>>>>>>>>>>>>>>>>>>>>
17:20:03   binary cross entropy: 0.692645
17:21:15   >>>>>>>>>>>>>>>>>>>>>>>>>>>>>>
17:21:15   binary cross entropy: 0.693383
17:22:24   >>>>>>>>>>>>>>>>>>>>>>>>>>>>>>
17:22:24   binary cross entropy: 0.692453
17:23:35   >>>>>>>>>>>>>>>>>>>>>>>>>>>>>>
17:23:35   binary cross entropy: 0.693149
17:24:38   >>>>>>>>>>>>>>>>>>>>>>>>>>>>>>
17:24:38   binary cross entropy: 0.692747
17:25:48   >>>>>>>>>>>>>>>>>>>>>>>>>>>>>>
17:25:48   binary cross entropy: 0.693338
17:26:52   >>>>>>>>>>>>>>>>>>>>>>>>>>>>>>
17:26:52   binary cross entropy: 0.692796
17:28:02   >>>>>>>>>>>>>>>>>>>>>>>>>>>>>>
17:28:02   binary cross entropy: 0.692636
17:29:05   >>>>>>>>>>>>>>>>>>>>>>>>>>>>>>
17:29:05   binary cross entropy: 0.694093
17:30:12   >>>>>>>>>>>>>>>>>>>>>>>>>>>>>>
17:30:12   binary cross entropy: 0.693014
17:31:16   >>>>>>>>>>>>>>>>>>>>>>>>>>>>>>
17:31:16   binary cross entropy: 0.693148
17:32:21   >>>>>>>>>>>>>>>>>>>>>>>>>>>>>>
17:32:21   binary cross entropy: 0.693148
17:33:24   >>>>>>>>>>>>>>>>>>>>>>>>>>>>>>
17:33:24   binary cross entropy: 0.693271
17:34:30   >>>>>>>>>>>>>>>>>>>>>>>>>>>>>>
17:34:30   binary cross entropy: 0.693148
17:35:35   >>>>>>>>>>>>>>>>>>>>>>>>>>>>>>
17:35:35   binary cross entropy: 0.693191
17:36:43   >>>>>>>>>>>>>>>>>>>>>>>>>>>>>>
17:36:43   binary cross entropy: 0.693006
17:37:49   >>>>>>>>>>>>>>>>>>>>>>>>>>>>>>
17:37:49   binary cross entropy: 0.693147
17:38:57   >>>>>>>>>>>>>>>>>>>>>>>>>>>>>>
17:38:57   binary cross entropy: 0.693147
17:40:02   >>>>>>>>>>>>>>>>>>>>>>>>>>>>>>
17:40:02   binary cross entropy: 0.693143
17:41:10   >>>>>>>>>>>>>>>>>>>>>>>>>>>>>>
17:41:10   binary cross entropy: 0.693141
17:42:24   >>>>>>>>>>>>>>>>>>>>>>>>>>>>>>
17:42:24   binary cross entropy: 0.693087
17:43:32   >>>>>>>>>>>>>>>>>>>>>>>>>>>>>>
17:43:32   binary cross entropy: 0.693148
17:44:40   >>>>>>>>>>>>>>>>>>>>>>>>>>>>>>
17:44:40   binary cross entropy: 0.693004
17:45:49   >>>>>>>>>>>>>>>>>>>>>>>>>>>>>>
17:45:49   binary cross entropy: 0.693066
17:46:57   >>>>>>>>>>>>>>>>>>>>>>>>>>>>>>
17:46:57   binary cross entropy: 0.693147
17:48:04   >>>>>>>>>>>>>>>>>>>>>>>>>>>>>>
17:48:04   binary cross entropy: 0.693148
17:49:05   >>>>>>>>>>>>>>>>>>>>>>>>>>>>>>
17:49:05   binary cross entropy: 0.694135
17:49:07   >>>>>>>>>>>>>>>>>>>>>>>>>>>>>>
17:49:07   Epoch 4 end
17:49:07   duration: 3.98 hours
17:49:07   speed: 1.45 batch / sec
17:49:07   ETA: 0.00 secs
17:49:07   max GPU memory: 34764.5 MiB
17:49:07   ------------------------------
17:49:07   average binary cross entropy: 0.693149
17:49:07   Save checkpoint to /om2/user/oqueen/DeepSurface//models/DeepSurface/ProtBERT/run_1/epoch_50.pth
17:49:10   >>>>>>>>>>>>>>>>>>>>>>>>>>>>>>
17:49:10   Evaluate on valid
17:55:42   ------------------------------
17:55:42   auprc [deep_surface]: 0.4982
17:55:42   auroc [deep_surface]: 0.496982
17:55:42   Load checkpoint from /om2/user/oqueen/DeepSurface//models/DeepSurface/ProtBERT/run_1/epoch_6.pth
17:55:48   Save checkpoint to /om2/user/oqueen/DeepSurface//models/DeepSurface/ProtBERT/run_1/best.pth
17:55:51   >>>>>>>>>>>>>>>>>>>>>>>>>>>>>>
17:55:51   Evaluate on valid
18:02:31   ------------------------------
18:02:31   auprc [deep_surface]: 0.4982
18:02:31   auroc [deep_surface]: 0.496982
18:02:31   >>>>>>>>>>>>>>>>>>>>>>>>>>>>>>
18:02:31   Evaluate on test
18:19:30   ------------------------------
18:19:30   auprc [deep_surface]: 0.503506
18:19:30   auroc [deep_surface]: 0.50278
