19:49:00   Preprocess training set
19:49:13   {'batch_size': 16,
 'class': 'core.Engine',
 'gpus': [0],
 'gradient_interval': 1,
 'log_interval': 100,
 'logger': 'logging',
 'num_worker': 0,
 'optimizer': {'amsgrad': False,
               'betas': (0.9, 0.999),
               'capturable': False,
               'class': 'optim.Adam',
               'differentiable': False,
               'eps': 1e-08,
               'foreach': None,
               'fused': None,
               'lr': 5e-05,
               'maximize': False,
               'weight_decay': 0},
 'scheduler': None,
 'task': {'class': 'tasks.PropertyPrediction',
          'criterion': 'bce',
          'graph_construction_model': None,
          'metric': ('auroc', 'auprc'),
          'mlp_batch_norm': False,
          'mlp_dropout': 0,
          'model': {'activation': 'gelu',
                    'attention_dropout': 0.1,
                    'class': 'models.ProteinBERT',
                    'hidden_dim': 768,
                    'hidden_dropout': 0.1,
                    'input_dim': 21,
                    'intermediate_dim': 3072,
                    'max_position': 8192,
                    'num_heads': 12,
                    'num_layers': 12},
          'normalization': False,
          'num_class': None,
          'num_mlp_layer': 2,
          'task': ['deep_surface'],
          'verbose': 0},
 'test_set': {'class': 'dataset.Subset',
              'dataset': {'atom_feature': None,
                          'bond_feature': None,
                          'class': 'datasets.DeepSurface',
                          'path': '/om2/user/oqueen/DeepSurface//data/',
                          'residue_feature': 'default',
                          'transform': {'class': 'transforms.Compose',
                                        'transforms': [{'class': 'transforms.TruncateProtein',
                                                        'keys': 'graph',
                                                        'max_length': 1024,
                                                        'random': False},
                                                       {'class': 'transforms.ProteinView',
                                                        'keys': 'graph',
                                                        'view': 'residue'}]},
                          'verbose': 1},
              'indices': [368728, 368729, 368730, ..., 460909, 460910,
                          460911]},
 'train_set': {'class': 'dataset.Subset',
               'dataset': {'atom_feature': None,
                           'bond_feature': None,
                           'class': 'datasets.DeepSurface',
                           'path': '/om2/user/oqueen/DeepSurface//data/',
                           'residue_feature': 'default',
                           'transform': {'class': 'transforms.Compose',
                                         'transforms': [{'class': 'transforms.TruncateProtein',
                                                         'keys': 'graph',
                                                         'max_length': 1024,
                                                         'random': False},
                                                        {'class': 'transforms.ProteinView',
                                                         'keys': 'graph',
                                                         'view': 'residue'}]},
                           'verbose': 1},
               'indices': [0, 1, 2, ..., 331851, 331852, 331853]},
 'valid_set': {'class': 'dataset.Subset',
               'dataset': {'atom_feature': None,
                           'bond_feature': None,
                           'class': 'datasets.DeepSurface',
                           'path': '/om2/user/oqueen/DeepSurface//data/',
                           'residue_feature': 'default',
                           'transform': {'class': 'transforms.Compose',
                                         'transforms': [{'class': 'transforms.TruncateProtein',
                                                         'keys': 'graph',
                                                         'max_length': 1024,
                                                         'random': False},
                                                        {'class': 'transforms.ProteinView',
                                                         'keys': 'graph',
                                                         'view': 'residue'}]},
                           'verbose': 1},
               'indices': [331854, 331855, 331856, ..., 368725, 368726,
                           368727]}}
19:49:13   Load checkpoint from /om2/user/oqueen/DeepSurface//models/DeepSurface/ProtBERT/run_1/epoch_36.pth
