12:34:28   Preprocess training set
12:34:41   {'batch_size': 16,
 'class': 'core.Engine',
 'gpus': [0],
 'gradient_interval': 1,
 'log_interval': 100,
 'logger': 'logging',
 'num_worker': 0,
 'optimizer': {'amsgrad': False,
               'betas': (0.9, 0.999),
               'capturable': False,
               'class': 'optim.Adam',
               'differentiable': False,
               'eps': 1e-08,
               'foreach': None,
               'fused': None,
               'lr': 5e-05,
               'maximize': False,
               'weight_decay': 0},
 'scheduler': None,
 'task': {'class': 'tasks.PropertyPrediction',
          'criterion': 'bce',
          'graph_construction_model': None,
          'metric': ('auroc', 'auprc'),
          'mlp_batch_norm': False,
          'mlp_dropout': 0,
          'model': {'activation': 'gelu',
                    'attention_dropout': 0.1,
                    'class': 'models.ProteinBERT',
                    'hidden_dim': 768,
                    'hidden_dropout': 0.1,
                    'input_dim': 21,
                    'intermediate_dim': 3072,
                    'max_position': 8192,
                    'num_heads': 12,
                    'num_layers': 12},
          'normalization': False,
          'num_class': None,
          'num_mlp_layer': 2,
          'task': ['deep_surface'],
          'verbose': 0},
 'test_set': {'class': 'dataset.Subset',
              'dataset': {'atom_feature': None,
                          'bond_feature': None,
                          'class': 'datasets.DeepSurface',
                          'path': '/om2/user/oqueen/DeepSurface//data/',
                          'residue_feature': 'default',
                          'transform': {'class': 'transforms.Compose',
                                        'transforms': [{'class': 'transforms.TruncateProtein',
                                                        'keys': 'graph',
                                                        'max_length': 1024,
                                                        'random': False},
                                                       {'class': 'transforms.ProteinView',
                                                        'keys': 'graph',
                                                        'view': 'residue'}]},
                          'verbose': 1},
              'indices': [368728, 368729, 368730, ..., 460909, 460910,
                          460911]},
 'train_set': {'class': 'dataset.Subset',
               'dataset': {'atom_feature': None,
                           'bond_feature': None,
                           'class': 'datasets.DeepSurface',
                           'path': '/om2/user/oqueen/DeepSurface//data/',
                           'residue_feature': 'default',
                           'transform': {'class': 'transforms.Compose',
                                         'transforms': [{'class': 'transforms.TruncateProtein',
                                                         'keys': 'graph',
                                                         'max_length': 1024,
                                                         'random': False},
                                                        {'class': 'transforms.ProteinView',
                                                         'keys': 'graph',
                                                         'view': 'residue'}]},
                           'verbose': 1},
               'indices': [0, 1, 2, ..., 331851, 331852, 331853]},
 'valid_set': {'class': 'dataset.Subset',
               'dataset': {'atom_feature': None,
                           'bond_feature': None,
                           'class': 'datasets.DeepSurface',
                           'path': '/om2/user/oqueen/DeepSurface//data/',
                           'residue_feature': 'default',
                           'transform': {'class': 'transforms.Compose',
                                         'transforms': [{'class': 'transforms.TruncateProtein',
                                                         'keys': 'graph',
                                                         'max_length': 1024,
                                                         'random': False},
                                                        {'class': 'transforms.ProteinView',
                                                         'keys': 'graph',
                                                         'view': 'residue'}]},
                           'verbose': 1},
               'indices': [331854, 331855, 331856, ..., 368725, 368726,
                           368727]}}
12:34:41   Load checkpoint from /om2/user/oqueen/DeepSurface//models/DeepSurface/ProtBERT/run_0/epoch_36.pth
12:34:48   >>>>>>>>>>>>>>>>>>>>>>>>>>>>>>
12:34:48   Epoch 0 begin
12:34:51   >>>>>>>>>>>>>>>>>>>>>>>>>>>>>>
12:34:51   binary cross entropy: 0.693303
12:35:48   >>>>>>>>>>>>>>>>>>>>>>>>>>>>>>
12:35:48   binary cross entropy: 0.694292
12:36:45   >>>>>>>>>>>>>>>>>>>>>>>>>>>>>>
12:36:45   binary cross entropy: 0.693183
12:37:47   >>>>>>>>>>>>>>>>>>>>>>>>>>>>>>
12:37:47   binary cross entropy: 0.693168
12:38:45   >>>>>>>>>>>>>>>>>>>>>>>>>>>>>>
12:38:45   binary cross entropy: 0.693109
12:39:51   >>>>>>>>>>>>>>>>>>>>>>>>>>>>>>
12:39:51   binary cross entropy: 0.692798
12:40:49   >>>>>>>>>>>>>>>>>>>>>>>>>>>>>>
12:40:49   binary cross entropy: 0.693969
12:41:57   >>>>>>>>>>>>>>>>>>>>>>>>>>>>>>
12:41:57   binary cross entropy: 0.692221
12:42:58   >>>>>>>>>>>>>>>>>>>>>>>>>>>>>>
12:42:58   binary cross entropy: 0.692962
12:44:02   >>>>>>>>>>>>>>>>>>>>>>>>>>>>>>
12:44:02   binary cross entropy: 0.693389
12:45:07   >>>>>>>>>>>>>>>>>>>>>>>>>>>>>>
12:45:07   binary cross entropy: 0.693432
12:46:12   >>>>>>>>>>>>>>>>>>>>>>>>>>>>>>
12:46:12   binary cross entropy: 0.695033
12:47:21   >>>>>>>>>>>>>>>>>>>>>>>>>>>>>>
12:47:21   binary cross entropy: 0.693914
12:48:21   >>>>>>>>>>>>>>>>>>>>>>>>>>>>>>
12:48:21   binary cross entropy: 0.694174
12:49:28   >>>>>>>>>>>>>>>>>>>>>>>>>>>>>>
12:49:28   binary cross entropy: 0.693141
12:50:41   >>>>>>>>>>>>>>>>>>>>>>>>>>>>>>
12:50:41   binary cross entropy: 0.693867
12:51:43   >>>>>>>>>>>>>>>>>>>>>>>>>>>>>>
12:51:43   binary cross entropy: 0.692702
12:52:54   >>>>>>>>>>>>>>>>>>>>>>>>>>>>>>
12:52:54   binary cross entropy: 0.693152
12:54:03   >>>>>>>>>>>>>>>>>>>>>>>>>>>>>>
12:54:03   binary cross entropy: 0.692659
12:55:08   >>>>>>>>>>>>>>>>>>>>>>>>>>>>>>
12:55:08   binary cross entropy: 0.692673
12:56:12   >>>>>>>>>>>>>>>>>>>>>>>>>>>>>>
12:56:12   binary cross entropy: 0.693158
12:57:21   >>>>>>>>>>>>>>>>>>>>>>>>>>>>>>
12:57:21   binary cross entropy: 0.693112
12:58:24   >>>>>>>>>>>>>>>>>>>>>>>>>>>>>>
12:58:24   binary cross entropy: 0.693057
12:59:37   >>>>>>>>>>>>>>>>>>>>>>>>>>>>>>
12:59:37   binary cross entropy: 0.693383
13:00:49   >>>>>>>>>>>>>>>>>>>>>>>>>>>>>>
13:00:49   binary cross entropy: 0.692704
13:01:59   >>>>>>>>>>>>>>>>>>>>>>>>>>>>>>
13:01:59   binary cross entropy: 0.69226
13:03:03   >>>>>>>>>>>>>>>>>>>>>>>>>>>>>>
13:03:03   binary cross entropy: 0.692547
13:04:11   >>>>>>>>>>>>>>>>>>>>>>>>>>>>>>
13:04:11   binary cross entropy: 0.693159
13:05:15   >>>>>>>>>>>>>>>>>>>>>>>>>>>>>>
13:05:15   binary cross entropy: 0.692473
13:06:22   >>>>>>>>>>>>>>>>>>>>>>>>>>>>>>
13:06:22   binary cross entropy: 0.693491
13:07:28   >>>>>>>>>>>>>>>>>>>>>>>>>>>>>>
13:07:28   binary cross entropy: 0.693237
13:08:37   >>>>>>>>>>>>>>>>>>>>>>>>>>>>>>
13:08:37   binary cross entropy: 0.693126
13:09:38   >>>>>>>>>>>>>>>>>>>>>>>>>>>>>>
13:09:38   binary cross entropy: 0.692517
13:10:46   >>>>>>>>>>>>>>>>>>>>>>>>>>>>>>
13:10:46   binary cross entropy: 0.693191
13:11:53   >>>>>>>>>>>>>>>>>>>>>>>>>>>>>>
13:11:53   binary cross entropy: 0.694906
13:13:01   >>>>>>>>>>>>>>>>>>>>>>>>>>>>>>
13:13:01   binary cross entropy: 0.694462
13:14:05   >>>>>>>>>>>>>>>>>>>>>>>>>>>>>>
13:14:05   binary cross entropy: 0.693677
13:15:18   >>>>>>>>>>>>>>>>>>>>>>>>>>>>>>
13:15:18   binary cross entropy: 0.693373
13:16:23   >>>>>>>>>>>>>>>>>>>>>>>>>>>>>>
13:16:23   binary cross entropy: 0.692612
13:17:29   >>>>>>>>>>>>>>>>>>>>>>>>>>>>>>
13:17:29   binary cross entropy: 0.693169
13:18:39   >>>>>>>>>>>>>>>>>>>>>>>>>>>>>>
13:18:39   binary cross entropy: 0.693649
13:19:46   >>>>>>>>>>>>>>>>>>>>>>>>>>>>>>
13:19:46   binary cross entropy: 0.692974
13:20:57   >>>>>>>>>>>>>>>>>>>>>>>>>>>>>>
13:20:57   binary cross entropy: 0.693298
13:22:02   >>>>>>>>>>>>>>>>>>>>>>>>>>>>>>
13:22:02   binary cross entropy: 0.693637
13:23:10   >>>>>>>>>>>>>>>>>>>>>>>>>>>>>>
13:23:10   binary cross entropy: 0.692811
13:24:17   >>>>>>>>>>>>>>>>>>>>>>>>>>>>>>
13:24:17   binary cross entropy: 0.693152
13:25:25   >>>>>>>>>>>>>>>>>>>>>>>>>>>>>>
13:25:25   binary cross entropy: 0.693121
13:26:30   >>>>>>>>>>>>>>>>>>>>>>>>>>>>>>
13:26:30   binary cross entropy: 0.69313
13:27:36   >>>>>>>>>>>>>>>>>>>>>>>>>>>>>>
13:27:36   binary cross entropy: 0.694353
13:28:39   >>>>>>>>>>>>>>>>>>>>>>>>>>>>>>
13:28:39   binary cross entropy: 0.6932
13:29:46   >>>>>>>>>>>>>>>>>>>>>>>>>>>>>>
13:29:46   binary cross entropy: 0.692296
13:30:47   >>>>>>>>>>>>>>>>>>>>>>>>>>>>>>
13:30:47   binary cross entropy: 0.692805
13:31:52   >>>>>>>>>>>>>>>>>>>>>>>>>>>>>>
13:31:52   binary cross entropy: 0.69314
13:32:56   >>>>>>>>>>>>>>>>>>>>>>>>>>>>>>
13:32:56   binary cross entropy: 0.691529
13:34:02   >>>>>>>>>>>>>>>>>>>>>>>>>>>>>>
13:34:02   binary cross entropy: 0.694403
13:35:05   >>>>>>>>>>>>>>>>>>>>>>>>>>>>>>
13:35:05   binary cross entropy: 0.694077
13:36:11   >>>>>>>>>>>>>>>>>>>>>>>>>>>>>>
13:36:11   binary cross entropy: 0.692147
13:37:22   >>>>>>>>>>>>>>>>>>>>>>>>>>>>>>
13:37:22   binary cross entropy: 0.693142
13:38:26   >>>>>>>>>>>>>>>>>>>>>>>>>>>>>>
13:38:26   binary cross entropy: 0.692621
13:39:36   >>>>>>>>>>>>>>>>>>>>>>>>>>>>>>
13:39:36   binary cross entropy: 0.692747
13:40:34   >>>>>>>>>>>>>>>>>>>>>>>>>>>>>>
13:40:34   binary cross entropy: 0.693167
13:41:46   >>>>>>>>>>>>>>>>>>>>>>>>>>>>>>
13:41:46   binary cross entropy: 0.692265
13:42:51   >>>>>>>>>>>>>>>>>>>>>>>>>>>>>>
13:42:51   binary cross entropy: 0.693608
13:44:02   >>>>>>>>>>>>>>>>>>>>>>>>>>>>>>
13:44:02   binary cross entropy: 0.693446
13:45:05   >>>>>>>>>>>>>>>>>>>>>>>>>>>>>>
13:45:05   binary cross entropy: 0.692745
13:46:11   >>>>>>>>>>>>>>>>>>>>>>>>>>>>>>
13:46:11   binary cross entropy: 0.69403
13:47:12   >>>>>>>>>>>>>>>>>>>>>>>>>>>>>>
13:47:12   binary cross entropy: 0.691798
13:48:17   >>>>>>>>>>>>>>>>>>>>>>>>>>>>>>
13:48:17   binary cross entropy: 0.692146
13:49:21   >>>>>>>>>>>>>>>>>>>>>>>>>>>>>>
13:49:21   binary cross entropy: 0.693602
13:50:29   >>>>>>>>>>>>>>>>>>>>>>>>>>>>>>
13:50:29   binary cross entropy: 0.694179
13:51:38   >>>>>>>>>>>>>>>>>>>>>>>>>>>>>>
13:51:38   binary cross entropy: 0.696022
13:52:46   >>>>>>>>>>>>>>>>>>>>>>>>>>>>>>
13:52:46   binary cross entropy: 0.693126
13:53:50   >>>>>>>>>>>>>>>>>>>>>>>>>>>>>>
13:53:50   binary cross entropy: 0.69161
13:54:57   >>>>>>>>>>>>>>>>>>>>>>>>>>>>>>
13:54:57   binary cross entropy: 0.69175
13:56:02   >>>>>>>>>>>>>>>>>>>>>>>>>>>>>>
13:56:02   binary cross entropy: 0.695119
13:57:14   >>>>>>>>>>>>>>>>>>>>>>>>>>>>>>
13:57:14   binary cross entropy: 0.689306
13:58:21   >>>>>>>>>>>>>>>>>>>>>>>>>>>>>>
13:58:21   binary cross entropy: 0.692425
13:59:31   >>>>>>>>>>>>>>>>>>>>>>>>>>>>>>
13:59:31   binary cross entropy: 0.689935
14:00:39   >>>>>>>>>>>>>>>>>>>>>>>>>>>>>>
14:00:39   binary cross entropy: 0.693066
14:01:42   >>>>>>>>>>>>>>>>>>>>>>>>>>>>>>
14:01:42   binary cross entropy: 0.692599
14:02:43   >>>>>>>>>>>>>>>>>>>>>>>>>>>>>>
14:02:43   binary cross entropy: 0.699423
14:03:44   >>>>>>>>>>>>>>>>>>>>>>>>>>>>>>
14:03:44   binary cross entropy: 0.692138
14:04:46   >>>>>>>>>>>>>>>>>>>>>>>>>>>>>>
14:04:46   binary cross entropy: 0.692297
14:05:55   >>>>>>>>>>>>>>>>>>>>>>>>>>>>>>
14:05:55   binary cross entropy: 0.696423
14:07:02   >>>>>>>>>>>>>>>>>>>>>>>>>>>>>>
14:07:02   binary cross entropy: 0.693383
14:08:08   >>>>>>>>>>>>>>>>>>>>>>>>>>>>>>
14:08:08   binary cross entropy: 0.692997
14:09:14   >>>>>>>>>>>>>>>>>>>>>>>>>>>>>>
14:09:14   binary cross entropy: 0.692117
14:10:20   >>>>>>>>>>>>>>>>>>>>>>>>>>>>>>
14:10:20   binary cross entropy: 0.694193
14:11:27   >>>>>>>>>>>>>>>>>>>>>>>>>>>>>>
14:11:27   binary cross entropy: 0.695607
14:12:35   >>>>>>>>>>>>>>>>>>>>>>>>>>>>>>
14:12:35   binary cross entropy: 0.690678
14:13:42   >>>>>>>>>>>>>>>>>>>>>>>>>>>>>>
14:13:42   binary cross entropy: 0.693088
14:14:51   >>>>>>>>>>>>>>>>>>>>>>>>>>>>>>
14:14:51   binary cross entropy: 0.692006
14:15:56   >>>>>>>>>>>>>>>>>>>>>>>>>>>>>>
14:15:56   binary cross entropy: 0.696054
14:17:00   >>>>>>>>>>>>>>>>>>>>>>>>>>>>>>
14:17:00   binary cross entropy: 0.693071
14:18:11   >>>>>>>>>>>>>>>>>>>>>>>>>>>>>>
14:18:11   binary cross entropy: 0.691843
14:19:15   >>>>>>>>>>>>>>>>>>>>>>>>>>>>>>
14:19:15   binary cross entropy: 0.695095
14:20:22   >>>>>>>>>>>>>>>>>>>>>>>>>>>>>>
14:20:22   binary cross entropy: 0.692778
14:21:23   >>>>>>>>>>>>>>>>>>>>>>>>>>>>>>
14:21:23   binary cross entropy: 0.692911
14:22:26   >>>>>>>>>>>>>>>>>>>>>>>>>>>>>>
14:22:26   binary cross entropy: 0.694853
14:23:35   >>>>>>>>>>>>>>>>>>>>>>>>>>>>>>
14:23:35   binary cross entropy: 0.695623
14:24:42   >>>>>>>>>>>>>>>>>>>>>>>>>>>>>>
14:24:42   binary cross entropy: 0.693261
14:25:49   >>>>>>>>>>>>>>>>>>>>>>>>>>>>>>
14:25:49   binary cross entropy: 0.698899
14:26:54   >>>>>>>>>>>>>>>>>>>>>>>>>>>>>>
14:26:54   binary cross entropy: 0.692679
14:28:02   >>>>>>>>>>>>>>>>>>>>>>>>>>>>>>
14:28:02   binary cross entropy: 0.693087
14:29:06   >>>>>>>>>>>>>>>>>>>>>>>>>>>>>>
14:29:06   binary cross entropy: 0.694574
14:30:07   >>>>>>>>>>>>>>>>>>>>>>>>>>>>>>
14:30:07   binary cross entropy: 0.69423
14:31:17   >>>>>>>>>>>>>>>>>>>>>>>>>>>>>>
14:31:17   binary cross entropy: 0.691288
14:32:27   >>>>>>>>>>>>>>>>>>>>>>>>>>>>>>
14:32:27   binary cross entropy: 0.693567
14:33:34   >>>>>>>>>>>>>>>>>>>>>>>>>>>>>>
14:33:34   binary cross entropy: 0.692383
14:34:37   >>>>>>>>>>>>>>>>>>>>>>>>>>>>>>
14:34:37   binary cross entropy: 0.691955
14:35:44   >>>>>>>>>>>>>>>>>>>>>>>>>>>>>>
14:35:44   binary cross entropy: 0.693251
14:36:45   >>>>>>>>>>>>>>>>>>>>>>>>>>>>>>
14:36:45   binary cross entropy: 0.693861
14:37:51   >>>>>>>>>>>>>>>>>>>>>>>>>>>>>>
14:37:51   binary cross entropy: 0.693229
14:38:53   >>>>>>>>>>>>>>>>>>>>>>>>>>>>>>
14:38:53   binary cross entropy: 0.693388
14:39:59   >>>>>>>>>>>>>>>>>>>>>>>>>>>>>>
14:39:59   binary cross entropy: 0.692659
14:40:58   >>>>>>>>>>>>>>>>>>>>>>>>>>>>>>
14:40:58   binary cross entropy: 0.693064
14:42:04   >>>>>>>>>>>>>>>>>>>>>>>>>>>>>>
14:42:04   binary cross entropy: 0.692637
14:43:06   >>>>>>>>>>>>>>>>>>>>>>>>>>>>>>
14:43:06   binary cross entropy: 0.693285
14:44:09   >>>>>>>>>>>>>>>>>>>>>>>>>>>>>>
14:44:09   binary cross entropy: 0.693137
14:45:19   >>>>>>>>>>>>>>>>>>>>>>>>>>>>>>
14:45:19   binary cross entropy: 0.693334
14:46:21   >>>>>>>>>>>>>>>>>>>>>>>>>>>>>>
14:46:21   binary cross entropy: 0.692476
14:47:26   >>>>>>>>>>>>>>>>>>>>>>>>>>>>>>
14:47:26   binary cross entropy: 0.693067
14:48:37   >>>>>>>>>>>>>>>>>>>>>>>>>>>>>>
14:48:37   binary cross entropy: 0.693252
14:49:46   >>>>>>>>>>>>>>>>>>>>>>>>>>>>>>
14:49:46   binary cross entropy: 0.692885
14:50:55   >>>>>>>>>>>>>>>>>>>>>>>>>>>>>>
14:50:55   binary cross entropy: 0.693908
14:52:01   >>>>>>>>>>>>>>>>>>>>>>>>>>>>>>
14:52:01   binary cross entropy: 0.692682
14:53:03   >>>>>>>>>>>>>>>>>>>>>>>>>>>>>>
14:53:03   binary cross entropy: 0.694167
14:54:10   >>>>>>>>>>>>>>>>>>>>>>>>>>>>>>
14:54:10   binary cross entropy: 0.693116
14:55:15   >>>>>>>>>>>>>>>>>>>>>>>>>>>>>>
14:55:15   binary cross entropy: 0.688828
14:56:28   >>>>>>>>>>>>>>>>>>>>>>>>>>>>>>
14:56:28   binary cross entropy: 0.694872
14:57:35   >>>>>>>>>>>>>>>>>>>>>>>>>>>>>>
14:57:35   binary cross entropy: 0.695987
14:58:41   >>>>>>>>>>>>>>>>>>>>>>>>>>>>>>
14:58:41   binary cross entropy: 0.694514
14:59:49   >>>>>>>>>>>>>>>>>>>>>>>>>>>>>>
14:59:49   binary cross entropy: 0.691417
15:00:54   >>>>>>>>>>>>>>>>>>>>>>>>>>>>>>
15:00:54   binary cross entropy: 0.690171
15:01:59   >>>>>>>>>>>>>>>>>>>>>>>>>>>>>>
15:01:59   binary cross entropy: 0.693271
15:03:03   >>>>>>>>>>>>>>>>>>>>>>>>>>>>>>
15:03:03   binary cross entropy: 0.692205
15:04:12   >>>>>>>>>>>>>>>>>>>>>>>>>>>>>>
15:04:12   binary cross entropy: 0.693234
15:05:20   >>>>>>>>>>>>>>>>>>>>>>>>>>>>>>
15:05:20   binary cross entropy: 0.692626
15:06:28   >>>>>>>>>>>>>>>>>>>>>>>>>>>>>>
15:06:28   binary cross entropy: 0.69529
15:07:34   >>>>>>>>>>>>>>>>>>>>>>>>>>>>>>
15:07:34   binary cross entropy: 0.693155
15:08:36   >>>>>>>>>>>>>>>>>>>>>>>>>>>>>>
15:08:36   binary cross entropy: 0.692651
15:09:41   >>>>>>>>>>>>>>>>>>>>>>>>>>>>>>
15:09:41   binary cross entropy: 0.693729
15:10:47   >>>>>>>>>>>>>>>>>>>>>>>>>>>>>>
15:10:47   binary cross entropy: 0.692458
15:11:54   >>>>>>>>>>>>>>>>>>>>>>>>>>>>>>
15:11:54   binary cross entropy: 0.692037
15:13:03   >>>>>>>>>>>>>>>>>>>>>>>>>>>>>>
15:13:03   binary cross entropy: 0.694325
15:14:10   >>>>>>>>>>>>>>>>>>>>>>>>>>>>>>
15:14:10   binary cross entropy: 0.693395
15:15:19   >>>>>>>>>>>>>>>>>>>>>>>>>>>>>>
15:15:19   binary cross entropy: 0.694526
15:16:20   >>>>>>>>>>>>>>>>>>>>>>>>>>>>>>
15:16:20   binary cross entropy: 0.69302
15:17:29   >>>>>>>>>>>>>>>>>>>>>>>>>>>>>>
15:17:29   binary cross entropy: 0.692666
15:18:38   >>>>>>>>>>>>>>>>>>>>>>>>>>>>>>
15:18:38   binary cross entropy: 0.693521
15:19:47   >>>>>>>>>>>>>>>>>>>>>>>>>>>>>>
15:19:47   binary cross entropy: 0.692735
15:20:53   >>>>>>>>>>>>>>>>>>>>>>>>>>>>>>
15:20:53   binary cross entropy: 0.69212
15:21:59   >>>>>>>>>>>>>>>>>>>>>>>>>>>>>>
15:21:59   binary cross entropy: 0.693041
15:23:04   >>>>>>>>>>>>>>>>>>>>>>>>>>>>>>
15:23:04   binary cross entropy: 0.693163
15:24:11   >>>>>>>>>>>>>>>>>>>>>>>>>>>>>>
15:24:11   binary cross entropy: 0.692215
15:25:21   >>>>>>>>>>>>>>>>>>>>>>>>>>>>>>
15:25:21   binary cross entropy: 0.689563
15:26:33   >>>>>>>>>>>>>>>>>>>>>>>>>>>>>>
15:26:33   binary cross entropy: 0.68759
15:27:38   >>>>>>>>>>>>>>>>>>>>>>>>>>>>>>
15:27:38   binary cross entropy: 0.693061
15:28:41   >>>>>>>>>>>>>>>>>>>>>>>>>>>>>>
15:28:41   binary cross entropy: 0.691536
15:29:50   >>>>>>>>>>>>>>>>>>>>>>>>>>>>>>
15:29:50   binary cross entropy: 0.694583
15:30:51   >>>>>>>>>>>>>>>>>>>>>>>>>>>>>>
15:30:51   binary cross entropy: 0.692498
15:31:58   >>>>>>>>>>>>>>>>>>>>>>>>>>>>>>
15:31:58   binary cross entropy: 0.692379
15:33:07   >>>>>>>>>>>>>>>>>>>>>>>>>>>>>>
15:33:07   binary cross entropy: 0.691294
15:34:10   >>>>>>>>>>>>>>>>>>>>>>>>>>>>>>
15:34:10   binary cross entropy: 0.693004
15:35:17   >>>>>>>>>>>>>>>>>>>>>>>>>>>>>>
15:35:17   binary cross entropy: 0.691345
15:36:26   >>>>>>>>>>>>>>>>>>>>>>>>>>>>>>
15:36:26   binary cross entropy: 0.693639
15:37:37   >>>>>>>>>>>>>>>>>>>>>>>>>>>>>>
15:37:37   binary cross entropy: 0.691435
15:38:45   >>>>>>>>>>>>>>>>>>>>>>>>>>>>>>
15:38:45   binary cross entropy: 0.691775
15:39:52   >>>>>>>>>>>>>>>>>>>>>>>>>>>>>>
15:39:52   binary cross entropy: 0.693281
15:40:58   >>>>>>>>>>>>>>>>>>>>>>>>>>>>>>
15:40:58   binary cross entropy: 0.691619
15:42:11   >>>>>>>>>>>>>>>>>>>>>>>>>>>>>>
15:42:11   binary cross entropy: 0.693744
15:43:12   >>>>>>>>>>>>>>>>>>>>>>>>>>>>>>
15:43:12   binary cross entropy: 0.697932
15:44:17   >>>>>>>>>>>>>>>>>>>>>>>>>>>>>>
15:44:17   binary cross entropy: 0.694213
15:45:28   >>>>>>>>>>>>>>>>>>>>>>>>>>>>>>
15:45:28   binary cross entropy: 0.692877
15:46:34   >>>>>>>>>>>>>>>>>>>>>>>>>>>>>>
15:46:34   binary cross entropy: 0.692448
15:47:35   >>>>>>>>>>>>>>>>>>>>>>>>>>>>>>
15:47:35   binary cross entropy: 0.694067
15:48:39   >>>>>>>>>>>>>>>>>>>>>>>>>>>>>>
15:48:39   binary cross entropy: 0.695585
15:49:52   >>>>>>>>>>>>>>>>>>>>>>>>>>>>>>
15:49:52   binary cross entropy: 0.694871
15:50:54   >>>>>>>>>>>>>>>>>>>>>>>>>>>>>>
15:50:54   binary cross entropy: 0.693348
15:52:00   >>>>>>>>>>>>>>>>>>>>>>>>>>>>>>
15:52:00   binary cross entropy: 0.693127
15:53:04   >>>>>>>>>>>>>>>>>>>>>>>>>>>>>>
15:53:04   binary cross entropy: 0.693758
15:54:09   >>>>>>>>>>>>>>>>>>>>>>>>>>>>>>
15:54:09   binary cross entropy: 0.690529
15:55:08   >>>>>>>>>>>>>>>>>>>>>>>>>>>>>>
15:55:08   binary cross entropy: 0.69469
15:56:16   >>>>>>>>>>>>>>>>>>>>>>>>>>>>>>
15:56:16   binary cross entropy: 0.692597
15:57:23   >>>>>>>>>>>>>>>>>>>>>>>>>>>>>>
15:57:23   binary cross entropy: 0.693266
15:58:33   >>>>>>>>>>>>>>>>>>>>>>>>>>>>>>
15:58:33   binary cross entropy: 0.693603
15:59:41   >>>>>>>>>>>>>>>>>>>>>>>>>>>>>>
15:59:41   binary cross entropy: 0.693917
16:00:51   >>>>>>>>>>>>>>>>>>>>>>>>>>>>>>
16:00:51   binary cross entropy: 0.694457
16:01:57   >>>>>>>>>>>>>>>>>>>>>>>>>>>>>>
16:01:57   binary cross entropy: 0.692652
16:02:56   >>>>>>>>>>>>>>>>>>>>>>>>>>>>>>
16:02:56   binary cross entropy: 0.692021
16:03:59   >>>>>>>>>>>>>>>>>>>>>>>>>>>>>>
16:03:59   binary cross entropy: 0.692229
16:05:03   >>>>>>>>>>>>>>>>>>>>>>>>>>>>>>
16:05:03   binary cross entropy: 0.693402
16:06:11   >>>>>>>>>>>>>>>>>>>>>>>>>>>>>>
16:06:11   binary cross entropy: 0.692774
16:07:16   >>>>>>>>>>>>>>>>>>>>>>>>>>>>>>
16:07:16   binary cross entropy: 0.693269
16:08:24   >>>>>>>>>>>>>>>>>>>>>>>>>>>>>>
16:08:24   binary cross entropy: 0.693253
16:09:32   >>>>>>>>>>>>>>>>>>>>>>>>>>>>>>
16:09:32   binary cross entropy: 0.69523
16:10:44   >>>>>>>>>>>>>>>>>>>>>>>>>>>>>>
16:10:44   binary cross entropy: 0.69271
16:11:45   >>>>>>>>>>>>>>>>>>>>>>>>>>>>>>
16:11:45   binary cross entropy: 0.695615
16:12:51   >>>>>>>>>>>>>>>>>>>>>>>>>>>>>>
16:12:51   binary cross entropy: 0.693892
16:13:57   >>>>>>>>>>>>>>>>>>>>>>>>>>>>>>
16:13:57   binary cross entropy: 0.693746
16:15:00   >>>>>>>>>>>>>>>>>>>>>>>>>>>>>>
16:15:00   binary cross entropy: 0.692361
16:15:58   >>>>>>>>>>>>>>>>>>>>>>>>>>>>>>
16:15:58   binary cross entropy: 0.691475
16:17:12   >>>>>>>>>>>>>>>>>>>>>>>>>>>>>>
16:17:12   binary cross entropy: 0.696058
16:18:17   >>>>>>>>>>>>>>>>>>>>>>>>>>>>>>
16:18:17   binary cross entropy: 0.693187
16:19:27   >>>>>>>>>>>>>>>>>>>>>>>>>>>>>>
16:19:27   binary cross entropy: 0.694687
16:20:36   >>>>>>>>>>>>>>>>>>>>>>>>>>>>>>
16:20:36   binary cross entropy: 0.691413
16:21:41   >>>>>>>>>>>>>>>>>>>>>>>>>>>>>>
16:21:41   binary cross entropy: 0.693755
16:22:42   >>>>>>>>>>>>>>>>>>>>>>>>>>>>>>
16:22:42   binary cross entropy: 0.691399
16:23:07   >>>>>>>>>>>>>>>>>>>>>>>>>>>>>>
16:23:07   Epoch 0 end
16:23:07   duration: 3.81 hours
16:23:07   speed: 1.51 batch / sec
16:23:07   ETA: 0.00 secs
16:23:07   max GPU memory: 34748.4 MiB
16:23:07   ------------------------------
16:23:07   average binary cross entropy: 0.693181
16:23:07   Save checkpoint to /om2/user/oqueen/DeepSurface//models/DeepSurface/ProtBERT/run_0/epoch_6.pth
16:23:10   >>>>>>>>>>>>>>>>>>>>>>>>>>>>>>
16:23:10   Evaluate on valid
